87086 4978 62090 24870 27768 16577 74330 52376 57632 64157
65418 23167 80129 42177 85359 35918 56162 48611 66418 90964
32040 17365 15989 40603 59532 1174 15574 68888 84113 27718
69107 42139 52113 90684 41865 41842 15441 17200 35273 87222
13676 55302 3633 40246 43469 81700 55140 32927 19269 15758
11848 83586 62368 7197 69529 41196 39669 76987 64974 91593
19658 2688 21748 548 70034 93602 5220 2757 78228 92925
40400 963 18529 65560 65901 2823 14963 47869 87059 24863
81389 19669 64915 31922 39801 12991 65686 33388 88453 46544
34718 36071 18884 1214 91569 4668 26312 44676 55636 84739
19149 40064 61206 3567 8328 74303 92977 363 28642 7933
59969 40180 46850 91132 35669 72951 63523 28592 20001 2952
73501 57880 29650 75327 11710 94984 29152 83147 40377 88719
69479 32895 3346 24582 36018 80753 25670 3797 87603 57313
4690 86797 71786 2667 82033 26710 429 56202 46862 33127
81404 5138 65205 74062 39509 13590 57821 59543 37958 52872
66945 19064 10831 5778 75071 33590 60815 45025 27260 57268
48902 72624 29868 57892 29501 36753 77935 43836 28386 12654
47294 34295 76954 7840 38096 45729 4091 68442 34149 57132
45516 1890 28223 56339 26545 13754 11062 27659 36657 67083
36234 6330 56039 54897 94560 46591 35614 70988 37741 45857
49918 57366 22098 1841 10974 77248 62659 23614 24106 74547
63906 50765 20354 89517 48821 85416 6278 51975 11193 30857
14086 73393 46628 29630 23041 63396 78783 87080 29557 2138
28705 81886 91178 59858 86429 6078 54453 84263 34806 81672
7845 39701 79501 66459 9158 28716 32785 88926 47808 20698
2314 90923 50012 53054 6161 85906 53663 93364 10774 60399
66011 53140 44456 84938 49150 53907 20711 6329 9285 47900
78460 64252 64275 53545 18911 36848 5589 86041 30131 7566
43771 49468 56549 52336 92669 67579 54024 35275 16173 12057
78803 59029 62902 80163 84590 24333 66375 79355 63226 4303
42667 35568 10883 69800 85554 57274 5393 22757 6296 30206
40965 7948 64807 82676 32402 31013 30306 43855 75097 309
59546 54881 3282 42919 16730 13916 15277 75485 43419 54623
90243 77792 62574 71849 33402 91870 62573 16835 40356 39695
70199 79627 80039 49272 16244 60540 85159 63322 71137 92695
29650 53478 74943 51568 44707 3606 63053 12609 26817 35635
4645 25303 61944 26884 83696 56723 31243 57477 22952 77968
59754 24059 23346 5053 94911 18218 64516 57628 25344 12412
357 41870 94325 29444 49636 22766 12240 76265 40836 85062
61342 2639 45390 25342 32411 11607 81001 92332 21403 92737
59446 11111 11196 42855 34586 34577 30324 82106 85741 14780
73379 23408 55441 64143 79675 60918 23701 6718 81049 31227
14601 22398 26221 94355 22777 63101 48315 40631 58842 58119
77918 92613 29053 1609 12395 34098 90420 66307 41253 52949
48677 78323 80211 58912 31827 90357 39731 89542 51498 83757
92921 7086 7281 20915 76879 3189 50570 70569 51157 33316
72603 28455 226 33477 29210 10276 63220 10809 5601 43716
82864 20039 22371 21460 7096 46485 21789 5935 62205 62935
79258 46206 76305 64132 21638 2567 4905 44998 38146 39650
32470 61971 12018 84660 53972 69499 20191 88291 42940 1043
1005 74624 70314 35208 47033 45016 64611 44654 90007 60244
54069 866 85189 36514 946 35294 81860 65189 66633 5519
46595 52330 57142 75327 42131 21198 86969 58398 16972 51537
88846 35672 56724 87705 48195 34856 10328 13691 64202 35101
37746 26675 12664 12992 5307 79555 78801 51471 57862 37494
88006 73695 85824 50207 24949 41230 9037 79139 44136 92909
79004 5578 90991 73467 42693 63608 31563 65304 55357 4569
74903 59459 35326 75148 86036 63416 8044 42573 54564 71334
67560 35104 12845 61776 77809 2429 36946 55293 84464 37655
18493 49254 31141 85521 47305 66760 87450 30104 31605 4412
80183 13037 56027 58122 15314 8908 11320 24861 48657 68658
41693 25267 87567 15732 16963 77554 59556 20510 88401 91279
65520 8872 17421 29019 19200 8063 57691 15966 36165 21342
61783 47483 37440 9364 66050 21745 15593 52313 62127 89367
66096 11565 44336 36927 55810 73478 36679 85238 33757 61658
8226 51481 6269 31996 24074 69352 61105 84386 45621 32481
55755 28976 15469 36046 14724 86558 23826 72603 10945 39146
56274 72750 70578 70846 50632 13685 94489 53988 8627 44748
7732 83414 81444 1872 32314 57613 49637 34918 81019 84718
65396 71028 21759 5790 40592 90265 85217 14229 68038 66767
68734 31869 41099 81726 75370 56352 9809 53031 11789 28961
49264 29761 30413 84177 62262 28564 22078 73406 23289 68195
18256 70454 745 85380 90541 87069 26724 74626 74795 90760
80627 40208 76086 47974 25342 39806 94016 35962 46193 17679
25546 66375 51373 84590 63395 92038 26366 82255 78803 89132
59640 79377 94351 35031 80746 54511 70497 14799 17188 4006
66729 33269 52426 73758 51217 21814 87712 68877 13570 13952
79582 45664 94940 62481 32918 18692 15009 65311 35047 54679
16174 9364 60759 59557 49206 81838 45760 81886 65155 64884
12468 35701 7990 10561 47777 36315 83215 64516 48334 1199
46185 9923 76203 8629 65107 17916 24525 72346 23761 65152
81851 37756 45543 26070 62324 54506 16488 69344 5946 66231
72270 53409 65860 77145 61542 2431 10841 60464 65240 81106
44931 67917 58500 9102 3169 40963 33961 84460 29310 7793
90065 13180 19615 27198 65195 14368 58831 32756 22601 45752
83656 35268 39768 94448 28680 78855 14538 70666 33174 56528
31037 65493 22472 83041 78582 22615 69298 43484 60562 23025
84842 7682 81646 18945 67589 51019 28740 17398 68636 22472
3221 47841 2771 38047 36987 49226 88438 90164 54247 22305
64003 38726 44988 3021 27396 32484 300 33094 79784 5695
24904 92744 41104 84684 33329 57846 33534 90630 36354 53837
42590 70224 19798 39288 84253 59197 87392 16051 83942 64111
50332 82446 24908 94458 13145 37364 17685 3062 52217 59857
39412 52285 40317 86446 3968 83587 62994 71304 72298 39767
2156 87266 44650 65197 47813 65576 34805 22199 5302 19617
15957 71396 54575 24513 2339 21319 53008 57033 18638 90476
38142 61984 26301 43380 76738 88927 55576 40458 41507 43741
66871 90979 20496 57225 26073 282 12249 83039 706 86510
20991 28213 82231 12396 86798 78266 93165 66358 30214 9847
91195 66004 2531 79721 37005 92186 69810 7876 45057 82603
81560 7027 57232 58008 56994 50924 26506 92298 73910 32799
86975 66467 25342 84368 7664 8226 58910 82979 87791 55507
33012 30879 36049 43080 40319 79593 66467 42641 85540 76783
19707 84148 8730 21790 68658 73443 35602 92796 73167 90974
84141 82857 44362 34613 88928 11198 24357 35588 93690 44766
21444 79541 87199 89511 11512 27542 30228 17522 24056 1029
56508 14661 86933 89560 48762 91044 2163 10517 4031 40080
45367 33116 36747 10782 43833 35285 49639 93135 67397 71883
61313 40370 4723 13170 38405 22121 76813 24166 3207 18574
63496 55807 35349 30246 7748 83779 62108 23763 54265 35095
30721 30470 78497 74290 66291 87899 84516 47288 36642 8689
49234 36645 4955 24667 13283 32181 71144 47474 49638 56919
46909 54539 13642 61731 1229 29395 86867 65900 28444 91461
16773 57706 508 76888 20514 16766 37243 93657 83346 22623
94552 16663 14340 3214 45248 59248 88284 10109 80580 34749
41546 64379 83148 31880 54353 79298 19125 84592 66926 44962
58378 85688 17608 82943 79582 13141 37312 84326 37415 72693
47618 87635 34781 73400 48293 57657 21629 93745 45610 44290
64372 29901 33908 45270 92695 14098 19062 12442 15336 15354
31475 88975 88873 62914 9129 76209 3263 12536 12078 46180
60840 24135 26579 67940 10238 40904 76593 50852 22073 88153
11120 84898 92035 26561 7326 1889 66958 42498 40270 39667
1694 77253 69810 71707 13450 68172 92044 82239 37328 18514
24656 4831 35080 57367 84158 56601 28868 31963 46350 1008
5784 54663 70 57723 66503 61636 56850 33468 64430 34575
84786 31084 7970 80537 45412 16938 36262 70344 48864 64007
45383 94495 31597 11223 45849 72558 84367 67473 6389 43561
11405 7572 87720 43854 85420 20209 38583 10459 24844 6933
41676 15440 39378 31762 7696 72825 27052 42538 39981 6197
18469 91255 21841 62454 4047 84570 23389 2074 62199 81685
84719 48052 45100 33343 8142 15457 35553 48921 88157 39578
39793 77181 73548 80768 49630 27865 23424 55733 28091 79407
61280 91618 11903 17322 90811 43886 3019 89072 73667 30418
70983 64867 57113 44113 29331 61529 50098 70651 60839 3624
19389 56195 65837 33023 93262 36337 37087 46138 64191 55175
11952 33037 57563 69860 35810 28599 40195 66085 19640 63092
8960 84215 34424 79064 91802 38462 82889 10650 92514 56432
65215 35146 20250 17500 15320 93941 24974 43596 80301 5080
11361 73512 67582 43266 74704 80476 49974 25464 42920 21400
69466 45872 43468 34835 25823 86933 94353 84257 42974 25664
5963 52673 57759 35236 92651 14396 91466 3674 23209 25599
31209 74620 9676 25274 54365 20217 41155 28043 92060 57846
58726 4836 7032 9634 65616 83355 77372 66867 24680 14293
71890 42374 45756 11936 94309 2777 3789 49209 33309 67328
76908 21808 89813 2014 32119 6767 685 35138 30778 54155
8076 66694 40668 8647 23255 57421 94313 79363 79401 211
26358 68962 2093 39245 31338 49845 59924 2481 14850 70730
80497 45076 37441 3705 61453 25747 93916 26590 16378 53929
87572 45895 59989 24344 40355 57430 11833 73763 29161 88367
87793 76069 4924 45267 84488 14901 66270 25776 24458 44227
87493 29095 25397 559 85794 41041 6317 24890 15990 67890
52240 60198 93898 94122 84394 88998 87182 68601 65176 46169
47746 4617 94973 1965 73130 88292 64532 79974 13399 31566
57623 40457 60595 23681 52163 57454 2240 61594 93721 33712
69255 24479 8088 46587 20740 92515 1243 41488 31739 1050
5198 80230 87303 45768 90781 82994 8152 91358 47976 12285
51224 11130 81170 87211 44361 51661 36728 19942 85822 2630
18682 38375 42801 84362 23046 53924 46978 38505 71972 44311
93985 41210 25084 86469 20752 60890 5395 67484 47385 33975
57178 7188 41938 40850 48597 14228 6679 59398 57083 22719
6719 42336 16788 62062 76836 4593 25626 94801 69100 62440
36027 70636 76431 42893 48639 78621 15737 91994 47052 18005
78574 32713 26653 30824 76223 90195 10136 52795 15849 42594
46006 40050 31368 82665 193 85188 87855 81454 63776 21929
60295 64123 73763 83612 19026 4011 80042 80562 48647 77560
72087 70891 79769 13305 66307 19495 10766 21384 61946 47844
5003 60889 43945 63445 81497 30955 20675 32236 59184 31599
48105 47613 57985 8816 80051 38408 59649 1735 88305 7303
77287 36434 2840 32443 92110 19739 47418 83714 85354 17599
18423 51184 79563 83526 44278 49074 60119 40387 92656 18725
3952 34193 29294 41851 61496 17843 723 38355 80502 22176
27567 72422 75175 64446 1481 63816 65584 55876 27432 17532
36519 4917 47281 64941 56362 2458 37057 71330 43229 6389
73375 62688 80963 76987 39701 32785 28716 13669 36940 79501
34796 61418 23360 46040 18109 65453 48806 89429 82266 55712
15952 60779 77077 65485 54894 39118 44862 45065 90458 16978
20985 94191 35387 6639 50959 62136 72110 65857 43069 54008
41834 66094 37515 82086 3858 5409 20788 90350 85214 6730
21745 379 17355 9364 58489 78996 17840 37440 60908 58595
13451 6615 75336 56494 12078 14277 91368 88975 43866 79077
48237 35614 1122 94560 14624 10602 27053 51713 44296 45857
11117 31151 80142 55957 13601 25063 64259 73841 61232 83154
10700 56793 92221 23479 32194 60479 94678 20844 56988 27058
80015 85735 17394 75023 71527 45100 80344 48052 23194 15457
46807 38151 91751 29840 62668 84864 83637 33155 79490 86036
31464 13390 128 67538 54572 52032 64188 81586 18725 81226
29259 58114 31988 73780 70334 741 9365 41267 17904 8333
70190 62656 18005 47033 81493 34464 22528 22240 34419 68660
91137 38674 88770 23669 93956 91381 62041 11478 45919 61631
34977 79828 9088 37243 508 32121 83346 59566 16766 75201
36359 74763 8903 57023 91605 86296 94525 30583 14351 84868
52256 19660 10136 27860 23157 23614 16347 33263 19568 16377
6668 22385 1611 82257 41634 51566 59387 70320 72104 76274
25411 71138 40315 90053 86293 19395 76465 5698 29627 21173
5219 87921 19639 49273 57100 61937 64658 36174 40843 32477
61160 18103 29114 55586 57638 65418 72098 66418 37566 82340
21790 34715 10285 61456 87885 57070 2992 19707 47705 7644
27401 86001 89342 236 26177 22941 59265 33812 4027 820
64292 15448 33491 68743 26271 74505 19149 23458 6153 44254

QPS: 49.65656697201545
