35614 20289 34522 43933 21299 4067 26158 69352 38752 9038
36500 8993 8392 47739 24050 23405 7592 37268 39363 94381
94098 62031 67033 5778 10561 63372 34671 69163 64042 32325
71482 3365 59692 29219 55933 90573 36509 70798 9287 59473
79507 89353 37388 55302 31963 48571 9880 85649 45830 24356
33092 42237 16704 1330 71810 64454 93872 82149 7944 44725
91382 2757 29444 90461 50968 86673 12240 21643 14592 81167
47052 50968 83227 14592 28043 55518 56985 48351 72063 90461
84012 50968 49857 55518 48351 75914 90461 47052 54987 81167
56155 34718 44092 29871 4067 43309 44313 46438 87782 71426
43279 83227 20969 55333 19342 55518 75914 90461 50968 56985
52227 2757 60889 21643 49857 50968 44725 28043 28361 86673
50968 12240 49857 2757 57733 44657 47052 28043 52227 44725
21319 69822 20866 34438 90520 6734 8161 88777 74691 49615
85649 31963 38427 44587 54948 56057 94155 6658 41104 37388
51876 6572 53424 4165 66540 3804 88777 93525 49797 35093
5778 34099 41467 88501 32742 40687 60910 87538 91411 64251
53264 56155 58008 38752 17342 18289 77924 35614 34718 8564
2757 50968 15814 52227 61694 21643 29444 84012 49857 81167
26071 34438 29451 85717 29154 8161 9602 62021 49615 3478
35614 63654 13577 14322 44313 64038 17342 56155 52383 56333
52581 42504 69163 71582 12280 73792 24957 94646 38566 425
31963 51116 56057 50140 54948 92708 46898 47052 94155 83227
72603 86474 80120 12280 38566 44092 60217 69827 46025 34099
70008 42237 81167 54987 57154 92124 50968 85909 28569 85649
4067 62616 14029 87062 86951 40306 1330 44313 37606 63654
6826 25112 31850 74668 70284 77924 60637 88184 47739 36500
90027 14029 82213 61261 87841 40768 64340 43540 21299 63788
63092 21465 76622 28760 11003 28221 11114 63993 34600 58878
59929 62216 27549 3278 64799 41145 54377 18136 18131 85426
85909 69588 57733 50968 57954 12240 32411 57154 81167 36463
62402 55069 66768 92901 40135 38566 16683 70702 12280 41347
3478 33386 34741 91303 20866 89733 9602 44608 80728 88777
86752 15860 70292 73385 37606 70702 78907 20861 56531 63654
50488 49615 93525 69514 63372 67033 8161 10561 31385 19769
21465 28760 25203 70798 34600 63092 8675 55933 58878 79840
32411 57733 44725 44657 81167 12240 49857 34970 55333 83227
63654 1330 78907 63788 52350 18289 44313 41904 84659 49674
71121 5778 64251 26100 15860 12280 30735 91411 71426 80120
49857 29444 21643 2757 12240 28043 81167 52227 50968 60889
85909 32411 57733 28043 56179 57154 84659 7944 42237 49674
26772 63653 282 84080 50432 36434 40001 56959 27938 28221
22241 94646 20861 61348 72603 70702 32325 5778 47472 40135
63092 34600 28221 21465 70236 76622 70282 63993 16591 67000
3534 66307 38427 15713 16828 86673 5482 72848 28043 25443
88184 17477 47739 36500 37268 60637 66562 51990 77924 46898
59929 62216 64799 3278 27549 41145 54377 18136 18131 85426
72603 58743 69163 6590 70702 9710 38566 47576 66469 20861
50968 60889 49857 2757 81167 12240 52227 84012 28043 29444
21643 38427 31499 91382 2757 56057 50968 66307 48434 28043
51876 52994 92901 4165 5817 88777 76350 41347 47576 19313
67391 40306 33092 7989 82149 81959 14592 93872 12240 14029
31963 56057 37388 44587 79507 41104 68146 45870 8834 44118
86673 21643 90461 83227 14592 83748 52227 28043 66307 50968
3804 10328 36517 21319 51876 20635 8161 41347 92901 32493
25112 6826 36500 70284 77924 88184 60637 47739 74668 17477
34741 70282 40189 68522 11003 282 33862 80728 7331 3478
13356 84607 81959 84659 87841 21632 7944 4067 42237 49674
16704 31635 58991 57080 44587 81416 86673 55333 46898 91163
44118 15713 89593 91506 57199 10458 31635 44587 21579 51116
64042 78504 56346 87062 80301 41245 69827 40768 851 60258
43540 71810 39651 33092 70678 40306 69615 82149 44725 36463
87806 70545 85256 21465 94163 34664 42753 34600 70798 8675
9287 72845 83606 87580 32662 30311 15906 5229 66237 25485
13356 43540 16704 81959 84659 58446 65435 93447 34335 18289
36471 53883 43404 72420 44236 26062 52565 82213 73975 16361
69352 10458 93872 51116 91506 82149 84659 64454 83579 46898
72603 81439 86474 34099 69827 42504 66469 26062 59598 32325
15670 86951 40768 56155 4067 14168 52565 63788 90027 14029
63092 34600 16591 58878 21465 63993 70236 28221 8675 11003
49692 92778 42753 59429 71482 9287 70545 66237 55933 83606
19313 26071 9602 8161 32914 69822 21319 67033 27653 20635
90673 55519 23834 79516 75456 56057 28043 464 45870 47052
52772 88777 74691 34741 63624 80728 12676 90520 33862 69822
71810 81959 64032 33092 39651 82149 53883 67391 93872 42237
82149 44725 82213 70678 61213 2757 60889 67391 88039 33092
91272 65612 48393 71810 55333 75914 55518 94329 42237 23819
94058 56155 70292 1607 4067 17342 92591 53264 47472 81560
49797 7146 6572 88777 29451 3478 40001 36930 69822 20866
13356 43540 36463 14029 81959 33092 40768 64032 39651 82213
10561 63372 5778 39446 69514 64251 32953 34099 67033 32325
56155 91411 46105 44092 24914 72357 12280 34099 40768 34718
44657 38427 16728 61694 47052 9305 54377 27549 62216 2757
85256 29219 70798 90573 55933 34600 58878 63092 59692 79840
12224 15860 37606 73385 93850 84607 63654 70292 78907 86752
32953 72357 32325 44092 67033 41347 5383 12280 46105 90519
94540 37388 24356 73259 53 65435 76484 16828 91917 8907
13356 58991 21632 82213 64032 31830 43540 35400 73000 81959
58991 34237 68765 35400 22810 42237 37450 64032 55333 31635
35400 58991 43540 55057 76099 43025 87841 84659 79818 5075
28864 56822 5695 59470 5209 15012 61069 92493 15014 75243
56057 41104 21643 14592 31499 38427 3534 91382 39618 31963
28221 70282 40189 11003 282 33862 26772 34741 12676 82397
43540 70468 67391 90027 40306 63788 16704 21299 1330 14029
86752 73385 20861 15860 13577 37606 70292 78907 63654 59598
60952 8834 61993 36265 25995 7592 62277 31571 31890 1934
21319 26071 93525 35093 16683 8161 51876 7100 9602 66540
91905 88555 80173 1025 35509 5229 38829 15906 29816 92214
77656 282 9602 73563 33862 6572 80728 34741 36434 93525
91384 60589 78104 49674 7455 78907 84607 49672 63654 10458
52227 15814 2757 53528 61213 61694 66307 33092 82149 49857
81560 58008 35614 77924 76569 1607 17477 36265 38752 17342
32177 82149 16704 42237 94156 33092 31635 12196 50968 65435
79593 76484 20289 8564 53354 7455 85477 35614 17342 37268
63788 40768 1330 13356 4067 21632 43540 62616 41904 64032
10155 92349 44020 15157 3552 13396 36930 50205 23519 87416
90461 86673 91382 50968 21643 28043 2757 56057 12240 32411
75914 50968 70010 57954 69588 83227 12240 19342 81167 49857
50968 49857 86673 32411 61213 12240 42237 72063 54987 16704
79457 38890 34795 8161 31195 2552 9602 67889 32914 80676
10745 14592 41104 25105 60589 86673 38427 84012 66307 52227
19769 41347 8161 21319 2552 69822 10735 62402 87026 49615
56155 726 52565 83307 60258 78504 60217 37930 8418 85180
73259 31571 31499 44587 25443 20926 91384 5482 12196 46898
62216 27549 3278 41145 64799 59929 54377 85426 18131 18136
59929 62216 3278 64799 27549 41145 54377 18136 18131 85426
19769 49615 41441 34671 34438 69822 87026 3201 9710 26071
90520 33862 80728 34741 82397 9602 20866 18301 89733 63624
90520 91303 34741 74691 20866 18301 89733 33386 17361 33862
76622 63092 70236 70282 28221 282 63993 34600 11003 84080
7492 42504 28683 32742 81439 26062 46507 60217 72603 52565
47576 44092 87026 2552 32953 41347 67033 63372 66768 10561
55255 13970 90519 91988 15157 61993 34993 13396 44092 7100
15814 12240 31635 84012 2757 42237 81167 50968 49857 49672
24356 9880 89353 31963 85649 55302 79507 48571 38469 13833
88696 39240 50019 13473 77580 14208 74668 81183 14621 63699
21319 88777 27653 26071 942 8161 9602 8326 69822 7100
72845 48520 59429 9287 92778 67561 32662 66237 70545 40857
3804 14371 72667 32493 36517 27460 32527 66540 68522 11359
87062 90027 39651 40768 64340 14029 43540 63788 77278 36463
58878 21465 16591 63092 8675 34600 9358 11114 70798 83320
37606 78907 84607 63654 70292 44313 49674 13577 12224 93850
40306 67391 87062 7455 78104 13356 33092 76099 9038 85477
25112 6826 77924 36500 39363 82719 88184 60637 59177 47739
282 11114 84080 28221 11003 26772 63653 70236 70282 27938
36471 6057 82213 28683 63788 21174 24914 44236 60217 85813
39117 63092 84080 14371 9358 70236 76622 50432 31358 11003
9358 85181 39117 56959 282 40001 50432 11114 26772 9508
80301 13356 76019 4067 43540 76484 2671 21632 5075 9038
55933 3365 70798 90573 59692 29219 8675 34600 85256 63092
56985 29256 74 75914 13238 44657 3534 1658 55333 91382
20635 2552 72357 52994 67033 41347 92901 72603 66768 41441
91382 3534 21643 28043 44657 66307 54948 14592 90461 38427
13104 17361 3478 35093 93525 90520 74177 21319 33862 39117
20861 94646 70702 72603 55069 9016 42504 86752 73792 73385
80120 44092 38566 12280 62402 40135 20861 70702 15860 25313
87841 28043 2757 15713 25105 49857 50968 21643 12196 90422
41467 88501 75674 90519 9016 40538 72529 5778 8418 34099
42237 49674 35382 10458 57080 46898 31285 93872 75456 81416
9358 16591 9508 58878 63092 56959 12833 34600 12156 11114
9016 34993 23053 32325 47447 32953 90519 86474 5778 75470
24890 51876 11359 49192 63699 5817 92901 67715 77580 77236
13356 86951 17342 9961 49674 20289 58446 10458 28657 15670
83227 19973 50968 55518 49857 54987 86673 28043 60889 48351
88777 69822 60931 9602 942 7100 12899 41347 7146 49797
18289 32177 17146 84659 87841 73259 65435 76484 5482 12196
63092 55933 29219 79840 34600 90573 70236 59692 21465 8675
39529 81183 14621 88696 84696 50019 75631 14208 13473 86163
4067 10322 63788 90027 14168 62616 87062 56155 78047 26062
56155 34718 72309 20861 14168 15670 12280 15860 4067 43309
44725 55333 71810 57733 90422 75914 42237 50968 28043 54987
21465 34600 63092 8675 58878 70798 79840 16591 90573 25203
43025 47052 61694 15814 82149 66307 16728 12196 5075 87841
15860 73385 59598 86752 20861 55069 66768 70292 70702 93850
8834 31890 80301 62277 52923 62296 76569 83579 2671 60952
33386 39117 74177 40001 31358 91680 89733 17361 18301 84080
43025 14592 86673 66307 15814 93872 77397 15713 81416 41104
60889 50968 69588 81167 36463 87900 48351 85909 52386 32098
13947 73000 84012 34970 41104 86673 18373 1658 31635 93872
36434 2560 60931 69822 9602 13446 8161 87026 53005 16683
19973 86673 28043 28361 72063 47052 75456 44657 3534 55518
28043 13356 72848 56985 49672 75456 87841 93872 50968 15713
56985 1658 38427 56057 94329 74 88781 21643 31635 28043
92778 59429 9287 72845 32662 66237 83606 49692 70545 71482
87062 90027 28683 43404 22810 83810 91411 37606 68765 4067
9880 85649 89353 19973 60889 47052 28361 35382 42237 75456
3552 92349 25995 61993 62277 60952 15157 47819 44020 83579
78907 63654 37450 68765 70292 86951 87062 22810 49674 13356
56057 73259 31963 55302 89353 9880 41104 45830 79507 37388
58991 13356 31635 58446 1658 75849 55057 49672 12240 88781
28683 78047 72603 34099 87782 86474 21174 55444 66469 91411
38752 35614 40768 18289 58008 31029 4067 34718 56155 91411
43404 52565 64340 53883 64032 60217 6175 73975 7944 44236
14029 40306 87062 7944 93447 1330 61261 7665 70468 63788
12224 84607 78907 93850 37606 44313 15860 63654 7455 49674
91382 29444 21643 56057 28043 86673 49857 50968 38427 28361
50968 49857 69588 83227 28043 55333 12240 57733 60889 44725
43025 91384 93872 81959 13356 60589 10745 78104 14592 58446
29444 66307 86673 52227 2757 15814 16704 21643 28043 81167
40687 89593 17601 47819 86951 63654 15670 31029 94156 44313
59929 62216 27549 64799 41145 3278 18136 54377 18131 85426
52743 1504 33972 41588 73519 87841 58446 67391 39651 16728
89016 72357 72603 87782 43309 59598 46438 46105 34099 52994
88555 80173 72845 3365 67561 9287 66237 59429 32662 92778
63517 14662 30007 63092 9358 64789 70236 8675 36434 56959
34664 71482 3365 49692 66237 94163 32662 90573 48520 72845
8392 1267 23405 36500 39363 51116 36241 17477 20926 90957
53354 13356 61261 5075 43540 94156 49823 16704 68765 90027
13356 49672 58446 81959 93872 33092 2757 28361 60589 49857
85909 61524 64032 43404 64340 68765 57733 34760 16361 7944

QPS: 167.54319546907197
