49494 37414 41581 83347 21006 72967 28384 78581 93572 42801
66433 28617 79485 4052 11621 325 88788 13735 25117 16849
32040 1904 77507 92928 10373 16755 6486 34387 6940 71290
89898 25294 90209 42139 70744 52113 15134 29980 93495 45901
78408 64960 82475 43487 36309 30209 13676 11760 80783 79895
4755 10406 4638 14351 7197 89506 11156 46396 48852 86105
76492 43818 85552 2655 36512 59398 2688 69947 10085 50321
963 78142 7043 28096 72401 53582 48865 82653 34032 69384
65209 81389 46598 36530 63445 83813 59901 46159 37904 43468
2383 90241 45137 89958 72996 25982 52634 30454 55676 33814
65351 39385 40080 59901 61206 45808 30261 46159 1985 16979
30573 5630 52032 63445 87713 74470 74714 22371 40730 11310
13429 40080 52032 88608 76340 61410 76573 43506 15384 7154
65953 71333 18835 30403 82920 21017 3346 90034 32160 32763
20971 34116 94090 61890 67676 43566 56098 67030 7176 77091
3324 78412 74328 80066 28815 53008 46281 836 13590 37402
37122 66945 52976 14414 52863 54396 6621 6577 14319 89134
67532 43000 33709 72624 28073 22785 55870 82317 80966 53264
43924 47294 6764 17405 59668 91195 91861 2579 13279 1352
4500 32708 17306 91870 14444 387 18630 38732 20614 6727
82078 62168 36234 43408 61420 91108 91205 93314 16302 46591
45810 38022 48202 53143 57366 77759 20303 44837 84198 86686
68934 26649 71733 24970 25531 55818 91723 946 14726 63716
70522 49996 19221 38380 73393 67073 19952 70838 68052 10711
32957 29884 4755 45928 77975 29396 61759 23769 51927 41106
49791 66459 5848 24635 32785 62292 65604 83780 50632 44669
81079 77587 79991 81650 50012 14413 49344 84726 48685 65736
74399 66011 16148 77466 10023 58435 39227 84938 2811 76235
64275 25910 94355 53545 406 52831 83160 18911 55782 38675
13250 80580 74285 6147 52336 64779 92047 84554 53592 19814
78803 31182 56946 44471 6849 40080 25837 62902 93221 8902
79167 35369 47247 82622 34532 78724 53147 29064 38755 33170
16573 7140 81368 40965 8501 17447 3478 7925 48293 79657
86540 49320 83503 54881 31455 58976 44697 45601 35065 42252
7214 1947 90790 25122 418 68404 62574 15523 36543 23153
90930 16102 22185 84693 25561 77283 94036 79627 80039 49272
70891 74508 30261 11058 39218 7672 20370 28103 42286 57720
21286 27021 86611 86105 62292 4135 77206 44935 4645 25303
48254 81585 12083 74880 70597 66340 9454 1702 37605 13281
28044 357 66004 22371 43818 33554 5630 73362 22532 23117
30893 66813 74508 64176 86371 57481 13746 25342 6275 32411
175 65674 40225 91881 11196 11990 42183 57265 41220 92322
23408 54022 55441 57221 45678 3317 86049 9473 17634 9704
61940 79242 9073 56571 56189 7732 84084 83414 22398 26221
8583 87915 85999 29758 3866 3534 80332 26298 24317 31615
80327 17277 43549 60444 29591 58912 62677 41487 74417 64272
39208 54169 24686 53169 12620 26392 23830 75796 14931 26791
46085 3317 43457 69243 37844 42332 78724 7268 28455 8151
357 60256 44613 91271 66004 63445 61410 92742 22371 90640
16277 26560 20741 17594 46206 76233 9227 93534 67030 4271
49932 62173 78412 34431 2966 28303 25631 62581 33934 42321
9224 50850 40616 40975 45016 1448 37567 34925 57836 47989
13395 63515 94259 64962 5171 9782 7883 5008 38593 71733
57975 69976 72700 74410 86673 678 11310 62668 6231 2662
5426 55240 10993 66362 80295 59179 83715 60472 75296 35563
83246 71448 87129 69876 37746 42534 2704 62077 66717 19487
11230 7424 33551 14505 83553 73695 33401 70551 31929 19340
57791 34715 6401 14443 80361 25342 24322 5578 36160 87836
58064 80701 77137 81174 83547 78268 21802 72791 64049 34789
80701 39698 48888 25621 63376 4302 44139 3148 62642 73412
52739 53639 78095 46151 86863 10836 91097 31141 45709 21221
23683 14690 80183 91861 7318 41262 14133 72575 6876 18893
87382 55850 82093 42921 70930 11939 83989 77604 87729 70318
41216 83761 14130 92847 43926 75436 41654 29979 27982 17421
26092 45462 2107 24200 754 26573 11262 5033 3760 76322
66096 92033 10396 92870 64416 52267 63574 11565 62079 19171
17927 54802 81111 21350 14881 11829 25236 81174 39607 79839
35620 18700 90335 43876 4707 11504 4406 89009 23485 94673
78961 41613 7644 72750 58640 10675 87286 45043 20683 70578
94355 406 76654 73495 87942 61940 22398 7732 56189 83414
37339 20848 41827 14408 88735 70775 75881 71372 8906 43583
41989 41099 19289 3381 38438 6146 50971 11948 30379 81726
11172 86219 25690 31390 71744 91581 34712 71568 23315 23105
70708 19340 32712 52772 54268 70454 44136 65142 36862 64715
52214 4755 40616 74399 72575 78375 56479 47974 27524 90007
13393 80183 51099 43706 64974 30851 68582 7171 51373 44725
33372 9690 87432 42601 59640 88391 19712 32677 27317 23787
64159 24720 72616 58495 93802 12107 28653 70841 35829 88511
86228 47377 89509 80578 9313 83801 6572 4192 44005 38665
65604 60056 24753 74399 12272 76110 58313 16174 47785 23683
66829 54497 42047 17061 57760 70662 63331 35701 77651 49429
38162 35159 72751 78426 19543 23743 3483 17418 51101 65659
90139 20240 94957 72299 38970 79665 26180 71969 15384 89974
86065 981 48435 56768 45033 4719 27357 87222 4204 31544
80726 90300 35065 85218 50605 81537 89494 70262 76206 1343
73209 25745 24711 1567 19010 61907 62658 57221 18547 76034
9539 4908 38444 83656 65753 65876 5317 88590 35080 21382
31037 33610 38139 47430 84621 41247 72024 22095 48558 5631
53504 67215 26370 23458 54569 8499 90777 3002 39928 85522
87296 91414 12966 20021 22478 72875 2771 35400 80361 65900
34136 14930 41187 68588 87646 45936 7794 56460 34951 64003
62373 78919 25692 86176 58339 67072 28421 71539 24904 88359
57921 40275 70224 64867 33874 12773 94587 80136 32817 73695
19259 39196 43603 85651 55137 78575 31620 83041 88249 25456
72750 46766 54881 86540 49320 26653 23137 55365 48052 12070
72886 92176 53111 93932 83247 65241 67279 68898 62904 47813
70742 21526 44440 41759 78903 52872 21282 84516 14131 73163
40566 51029 55738 34347 87654 75397 87192 41045 3752 7260
16642 20916 44005 90513 22239 86228 16407 696 35526 80454
82838 18877 15583 75648 71738 583 17875 88042 20991 39930
69847 91195 23510 59668 66004 64921 88659 42405 58292 22088
88861 6756 83442 81560 55664 93813 70136 64159 83196 4752
16205 94957 7591 2934 75784 69262 60725 723 41764 54579
37884 705 67251 33012 5976 36049 64084 6163 83657 9258
65604 44669 10023 63996 5848 20501 84148 18446 69370 38773
29992 10155 92349 9421 26580 13144 77648 33567 91571 28533
76492 21444 43818 65895 11512 45475 88297 965 277 3026
20263 46598 56508 83813 54007 36530 93221 16979 28642 76094
17457 54564 16530 36747 89532 75430 83321 60119 48203 75661
10252 73591 27312 40939 33513 23605 46505 77025 66430 20168
57975 73558 72754 2662 16707 2655 10745 83527 31823 78563
56617 36393 30721 57454 44915 29713 42075 41759 74290 4713
91353 55676 49234 29146 35704 36645 84271 62919 55175 66184
12740 83232 58840 12164 50360 59269 11428 17153 78274 29667
31400 15117 46664 13250 73803 89043 16773 84554 46943 93196
94552 39198 17620 14931 23830 9504 74285 76700 35275 41032
19769 6608 41546 44631 16372 94433 79801 64379 65953 21986
92825 94742 90473 20398 57193 19340 71312 68184 36607 8985
16573 79657 87635 46667 82065 32763 6829 37415 34781 44881
36628 61940 9141 35386 25934 67074 44662 9073 29901 89729
8923 4068 31475 57338 14962 84455 28887 27748 76334 91573
64797 74442 71877 30548 60971 94389 32119 86021 52679 33682
5098 48531 93232 23472 78363 75606 16708 31056 35988 23759
80361 78563 16277 26560 71688 28066 52532 66306 84017 67346
45406 24656 11760 31578 80783 82592 17753 57443 82475 79895
53202 44321 74471 17943 70 27235 17766 54711 80371 94520
611 19289 92976 21282 28408 69963 15062 92335 43718 64411
84787 17174 45383 68064 94495 6188 44522 31597 43980 84342
65944 55070 36863 70258 27770 7690 82551 46061 7414 75110
10023 8110 6329 74399 34715 7232 32935 66011 25456 45565
62414 62440 36681 70340 14676 18469 50154 69567 501 25910
53682 25303 62944 42614 55571 4538 78832 48052 62237 80726
76927 22269 15757 77181 58329 43260 1448 68363 40975 28523
25601 42412 74043 28242 61280 83281 63552 11903 72004 14256
87736 62819 46795 15088 30174 51437 64867 14982 63101 92946
67293 75712 56270 24616 59538 74281 89580 83154 4984 89516
51880 40530 53142 55583 24501 47935 69713 2384 58716 81150
12237 63982 29844 77825 26087 3485 1552 93778 37214 11778
29093 30178 70014 60252 60361 39154 40541 21673 62352 17500
73512 71821 59719 28185 2475 24629 54099 21931 62190 84222
57117 20747 69873 65202 52706 70610 63387 551 78142 41342
63113 74442 82405 81259 94244 79767 33935 43072 18869 23282
72486 85484 91382 35192 57132 14726 72207 23702 40776 22371
49721 29548 6487 4836 16239 60511 88065 80562 13890 79254
29869 66008 71890 78989 89639 42374 15968 18602 47803 94646
60092 1082 76908 45595 66295 17134 21808 11419 71943 73216
62306 26180 56801 43935 1603 74803 13264 89691 64331 84017
20408 32922 28433 59046 2093 43312 39245 50624 40754 47623
53957 84509 37595 51351 59045 48939 51927 3096 78268 53792
29844 74305 51437 37214 27782 87572 74077 93778 9625 93819
39825 34672 76426 87793 27621 52638 61276 70220 30607 4924
48346 29140 9974 87493 10456 75427 50538 43676 38387 29335
86058 91647 57942 72966 94139 52240 53189 36364 69235 75892
21460 66616 33554 63445 10364 83568 44218 23117 68843 61908
68106 70626 57623 79947 38404 62752 57024 15169 43625 81154
63631 1958 81718 74692 46320 24479 19183 27078 62333 8088
75010 42179 49617 5198 56571 9073 30028 22398 61940 66681
26789 11130 3626 60174 21370 62157 88428 93422 87169 82246
5802 14191 21721 44748 42801 68676 20550 71761 10612 54628
47487 89172 6796 67753 31769 63183 69243 37779 40100 80960
76096 44725 7910 89331 92561 85221 76039 34009 48597 55333
50274 40178 32892 43390 93950 62062 9666 47607 71118 89032
58647 5913 9834 88138 12902 77687 81085 28748 62427 23500
84249 56791 93618 58976 26653 54881 76223 31281 31455 53697
89810 65241 67279 92176 39581 40268 8880 1989 49776 86937
959 7219 77825 85523 25007 6007 91073 18233 22120 76398
51677 48561 52356 42444 33523 43025 70891 2655 29259 4773
93221 56946 56133 31464 19326 31182 83813 8936 92561 65209
48105 36981 62959 6402 8816 38408 74340 83529 27383 63568
25296 56496 70966 36434 19605 32013 33675 89634 7433 23566
9464 73525 19973 69560 75839 58796 21444 17170 30273 59844
50655 71222 25442 32294 69282 63397 85406 72365 82683 70280
87043 72422 34070 53291 17355 8115 65154 57405 33329 40019
85044 26197 65369 30630 92778 83970 38958 53527 90875 64941
45565 55175 79426 33668 72414 68658 66011 74370 5848 41728
61216 50562 13417 61785 87272 57502 72401 44572 17555 45304
24291 18 15952 32672 55271 60779 52118 49611 40288 94002
71605 78375 75287 33343 94122 25303 16528 20244 35445 50632
52148 31390 58339 87660 36309 7883 37515 41077 82086 62373
88438 70886 46682 41060 83853 57545 33347 17355 92238 52543
49996 28243 33263 92291 21921 87080 63569 28683 61699 78716
65659 22559 29482 44634 17418 48237 32785 93546 26992 64187
76235 82984 11117 70679 49753 43404 24753 64967 68658 46378
8894 43623 92530 48852 9224 74399 76523 93530 27238 58313
38882 43088 22170 42685 4309 80726 10421 42614 53682 80816
90420 92045 9001 43742 22532 67030 56817 43818 82086 68514
494 63445 87897 66761 54453 88608 31464 12844 84390 23117
29259 43025 25876 16707 20370 44965 11258 52703 62608 16512
90139 44613 1448 38754 17405 79974 42405 66004 56853 10760
40687 91741 54760 17468 825 52218 31761 29340 24129 71366
33488 28743 43133 8442 54306 64040 74285 59245 13250 46664
93524 19647 36111 16709 25788 4907 68806 19508 442 87132
82405 70140 8151 22855 3893 26635 22920 62868 2138 61066
48800 49325 91162 55488 43868 77225 23517 70065 74712 16442
55835 15589 26458 14662 68060 25432 30518 78846 80168 4573
17707 91879 50812 87001 84221 14002 24209 18908 63405 41850
37585 84082 88698 51557 60444 76872 325 38098 26400 62714
20685 65604 39568 91381 5578 83685 34715 16205 73962 87182
35444 92720 83881 68656 27401 69958 24942 33393 24951 16922
7033 37711 12659 43318 73779 18442 74540 20288 205 75519

QPS: 335.1777695911751
