37414 46841 94051 75961 83347 2786 21006 78792 82087 80913
73522 56176 78306 28617 62456 4052 30211 27269 44936 12404
51818 69488 26820 29460 84714 12423 31724 1904 77507 92928
89898 25294 69107 46972 80708 73840 90209 42139 15074 15335
67138 29772 40045 56511 6765 64960 89094 82475 43487 15002
13169 80556 8809 4755 10406 83586 5571 14351 62368 7197
72946 35635 12965 19658 85552 68506 21789 56729 65224 90636
3480 10475 83231 40400 963 808 84257 12688 18529 82122
81389 10549 5003 19669 34079 65224 3853 36530 80163 30323
58955 35499 17600 77035 69421 8705 90241 87105 45137 23026
19149 13870 40064 3853 28981 59901 61206 45808 3567 46159
42131 54685 49560 2163 21748 23634 42573 44813 46753 5630
5003 35521 10549 52032 58250 30496 53414 2747 13390 2952
19830 62966 47318 71621 14428 69479 65953 12891 30403 40574
44265 31366 4690 42663 39994 61890 49249 26584 43566 24056
31802 4131 90354 41713 20245 78412 9396 17834 80066 39181
54123 37122 80000 63506 66945 14414 88454 6648 54396 6621
48902 32273 67532 80645 38948 38453 72624 28073 22785 29868
66099 43924 47294 18005 40886 34295 6764 33294 69810 91195
31598 16623 24659 60234 8875 4500 93531 42147 74501 49968
80813 82078 61158 36234 10417 75308 41138 91108 91205 62872
21788 43628 63350 38022 30285 71757 6605 74952 39328 36807
66668 91415 20492 12655 91370 15797 69316 80778 53629 65765
33477 19292 81749 14086 57728 35484 19221 73393 79089 26915
60500 75765 93995 28705 27889 32957 4755 52629 57079 77975
15999 32515 44296 20434 41675 83898 39701 79501 64638 18400
81079 88010 77587 2314 9394 71132 90923 38614 6785 44745
72825 63729 74399 29942 23858 66011 77466 54527 53140 58435
78460 64252 79703 64275 71919 70406 94355 53545 4215 69434
49468 40833 56549 6147 50453 51128 64779 92047 34680 84554
9217 87625 78803 6297 27721 74047 21403 19149 56349 56946
3329 54155 79167 7923 47247 6848 2878 16710 42667 82622
93745 20245 16573 24795 47618 7140 81368 84825 506 53533
12028 2001 35917 23800 32653 90195 49591 59780 39917 5607
1470 68488 52724 90790 75783 57066 81901 418 82610 31560
37091 24040 78740 25797 70199 84693 69395 25561 43956 68886
72938 10564 741 2550 41261 89132 35560 73915 90993 42286
36298 30841 86611 86105 62292 4135 78374 44935 522 55281
62632 60990 48254 29143 47145 17797 12083 68322 87115 22020
28044 69001 5935 90636 1582 51593 19669 33294 357 94660
61342 30893 741 64176 17807 56843 6504 25342 6275 78699
54615 1261 175 1232 65674 38559 59193 36574 5654 30633
76302 73379 24065 50279 59231 23408 49718 3493 4209 56898
44204 87997 92008 4780 58081 5639 68144 56189 7732 84084
17790 77158 8583 87915 45711 17769 9371 29758 77918 59879
85004 80327 17277 48677 78323 31253 79923 18421 26759 94655
70270 83346 28397 54169 61247 59566 5107 68697 53161 26392
46068 36274 46085 26439 33205 5347 72603 28013 67632 40904
58250 24980 357 60256 22766 94758 84590 94325 21748 44613
53710 28584 50078 27542 14043 26560 20741 85660 17594 53837
82866 6801 32470 62173 36084 87527 78412 38021 85583 78236
8059 9224 1005 40616 21103 70314 35208 28331 41675 78336
3508 66215 73913 64962 38844 7883 87234 53629 38593 70791
57975 67808 86673 67698 678 11310 62668 6231 39634 79363
5426 19812 61679 6049 88846 71140 31600 10993 66362 70467
20497 83246 93895 82406 79128 37746 26675 25112 15749 56477
74241 39315 44449 88497 86476 7424 84886 15382 25519 14505
90148 55155 8854 83328 34715 6401 14443 25342 14138 80430
2574 16493 26557 68077 91551 80701 77137 33606 53569 12917
49190 80701 26804 83974 48888 63376 4302 2574 29263 21687
18493 53639 41434 86863 19176 31067 49254 19959 68962 91097
32315 80183 7512 47980 55687 89624 91861 38602 2517 7983
1977 85821 55850 70930 66044 38929 5298 30609 42320 48843
47911 38416 76063 3034 69524 28942 89762 41062 41149 80413
40923 47483 27330 92686 43237 2398 72725 754 26573 47691
92033 67576 46987 10396 92870 86426 64416 52267 87869 11565
9732 3611 54802 51141 81111 9884 87315 11829 25236 19352
35620 22255 39662 83059 9167 65786 58900 4406 1314 23485
83102 71039 19128 48253 41210 39701 83898 68755 7644 60743
94355 63211 83711 47665 21330 91367 63074 29068 87942 43048
37339 51230 92653 65396 5046 71028 21759 20848 92242 3488
34594 68734 31869 88776 25275 24777 77419 9260 19289 3381
61605 200 3433 11172 31488 8628 86219 25690 9414 89847
43347 34489 70708 52961 11913 85853 19340 32712 48135 52772
52214 58621 92078 18631 4755 40616 8059 74399 72575 44677
93083 16894 84131 25546 21073 80183 69407 34026 23858 44550
14816 33420 33372 79212 84292 81441 87432 7995 21051 88391
77771 29003 66729 26716 61158 28386 72616 35946 33269 12107
4633 67870 26025 38245 30108 47377 49797 12436 56065 14167
65604 60056 47980 74399 12272 21592 44677 77618 13669 9364
66829 16558 1385 725 55721 2985 12468 57760 11358 26081
38162 51175 46185 35159 70370 44760 72751 78426 18401 9923
5312 51225 20240 94957 47832 23139 72299 54345 71886 79602
86065 34487 52457 39856 48435 72270 86908 4647 45033 4719
44513 88626 42996 77712 80344 89411 85218 23194 6675 55404
54154 25745 19010 61907 19158 42598 92482 32050 44480 45393
86165 63016 38444 15698 83656 78080 23251 65753 91491 30579
2315 72473 81118 38956 31037 50277 38139 47430 41247 72024
43643 26067 63893 47163 43156 26370 12594 80443 26097 77736
53232 91414 76173 47841 84868 63999 65491 81663 86539 8720
52702 41187 71594 66618 80775 45936 77235 67130 23929 47511
11866 62373 78919 67788 58339 67072 28421 66219 11998 71539
42590 57921 44449 70224 33874 12773 82247 86476 84886 6611
23711 52985 50332 60913 72193 75920 21812 82446 41445 14669
30824 52165 51638 90195 59137 87972 1669 43851 12550 49591
28707 50875 14433 2156 13829 92176 53111 44650 58363 55072
17834 9992 44440 65637 5645 10131 9773 45672 11728 9357
36427 40566 94061 47078 55738 34347 13109 38142 76775 44859
16642 4016 20916 9312 66871 45664 67380 90979 90513 47381
69735 17656 75648 80990 3977 26726 88042 5816 90049 94402
69847 74072 91195 33294 23510 55687 34149 66004 64921 54527
30991 68284 16159 29868 78176 32461 85856 67608 11798 6756
93484 11307 16990 16205 94957 40720 29027 93916 86975 66467
51796 40308 84493 2443 65329 37884 705 22101 23879 36049
44296 65604 33326 44669 15999 81158 83328 55281 19707 8730
14693 50755 11139 44020 13144 32716 64260 22298 7258 77648
16955 62004 71906 3950 83295 79541 24047 8630 88966 65895
20263 32467 56508 83813 10549 36530 3853 80163 22851 93221
33116 54564 16530 85049 12638 87923 67109 27422 8671 10138
10252 73591 58126 4477 71435 61313 13639 77338 71043 62033
57975 63496 52644 71164 32110 20838 14818 2655 76609 20003
32333 16661 86671 63270 60066 57454 78497 42075 30237 86329
89953 22909 36638 29146 35704 46185 48552 47721 36645 84271
34529 66592 43688 67357 83232 58840 81974 72248 6241 8312
51478 3084 46664 49468 73803 33025 84554 57706 81612 79220
86331 70083 94552 16663 28397 51478 56549 18785 2629 17620
19769 6608 41546 44631 4599 16372 81734 10749 48954 94433
36857 53533 93949 506 68348 94569 28390 79916 57193 76395
16573 3247 10424 21315 47618 79657 36857 87635 46667 90758
87997 92008 78293 64372 81424 35386 44204 67074 28515 44662
89911 91537 15948 14962 80639 49981 36201 75716 7063 60397
3329 87983 72804 60971 42142 15780 86021 74549 71314 1575
5098 48923 48531 34294 78363 75606 16708 84898 31056 80686
43379 2952 78563 57062 55970 58102 77253 76162 49445 741
49080 38336 70465 35867 15006 45406 40045 7938 19269 70666
53202 87856 45586 44953 44321 32885 17943 70 57723 27235
17480 31574 84194 8892 19289 26452 89201 2015 18300 93531
84787 62144 17174 45383 57894 79628 68064 94495 80767 36533
11405 55070 36863 66920 7690 46061 11246 23559 7414 51637
84675 78815 55263 3432 16649 10871 39132 8854 32476 37048
56132 62440 36681 33184 70340 68325 88371 66041 57879 14676
12038 6675 84719 91628 59956 25303 68492 77474 62944 23111
39793 81249 15757 46071 49709 58329 43260 91511 1448 68363
42412 74043 44322 83281 76627 63552 3511 39010 51498 72004
11347 72468 52048 41407 63943 28896 26406 46795 9490 15382
75712 19389 60397 7505 32408 56270 78704 15087 42077 80639
86236 6514 56562 53142 87472 55583 34422 65477 30324 43817
85536 6613 1180 66267 73763 83385 80368 28741 8960 34779
41812 11086 64337 44160 70014 79882 47086 60252 60361 39154
74523 84364 11361 71942 31049 67582 43266 35141 56682 6247
42198 57117 6088 37610 15837 36994 28890 4705 52706 70610
63113 81464 77192 17383 20490 90112 20635 94092 86856 16602
67808 85506 50078 60532 27457 55799 14726 23702 33217 69841
37790 85078 68970 6487 4836 28393 16239 55926 74413 60511
70474 39243 16357 74056 30824 29869 34688 66008 2635 64359
46145 60092 1082 59855 76908 45595 24111 53036 84739 11419
16218 62306 74679 56801 85084 18514 61918 66933 33396 1603
72846 8287 51121 66208 43462 45051 20408 11936 73675 32922
94676 91234 80497 56839 90164 33410 19655 15810 80660 63846
74305 10650 37214 28741 82279 27782 87572 74077 8960 30526
26854 82103 34659 9916 60850 76224 34672 30066 28161 8480
60427 33524 12112 86720 50885 52177 93322 51227 27660 94647
74770 94139 435 36364 10894 85179 60571 75892 87661 62086
21460 24813 23896 79563 44684 40313 83568 67505 61729 68843
70626 23610 79947 94171 57324 62752 57024 87883 54119 43625
74940 72995 66697 21323 1958 64819 58233 81718 78855 13048
36252 12657 47108 75010 42179 49617 21308 5639 30781 59632
21487 76566 57047 27996 76572 21924 59439 79604 43962 46240
63521 36883 48589 77814 79950 5802 59259 28042 21721 69028
47487 72432 19278 6796 85861 67753 31769 40095 43203 41210
44684 38733 87923 76096 7910 72436 21367 13880 74914 13169
84105 86279 46290 33755 11809 22747 31995 76604 91090 49296
36027 4002 75596 70636 70861 66241 13880 31017 60689 5913
77527 78574 77463 49832 84249 59767 83861 57035 58976 46296
13829 40642 92176 93329 7155 5915 59992 40268 90056 40784
60295 92108 8838 19930 1668 70622 7219 26186 73763 18933
48561 43813 6256 72087 71875 15172 52356 43591 20417 42444
84590 16610 93221 20039 56946 74485 83984 66375 56133 31464
48105 41943 47613 38876 8362 39175 85576 36981 8816 19194
77287 49400 56496 10028 71677 89634 78311 20981 55789 33298
19391 17104 59889 19669 38802 52058 67200 38791 28322 73525
25839 50655 12215 87791 71222 50078 31663 73535 32294 63601
68378 87043 2304 47684 34972 40425 80600 52856 75853 43692
66388 47658 36519 85044 45867 37045 48325 56675 53959 10773
49948 45565 60357 76229 31563 36080 25084 33668 68658 45075
88374 60001 16037 73335 12190 87272 10879 28613 31930 44572
29016 87831 20076 18 18931 13568 15952 32672 35691 94002
78375 75453 33343 94122 13386 25303 53929 2679 93437 20244
27436 7167 55498 11213 52148 31390 10120 4632 58339 71424
21745 29407 73698 43643 34193 78850 40032 68640 42359 12215
52256 13451 20973 8579 28243 92291 87080 62585 63413 46596
19855 92298 87712 38752 78545 71227 44634 30123 51390 5901
49309 59486 60357 6723 40554 48649 10087 75527 83163 36042
15472 8894 28331 43623 88369 43249 31419 72898 47356 85746
80015 10550 92529 44476 30333 4309 74080 6675 25632 59634
9842 574 79541 92045 44423 43742 53837 47588 57724 22532
84334 5003 83082 4375 87897 54453 58250 82178 50864 44684
56430 83779 30082 43025 28415 78585 16857 52644 31988 89705
64665 44641 43397 10302 21748 24980 42462 62332 44613 49560
81960 87623 70547 3877 91741 91137 58478 17254 73101 31761
39608 87874 33488 18785 34977 74751 79828 54306 92921 70339
33425 93524 19647 7092 74763 93393 90074 924 16709 6314
41402 33477 52256 76934 26929 46296 70140 55050 22855 26915
89848 48800 49325 19459 91162 48509 79161 62452 54890 43741
55835 43002 79233 69710 57900 12397 15232 92111 41964 63059
77090 34704 467 5219 64659 80022 84021 17707 45327 44891
7565 52270 37831 80046 65354 83757 18103 37585 86741 84082
20685 74972 71339 58188 65604 44296 55155 85295 91381 56627
68976 35444 10685 64723 36876 27401 30100 11759 24951 16486
7033 12659 83984 43318 73779 51960 6683 45983 75697 57243

QPS: 298.37088782736436
