64353 49494 37414 71972 94051 75961 41581 83347 35614 2786
73522 36500 66433 78306 69320 28617 79485 59815 36922 65418
51818 69488 80696 32040 79484 17365 84714 12423 31724 1904
89898 91399 69107 46972 80708 17261 90209 42139 59618 15074
67138 29772 78408 6765 64960 89094 82475 71228 86681 15002
80556 16768 64102 42538 8809 4755 10406 42448 5571 62368
76492 72946 43818 52387 35635 12965 71072 19658 85552 68794
3480 39801 10475 83231 40400 84257 58047 12688 18529 78142
14963 46598 33105 3853 63445 13875 80163 30323 14380 1072
2383 76806 58955 31272 35499 17600 77035 19264 69421 8705
13870 65351 90531 40064 39385 3853 28981 40080 45808 70563
42131 54685 49560 2163 21748 23634 42573 59969 44813 29102
13429 15628 81945 35521 40080 52032 52387 71034 1858 88608
19830 77662 62966 47318 14428 12261 32895 59564 18835 36451
20364 20971 86663 15038 4690 46005 42663 94090 39994 30724
51958 81404 31802 38485 12018 26047 59909 33635 63643 90354
37122 66945 14414 34960 58999 6648 52863 88357 13022 54396
48902 20663 67532 80645 38948 43000 33709 38453 72624 26637
66099 67728 43924 47294 25186 33356 50153 6764 1694 31011
26868 16623 60234 8875 73448 87929 72747 48532 4500 45516
80813 72208 49220 82078 61158 68629 36234 43408 10417 75308
21788 45810 43628 63350 38022 37249 4738 23211 6605 74952
91415 9793 63906 62901 32748 12655 91370 15797 69316 77190
2868 70522 19292 81749 14086 49996 57728 19221 38380 73393
60500 75765 93995 28705 82864 81886 32957 29884 4755 87049
15999 32515 87459 20434 83898 39701 52153 79501 92310 49791
81079 88010 77587 25688 43232 80352 63722 58001 2314 9394
72825 74399 29942 80978 66011 16148 77466 90027 53140 10023
78460 64252 1797 60540 79703 64275 60387 43079 29922 71919
13250 40310 80580 43771 49468 41394 56549 52336 6147 50453
9217 20900 78803 6297 27721 5590 40896 74047 31182 91178
3329 54155 79167 7923 35369 72181 65744 2878 2014 11295
93745 20245 16573 24795 48622 49613 47618 7140 81368 84825
12028 2001 35917 23800 51354 32653 86540 7793 38471 49591
1470 68488 41599 2956 52724 1947 90790 75783 45347 90243
90930 37091 16102 43512 25797 70199 84693 25561 43956 34995
72938 74508 10564 741 41261 89132 11058 35560 20370 82948
36298 30841 14147 27021 86611 86105 62292 77206 78374 52153
32983 62632 60990 48254 29143 81585 17797 2782 59754 12083
55345 14963 28044 5935 24017 76507 90636 1582 70515 51593
87932 74762 66972 39395 30893 2639 66813 741 74508 64176
65913 1261 13089 175 1232 68123 38559 59193 66975 36574
76302 73379 22241 90223 3029 25263 92320 50279 94295 59231
87997 92008 21368 61940 4780 91358 58081 5639 91199 79242
17790 8583 82389 59875 45711 17769 39431 85999 8113 16588
85004 80327 17277 9245 43549 48677 78323 31253 42973 20302
34265 81999 70270 89538 39208 43771 61247 54169 68985 24686
46068 36274 70896 46085 26439 33205 5347 28013 43457 69243
24980 357 52574 1858 52260 83526 22766 94758 12066 14963
34997 7895 28584 27542 70991 16277 26560 81826 67770 85660
82866 6801 32470 87099 34231 62173 87527 25909 34431 2966
8059 9224 50850 26191 1005 40616 74624 90512 8064 8185
13395 3508 94259 5015 66215 73913 5171 91959 7333 38844
78992 69976 72700 67808 52387 8558 74410 22082 86673 67698
5426 93078 19812 55240 61679 55577 88846 71140 31600 74852
20497 93895 82406 32513 71448 72041 79128 48131 87129 69876
70895 11230 47758 74241 58116 39315 44449 88497 86476 42811
57791 29294 27587 8854 83328 6401 80361 8185 25342 14138
56591 35104 2574 16493 87923 8558 91551 65651 77137 66721
67560 49190 66721 35104 39698 83974 63376 42254 4302 3148
53607 52739 18493 53639 41434 78095 86863 19176 91097 74318
32315 80183 7512 66146 22259 67986 47980 55687 63280 91861
67117 70398 87382 85821 59867 87806 55850 72273 41953 16309
47911 41216 5488 92436 76063 3034 83761 39520 14130 26384
5143 54768 58484 20841 26092 47483 45462 43237 2398 72725
66096 46180 65228 67576 46987 92870 64416 87869 16639 71267
9732 91393 65175 3611 54802 51141 30692 71705 8226 9884
35620 70184 76299 18700 84365 22943 90335 53505 39662 4707
83102 31057 56274 6463 71039 80315 88926 78961 11128 41210
94355 63211 72459 47665 73495 21330 91367 63074 59686 40930
37339 68370 18746 92653 65396 5046 69339 20848 92242 23444
34594 68734 41989 31869 7996 88776 25275 37060 41423 9260
61605 200 3433 11172 31488 8628 86219 25690 9414 89847
75533 21710 34489 86659 11913 63368 85853 19340 32712 48135
52214 58621 92078 57984 18631 52043 4755 90512 42538 40616
13393 1116 93083 16894 88711 84131 80183 86519 34026 73837
14816 33420 33372 33916 9690 87432 7995 42601 21051 69382
5228 77771 64159 24720 66729 26716 30845 61158 28386 72616
45668 4633 67870 26025 38245 49797 12436 35272 73356 83098
9652 65604 28643 60056 15440 63163 24753 47980 74399 77297
66829 29806 16558 390 54497 1385 12580 9635 2985 17061
38162 80156 51175 68296 46185 35159 70370 44760 72751 78426
29134 3606 37604 5312 90139 51225 48747 20240 82126 94957
86065 34487 27335 52457 981 39856 77486 72135 48435 36151
23254 15391 80684 67943 88626 42996 80344 4788 90300 73277
84187 98 54154 25745 24711 79504 61990 1567 27933 61907
9539 86165 62227 38444 69322 69794 7184 15698 17633 83656
2315 34849 72473 37853 81118 38956 50277 11134 33610 61659
76114 5891 43643 26067 47674 63893 47163 67215 26370 12594
87296 53232 33160 55811 12966 3221 76173 5061 47841 84868
14930 84715 52702 71594 9501 68588 66220 87646 66618 82793
11866 70345 23763 62373 4702 22190 56057 78919 67788 50765
42590 57921 44449 53772 70224 64867 12773 82247 86476 72269
23711 52985 50332 80033 87459 60913 79621 75920 21812 41445
88025 30564 54439 72750 30824 73901 52165 3834 38471 51638
82577 43301 50875 14433 2156 25614 72886 90889 13829 92176
70742 26047 55929 9992 41156 15957 65637 5645 34231 10131
73730 36427 41154 47078 70505 55738 34347 13109 87654 38142
94940 16642 21942 4016 20916 60954 9312 29696 66871 45664
69735 15583 71738 583 51156 80990 3977 17875 88042 5816
34692 88774 69847 77779 19951 41457 89500 74072 91195 33294
30991 14119 68284 77858 1784 29868 32461 80010 85856 67608
55749 11307 16990 94957 7591 2934 4543 75784 2439 40720
78602 51796 65233 84493 2443 65329 37884 705 67251 49994
65604 45760 44669 10023 9330 15999 63163 87459 83328 55281
14693 10155 92349 50755 61270 76425 5210 9421 32861 13144
76492 21444 62004 36222 71906 83295 43818 79541 40581 92793
46598 49394 14963 52387 3853 81586 80163 93221 75914 50558
45367 17457 31610 5579 72279 33116 37620 54564 36747 85049
10252 73591 37776 58126 27312 16086 40939 33513 4477 79751
22082 63496 52644 72754 71164 2662 6416 16707 15312 20838
32333 16661 56617 86671 63270 36393 60066 30721 57454 45113
89953 34708 91353 22909 55676 9768 36638 49234 68296 88085
59881 34180 14784 34529 66592 43688 67357 83232 58840 81974
32211 15117 85590 66657 49468 13250 29091 73803 16773 43771
89538 86331 43771 44653 29091 59929 94552 77563 16663 56549
5547 19769 6608 25670 50633 45609 82743 4599 75091 10749
36857 64198 70947 53533 92825 13335 93949 506 6816 94742
16573 3247 10424 41645 16273 47618 61726 36857 90044 87635
87997 92008 36628 64649 78293 64372 61940 21368 81424 9141
8923 67287 4068 31475 57338 15948 39146 14962 80639 18787
1796 40183 74442 60840 94626 3329 87983 25843 72804 43524
83277 5098 48531 93232 23472 34176 34294 78363 30967 75606
80361 2952 94 1694 81949 76938 28880 78563 57062 55970
49080 70465 35867 15006 45406 86681 24656 11760 7938 65451
85520 53202 87856 5784 45586 54663 44953 44321 34766 11938
17480 75244 45772 31574 30296 84194 65739 19289 89201 2015
35224 84787 62144 17174 4996 45383 57894 79628 68064 40906
34641 65944 11405 55070 36863 66920 79552 70258 69408 27770
84675 78815 29546 3892 3432 10023 8110 16649 10871 8854
62414 36681 33184 2886 69563 10032 70340 68325 88371 76126
17985 29310 12038 9102 82381 6675 84719 59956 25303 68492
76927 75063 22269 39793 15757 81249 77181 61152 45853 46071
33422 25601 42412 74043 44322 9267 188 28242 61280 83281
87736 73510 72468 41407 63943 4193 59887 62819 46795 54307
67293 75712 19389 33757 14813 65228 7505 32408 56195 87063
86236 6514 46874 57403 51880 18807 39859 40530 4613 82407
18040 85536 65847 6613 63982 1180 66267 15787 61325 82037
13598 10422 64337 15747 30178 44160 70014 23748 40701 1879
63239 69662 74523 84364 11361 31049 73512 71821 62288 16362
57117 6088 20747 69466 28624 37610 65202 28890 42089 17147
63113 81464 11033 62097 74442 82405 82776 81259 80513 20490
67808 85506 11060 86663 71488 60532 72491 83386 91695 91382
58726 37790 49721 29548 14269 68970 4836 16239 56807 70021
70474 39243 19283 24168 74056 42931 30824 29869 34688 66008
46145 45752 27210 44661 59855 76908 45595 56504 65920 78601
91338 16218 62306 36289 26180 92989 54454 74679 56801 85084
72846 6854 8287 51121 72100 43462 45051 20408 7941 11936
53957 94676 91234 89577 37595 58946 305 56839 30692 90164
28224 18040 74305 10650 51437 37214 28741 82279 27782 87572
26854 34659 85070 39825 60850 76224 34672 30066 28161 76426
60427 5515 12112 86720 44755 90583 21898 82094 50885 52177
86058 74770 91647 57942 23744 49082 82049 94139 52240 45162
21460 66616 33554 23896 14963 63445 79563 44684 40313 10364
22843 28506 57623 79947 2103 94171 38404 62752 57024 54119
63631 72995 46428 66697 21323 31427 7047 1958 64819 58233
79697 36252 74521 12657 42179 59319 5198 74726 62709 22317
21487 26789 57047 27996 6337 11581 21924 59439 29782 79604
63521 36883 4731 14778 48589 57858 49473 77814 18682 79950
47487 93985 19278 89172 66846 6796 78426 67753 31769 89298
56012 44684 38733 87923 81583 76096 90466 44725 9212 7910
86279 46290 50274 33755 74372 43600 11809 37809 40178 39734
36027 58647 70636 70861 53478 66241 13880 31017 60689 5913
78574 77463 49832 59767 56791 93618 83861 74329 32713 57035
89810 46006 13829 65241 67279 92176 7155 88093 39581 59992
60295 92108 8838 19930 47680 64063 36177 959 14203 70622
51677 48561 6256 81878 26767 72087 57546 71875 15172 52356
43144 16610 93221 20039 94689 83585 56946 67567 74485 83984
48105 47613 38876 39175 29582 85576 89050 62959 57985 8816
77287 15385 25296 56496 78554 70966 36434 10028 37596 19605
38111 11752 54236 94973 19391 88067 17104 59889 59062 89724
25839 50655 87791 71222 25442 3952 63601 63380 69282 63397
68378 87043 2304 47684 50362 89190 34169 53172 40425 52856
66388 47658 92668 36519 85044 40841 26197 45867 26409 37045
60357 76229 62688 55175 79426 31563 46966 36080 25084 33668
20572 1467 81745 3851 88374 60001 16037 34796 73335 71500
24291 84 20076 18 18931 13568 15952 32672 55271 24603
18906 30562 78375 81073 75287 8605 31015 33343 38053 20985
27436 7167 55498 11213 31390 4632 85947 41834 58339 84445
61632 29407 73698 3952 43643 34193 78850 40032 88438 68640
73649 49996 20973 54006 19660 8579 28243 33263 92291 88782
65659 22559 26178 92298 38752 78545 11709 18537 29482 44634
49309 8247 86152 59486 60357 50162 40554 79911 48649 36042
15472 8894 28331 43623 90691 43249 82550 31419 49630 83030
80015 38882 43088 10550 56199 76234 92529 44476 30333 4309
90420 86663 9842 574 79541 27433 92045 44423 50107 9001
84334 43197 83082 4375 34186 494 63445 74621 14963 85132
29259 56430 83779 43025 22313 28415 78585 16857 25876 17111
64665 91984 44641 43397 90139 19576 55345 60967 10302 21748
73215 81960 31006 87623 70547 49966 51385 29063 89861 40687
39608 82650 33488 18785 28743 34977 43133 68062 8442 88327
90121 33425 74941 36359 19647 63003 7092 47634 36111 90074
41402 73868 2868 53124 45968 82902 78688 29226 60840 31269
89848 83750 6668 48800 55997 59511 49325 87377 19459 26988
38834 55835 43002 15589 63517 73815 90069 70407 5824 64756
91871 77090 14905 34704 467 5219 80022 33186 84021 36431
7565 61160 52270 80046 65354 83757 72565 84657 18103 18924
20685 71339 58188 65604 79632 31018 39568 85295 91381 55491
68976 79190 27844 92069 48333 46356 36876 64723 28373 10685
50389 27605 37711 12659 83984 43318 51960 92798 16965 69113

QPS: 214.59174372828946
