64353 49494 37414 46841 71972 40234 94051 41581 83347 35614
73522 56176 36500 66433 78306 69320 28617 79485 59815 36922
51818 69488 26820 80696 32040 29460 79484 17365 84714 12423
89898 91399 25294 69107 46972 80708 17261 73840 90209 42139
67138 29772 78408 40045 56511 6765 64960 89094 82475 71228
13169 80556 16768 64102 42538 8809 4755 11848 10406 4638
76492 72946 43818 52387 35635 12965 71072 19658 85552 68794
4368 3480 90417 39801 10475 83231 40400 963 808 84257
65209 81389 10549 14963 5003 19669 46598 34079 33105 65224
2383 76806 58955 31272 35499 17600 77035 19264 69421 8705
19149 13870 65351 90531 40064 39385 3853 28981 40080 59901
42131 64047 54685 49560 2163 21748 23634 42573 59969 44813
13429 53996 15628 5003 81945 35521 40080 10549 52387 58250
62966 47318 84548 71621 14428 67524 69479 7032 65953 12261
20364 20971 86663 34116 15038 44265 31366 4690 46005 42663
51958 81404 31802 38485 12018 26047 59909 4131 33635 63643
54123 37122 80000 63506 66945 52976 14414 88454 34960 58999
48902 32273 20663 44173 67532 80645 38948 43000 33709 38453
66099 67728 43924 47294 25186 33356 18005 40886 34295 16821
31598 26868 16623 24659 60234 8875 73448 12936 87929 72747
80813 1103 43678 72208 4138 49220 82078 62168 61158 68629
21788 45810 43628 63350 38022 37249 30285 4738 71757 23211
66668 91415 20492 9793 63906 62901 32748 12655 91370 15797
2868 70522 33477 19292 9646 81749 14086 49996 57728 35484
60500 75765 93995 28705 82864 81886 27889 32957 29884 4755
15999 32515 7845 87459 44296 20434 49348 41675 83898 39701
81079 88010 77587 25688 43232 80352 63722 58001 62908 79991
72825 29672 63729 74399 29942 23858 66011 16148 39308 77466
78460 64252 1797 60540 79703 64275 60387 43079 29922 71919
13250 40310 80580 74285 43771 49468 40833 41394 56549 52336
46159 4865 45178 12309 90663 17489 44360 12994 84208 52032
3329 54155 79167 7923 35369 72181 47247 71188 65744 6848
93745 20245 16573 24795 48622 49613 47618 7140 7032 81368
12028 2001 35917 23800 51354 50173 32653 86540 7793 38471
1470 68488 7214 41599 2956 52724 1947 90790 75783 45347
90930 37091 24040 78740 16102 43512 25797 22185 70199 19438
72938 21638 22448 70891 74508 30261 10564 741 2550 41261
36298 21286 30841 14147 27021 4135 77206 78374 44935 52153
32983 62632 60990 48254 29143 81585 47145 17797 2782 59754
55345 14963 61350 28044 6651 69001 5935 24017 76507 90636
87932 74762 66972 61342 39395 30893 2639 66813 741 74508
54615 65913 1261 13089 175 1232 54397 59446 68123 78397
76302 73379 22241 48159 90223 71159 3029 92320 24065 50279
47141 44204 87997 92008 21368 61940 4780 91358 58081 5639
17790 71743 77158 8583 60166 87915 82389 59875 45711 17769
85004 80327 27878 17277 9245 43549 48677 78323 31253 79923
34265 81999 70270 89538 83346 39208 28397 43771 61247 33440
46068 81521 36274 70896 46085 26439 54728 33205 5347 72603
58250 24980 357 52574 68203 1858 60256 52260 83526 22766
34997 7895 6152 89980 53710 28584 50078 27542 14043 70991
49932 82866 6801 33700 32470 87099 34231 61302 62173 36084
8059 9224 50850 26191 1005 40616 74624 90512 8064 8185
13395 63515 3508 94259 5015 66215 73913 64962 5171 91959
57975 78992 69976 72700 67808 52387 8558 74410 45514 22082
5426 93078 19812 48187 55240 44959 61679 55577 6049 88846
20497 83246 93895 82406 42624 32513 84635 71448 56717 72041
70895 11230 47758 74241 58116 39315 44449 76599 88497 86476
57791 29294 90148 55155 27587 8854 83328 81112 34715 6401
35104 63634 58064 2574 16493 74903 26557 68077 8558 91551
67560 49190 80701 66721 35104 39698 1249 26804 83974 25621
53607 52739 25713 53639 41434 78095 46151 86863 19176 31067
23683 14690 32315 7512 80183 66146 67986 22259 47980 55687
67117 1977 70398 87382 85821 59867 87806 55850 82093 72273
47911 41216 16853 5488 92436 38416 76063 3034 83761 39520
61783 87502 5143 44048 54768 82821 58484 20841 11626 26092
66096 46180 65228 92033 67576 46987 10396 92870 64416 86426
91393 7034 65175 3611 54802 81111 30692 71705 8226 9884
35620 70184 55755 22255 76299 18700 84365 22943 90335 53505
83102 31057 56274 6463 71039 80315 2232 88926 78961 19128
94355 406 76654 63211 72459 83711 47665 73495 21330 91367
37339 21695 68370 18746 51230 92653 65396 5046 71028 21759
34594 68734 41989 31869 7996 88776 25275 37060 41423 24777
61605 200 3433 11172 31488 69854 8628 86219 25690 9414
75533 43347 21710 34489 86659 70708 11913 52961 63368 85853
52214 58621 92078 57984 18631 52043 4755 90512 86616 40616
13393 1116 93083 27689 93963 88711 68073 84131 25546 21073
14816 33901 33420 79212 84292 33916 9690 81441 87432 7995
94319 5228 77771 29003 64159 24720 66729 26716 30845 61158
4633 91011 34904 67870 26025 86228 38245 30108 47377 49797
65604 28643 60056 15440 63163 24753 47980 77297 74399 12272
66829 29806 51693 16558 390 54497 1385 12580 725 55721
38162 80156 51175 68296 46185 35159 70370 44760 72751 78426
29134 3606 5312 90139 51225 48747 82126 94957 47832 23139
86472 86065 34487 27335 52457 981 39856 77486 72135 48435
23254 15391 80684 67943 44513 88626 42996 77712 77886 80726
84187 73209 98 54154 25745 49868 24711 79504 61990 1567
9539 86165 19507 62227 4908 63016 38444 7934 69322 69794
2315 34849 72473 37853 81118 38956 31037 50277 11134 33610
76114 5891 43643 26067 47674 53504 63893 84842 47163 67215
87531 87296 53232 33160 91414 12673 55811 12966 3221 76173
34136 14930 84715 52702 41187 71594 33869 9501 68588 66220
23763 62373 4702 34891 22190 56057 78919 67788 50765 7748
42590 57921 44449 53772 40275 70224 64867 33874 12773 82247
33416 23711 52985 50332 87459 60913 19259 79621 75920 83997
88025 30564 54439 72750 30824 73901 52165 3834 38471 51638
82577 43301 28707 50875 14433 2156 25614 87266 72886 90889
70742 17834 26047 24276 55929 9992 21526 41156 15957 44440
73730 36427 40566 94061 41154 47078 51029 70505 55738 62648
94940 16642 21942 4016 20916 76767 60954 9312 29696 66871
82838 69735 18877 15583 17656 75648 65163 71738 51156 80990
34692 88774 69847 77779 19951 41457 89500 74072 91195 33294
30991 88861 14119 68284 77858 1784 16159 29868 78176 32461
55749 93484 11307 16990 16205 94957 7591 2934 4543 93963
40308 65233 84493 2443 65329 37884 705 67251 27502 24159
44296 49348 65604 33326 45760 44669 10023 9330 15999 63163
14693 29992 10155 92349 50755 61270 84141 55709 76425 11139
76492 16955 21444 62004 6651 36222 71906 3950 83295 50528
20263 25686 46598 32467 49394 56508 83813 54007 14963 10549
45367 17457 31610 5579 72279 33116 37620 54564 36747 85049
10252 73591 37776 66338 58126 27312 16086 40939 33513 4477
57975 22082 63496 52644 73558 72754 71164 32110 2662 6416
32333 16661 56617 63270 36393 60066 30721 57454 45113 44915
89953 34708 73350 91353 22909 55676 9768 36638 68296 88085
989 78425 59881 34180 14784 34529 12740 52252 66592 43688
32211 31400 51478 4510 15117 3084 91987 46664 49468 66657
89538 86331 43771 29091 90353 44653 70083 59929 94552 77563
5547 19769 6608 30470 46057 47232 50633 52944 45609 41546
36857 64198 70947 53533 92825 13335 93949 506 6816 94742
16573 3247 10424 21315 41645 16273 47618 79657 61726 67524
87997 92008 36628 64649 78293 64372 61940 21368 1773 81424
8923 89911 67287 4068 31475 91537 57338 15948 39146 14962
1796 64797 74442 60840 94626 88311 3329 72406 87983 25843
83277 5098 48923 48531 93232 17533 23472 34176 34294 78363
43379 2952 94 1694 81949 78563 57062 32755 55970 58102
49080 63588 38336 70465 35867 15006 45406 40045 86681 24656
85520 53202 87856 5148 5784 45586 54663 44953 44321 34766
4670 17480 75244 611 45772 72427 57633 50281 31574 30296
35224 84787 62144 17174 45383 57894 79628 6192 68064 40906
34641 65944 11405 55070 36863 66920 79552 61718 70258 69408
84675 78815 29546 55263 3892 3432 23462 10023 8110 16649
62414 56132 62440 36681 33184 1857 2886 69563 10032 70340
17985 29310 9102 82381 6675 84719 91628 59956 53682 25303
76927 75063 22269 39793 15757 81249 77181 61152 45853 46071
33422 25601 26225 42412 74043 44322 9267 84274 188 62852
87736 11347 73510 80976 72468 52048 41407 63943 28896 4193
67293 75712 19389 33757 14813 65228 60397 82968 14945 7505
86236 6514 46874 57403 51880 18807 39859 40530 56562 4613
18040 9544 85536 12237 65847 6613 63982 1180 66267 15787
13598 10422 29093 41812 65215 59555 11086 18032 64337 15747
63239 69662 74523 84364 11361 71942 31049 73512 71821 62288
42198 57117 6088 20747 69466 28624 66939 69873 37610 65202
63113 23085 81464 11033 77192 62097 74442 82405 15528 82776
55799 9676 29374 22824 37654 429 69020 35638 55910 41870
58726 37790 39789 85078 49721 29548 14269 68970 6487 4836
70474 39243 19283 24168 16357 74056 42931 30824 29869 34688
46145 45752 27210 32838 60092 44661 21247 1082 59855 76908
91338 16218 62306 36289 26180 92989 54454 74679 56801 85084
72846 6854 8287 53930 51121 72100 66208 46644 43462 45051
53957 84509 94676 91234 89577 80497 37595 58946 305 56839
28224 29844 18040 74305 10650 51437 37214 28741 82279 27782
26854 82103 34659 85070 39825 9916 60850 76224 34672 30066
60427 48346 5515 33524 29140 9974 12112 86720 44755 90583
86058 74770 57942 23744 49082 82049 72966 94139 52240 45162
21460 24813 66616 33554 23896 14963 63445 79563 47746 44684
68106 70626 22843 28506 23610 57623 79947 2103 94171 38404
18242 63631 74940 72995 58138 21323 31427 7047 1958 64819
79697 36252 74521 12657 31297 47108 75010 42179 49617 59319
21487 77016 26789 76566 57047 27996 6337 51224 76572 78424
7516 63521 36883 4731 48589 57858 49473 77814 18682 79950
47487 72432 93649 93985 19278 89172 6796 85861 67753 7845
56012 44684 38733 87923 81583 76096 90466 44725 9212 7910
84105 86279 46290 33137 50274 33755 74372 43600 11809 66005
36027 4002 72163 75596 58647 70636 70861 53478 66241 13880
77527 78574 77463 49832 17556 84249 59767 56791 93618 83861
89810 46006 13829 65241 40642 67279 92176 93329 7155 5915
60295 8838 19930 47680 64063 64123 36177 959 1668 14203
51677 48561 43813 6256 81878 26767 72087 57546 71875 15172
84590 43144 16610 93221 20039 94689 83585 56946 67567 74485
48105 23712 41943 47613 3471 38876 8362 21576 39175 29582
77287 15385 25296 49400 56496 78554 70966 36434 10028 37596
38111 47746 11752 94973 19391 17104 59889 59062 19669 89724
25839 50655 12215 87791 71222 25442 73535 32294 63601 81310
68378 87043 89223 2304 47684 50362 89190 34169 34972 53172
66388 47658 92668 36519 25525 85044 40841 26197 45867 26409
49948 45565 60357 73375 76229 62688 55175 79426 31563 46966
88374 16037 34796 73335 71500 12190 62460 61216 90909 50562
29016 24291 87831 84 20076 18 18931 13568 15952 32672
18906 71605 78375 75453 81073 75287 8605 31015 71422 33343
27436 7167 55498 11213 52148 31390 10120 4632 85947 61602
21745 61632 29407 73698 3952 43643 34193 78850 40032 88438
73649 52256 13451 49996 20973 54006 19660 8579 28243 33263
65659 19855 22559 26178 92298 87712 38752 78545 71227 11709
49309 8247 86152 59486 18734 80201 60357 6723 50162 61336
15472 8894 28331 43623 88369 90691 43249 82550 49630 83030
80015 38882 43088 10550 43419 56199 22170 42685 76234 92529
90420 86663 9842 574 79541 27433 92045 6651 44423 50107
84334 5003 90417 43197 83082 4375 34186 57941 494 53996
29259 56430 83779 30082 43025 22313 58114 28415 78585 16857
53996 64665 91984 44641 76352 43397 90139 45630 19576 55345
73215 81960 31006 87623 70547 49966 51385 29063 89861 40687
39608 87874 82650 13458 33488 18785 28743 43133 68062 8442
56650 64237 10234 56438 31306 13253 36630 20021 36238 86539
41402 73868 2868 53124 45968 33477 82902 78688 29226 60840
89848 83750 6668 48800 88555 55997 59511 49325 87377 19459
16489 38834 55835 43002 15589 63517 73815 90069 70407 64756
91871 77090 14905 34704 22391 467 5219 64659 80022 33186
7565 61160 52270 31252 80046 65354 83757 72565 84657 18103
20685 74972 58188 65604 20711 49348 62627 31018 44296 39568
67039 35444 68976 79190 29587 27844 92069 48333 46356 28373
50389 10532 7033 27605 37711 12659 83984 43318 73779 51960

QPS: 335.95055140676106
