64476 89116 2855 31696 1601 7244 80206 53703 92476 74910
80129 54197 56257 58561 31688 22222 74455 76464 27462 37585
17365 12423 10373 86905 6486 74520 40283 78288 34387 71290
25294 17261 42139 15335 52113 90684 93594 29980 78437 24171
67138 82475 86681 43487 26625 72980 79895 34278 94924 73634
83586 27605 69529 49682 82126 76026 14766 75661 75429 91717
94758 13278 68884 72084 48155 46753 77521 76507 41047 29983
808 1805 65560 79490 65759 47351 50373 35881 63142 25686
14380 31922 19753 42293 21722 94250 76578 2747 61908 5935
23483 38433 40871 41210 53299 26244 42861 72814 64961 2023
21722 76578 5935 18615 12066 5214 27485 31922 89190 65759
5309 17385 70879 69506 47494 16071 76352 86969 90640 78366
53996 52032 88608 94 7096 67728 94325 21748 56278 74508
12891 59564 36451 82920 32763 57454 42034 17689 45610 45113
40757 71424 36805 83468 8040 64709 34903 20788 91751 39059
51958 20245 78412 774 65205 72971 59543 3425 29319 15580
54123 63506 52976 88357 76182 52901 42341 19064 6901 36638
26637 30845 34025 59399 77141 7993 94971 60315 6932 14082
33356 89998 53061 49560 81949 24876 55687 61656 63117 71064
31598 93531 12446 91870 74873 57682 20814 60646 20694 15729
49220 36234 91108 34872 33176 31743 39997 79100 64159 21398
68138 74952 1507 23625 51708 58672 79164 86686 52418 1841
62901 15797 77190 68340 91959 55774 42758 51710 3795 7883
2868 33477 9646 35484 19221 62840 4120 39987 45548 23041
27889 52629 91178 24813 91013 18234 41235 39395 58908 68582
87459 44296 79501 49791 18400 40436 5191 54852 83780 49534
81079 79991 2314 57862 44169 29334 52919 6826 78085 20267
58435 61612 2811 14029 54873 26525 35457 54320 82213 71030
36627 10897 23331 90817 15237 33602 60195 53142 78897 65902
41394 51128 64779 66657 19814 4510 19052 47586 89457 66614
9861 20900 27721 56946 6679 40080 83585 8902 74160 80163
72181 68651 14010 32385 29064 38755 62402 9503 7706 63621
3247 32763 45610 93864 88498 72901 78068 69473 16492 44900
50173 90195 73277 17985 82568 12038 13789 64318 78878 94908
81901 1744 68404 25949 35106 23609 776 90107 87188 49538
68886 94036 92551 89321 1825 28405 72359 81019 64275 81566
41261 51225 30692 17385 89560 652 86969 65820 5309 90305
82180 83812 70955 59517 10741 31185 89077 4202 11175 16535
29143 81585 74880 63851 22020 69215 84807 10546 24059 78715
33554 23117 91062 74714 76340 76076 30866 21384 2952 18658
74762 61342 29510 64594 87923 57241 13564 38733 70186 75823
11111 40225 84215 53191 5174 83578 15230 93972 41818 94258
94626 37902 24505 35568 2633 71229 91732 62423 86259 4518
24034 78400 22317 85395 70899 43048 10084 22543 77725 24139
26298 35349 6244 38386 25321 14008 77521 63523 59409 33834
80327 48677 20302 3807 80733 50414 6799 57592 60091 65033
75840 57277 40833 38219 58185 68771 47408 41301 56686 84672
46085 26439 67632 42332 13559 56313 16345 20649 53748 83063
92742 36611 41870 6925 16610 40584 6769 14185 7843 28043
34997 89980 27542 14043 85660 89817 71930 13692 3986 4271
34231 72076 52872 14429 36875 71446 59436 12793 85087 23482
5312 48918 64993 16390 27689 11075 37545 92258 4108 48225
5015 65052 22242 39886 10135 29712 68266 941 58740 37920
45514 57332 81586 21643 18001 34419 28035 50895 46529 65330
55240 61679 71140 10993 70467 72639 35563 60194 13574 10391
83246 82406 42624 71448 79128 48131 54832 56477 79318 27435
73695 17176 14826 19549 78947 54795 89821 15301 31719 88584
27587 83328 34715 6401 76645 79004 80430 81073 31843 71339
35104 12917 59690 59459 26486 80660 28981 93576 4696 55714
67560 2574 21374 94827 17185 32138 58608 20010 11446 12710
34395 46104 75924 42053 21628 30520 86875 75392 68013 48326
67986 52043 60056 36643 32841 41675 41262 14133 12947 63163
23037 43569 26860 28634 86874 83633 28123 69707 49402 62791
74783 18089 29979 37987 32043 10773 7701 68572 88412 41785
44048 26972 8656 22645 27918 43602 12388 680 16525 70031
4880 44336 4814 76235 35127 63997 5708 12277 73183 4838
17927 14881 11829 39607 79839 51481 3705 90813 51493 79739
22255 18700 84365 43876 47122 6433 58900 44463 90537 66282
6463 88926 41210 39701 15908 50434 7644 18537 74812 63244
83711 38240 7732 56189 87997 92008 83414 93908 67515 51784
37339 21695 68370 5046 43229 41827 77438 5790 31383 5335
11948 7583 26152 67550 1567 21376 84194 80547 56352 65594
91621 59123 23315 23105 52556 67720 582 23979 40983 34816
75533 34489 86659 52961 11913 54268 59982 88777 50428 14103
51373 75814 11436 64974 14661 66954 9853 35939 80482 5578
16894 21073 36643 12715 51099 5387 9405 64413 9249 30851
14816 33916 81441 42601 88391 40834 19712 56952 82423 23787
94319 29003 26716 58495 93802 12523 27475 56136 30240 31946
45668 86228 12436 83098 80578 9313 58918 6530 80818 10047
28643 47980 74399 76110 44677 83696 29567 57605 23683 31243
16558 72377 71525 94457 88622 83215 12779 69514 70842 64273
80156 70370 72751 88112 88422 19112 50399 53692 64415 27475
48747 81091 75946 17963 93397 15384 44657 34685 27155 63760
86065 77486 56768 18660 77145 86806 22358 61355 31050 5782
80684 88626 4788 70180 38091 85218 90540 50605 1343 76223
84187 98 25745 24711 19010 44480 45393 57221 64067 76034
35080 56653 75893 44434 37486 23252 16291 86286 27364 11760
50277 33610 75635 81979 53057 11147 46247 69683 92225 57115
43643 26067 84842 26370 12594 80443 52199 40229 39928 92051
53232 5061 22478 2771 40648 76322 39135 23334 62758 52677
34136 71594 92769 3345 83582 44988 6351 66292 94263 69116
29395 7580 77332 85506 31361 3890 82033 33032 84684 4572
36107 31611 74838 37700 36991 38675 73273 29624 87510 76277
72193 20438 31620 56988 87792 65604 88268 79674 72142 66011
73901 3834 90985 23137 53682 54899 32713 20197 73385 51843
20979 14316 22439 45731 18672 24077 43679 738 87371 93605
9992 78683 48385 78903 52026 14131 10915 836 18387 86207
47078 38142 84436 43380 38857 12251 76738 88834 37411 80933
4016 20916 9312 44005 282 9634 50768 72716 73122 72552
44058 36192 65964 67034 75197 93165 11413 71536 13061 62111
34692 91195 92041 42405 17659 6336 90139 85710 5773 94691
29868 67608 6756 52680 59433 14418 17550 81560 67467 92810
55749 93484 16205 7591 8064 39479 73574 52629 12902 77687
46878 40349 5412 14144 91869 55332 14297 70886 42070 11964
44296 45760 9330 81158 87459 52434 11505 37048 45848 33023
10155 50755 44020 60679 73366 28533 63796 5011 68798 55115
6651 68794 94531 89511 44998 3026 52387 7400 9381 64021
54007 2163 10426 50968 13870 63416 33261 9764 21305 65051
31610 5579 45057 87923 73788 58946 18704 92169 26528 76051
82 16112 28160 68471 43334 44526 76793 24219 9345 78497
63496 45514 27132 9166 34377 49765 32755 21218 82883 64088
55016 14000 50852 14131 32103 48385 75078 46427 79801 23874
55676 9768 36638 49234 68296 88085 61520 46185 35704 5985
44466 61947 73259 50422 55498 92746 30082 32519 85079 92089
29091 33025 90345 93196 51222 20514 16766 50453 83346 10223
90353 94552 17620 66238 74110 9504 22392 82760 83317 3214
848 40688 51412 12317 68237 86887 29367 54258 65148 63535
28390 19340 71312 9456 72052 84315 80728 14879 37415 2433
10424 21315 69101 9053 93097 30306 84326 13335 7443 7513
87997 92008 9141 93750 21092 67074 5795 83351 3156 89729
52765 36201 88975 22970 24791 73533 33846 49002 79648 6600
60840 73845 94389 71259 32119 15780 1575 52679 57221 24429
23472 34294 35832 84146 22821 91724 69283 68630 81084 35721
80361 94 32755 31095 16277 25041 42462 86982 67346 50864
83656 22386 11503 2858 44542 25692 74774 81166 92323 54864
87856 5148 54663 34766 43323 47888 4096 94520 2714 17773
16920 2015 70807 87588 46237 15957 64807 71292 3381 80812
4996 3215 58059 91201 35029 94628 93352 10701 71056 59719
71223 47815 36616 16805 88188 32735 86735 16536 65060 64930
6329 72214 12427 8185 87062 66011 78058 28107 31762 23065
1857 70340 68325 69567 22787 44205 25764 58254 63228 36544
80088 27195 11427 33343 41828 61230 7836 91160 58500 16528
81249 58329 8059 18479 8720 2178 38602 82071 94682 82204
84274 50208 46354 29103 57302 15447 44425 33201 87129 61191
77725 64867 79785 77561 76707 93951 76386 42982 44022 28599
38423 61951 60321 46180 88158 65716 9652 31898 68173 13451
46874 18807 55583 65477 57613 30324 43817 39117 59391 61564
65847 82037 47680 93631 68051 26174 68230 84366 26087 66085
18032 23748 20250 37903 17500 43080 18575 52842 23572 37657
35141 56682 21931 11300 59702 69880 38185 73321 34713 56774
66939 17147 52706 70610 45872 10228 1481 78142 80342 89756
15528 47475 45978 16602 85436 27860 32050 2246 2552 28045
55799 75327 67235 90818 42131 25154 48518 57226 65128 13437
28393 34697 16341 43295 86385 24823 37509 76406 12514 91426
80144 51358 34444 58511 49808 93703 78446 36056 73277 22330
60092 65920 94730 19065 24168 2014 25585 37896 17073 33584
68698 47552 13450 69630 78458 89817 89691 65587 46418 84017
72100 46644 43462 28433 17812 69518 59046 93943 86779 2093
53957 56839 19655 55117 37441 91135 14886 80056 20370 34348
82279 27782 87572 84215 21983 52888 15771 68940 65719 57430
30066 77933 5971 29412 71250 5642 20382 20800 55342 58828
21995 25399 15755 8536 25631 5073 88368 7498 16552 39567
57942 72966 94139 92683 57721 75892 78314 45510 3648 30767
24813 44684 4617 67505 1965 57507 90132 73130 47435 53598
23610 87883 10433 38341 37943 473 47609 10803 34534 65739
58138 43950 21973 37011 14420 31739 2302 52622 76546 42836
79697 12657 31297 47108 62709 91268 9073 23307 59632 80230
27996 21924 43962 3626 77778 62157 39529 65755 88428 22258
63521 57858 68671 14191 69028 63563 28192 48949 40678 53752
43203 74588 23580 75659 30361 74319 81537 24948 32409 66344
38733 87923 90466 44725 86693 13880 61321 13390 14228 27721
50274 66903 20431 55496 34191 89057 53089 71118 46440 37602
3291 80206 10782 36354 87331 85765 43679 31347 88966 51265
56791 57035 40317 26976 60915 53697 51427 76910 50482 7793
46006 65241 92176 7155 88093 59992 49776 79014 40050 37012
19930 47680 64123 14203 1905 25007 19026 63311 78081 26663
57546 71875 52356 2178 27132 38785 56430 70334 74989 57217
74485 83813 8936 83376 44707 86538 724 22719 21998 16965
41943 47613 38876 8362 80051 37139 19276 74340 63568 48051
8034 60439 81996 89163 68417 32708 942 12315 53382 54101
54236 89871 19973 81413 57926 77275 30192 47435 44613 87119
71222 32294 63601 34193 72365 82683 45498 69810 29294 1637
68378 50362 43692 44214 56985 55451 21829 1481 23225 63816
75859 35233 23444 11837 90787 18459 82941 5322 5661 22592
45565 62688 31563 25084 33668 83163 57515 70201 38931 70671
81745 62460 50562 61785 9232 15964 11647 86811 83764 80609
76425 25727 65448 12111 76332 79992 25695 7548 37317 34823
71605 31015 13386 82381 90985 78802 51694 66146 93700 11983
21970 7883 41077 71021 80653 6241 86219 25702 6685 5409
61632 42359 12215 41060 1571 14265 86483 29 7895 20008
22394 45125 91537 55388 38043 55985 42077 26275 41157 10281
92298 38752 78545 18537 29482 44634 40345 52497 55281 76459
8247 6723 75527 76235 17945 5708 73430 23705 89422 4814
85746 76523 56793 14029 12837 58313 3059 17394 61532 46071
10550 4309 74080 79579 10421 36557 90540 42652 42614 81536
574 27433 6651 46807 56817 34381 74410 74237 83526 69668
84334 85132 25109 50968 13870 67538 45192 43604 61025 20120
51190 48603 76233 44241 22930 22387 12617 7222 15172 5886
53907 44613 49560 1448 39479 61656 92186 56853 53040 59676
87623 84525 88831 73044 73027 25677 36525 84265 68575 2215
33488 79828 11322 90539 59929 92921 9088 59245 60084 49346
90121 19647 68435 63003 924 8903 51937 25788 4907 748
74935 7775 91537 26275 2827 55722 31455 55388 80407 22394
48800 55997 88409 70065 23513 73731 10756 64471 83729 23690
16489 5824 79233 57900 92111 41964 50540 25432 66251 58614
91871 80022 33186 36431 91879 79900 56097 87363 51009 7259
57130 30304 70987 22923 73539 38904 18896 23227 58358 35050
89188 5950 40259 87148 70674 85951 2232 67764 27677 69262
27844 83881 46356 28373 68656 33393 60739 44248 21956 21258
83984 73779 85909 44456 20914 61524 36897 4036 30921 83679

QPS: 264.7198899794311
