78148 82268 26425 79364 81844 28047 45162 52376 66785 52043
4052 30211 64720 42177 42025 80211 90964 46354 16166 90079
40603 1174 78136 67891 2967 41386 6880 37446 8020 15859
13200 13583 72955 33878 19528 21580 64883 85801 18930 78404
89112 71424 31923 22242 29315 63384 88099 35914 42922 24278
89506 51960 15359 41196 13643 76987 6198 57645 72299 36679
68794 2688 57507 70034 72084 92925 92524 13390 38682 44003
39801 25858 57385 87059 7771 25130 22824 56690 14362 88872
3853 128 69393 994 19753 81586 70652 24252 76236 34418
34718 32010 93411 40255 1695 15916 60969 15554 78426 49659
45197 56985 38599 63387 71076 56930 19892 49125 41988 26184
46753 26628 25274 5773 27176 61410 45476 49639 57132 26366
30496 2747 7096 8076 31566 40956 93713 4479 64803 6056
30403 88936 28961 68734 17749 82083 47042 17853 8707 57313
39682 74542 40801 30244 85416 42974 24125 73680 8306 10035
21696 34431 63386 86654 16029 14300 71337 8916 22356 21098
54396 64235 37605 76835 94968 33830 79028 85861 67439 62741
38206 38970 68296 68363 85540 24152 17583 56861 47138 38205
53061 91984 92041 52227 24876 22766 27209 2515 55596 17659
26356 24786 16122 37009 69573 43319 14949 46647 35165 36836
46591 94523 82887 9192 10937 91403 58117 21120 10838 51796
68476 16279 85783 16659 14363 73805 20973 94309 18636 13252
7883 1559 4702 92521 94550 65608 24368 21455 57289 29585
35484 2139 46156 29210 22322 76933 9730 46480 92275 17288
69688 23515 58908 71180 17188 33116 28290 57932 82194 58701
75590 32010 33716 52496 27406 76229 28320 64670 35387 67548
43232 49961 36990 28052 27435 20004 12836 5295 33422 4468
29292 87459 23988 49348 52468 19529 9364 55137 35621 58265
94005 41742 40375 75793 37240 71708 8748 23016 77156 84527
64779 92669 72045 2904 28586 12422 44298 82099 38886 36528
9217 27721 43945 56508 23117 87721 31599 43604 65792 4196
73844 3321 86391 11893 4075 52511 5393 6296 42824 82409
16492 61618 63368 77081 66322 46697 58766 721 26017 57500
7793 73277 39917 49832 60743 48996 74056 43419 74963 86752
90243 35594 50 70662 79612 78175 46271 57248 64804 36877
90930 25561 50374 43730 89952 28405 75598 82654 71137 70624
41106 92887 33378 14963 78253 54689 2951 24923 19655 31793
4135 24195 26884 53403 27514 59715 22952 91884 58352 33885
2782 21278 41218 8660 55934 91075 44762 75103 78527 20659
23117 75514 79638 13365 43945 90132 93571 9842 52962 55703
52648 72062 61887 5297 45903 58910 46280 8534 77040 32039
42855 85741 28735 76442 20318 44826 47366 14422 29959 11666
91758 60918 92867 41035 88153 91339 17288 71229 49081 19217
45270 45159 84881 85851 20339 12807 1090 58439 23258 93738
31034 22112 46291 51333 90482 22162 19076 59772 86274 61422
57983 75320 28270 21032 73881 2928 16132 48529 79128 12474
53169 39475 78616 2629 53876 60862 88388 22893 55368 66819
80407 42762 9613 6564 51293 67612 61902 66524 94512 69602
24980 65274 65118 90640 74160 67505 87199 79974 13877 41241
20741 39450 38427 40549 54706 50153 40019 21067 9331 1733
82866 28303 73966 44890 53972 2299 19296 74122 71294 48864
409 274 45527 84732 34097 65964 30716 22836 90290 46367
11969 16156 31280 87681 91076 73691 55554 33282 40646 56770
35333 63523 41580 77136 91984 2515 68829 20370 87328 52227
61679 71140 62786 15240 42646 54384 66408 34570 73120 12018
27435 28052 20004 86281 76474 16615 43232 28115 49961 11937
91814 82676 41230 10317 79139 12804 40651 89859 84065 9600
29294 86144 5680 37042 23007 20244 88268 90598 70853 60573
2574 68077 25664 12679 89014 76748 73115 18758 30422 56718
57247 91213 60630 37552 87423 54018 85709 32052 53519 30399
20413 20519 87427 83745 6249 8344 11239 55573 69363 54609
14690 32315 38602 8059 84131 42970 20287 9249 16756 89162
42320 28544 49296 20515 13660 54705 64916 44849 61711 34399
82002 85164 14301 11153 34646 91250 31712 77111 19312 326
7324 54106 65535 44556 72290 52406 40892 59800 90512 42123
65837 799 93137 53180 44748 32959 6348 72374 18858 56122
81111 87315 54960 79739 21932 93782 12469 91843 11307 50321
23485 6615 19660 67930 62224 62206 47289 53510 32658 26969
74074 50559 91786 25084 72968 13898 4038 58152 42337 61343
91367 32952 35524 33718 58728 43390 27702 22539 81804 2301
69339 43229 41827 70775 92853 90265 32583 90374 90875 39464
57682 37968 8765 22730 91365 87647 85870 58180 79504 50286
59123 31926 24317 7385 46484 44308 44090 22388 18804 12346
26438 48144 72052 9602 8602 85693 28211 38643 23628 83998
8059 74624 53907 81073 51373 90785 39988 44148 3225 37126
46717 33243 2517 16676 50160 55687 504 19149 16578 66011
81744 9822 11072 7727 89636 51924 19728 72500 59171 61470
64159 26930 19855 93595 41210 94058 48949 94179 46429 26918
52781 29848 11521 7916 25372 91087 16469 13847 94479 72693
91951 47096 83041 57375 76365 73873 54382 33777 64718 63422
33062 69514 61936 54142 70519 50008 52875 6318 3674 71863
21845 18401 51101 59865 24525 79043 3210 8109 7063 67684
28820 36342 21919 63700 33171 93773 31939 45305 2542 4559
48435 93231 78117 82388 47067 51777 66931 24318 81896 15343
68655 63119 21848 7542 61961 62555 32048 9440 77527 80765
75081 84765 17182 54714 48483 63594 63896 43524 75578 64820
38444 32923 49810 35419 71069 2599 90239 85409 4831 29660
37853 31037 24099 6084 70179 40741 84120 39487 67327 68991
47674 70755 79495 66073 20110 66552 31977 3060 83696 38455
65491 39135 62758 68057 61494 42226 6872 70636 71491 30562
93457 28691 44988 54282 16898 90365 57539 73450 85755 64528
548 55910 92024 68829 15644 63836 33534 69669 42854 62108
76599 14815 40631 92263 77119 43097 18693 50715 48089 31697
50332 46310 393 94932 91946 4239 87148 27052 7071 5608
3834 23137 26738 77445 57557 5718 29044 21410 544 43792
2156 28664 83247 58215 82652 1989 440 82337 13119 61993
52872 24513 63181 25028 54903 38341 76794 41739 56738 30400
44151 21316 91823 88927 13953 58373 41966 18394 40878 8638
4016 76767 13059 59117 67165 51993 6011 77560 10116 4836
41148 72019 6598 65609 2426 68716 16808 64982 47737 12094
88659 11959 85062 1448 18655 5773 45671 22266 57132 70070
74473 7027 28073 24141 35202 23809 37707 61141 92750 92298
32957 38023 37756 92944 89188 94676 15628 16430 94016 73396
67251 65816 79593 83657 66467 33015 8113 77970 15318 49289
17787 27763 12125 61406 6178 29567 92796 80760 87148 393
86018 68857 53894 13254 85326 33702 20979 74163 67982 10649
6231 77275 30246 7037 90132 16016 5913 76633 65521 29635
12379 65686 30261 76578 1506 12826 32947 73529 62723 57811
58946 32151 90813 47869 6650 891 22058 68660 49847 7096
71493 4723 87647 54101 22121 11612 26532 54966 57682 52030
15637 83527 32209 2396 30246 4676 74679 94398 29259 92261
47603 13681 27307 53442 61638 12317 29906 16989 19985 78962
80145 37781 67528 71745 726 27483 25272 60686 62003 54513
81974 72248 59269 2524 25039 23543 44466 64331 41875 93051
46664 46943 94552 45070 56686 3545 92276 11390 19623 68697
70279 90409 16766 75840 12248 47218 15182 91047 9062 44202
39474 71400 17375 6009 62790 34831 31410 94235 21041 40356
64198 82676 20398 58378 41733 85853 7362 30198 28175 32008
87635 24582 506 21710 69609 66833 79137 85843 80423 45212
67074 55649 3156 29443 2345 48214 56562 56838 69395 27581
52765 64193 72533 30882 53856 3930 94173 7775 6135 47636
25599 54915 92659 16377 10883 35236 14685 31269 22073 19525
11120 88236 86463 11782 22838 27931 60662 10054 47803 83924
84791 42692 92524 27799 56941 60233 35316 42816 13769 22500
19269 65753 70178 2050 12305 76416 29875 72169 64460 46292
53202 65755 6360 72349 77114 79277 32038 85034 23639 67228
41939 67722 87603 80537 55951 85354 12236 48135 26572 84962
84342 43412 12914 84364 22047 58182 55978 30750 73107 86293
61718 70408 17179 85420 92722 25720 89829 3164 25397 66489
16314 58289 16821 42838 26049 91537 1662 52305 60624 79091
33184 22191 395 61733 51105 4225 14873 54660 86279 30770
82381 25303 77474 86446 55571 61944 45100 68054 19281 59746
242 92812 91429 80565 58959 66954 80293 2426 41018 40114
78622 53054 70520 70089 14754 51274 47248 50722 69634 81079
62819 30174 85638 3624 46448 44022 14782 46065 91354 19420
71105 88369 46025 25498 76415 63885 22967 13107 68595 57063
6514 4613 24501 47787 33908 61762 21584 38291 22915 91579
49605 11778 2636 92395 73510 73857 24476 81333 28959 11347
30178 85929 8182 43080 11700 84318 93110 67161 71491 19218
69662 67582 22641 91133 3510 24849 94335 49974 52128 89057
55876 79174 16504 89223 33072 494 6467 40019 92052 42933
57221 26433 63668 42667 36578 8762 16473 40071 33238 69939
69841 83231 57975 10567 51184 7154 56812 2705 38770 71095
87163 42010 73848 51125 52876 40945 36062 8227 14648 87954
24168 28432 43683 17812 11430 93703 9004 21481 36056 80960
20233 24731 69392 3132 89803 7923 17220 81669 21547 12004
85084 90171 1603 66051 90901 18778 38099 741 16756 74613
31338 70474 37717 2909 20500 86785 10374 93958 50975 35588
305 90164 5651 8226 66773 35845 78855 92398 60221 90995
29844 2432 26260 2886 35689 44049 19767 88732 5052 94542
54154 41242 93824 87845 18680 13794 66670 87766 94143 16730
91362 4443 86054 58560 59742 72970 63752 79737 49932 51389
20244 64187 50186 84001 85587 40643 37042 55716 7937 39661
40874 71202 69520 46035 46337 52032 52322 81035 60052 54723
85718 75522 56634 32426 47609 2240 93072 72773 93721 47587
52334 67062 34439 33867 57583 70599 77755 56888 69809 49297
23307 14601 55077 48315 60885 56784 62744 68144 78293 34152
51224 52779 80962 2714 38293 69925 24718 85899 9061 34423
7516 36883 14191 73339 48067 20683 71972 56247 50572 49630
39539 94080 74546 88641 93455 40963 71457 63043 13744 72916
92561 57083 28290 5810 69407 80498 29152 44707 33116 71072
43600 34191 71118 13462 70340 90179 17739 58326 12484 62756
76431 13427 77253 86254 86185 40668 47832 61694 94665 53344
59767 2169 55552 58511 3961 94908 55171 2554 17971 58500
1989 79014 13119 2884 86473 13386 81470 66567 42124 440
57275 75033 44711 76690 50620 53339 90819 6619 94656 29922
88130 83779 20880 19408 29928 89083 23763 40200 56210 69539
90466 59184 82178 92290 75347 42816 57507 11328 9095 60333
48546 10049 39204 71940 49765 54706 90600 81966 53582 28421
49400 24709 48215 77715 81615 80052 93535 49783 65983 49238
89083 72279 36271 87119 60053 38267 21460 72885 87923 15765
23058 88748 20008 86759 91436 62024 65604 72848 33875 20405
90001 53291 71177 48714 22508 82122 41995 27331 29840 65895
38958 42865 62588 21196 66237 42303 36260 36743 42327 75761
87683 47974 21141 44207 65422 83203 23683 66010 4602 41844
37341 61793 43487 39390 39224 76218 56296 79658 56694 87978
94002 77077 65448 92588 88204 90889 23680 16396 25604 4833
93700 10629 14074 87182 91628 59630 80159 21811 54502 49534
22031 29395 12108 67827 43692 78641 35210 33174 65367 49232
46682 62024 58991 33875 69050 86483 50375 88748 20008 50307
73649 52256 74273 68402 528 93277 26075 52050 23322 76222
71227 42775 21185 20726 23642 58640 705 16011 72621 55078
73288 90567 28740 19546 77618 17056 71233 53084 56019 52066
82550 55948 80831 32194 20756 46717 59233 70671 52524 35453
43419 92529 77712 94651 80344 49016 4239 44233 58136 43167
9001 56817 83526 69668 12706 17994 55344 4559 60973 2779
85132 34436 12844 13086 50968 33388 52032 39801 357 83055
16707 11258 7875 49066 33228 28213 44167 82231 75648 80990
24980 53907 79974 63340 74470 26012 62657 14469 62527 72160
31006 73027 13022 43001 12968 5608 64499 13657 51785 28951
72470 7102 42499 16663 71859 40589 86331 36045 51179 54928
86073 29245 65942 92327 32642 25592 70443 74096 74399 21883
87782 32050 74329 18855 81113 1085 9855 83428 52053 19439
76500 79405 22047 51634 84364 12914 74088 84342 29132 43849
91204 71306 68060 6436 30518 48088 84982 72419 40608 52907
77090 7259 90581 20356 63066 69572 9569 82696 37184 49173
5801 22344 43633 14163 61312 89023 79547 64714 34495 41384
33867 18670 85696 83198 16528 57583 7312 21228 34048 62477
28373 70835 56951 6352 37876 66080 1609 16397 9365 51238
94689 77087 32841 48649 10933 53318 30155 3513 26120 5674

QPS: 223.86438025578147
