35614 14811 17945 48718 93974 4445 14200 89023 16577 67041
65418 32877 57130 51768 39731 89797 43886 56257 40247 68050
31724 89062 86709 68939 91 75666 64541 87815 14743 77567
78437 56242 93495 70635 15441 45033 65860 45313 28800 5603
6765 31923 58596 22969 17633 23251 74232 25761 75959 17753
92561 34806 41907 43706 45016 35131 69847 24314 90512 12471
73996 2952 13390 20878 55355 52746 1630 30160 37915 44998
4368 54393 494 12100 50558 12897 13399 25130 53334 28552
30323 43468 16979 57068 2688 43197 46726 20071 62250 47109
35499 17600 41203 85970 1847 5125 22414 43403 18610 56789
68506 44471 19753 87375 83209 72264 59398 36159 51685 42650
52776 13399 70879 72869 83453 79562 55345 17994 81497 2747
1858 5935 94016 43639 51776 32851 17704 87374 90466 41580
21017 33573 49658 28701 34594 19192 13121 14053 89387 50833
43566 61080 93711 34030 70160 30422 78721 87375 37455 10568
54884 82470 3940 50225 73333 56727 57630 9651 53870 48048
22062 16405 54368 59046 31761 68766 38313 63449 38765 72697
48492 70050 83328 71953 54628 3008 42039 78961 75903 65666
91984 2952 87476 27689 45192 55355 73606 644 1042 85115
24659 78761 41161 67524 90034 92126 49582 19522 81121 47007
6330 62872 82487 44612 67650 63654 66077 46819 30469 5873
28092 16279 71377 6211 26635 73711 76535 82956 22381 9165
62901 3592 93346 9733 60556 12976 94814 45800 87084 54111
87693 31742 88919 64698 18263 74627 92275 59364 18015 32821
7664 45845 49727 59690 44707 10061 40885 12609 15765 84535
63618 51043 14479 73246 6675 40678 16628 42136 61961 21172
81650 84726 44169 93879 60992 68500 31850 39975 77214 26225
74519 87836 82045 15438 9708 30809 22967 62567 71149 60321
74603 8137 33312 72354 76892 80437 73297 22106 35805 72715
81612 16173 66614 33141 31957 7182 58108 26636 92921 46664
31182 62902 31464 6669 68203 68843 74621 59184 75765 66616
14010 82622 71827 33170 84111 63621 80926 60092 61709 31552
84326 45471 32056 93225 79678 44329 13723 48082 76181 33257
58976 42299 58843 57610 71472 49209 93055 27805 80088 62428
81901 17727 54996 55016 58249 20196 37446 9450 57974 94985
18323 36413 4215 78460 60916 71919 83958 25319 24034 60678
58351 26765 60480 52442 78298 8902 76683 66221 82146 72486
54256 87877 78409 20650 93609 36424 43046 39478 94912 51804
2782 7511 86993 91075 3546 23835 79741 10664 30778 57119
50864 28770 67505 92793 40836 9764 60052 28043 23550 91132
22448 78803 31120 43587 17137 66713 4031 29650 32566 21530
36574 40321 14558 87692 67171 58109 67338 18921 61495 7979
34688 41276 94370 60918 79537 56580 37493 10325 22402 56450
91199 35524 30362 69853 72459 65973 71708 84718 67005 82236
66928 2178 69871 90062 93558 28779 84684 5899 11343 10090
24864 585 23092 59684 60423 35865 63085 58140 83443 66035
14931 28570 78616 78227 63243 91829 16773 2995 26133 47408
54077 3333 73277 22746 76286 83117 58511 75545 94573 62152
37071 77168 16464 13224 79974 6679 43144 57481 23013 5003
6244 33026 52387 35912 50968 47069 32015 57405 42420 5331
38021 55754 10001 5267 39722 83097 48096 715 75012 94895
90512 45016 21109 32755 3170 55653 40306 42094 8685 52320
64459 92764 15812 35780 60556 25427 80658 45800 26932 89232
78992 11310 39634 44641 28035 86969 50466 32614 2659 41482
75457 24719 23115 37030 27947 50974 50301 62148 13226 12507
39803 63938 30033 42395 6161 188 29334 54233 17226 30418
78947 12804 92957 85930 31719 84825 71221 84866 33536 58386
8185 36160 66954 66073 42693 31563 43379 84368 7664 30716
8252 25610 31635 54387 86171 63091 74303 90580 21555 92145
67186 57694 75506 76975 33606 78479 5135 4870 48629 16500
52514 45709 20468 42150 80451 71718 53342 26370 41915 88561
84131 20238 77618 31760 47716 23281 45955 48018 35208 47848
87382 19524 85726 58242 29768 18119 42362 17283 21909 27320
68787 24148 49840 73035 74556 31325 92930 13863 4185 81808
27330 32075 41587 26314 15164 72755 57070 57555 52406 54564
19171 83019 59486 56931 75335 54536 60643 75386 7777 12096
11829 88301 60620 92924 52850 1793 81652 31551 46423 91614
53505 6009 78353 86560 71751 35890 16567 55127 16347 6210
41613 50434 53588 25084 79768 13922 66587 71035 1601 25291
73495 21368 22398 78299 89261 43959 36848 90668 50522 52853
56682 7830 93767 10841 57444 61112 84720 85134 19282 9015
23486 6 48864 28961 31624 86329 47088 16920 48688 51565
23105 16936 92239 76112 84177 62781 62373 47417 42262 55519
52961 54268 70454 20398 73695 6262 81641 38658 26438 44242
58286 28647 46376 10360 3225 92924 88711 27371 67956 37845
57166 66426 60219 92015 85169 81317 51836 357 56922 87549
8600 55694 34644 86250 47679 33070 25350 74882 66511 53079
23304 47137 3711 62625 39020 26738 42685 29545 14418 5395
12436 46743 90697 80753 7145 43913 32485 14254 58880 20060
44677 83696 14507 21790 5080 59557 89685 50979 43540 52635
81501 546 48410 47777 49398 41182 64273 30990 19985 25599
88422 76393 74204 39539 46131 49659 4598 71880 20277 53836
63281 79602 15384 72379 23302 9853 65410 90164 24749 7154
34487 35141 5357 63790 77554 2529 1501 63824 60885 73965
80726 1343 22910 8976 9102 15437 76979 4328 53682 60389
92482 13180 77750 9978 34962 957 35249 892 46156 10431
7934 25719 49359 23176 39064 38838 31331 61975 61852 75808
81979 64404 54610 11147 79237 78850 60609 87836 31317 2439
84842 8499 83514 37026 45510 75724 91626 73303 89793 78150
57847 16209 60244 5578 39081 48558 17685 27605 680 1887
2760 10895 45405 78230 38203 43599 82894 14042 38114 22130
66219 18900 37771 67815 60532 82033 40829 60838 9818 68829
80136 46703 70282 10317 16584 61188 87472 38973 17973 13101
72193 82446 31620 24908 87792 4645 88090 65979 69755 24313
79866 86752 63468 58232 86950 47376 5718 24588 50209 38627
28664 6843 11841 40528 69635 5596 58466 20076 2381 11546
55929 21526 10339 24795 33712 32405 93860 65706 31367 13561
3752 47265 68935 91900 65752 88952 45575 62283 20133 10756
50563 30271 5324 4311 51005 56108 51993 91388 83333 86510
56558 91534 6804 13671 84018 76121 84420 62860 76825 53405
33294 18655 85710 38804 4495 24980 27827 14935 70652 55275
77858 12286 2908 62472 77943 21185 71785 77335 7892 28167
93484 56860 21899 23807 86982 21384 94140 72949 21689 45491
47526 18905 21232 81801 34924 68333 77970 46434 15337 81547
74091 64193 63950 61631 3406 63788 40768 31205 11570 40090
26580 31775 24603 11198 24357 15157 5305 10195 30101 15003
91239 46726 75720 66094 3026 43870 78228 46 10120 41526
54007 28021 27508 56853 17952 56389 8699 2385 64665 79880
91385 44556 1858 72948 37193 92656 15300 68660 44684 66370
20493 77025 65070 49465 30347 92036 46303 7451 56518 49540
35349 33734 7183 90525 78590 80146 66307 75648 84990 19576
16661 78497 42075 82466 14000 70684 75091 71396 47603 89082
84271 87209 61245 6063 47474 94056 81022 40871 48930 20156
34180 59269 13187 53865 1229 23255 23543 33266 40920 86487
51222 35111 91594 90593 12885 27113 92669 89351 38886 46167
10109 19814 9062 60054 8073 47329 30843 92751 25462 89043
48954 13567 8381 70972 11257 39662 30878 74687 84592 79488
93949 28390 67233 91842 63728 8393 36038 7925 32763 44955
59471 80979 88479 76164 58574 85415 13141 33100 48144 93216
93750 81444 22777 14098 44367 14703 3306 66620 18430 48690
19117 85029 74967 92141 9623 65634 10303 28013 34863 10150
72406 23761 79351 50008 43373 5868 32199 75578 8672 65015
25606 27931 34050 22497 59855 7451 21507 86353 65256 48777
80361 19365 50864 52373 85324 24134 12753 38046 72084 50775
24356 81700 78242 94924 47370 41861 51259 70740 56114 46292
87856 89303 79773 73527 17828 37528 91347 15089 3783 55869
69963 92076 12211 81084 15998 22673 67108 70781 64496 90375
4996 44522 47751 83668 70775 28145 8713 45037 59702 21870
61718 37621 22089 74901 24800 54058 57348 85319 59179 12124
83361 59704 91095 33255 20831 9877 73200 88618 62706 55687
22787 68617 13092 36357 24143 10650 1797 70378 85905 40577
3968 44233 81536 26349 94651 90746 70292 83190 77023 83587
15757 90691 2035 63697 58145 74450 71123 92041 25880 72299
63552 13159 43886 47466 56477 51337 32513 56327 26459 42624
79139 56497 13112 23863 59762 82692 12773 81908 28260 87068
67293 87063 7596 14460 24701 10684 92870 34154 71055 39146
18807 2738 33908 73763 17568 55989 84067 30500 30793 47394
82037 21983 959 79456 9358 93473 71512 59619 23338 68395
49656 25545 83328 29838 54062 74957 54628 7204 89151 53379
59719 35443 34713 34942 76091 76291 77564 11308 70543 93495
551 60414 45334 88872 31211 64792 2716 7651 30177 93489
71012 47730 40340 44570 20973 60840 53673 14131 20022 11891
61516 60556 7241 55930 48999 50678 63281 7154 51297 22748
74413 77160 28318 67700 35722 89627 47307 84306 20051 65953
30824 42374 77727 17512 46675 71239 63682 23006 44760 19510
83394 10345 77654 81049 23791 69406 226 61201 53672 33106
13450 13264 71072 20741 27799 51265 24945 75221 6764 50466
20499 91788 18528 4916 11934 16947 84308 47404 35588 24458
305 18719 35845 84386 52382 34210 58132 53561 18944 72755
10020 90110 11778 18609 55744 74355 20339 46699 29325 56876
4924 23491 39411 8731 68789 26430 87996 36445 19841 127
91362 10456 14961 41493 81806 26734 49352 76737 42037 75858
30469 30818 50908 75989 62872 24649 29057 93149 52366 30133
81497 13399 16530 89438 34009 56698 70560 30799 17994 2747
57024 47587 47323 77058 29303 76134 64583 17504 65331 63341
13048 29294 1243 13642 30182 66592 43679 11203 54553 27045
92008 29901 14800 33137 43048 75108 34105 22463 91208 57326
21924 80988 7872 40184 90159 66360 15702 6379 73724 47105
78327 23821 91942 31769 76229 18302 31170 43648 16554 62861
74588 40100 23897 69045 79448 40727 11949 82649 33411 82881
56012 75824 85084 128 65826 3391 61729 70707 41196 28487
13818 76435 29752 82263 45270 66348 47749 21330 56189 42358
58248 29191 38015 62427 73780 60962 69712 62657 55967 23718
46766 20512 32296 15159 16699 26651 16402 9799 12070 59620
40642 193 85188 57925 25236 30715 82032 52862 16248 53438
42117 63311 77948 76711 92514 33386 13552 5516 56950 59085
17457 63377 489 61946 50895 152 27274 58398 79226 41267
67728 67361 47507 87625 19669 12715 92290 21722 40556 59307
38708 27011 58337 26410 52396 29886 27574 33569 42974 84791
10718 14075 88163 5645 16202 34860 44158 11280 71583 73948
65074 26537 30192 89438 49074 11991 63979 90055 40196 70586
50078 63601 17355 63514 65405 29330 8831 48117 60791 30568
78213 64446 74822 79793 14253 92382 60510 92045 2927 36829
68370 23898 85719 18746 72580 35756 22193 21348 68261 3488
39556 49348 5802 53498 21228 16171 25940 36716 75419 27842
87272 11760 32643 74991 56528 58964 55467 79658 3599 85569
50755 70909 68568 34687 30940 66567 4216 43811 49668 4761
88999 26717 35387 33867 86473 59121 92770 17645 41196 39898
10120 66094 7883 79832 1531 14784 56987 77366 82033 91751
78850 51583 11018 14856 17081 82828 18104 15164 13287 41587
92871 36214 24029 86555 16705 94010 72137 71592 83305 79077
45857 7644 26506 86061 81358 45162 86778 79274 67744 78271
83163 29942 32251 5708 73430 52531 39537 19555 71035 84418
72898 45604 19893 60594 29057 56556 31535 47770 83129 89422
85735 477 90791 10318 20411 7773 35645 73584 45824 63967
9842 39994 25154 82086 71930 58423 79174 30024 49765 23822
43197 12844 54118 49857 90663 74604 28511 40358 30323 13429
44965 45618 42148 42444 67494 14138 40055 67273 26661 22595
57984 71562 14299 48262 69976 13279 55596 48537 36512 29102
84525 49492 19754 44501 76939 58884 79984 89338 66127 63939
47407 16766 12929 13614 2054 50968 52387 53245 38525 71626
20150 61598 72303 90352 46142 17416 87463 14581 73988 70774
45978 16347 55552 67540 18855 57058 86560 71751 39781 54881
18806 71258 53030 72841 52973 8623 62617 39583 27525 38562
49285 47749 86704 73414 69860 36278 1862 89257 89729 48252
59449 7725 78418 21416 91802 31667 3698 93152 29793 11471
89763 91738 9137 18896 40732 41487 19918 48400 49891 40677
85295 6031 30626 76229 92464 86891 78575 3161 15340 2799
42904 8982 92996 60749 77658 40108 58398 42851 15458 73558
56349 61524 56188 32109 77087 23458 65409 6153 70380 84143

QPS: 215.10128233433107
