71972 94051 25420 42801 70264 81947 10152 34069 18165 61737
65418 23167 80129 42177 85359 35918 56162 48611 66418 90964
89062 73314 56381 92735 31583 5139 16910 9903 53637 2681
15074 72509 28199 46317 3690 80928 39187 65860 54293 27398
40045 71228 86681 58752 7938 85947 16651 44265 2988 7333
92609 13643 91717 38733 16530 45076 55544 16704 69847 29027
43818 1521 77095 40668 57507 11638 59969 79363 55023 2952
90417 58047 82122 94110 81132 6955 57531 72138 92977 89019
10549 74160 12383 60031 16987 36513 16962 91589 70424 50321
87574 5361 41203 30139 51598 49664 14086 2505 82944 58723
40377 16979 53740 72766 27157 26150 4558 51537 42643 38768
42131 91962 22058 9013 34299 52059 12066 66066 2216 21198
2747 83988 68582 72021 31507 87476 494 30283 69976 65209
62966 65953 1852 63086 79488 54671 17984 32362 54759 45564
20971 49249 26584 36666 39531 76507 86866 6942 71424 29346
20245 74328 80066 29319 50225 31330 78166 60016 88825 50438
80000 13022 20666 28368 61698 64235 67533 45245 91075 54252
20663 67532 74473 41240 66742 22559 63415 11800 64124 12700
66099 91984 28880 92041 90171 69373 67274 56884 17836 92561
13983 18630 2015 20614 11877 54709 13487 38450 18800 26512
10417 38974 33176 76004 16830 75749 46833 13764 55946 73032
37249 71757 39328 53143 11205 56338 80599 22060 64771 39826
12655 19161 80778 91959 72634 3795 80729 38253 16200 87084
33477 19292 35484 67073 72603 70838 45548 10711 29210 69956
45928 27422 84906 83585 45057 64759 16955 56092 24251 83383
83898 83328 81022 20244 23111 93057 93862 62716 26349 17945
58001 38614 55736 89578 71448 89278 55313 87129 93895 55395
74399 76235 47086 14029 8185 21916 76987 28716 91946 8757
71919 4215 59153 70977 56245 40930 52844 69065 20453 15825
51157 50570 2192 20915 74151 66614 48122 23223 3189 62807
8902 83209 65209 68843 76050 23648 23521 46243 94676 90855
79167 7923 35369 71188 2878 14010 82622 41814 88183 85534
7032 8501 27727 41645 70947 39466 37511 65616 18549 26543
59546 54881 3282 42919 16730 13916 15277 75485 43419 54623
1470 75783 45347 66385 36543 3754 22096 87603 2933 31917
68886 82422 4315 79849 60916 47916 36627 21400 79703 63074
72938 27605 86778 53996 88292 75824 6706 70498 55345 1965
14147 83812 67991 92770 60118 18133 54256 17661 13009 64523
59754 24059 23346 5053 46073 94911 18218 64516 51468 57628
90636 66004 83453 81091 16955 20878 69810 44641 45057 65501
61342 2639 45390 25342 32411 11607 81001 92332 46441 21403
30010 70097 82051 82785 77131 94773 36032 58859 12925 63153
76302 33069 69211 86049 49170 37902 69859 30736 50913 36083
45270 43265 76730 45159 59686 44595 65540 75202 71137 78299
87915 82389 92547 88872 42405 62373 61568 75149 33155 48425
20302 23271 36270 60793 61000 57944 47466 64073 4177 51768
89538 26791 1183 45554 93196 51179 53876 22392 74110 21666
72603 28455 226 33477 29210 10276 63220 10809 5601 43716
34186 57374 86429 87199 87049 39518 26187 53928 5158 54453
63724 21455 13692 25234 57580 429 68514 13731 67539 31499
49932 85583 39388 25631 61448 45544 30372 28454 17638 35197
3878 21109 48918 85107 90991 78375 67418 52214 79004 51852
64962 82033 41556 63605 75516 62363 4690 26710 83869 87423
9159 37654 66004 56729 78875 39964 44641 35333 29983 65330
75296 57537 80817 66384 74290 74660 46622 1404 11467 37030
51057 49347 62201 26730 58220 41098 33543 53316 48514 35122
44449 15382 25519 45176 84336 74924 65419 31406 60033 60616
79004 5578 90991 59835 73467 42693 63608 31563 16205 70755
2574 77137 10402 31888 51688 78621 10014 71936 72172 39250
26804 42254 57247 85198 56786 91298 64482 52274 31148 2871
10836 73196 92330 91597 22415 35482 20254 65450 26370 53596
66146 7983 77531 504 52635 29646 63649 46966 84784 3073
1977 16309 70930 71934 46382 47050 72520 16367 79109 4674
41216 14130 43926 41654 27982 37987 77946 88412 11187 76658
3062 50332 42193 64087 13356 55535 72516 81067 22299 5814
46987 72775 83019 52193 45869 50426 6039 57980 46252 54919
87315 19655 28924 43162 35477 485 25610 68337 57343 88795
45762 6373 25959 34282 77484 74273 4120 46680 15948 87197
71054 90560 10675 36370 41828 63476 46108 6130 53498 81199
94355 21330 22398 14601 25797 37091 89952 22777 23917 64106
69339 23444 68281 75549 32889 66398 60464 68295 10841 50188
88776 63062 47747 35518 84614 49678 44539 63086 88134 72318
86219 91243 78538 57328 76920 63293 88902 1371 62373 93868
21710 94569 12891 93533 59813 46184 7325 54520 74691 37010
86616 74399 28331 65266 54008 69529 48339 4865 62368 77983
1116 27689 68582 90466 21296 79528 73126 92015 75814 79536
33916 40834 27317 85500 21892 41890 80070 76078 52965 39758
94319 29003 5679 35829 82174 30240 46267 23507 82195 52086
45668 73356 80578 6530 77506 6572 29848 19930 13551 68840
83696 31243 68658 27425 42226 58122 26232 21790 91951 64518
2985 92943 10495 50545 47943 1201 24672 38683 59735 41182
3483 65659 67563 41210 11709 46657 42616 26244 46617 44272
5312 94957 71886 26180 71969 80883 22112 5062 89974 27155
39856 48435 18660 22517 62588 53173 93286 83068 26028 613
70180 56199 55404 1343 93411 2272 43419 54881 59546 8667
19010 68797 52458 16320 54714 33522 5963 29869 68610 93263
4908 88269 25719 69129 23176 46674 59401 66025 70785 91231
33610 63333 50398 8365 50673 81807 78687 51134 90560 63337
84842 7682 81646 18945 67589 51019 28740 17398 68636 22472
5061 35400 41652 49445 24479 43540 26972 8088 17769 12652
64003 38726 44988 3021 27396 32484 300 33094 79784 5695
67072 77332 29585 42974 26953 40829 4271 37406 89540 59772
64867 79160 85693 11861 16412 84747 82662 49556 10509 58175
33416 87459 83997 55137 56988 20844 41459 18331 84255 84665
51638 54881 59137 59546 43851 13916 53980 54623 15277 3282
8592 83933 46006 81961 51518 5392 40050 8291 2129 85188
5645 34231 41759 20245 78944 13723 29319 52740 50225 75651
70505 13109 76775 7260 15445 69205 11336 48451 7723 58780
43725 9239 77189 28129 67165 66975 76277 64118 63390 59332
3977 26726 92355 48862 44058 92198 85352 38796 30549 58577
22240 21153 40556 18655 67771 36027 91994 50139 47033 70442
10746 18305 83196 92810 45463 12270 51817 11620 2908 19855
16990 39479 33867 21899 84017 82126 28306 77687 81073 11444
47526 51713 59020 74135 30880 65304 66269 59824 15318 39045
33326 10023 11505 85656 18446 79244 63618 10303 17787 86611
84141 82857 44362 34613 88928 11198 24357 35588 93690 44766
65895 58217 277 64021 30261 68884 54542 90132 91840 90640
83813 36530 76094 49702 5560 1521 34079 20001 47946 45475
45057 27422 69810 60979 72948 68627 37013 73970 58974 55873
4477 13639 20493 59646 90402 27679 64573 35878 49510 48427
57975 52644 3878 21884 32209 35405 37771 63911 89064 11998
60066 86329 47133 53482 89387 85140 88520 67389 62184 70221
89953 91353 36638 84271 57965 59943 64193 26471 60897 42104
11428 87316 23695 4658 25876 52622 64331 57289 829 83631
32211 9504 92047 90593 27549 8459 87849 93694 93339 46860
86331 90042 87651 90409 58769 13614 47586 19052 44202 39070
82743 70684 1516 12317 11257 33636 43635 29866 65789 93424
58378 85688 17608 82943 79582 13141 37312 84326 37415 72693
1111 90520 46692 37637 13335 66692 75225 17375 1077 2027
78293 1773 67074 5795 3156 7745 89831 63092 50858 35225
27748 78579 49796 71349 8133 66485 61066 53563 45869 14945
72804 33682 54915 7795 61901 50279 35170 60915 19739 47313
5098 30967 77619 15206 30307 22450 42895 55138 91956 73864
76162 35806 63931 5932 87442 94689 65092 11307 89980 70235
13240 44546 42922 17753 79895 74164 23251 59416 27436 14629
45586 65467 40901 6114 25378 6482 59974 10204 26734 76266
75244 43334 63205 64411 6146 8448 63777 3917 45544 74504
45383 94495 31597 11223 45849 72558 42609 84367 67473 77984
36863 4730 76734 81051 76884 71089 38623 67374 52152 9512
10871 73288 25456 6320 23544 65474 680 22724 88491 9276
50154 14338 61733 16532 46290 79700 63228 74115 7540 70318
3282 21228 80563 44964 46819 86346 81370 43851 4309 84164
8059 85871 54927 77082 53258 23281 14067 66688 21151 36052
48382 13683 58507 39519 26730 260 44425 51057 44474 81455
70983 64867 57113 44113 29331 61529 50098 70651 49589 60839
14277 74281 46180 83154 11117 31898 10684 13451 81563 88873
30010 81260 72610 63441 43891 48214 3980 6579 8594 59117
34779 49605 94830 21668 18807 78019 27762 37481 52888 88330
11086 64337 47086 60252 40541 36945 8182 87201 42956 10657
63239 31297 35141 79113 3510 56109 50762 9840 12914 66449
4705 16933 120 43473 17706 76133 92977 57531 65345 6955
5963 52673 57759 35236 92651 14396 91466 3674 23209 25599
14726 72207 67743 29840 90901 88041 46753 79562 84864 51860
12514 36991 90968 50410 47307 42117 53059 11304 93225 8227
70474 30824 21861 15968 57522 79068 54000 34444 92631 31215
71259 33584 11893 4396 30772 58653 92795 55107 68401 38566
1603 2706 14380 90713 17241 74237 4010 91695 47235 61765
72846 34599 40644 22531 10409 59822 87320 49240 63516 51441
56839 38853 63514 21811 23980 48834 854 47220 41196 25236
74077 30526 10020 26260 64462 62075 64952 93631 90668 44049
26854 39825 60850 3444 71684 3720 88342 16215 47767 73347
33524 50885 26022 9155 91362 61099 53587 22496 54358 6233
57942 435 53189 52850 38647 41986 85680 80665 92199 63476
79563 30573 38756 30216 10402 1375 1630 13390 54088 60119
57623 40457 60595 23681 52163 57454 2240 61594 93721 33712
64819 83221 4257 32992 23215 42615 8528 5315 71218 79480
47108 61940 15772 79242 73897 87997 82388 76804 78066 77263
21487 52779 39529 89284 56521 8983 15910 59507 45545 38293
63563 76436 54628 65422 49981 90404 49761 75137 23374 13713
23580 46296 29754 71130 33034 54528 22727 64616 66623 58261
81583 7910 49907 13169 28290 20938 17770 26799 89132 43197
86279 62655 76126 83018 42369 42205 46251 22713 22398 60996
62427 43025 38901 73813 75946 91254 65900 59312 91722 92169
78574 32713 26653 30824 76223 90195 10136 52795 15849 42594
49712 90056 57319 10504 68423 76591 71422 20897 4343 17022
77825 86063 72688 94822 2885 50791 61293 10103 65847 19240
6256 42444 59781 6670 17604 86663 72429 79172 29803 60457
83984 88712 36179 92561 73665 36513 24980 16962 74540 13988
27011 12476 23959 92900 3487 23058 18834 17586 1390 11381
90476 24709 74797 14075 10730 30397 69822 46665 1651 42944
47746 94973 31566 60053 88292 85015 33464 40196 71071 32610
12215 50078 86759 76322 61928 24876 9212 6244 19613 38386
80600 56985 33329 43475 89570 71177 55987 45447 53837 39344
41149 21540 59081 20419 46541 23097 65122 78418 24943 10324
61336 70201 25772 83898 93057 10588 61649 89133 83328 53588
90909 87272 92024 52253 34287 40796 62316 15360 17772 39254
13568 40288 77719 41831 74103 56891 9447 25550 48024 5011
78375 53929 93437 30492 48918 5578 88268 67086 46591 90457
31390 29395 88616 87297 16228 85457 37443 55302 56056 93173
51413 94185 77641 58435 73226 63785 24297 65604 75724 15878
92871 63413 28683 75289 90225 38075 62224 32821 59119 80639
30123 54513 67650 20726 33508 29201 54834 28167 65782 76645
72374 63240 63751 84482 2849 76229 94464 33516 50327 87564
29942 22232 46746 72299 32617 52524 72575 6935 81767 40413
53941 4798 42741 57863 4788 85218 82121 26415 57610 6981
34976 86502 1427 84319 51547 42420 16987 17167 46273 46337
48781 7154 90663 1189 12383 36513 67116 49573 10549 91589
16707 91311 52320 69630 49066 84816 19076 45294 58165 14184
91984 24980 82601 26012 29928 10269 74508 7154 56913 77782
89861 58478 29340 51052 53107 88628 25204 49492 53595 76145
74751 64040 81612 72904 19623 60147 58898 14608 12929 58185
7092 51937 64762 86073 15864 11181 14260 54402 62274 86983
41402 33477 45682 37539 32367 45978 72603 60882 34254 24119
61527 16442 62498 491 66082 52973 20757 78993 10184 84766
90069 15232 92111 4191 67647 49523 41815 18774 26575 51762
14905 34664 81814 40121 39813 32972 20422 41850 455 61814
7565 325 17277 94053 46088 3807 37475 82752 38996 84725
55491 66804 14943 49364 40259 66954 87836 5075 7591 15853
79190 23538 92720 46356 33393 16922 80634 42904 23604 75586
42333 19326 54320 51015 12721 91626 2849 82348 87442 94689

QPS: 242.88834344956942
