81448 34212 87656 21422 88290 64625 53231 20974 61062 91962
25756 23714 42777 64843 16003 68780 37514 78031 60301 60943
74520 61698 38117 32104 80398 65852 5808 3458 29258 22328
69853 94777 88298 42101 83726 42716 42552 27978 59267 54
27602 28316 55915 68157 89390 44142 92613 60380 11085 83469
6640 54455 52172 49915 12388 51019 13107 67596 61289 89855
60832 5757 45456 88319 60811 1183 11444 23782 70872 90955
53740 75327 75175 69560 22397 513 46158 70991 73319 64170
5430 12831 40964 94654 65276 41798 49662 11322 34588 36522
87105 71480 4231 83671 21632 6127 16608 46034 72100 31625
61689 86581 85468 3978 87579 33875 11019 62753 14975 92521
41057 77151 57387 52940 94259 2402 79621 41782 66266 38286
57187 49916 21651 30695 14280 57085 754 25413 13828 70174
7089 24777 80804 31574 49239 33666 48070 1085 13101 53046
69908 74554 64529 1559 54945 74732 18291 28023 29074 60133
68418 52864 54360 34040 93486 89891 32312 26440 34147 47636
4733 11358 78056 45981 85629 64015 2652 3260 1652 81358
11967 65892 85263 7078 171 17519 77474 84156 41969 18653
86708 86091 1257 67738 40151 39395 41481 88904 19871 71262
64713 12593 53533 38849 68914 67169 53130 18368 55173 17969
8397 75791 18868 56910 48379 24683 14191 23313 92470 46468
88727 70702 13878 24914 11257 89721 25263 94516 11 81400
92089 78469 50373 162 14744 15274 70949 3159 45278 15225
80691 70773 83596 66265 29701 82016 21261 37903 6887 35621
41661 40470 51530 90615 18165 58292 14869 20915 38156 26079
36844 57464 84581 2844 47554 79366 84668 72148 12660 48124
63552 67097 27046 69799 56128 4381 18917 7167 33147 15236
67952 25678 28143 16488 81997 2317 21148 62466 71825 66933
19767 37562 72333 54104 78157 34847 59840 50674 78918 10050
81767 88608 5235 67200 67034 7876 26065 18336 14914 82616
88608 14914 18336 67200 5235 7876 85645 26065 81767 32083
74252 49962 86790 78247 92721 24786 55722 5294 10322 31992
76522 49631 11069 65823 9675 23277 53239 28983 4099 13242
46921 85970 61462 60231 46657 51908 65335 40208 31514 47900
87188 34259 52171 27640 10521 36285 53587 1850 84595 56610
6326 11230 87333 13097 31789 19794 9314 8042 16560 35840
51776 39061 67274 81694 11099 87907 12725 54363 2426 84349
50311 61650 42151 70506 54030 32743 42705 68181 67885 62167
41485 5294 49962 36756 24534 18751 55722 31992 90689 78247
56803 64292 52686 61656 4010 14233 6311 29274 28659 92739
80256 62713 4757 3022 6758 41948 22465 58946 20116 6307
24590 39117 35109 13967 68615 88969 1041 63322 61026 90725
58940 30225 52529 27221 52944 86494 62175 15993 48746 15909
64906 32836 36802 8947 1905 32584 14970 22203 5173 5555
23361 891 22862 58551 87526 54097 18208 78199 82070 70244
92417 54425 68666 58883 37564 77762 55507 3189 22480 53029
87476 75814 68843 87817 7277 65361 80353 38776 25442 27485
67419 21658 80666 15950 79515 83655 56630 22414 30776 69200
32679 14223 28677 35760 23505 35375 88753 10123 18117 53427
17949 41670 24520 79246 29078 91281 45306 78195 49787 34451
30701 19258 38195 47411 942 48832 60427 28032 36918 60466
30005 28586 57890 11519 87999 36173 26020 43902 34753 77366
38756 49813 58661 13558 69794 32996 39371 21667 83847 37120
8558 27457 83613 2222 18183 57374 18498 12469 10245 48546
30764 92435 77112 18727 50913 33384 77883 55334 51459 54165
61506 9645 47861 30649 66665 75796 36512 92924 7470 79683
84401 7925 64100 11757 47186 6146 86365 48555 25910 83310
74910 15873 28541 84909 66994 50389 53318 45604 68606 35669
54240 64292 32151 56803 28659 52686 6311 29274 4010 92739
85938 73794 82004 52577 6492 41647 84599 38239 42704 67686
31916 8084 55810 7697 33456 46367 17342 72613 34099 85731
53435 15292 58432 90314 47929 41812 18451 7477 70706 31922
59199 41409 28048 50505 71492 900 75487 56865 84151 69970
26903 57969 17648 46440 10723 25143 2338 75461 78903 54049
86452 61240 25689 31211 59912 58160 31549 44157 43810 46633
50282 26097 52238 43548 64611 61630 64037 51858 75430 22930
83445 90897 24784 82266 56354 72247 12172 20558 5590 26761
69364 42826 42355 26083 81364 41550 40686 27753 28093 60219
90418 29754 85951 8779 86577 27128 43103 57383 49824 25684
2475 21470 73202 36405 86808 15169 43889 65795 46030 64406
35273 14873 51319 12558 90635 67637 71466 26512 40267 46536
51675 64031 65070 78669 53908 57058 79666 22 73675 44714
27079 54743 61785 15132 16967 5531 89014 64679 77136 28174
70451 28048 87910 71492 57420 93274 35505 14019 69970 81569
46035 14494 23702 73130 69260 53886 55904 67154 12919 33839
70186 27213 27530 71672 51872 26539 5377 19753 40209 89157
26508 52322 94113 71551 26817 3279 11756 53077 41511 3152
21431 4571 81925 72987 67994 92375 55306 69796 72931 23684
18563 23537 65449 71675 39557 70309 17695 14398 64075 53562
87784 83157 36890 53460 320 77084 85603 33771 28437 77769
69573 80271 43060 37810 29998 15684 8949 78283 31425 61042
59882 62970 17951 33323 50172 49947 90784 93237 66410 78200
81746 57733 91853 45953 23231 25692 36646 83594 64368 11015
30609 44205 8835 45647 19639 66371 50520 63279 12211 21606
15703 33940 44690 92833 61330 54839 42427 77898 35631 54632
27031 28255 76018 2513 34912 11467 57215 1122 25612 44065
38180 94044 21177 19391 39484 54962 7233 51842 20075 76877
83529 87674 18645 3764 56868 84885 63395 57711 31274 50508
10236 36188 29520 89507 52452 61377 21833 2776 73636 79638
38110 7620 64792 61935 26123 973 128 81004 47667 48434
68558 77427 92147 3399 55380 22379 80065 61395 89005 94816
17167 66583 41067 67691 39294 81520 86807 36179 45020 61620
76599 31423 61536 41071 37073 86735 1320 36788 35101 11987
92293 85026 77576 80963 38818 8182 10958 27309 13607 19526
15311 67753 62804 81563 45642 12118 37812 94046 1302 93015
71347 43592 41422 29631 65390 85515 51735 36195 28579 49827
93290 44900 78723 73863 36688 36254 78964 23209 60804 41657
84280 41865 76730 51705 6835 93331 43199 82556 27214 46232
73122 93730 47866 42180 31169 36498 19833 90571 44222 65281
63644 91984 26012 14774 88029 29116 38193 36555 36435 4648
54886 86645 42444 10109 91781 45197 43633 90076 7287 54375
49776 5818 47258 26605 21011 56037 88698 36264 46328 71213
29561 5935 44003 54502 81289 67354 57661 61771 72057 11348
36143 64652 17381 27940 32095 78341 32498 65577 7992 63852
79568 8390 86245 37624 5394 66358 57519 16569 84993 31464
58366 83670 92654 43255 29371 35920 94473 31861 20780 8342
72696 17325 78814 30244 48460 46159 22703 13874 81166 14516
83209 55518 54687 19161 46522 37907 34210 61047 88804 22270
87777 92515 5331 1580 80516 74444 85722 13791 67494 18241
93336 17451 36470 29427 48076 74610 64101 75511 26960 72449
8295 18916 76758 69068 8278 12569 36650 60192 40196 59878
94857 69963 23094 36444 47840 36250 42417 136 50329 79340
50506 53050 46007 76359 89131 12608 21387 63881 39878 13082
81060 4637 41361 76221 31208 48489 11271 44093 85321 58158
14691 18491 80660 83058 58066 88434 29703 36763 85002 36215
89799 72264 31539 61729 25546 40710 82071 9988 10188 42402
54357 20060 9009 20704 63501 44737 26091 7039 40052 31455
79907 43287 1308 57881 60016 60622 57973 2582 42068 19568
66833 4778 31811 65850 4266 13035 50286 17890 58385 71742
85523 13890 5513 19790 2246 38361 93921 57699 8966 52379
85483 28432 2855 51930 58513 37896 28498 8213 30158 63076
20490 50285 94475 40261 6128 34363 9043 89065 37635 49345
54288 16147 71521 84932 13525 25842 5998 33707 55531 48276
80430 73221 48499 87084 8115 41385 44026 58934 34561 65972
10007 79545 78965 33624 15005 20532 6448 17684 12180 42774
9061 55045 13058 77014 88424 93142 88704 72098 93607 24111
17862 17236 73484 2226 52559 28220 22933 8446 19783 27368
34646 88515 15047 18385 52716 12889 71997 57033 20872 74404
84636 37309 48195 81796 58097 2015 23318 64661 49361 15385
9471 34319 54325 90123 4623 92888 20031 88137 4742 67518
67924 10714 50134 88854 50940 40299 46325 57623 43977 78189
75539 20823 43427 50556 61979 37811 31572 28177 63158 80320
6581 73967 79745 91499 55562 48416 80848 35364 15191 27208
89209 28725 91531 10390 29218 30515 89475 76225 94476 52862
1006 22965 2764 6611 48147 41002 48263 93428 11404 29380
14026 72576 20862 6385 36927 80496 32089 38003 85885 52758
34843 9490 78848 8517 17339 37816 82983 33129 27108 14424
23880 79088 30918 78720 88622 75013 13244 15600 90810 88019
60361 12166 30568 50186 75502 24870 41613 35619 65690 4202
28515 29105 17483 86334 84996 24500 40542 7921 20145 60869
93882 37915 47395 43756 60589 87230 58631 42237 20950 62427
49269 14230 18952 21904 47021 19335 35721 55446 9821 44009
57598 2368 82134 68372 74040 57621 61872 8974 50033 16921
83662 5838 93629 23430 3555 50899 51427 29025 22116 61347
7534 45968 93092 66084 22581 26030 20858 62277 41367 48378
63161 2138 58590 86713 80765 8075 23111 71815 34228 34551
64349 83453 59772 51751 82970 2579 69758 59096 66928 20355
91161 33876 30327 41297 24905 2742 62891 30052 88984 23381
72810 82527 41750 73438 20460 3792 94544 81153 69986 55190
56784 16545 91433 25538 36153 38068 62148 52133 73712 26540
10651 3035 25468 50492 24834 47289 46666 21596 7460 16614
54765 25083 83265 42603 75111 57099 66268 19726 42652 39303
76546 705 20410 15357 49791 53515 36660 67110 42072 55028
92381 72084 89526 34997 26420 60162 77822 14330 19882 41254
69444 82118 54289 27067 65990 65235 35193 18674 28181 5127
63871 70270 94887 57011 74240 8199 65330 19113 69668 67652
8224 5698 36230 7220 81726 17881 29806 10839 11228 14149
34134 11914 42026 23227 8315 67848 37450 46149 77972 24157
1829 80570 23952 33822 13090 93384 50949 32676 31785 21145
20861 13611 80829 75559 34967 81258 34025 86781 92282 14382
8260 69095 14043 89455 30866 70633 14427 19260 71717 92835
28017 49601 48269 80172 72134 24907 94358 74449 56379 22575
63463 20514 1229 46320 62952 31243 15314 19437 27934 1
33940 54839 77898 92833 15703 46257 42427 2022 1251 35631
67024 46866 47375 18956 3895 64652 78341 52079 32498 85833
83834 28730 46641 59993 59172 22619 53148 63046 35843 63277
44641 45057 90636 53695 35221 1441 1403 22563 57198 48229
42226 60668 83568 52712 31940 86421 86083 8817 20480 30140
79046 47294 27761 16771 7275 50371 68027 49682 16670 75944
40370 32104 61698 82405 5808 80398 38117 74520 65852 28409
61216 2682 40383 13324 49909 87844 32890 74718 60370 55655
39688 61053 90332 65901 89121 68895 73301 54270 49657 93572
82243 81974 29608 64628 44016 53804 25023 32778 86561 57460
93036 47382 52690 62397 12711 28567 84747 9737 75321 68471
62069 56049 33255 68993 28365 14321 13055 38102 5751 44635
27572 55819 2133 76492 89190 64552 61682 71873 41808 33829
14728 42182 65952 40341 48805 75441 69998 40726 21855 93569
55155 86473 23879 84868 71961 54926 47820 62504 20126 22112
16452 82733 20121 28663 45131 67531 77667 9290 18704 32517
66689 59849 1521 84695 41130 62458 46391 82612 86765 38722
40953 9636 26579 33659 38932 62856 58536 30391 80114 7334
29046 45875 80050 50312 92106 999 12327 11157 94721 33825
45107 36883 72950 84579 64188 26228 4220 49922 59018 32522
86791 21185 4487 43657 24739 32158 48150 83380 68345 47273
8479 61193 62711 58620 51374 3878 78064 67131 37285 35452
55799 20795 44699 11892 35227 62646 14595 24373 32578 52977
60029 66584 4495 90992 6510 68951 3428 92567 15631 31177
7288 86825 82801 1243 48619 35618 9764 59914 37459 76394
16955 5381 85162 74507 34835 48788 68626 53792 91329 89816
10450 38990 63173 31309 1960 91536 54783 6031 60410 60920
54294 46638 75661 92346 35349 17729 27045 54471 69809 3411
18565 58188 49870 87857 82180 59246 39840 4938 24017 84921
90499 22625 216 12677 16986 67262 45986 16414 50569 33754
55587 72528 10695 27919 82641 36953 68245 89000 32897 84742
37949 56562 24213 29214 41498 89057 45504 56449 4979 11916
82434 34191 67515 28344 40022 85009 75703 5849 94184 51885
68659 58107 57543 15762 68942 63959 17620 88033 65592 18299
8612 32803 89409 56989 64274 17299 81929 88130 43771 81998
40063 38189 67937 43775 57880 10758 6778 6292 40774 45248
12032 33211 1311 94467 67126 71387 77751 60744 27438 8236

QPS: 20.585865931577768
