35614 79069 79997
76556 93302 14663 58082 87410
87416 73259
49823
94381 68765 60637 94972 44473 14662
85909 36655 85426 39139 58800 34970 29256 85990 21178 17477
84012 77607 75574 41180 13473 84246 15012
28043 41104 87900 23819 43540 14993 27535 19536
79069 35614 79997
35179 89593 8326
14592 77128 69615 71121
15713 10458 78907 30982 41114 30217 75454 27460 66237
57733 36241 88039 37388 77924 74364 27760
32953 49192 38890 5965 40404 2260 94276 84259 86673 48393
59929 57091 48944 31358
72357 66768 20028 92708
53964 21992 55519
94155 29831 82213 36559 41441
54987 10328 52581 23519 88777
47819 72132
58008 81959 46105 35400 46898 13176 94919 9880 1854 71582
62277 89192 55108 28785 78697 45870 42245 31850 43357
59087 11226 49735 51990 8993 15670 60910 22241 53424 59473
47819 72132
73060 76225 81416 21299 34760 17601 57433 40687 51876 33862
89593 35179 8326
63654 61694 40768 82960 40189 14371 27802
31635 56333 80728 12833
27938 74177 4067 87500 54948
85426 58800 85909 29256 34970 36655 39139 17477 85990 21178
44657 55771 94339 37268 9171
30217 75454 78907 10458 41114 30982 27460 15713 66237
7331 39446 46357 34179 60952 40857 15014
62616 46025 39829 50488
34718 43933 16704 17146 62493 76622
64789 59829 17786 73519
62616 46025 39829 50488
25242 22431 42487 24164 28893 67033 38290 34664
40768 63654 82960 61694 40189 14371 27802
90461 31571 53264 35954 87580
75456 36421 54921 79276 26158 21174 26365 36930 7685 7716
29451 29154 3905 56346 70468 60068 85649 39618 13833 78139
52994 41347 76350 77236 24267 28569 58446 84939
66540 26130 18373
59087 49735 11226 51990 15670 8993 60910 22241 53424 59473
21299 81416 76225 73060 17601 34760 57433 40687 51876 33862
23509 67839 91680 58878
53354 87841 7665 56179 57199 19973 71819 44587 66542 69616
12240 29444 78172 21632 72512 79457 52772
57080 9305 56498 87062 17361 28016
32914 60931 13970 42237 60589 2757 19342 34600
31963 51173 92801
34970 29256 36655 58800 85426 85909 39139 17477 42906 21178
58991 91917 73792 86752 6590 91988 15157 43719
75674 44608 53883
14168 70644 50205 81439
27653 47301 16683 71482 67561
13577 69329 71511 25825 1220 50432
42237 19342 2757 60589 13970 32914 60931 34600
28010 10322 69822 21319
51173 31963 92801
27549 76099 27607 72140 87782 59598 33586 39240 39117 80173
83320
72309 85477 72544 79516 75914
65435 53 80301 6630 86356 49615 10155 91905
68765 94972 94381 60637 44473 14662
59829 73519 17786 64789
69163 64251 8161 85717
46105 81959 35400 58008 94919 13176 46898 9880 71582 55724
79415
60901 77656 52521 7989 28361
47472 94811 28657 18289 90673 28534 61069
25105 93447 35992 76569 44597 57125 64038 55444 28080 32527
42504 23416 62296
55333 24957 12097 12899 83130 37196
84012 77607 75574 41180 13473 84246 15012
16334 6057 36265 34993 69514 282 32706 70798
44725 44057 726 57154 31890 27742 2552 8675
2560 56959 85813 12156 20289 83579 7455 41145 91384 70545
7455 41145 85813 20289 91384 83579 2560 56959 12156 70545
69514 34993 6057 36265 16334 282 32706 70798
37093 77992 20969 8907 59177 20033 55302 52296
47400 45508 56155 29389 40135 23053 59692
50488 39829 46025 62616
62277 89192 28785 55108 78697 45870 42245 31850 43357
5383 90519 64032 15814 32098 50968 39529 92493
3534 62070 88259 61348 94646 75880 13104 6572 75525
16704 34718 17146 43933 62493 76622
23509 67839 91680 58878
62216 31285 41904 8392 26062 90198 31195
34099 20374 17342 75631 34522 9071 49857
81416 73060 76225 21299 34760 17601 57433 40687 51876 33862
68386 65909 90111
47819 72132
12704 62518 32951 56985 45830 942 84080 85181 11003
17146 16704 34718 62493 43933 76622
53964 21992 55519
50432 25825 1220 13577 69329 71511
72309 85477 72544 75914 79516
31635 56333 80728 12833
18373 26130 66540
87012 6175 74341 32271 13947 45082 26071
42487 25242 24164 22431 28893 67033 38290 34664
86951 81167 86706 83507 85180 64340 17154 56531 30007 55933
35382 48571 13396 34741 79131 21465
67033 22431 25242 24164 28893 42487 38290 34664
81678 8981 82240 71200 46112
60515 81070 41588 87026 64686 92778
12240 29444 78172 21632 72512 79457 52772
47576 41467 71426 72529 6006 5482 21417
42487 25242 24164 22431 28893 67033 38290 34664
49797 7944 83136 18726 47739 79507 70697 36509
47819 72132
18131 464 48368 34438 47447 32406
90673 18289 94811 28657 47472 28534 61069
43279 6582 23405 58743 94098 28746 9358
69514 34993 6057 282 16334 36265 32706 70798
10561 20861 12280 36471 43025 49689 56148
89065 94058 55057 52743 83748 92214
20866 35093 8418 15860 851 70686 62746 60332 18136 52386
6057 16334 69514 36265 34993 282 32706 70798
63699 30021 1607 71066 87747 30828 82397 5209
31195 26062 41904 62216 31285 90198 8392
55057 83748 94058 52743 89065 92214
1658 39651 63904 72420 19313 9602 221
20289 83579 85813 7455 41145 91384 2560 56959 12156 70545
8161 85717 64251 69163
28534 47472 94811 28657 18289 90673 61069
80676 36434 23086 88501 85990 17477 21178 39139 85426 85909
84659 9545 21579 59638 8834 65612 31385
33386 36517 52923 61993 1504 39321
73259 87416
55333 24957 12097 12899 83130 37196
82719 15866 30495 69827 77110 74691
7146 6734 37930 11221 89399 57912 61213 7592 56822
31963 51173 92801
40404 38890 28760 16591 84259 85256 32953 49192 5965 2260
47576 41467 72529 6006 71426 21417 5482
29045 3617 43369 16551 81183 81351 10500
67000 63653 34671 85215 75849 53528 69588 13238 24050 61644
28569 58446 52994 41347 76350 77236 84939 24267
9710
9545 84659 21579 8834 59638 65612 31385
56531 17154 86951 86706 85180 64340 83507 30007 81167 55933
36559 29831 41441 82213 94155
10328 52581 88777 54987 23519
54987 10328 52581 23519 88777
46507 20257 47052 79840 25203
52565 14208
9602 19313 72420 39651 63904 1658 221
13446 53269 41245 62021 87538 67715 36463 48434 9508 32662
64251 69163 8161 85717
78104 44118 86163 75470 92901 86374 63372 5276
84012 77607 75574 41180 13473 84246 15012
47472 28657 94811 18289 28534 90673 61069
77607 75574 84012 41180 13473 84246 15012
75525 6572 13104 94646 61348 88259 62070 3534 75880
77128 14592 69615 71121
77580 9287
37606 425 60889 94329 70010
59087 49735 51990 11226 15670 8993 60910 22241 53424 59473
13473 84246 41180 75574 77607 84012 15012
9305 57080 87062 56498 17361 28016
25242 22431 67033 28893 24164 42487 38290 34664
75574 77607 84012 41180 13473 84246 15012
44942 61953 22810 92124 90422 72845 70575
57422 7492 14621 37353 12676
41145 91384 20289 7455 85813 83579 2560 56959 12156 70545
47400 29389 45508 56155 40135 23053 59692
34795 62031 57905 66162 53271 3365
84012 77607 75574 41180 13473 84246 15012
86673 48393 94276 2260 32953 5965 49192 84259 38890 40404
51116 4722 2540 63624 32493 51856 88555
9287 77580
4067 54948 87500 74177 27938
53 65435 6630 80301 86356 49615 10155 91905
62296 42504 23416
5075 82149 24931 36585 82544 46438 88184 25485
83748 55057 52743 94058 89065 92214
86673 48393 94276 2260 32953 5965 49192 84259 38890 40404
52923 1504 61993 36517 33386 39321
94466 29871 38566 91272 20635 55255 91303 70282
68327 64042 54496 3552 55461
20028 92708 72357 66768
78104 92901 75470 44118 86163 63372 86374 5276
48434 36463 87538 41245 67715 13446 53269 62021 9508 32662
83227 56057 66784 90027 40538 9016 19769
83886 14029 8564 76503 24356 51049 10735 63092 29219 48520
62616 46025 39829 50488
45745 72848 90957 78222
83227 66784 56057 90027 40538 9016 19769
70008 63788 86511 16361 20730 54321 89733 83606 28864
70292 43404 84607 40888 27110 18301
87806 47795 60142 70539 25112
64789 59829 73519 17786
83130 37196 12899 24957 12097 55333
65435 53 6630 80301 86356 49615 10155 91905
43025 36471 49689 12280 56148 20861 10561
3534 62070 61348 75880 94646 88259 13104 6572 75525
75914 72544 85477 79516 72309

QPS: 4.278714544718933
