21006 64377 13316 79876 67231 25602 90442 62292 46584 18893
50874 6939 13068 35497 88301 79507 64639 30546 49470 64176
59192 14743 32325 25405 22322 10448 4250 79927 28676 943
12674 56571 15353 79291 1494 58394 17902 501 35465 28018
91692 29318 93380 71224 4283 90366 56987 28421 92488 91676
23718 94399 28511 678 33554 55333 36747 393 74258 15660
50373 61581 85484 87374 86702 85883 14744 92089 9818 81292
90494 65150 84208 27083 48939 47992 71539 51192 29820 65768
25570 17609 63340 23460 79583 54570 48977 25426 49498 93967
52634 64635 13318 19191 70647 44293 1354 62970 79334 11692
92381 56133 26747 50658 84990 15231 26560 46625 61890 4473
24233 31494 27736 16854 35562 27297 6764 28487 22088 49098
20370 13537 69384 87449 6147 87278 53105 65926 88333 2655
8161 42525 18125 80957 84600 19539 54231 44756 10954 53776
32541 67770 7043 11020 81365 69333 74801 53525 87147 94033
8034 52792 52125 56617 3753 21041 84962 53311 69678 82891
33598 91911 62815 36996 30660 34875 4698 81811 36939 78649
64760 12107 59818 94529 21615 93077 57571 30279 39154 23179
58512 33774 1647 30544 12929 92619 20080 34054 40955 77891
69963 13890 43432 40145 40970 25070 71135 36250 44440 33902
71959 21228 78310 56509 61833 33656 48696 21099 56337 46578
67723 69163 79767 75895 19952 61253 14904 33472 67484 80957
83527 22609 32015 86479 82612 13923 92412 68482 20552 77751
26635 91573 52267 82622 40963 17329 38896 48637 6694 681
45460 13084 2393 82657 66013 45475 38955 74410 58276 25836
73589 14443 42622 45043 25236 29673 78300 7217 83812 69529
62077 66717 40618 58912 45301 57528 25230 73383 43712 20011
47096 52999 87025 57920 12876 40616 31983 38603 67293 63990
7566 81783 44495 24146 21389 39620 69761 52547 47753 83762
27010 49883 89799 45640 7801 8088 31539 79477 3135 79665
23117 1360 11507 88033 82011 54456 66584 33855 79728 2104
48310 86108 88220 36026 6480 2980 41124 6950 62551 10784
54424 17596 92335 92658 8120 5953 35983 13873 52824 68293
67526 62861 59425 5356 68650 15179 41931 63346 11154 77049
10168 73415 55442 66258 32340 60535 41227 90944 22558 76330
63179 63262 73098 10113 46133 87914 42042 32480 28501 21938
59398 66929 27341 35573 66616 54684 23388 80967 1948 48762
79728 17618 69321 25765 60891 89656 11507 55318 81363 56479
84945 15623 77023 17754 91709 33888 75578 88501 59835 476
44919 62083 36530 85898 91525 1606 34009 62122 63656 13795
20903 17457 65051 85789 4755 55686 52836 40297 26414 9892
17581 33921 24907 49601 34533 72134 76472 51994 79263 23008
17971 2969 35096 61901 23986 75468 33682 51988 89638 16420
76634 52844 20453 83616 50178 20025 68316 91125 2119 40826
85999 47515 2002 28456 21460 88254 16525 22423 30945 25805
57163 35551 66800 22383 35903 33904 27701 57224 56782 2429
34054 12929 81739 69020 1647 43193 30163 58512 33774 76345
86540 34003 24273 31410 1578 6284 10559 46749 20115 88569
72951 89283 11638 81184 40076 71823 35393 91013 85115 60346
47552 31502 57405 11512 861 30431 36668 67882 87926 86014
30680 38907 45594 76337 90877 66746 16453 81934 70708 10884
28523 66707 87425 12844 65759 10757 35356 71810 87733 32173
4872 8405 93696 61068 30299 79071 43164 40584 7735 82892
90139 36171 71775 91967 17170 2628 77482 30371 59019 61579
35563 20769 7339 90692 48590 5965 90104 58469 27515 51607
84726 81797 89567 73331 3794 38667 6786 11195 56817 46526
37946 40929 85415 53407 25997 14789 83937 23238 35884 67210
20698 90861 74399 93816 43790 14606 60664 10657 92530 82003
78597 73412 62682 57385 28317 41580 93458 74692 9283 43679
75516 18758 14719 37367 90621 73406 26392 94776 78499 5877
33933 32409 28867 66853 70069 69370 1855 58505 36000 3131
46503 31226 7164 6037 57253 52531 42810 50160 8321 10760
2458 82453 46307 38813 85869 8761 93495 38973 54803 44662
73158 68064 61161 40559 42921 58408 44743 66179 33071 55615
89502 25434 62427 63387 57676 87125 3790 10623 55527 42151
39624 32718 18945 74735 48327 6332 76523 56887 93057 90312
79665 79477 21036 18719 60725 82780 46120 8088 3135 30638
11504 3893 36767 57731 25696 94914 9944 72306 36062 13349
72613 3002 88429 81537 33456 14136 35432 2199 64801 59802
73495 64770 51219 55744 64952 52791 11340 3646 44484 75793
69249 49196 68265 69353 70108 31826 70268 29639 32717 59464
29211 93463 7304 56253 48293 29069 51567 28180 67605 46531
20420 38513 83648 70753 14265 41033 46638 31566 15359 13399
48293 29211 45007 7304 29069 81943 59134 51567 56253 93463
45016 60244 72538 64540 88451 32957 15932 30573 67286 85328
89506 48977 17609 2852 23505 25570 79583 19904 64152 70679
78906 61675 46159 52102 68489 64049 78008 79201 13874 78584
15437 88861 83051 64282 9184 68234 87201 61062 41497 14846
52125 14156 18307 77139 10989 8034 89536 21041 71586 69678
56988 70812 8011 46396 49855 23241 75784 4222 53552 24392
82144 78852 12398 9559 41625 69243 82781 6406 81849 79362
35159 62785 68052 43482 32946 18936 76323 18603 38738 82946
28044 39984 41970 84847 78200 53730 37864 84074 60713 62194
77218 59834 81783 69761 33083 7566 42957 39620 44495 47753
32682 55562 67164 67894 70503 31892 4736 43843 81640 77465
76493 59723 53673 63817 15427 68831 55132 80739 47350 10146
88590 12120 87660 85249 40034 25692 83594 48995 91807 53335
33610 79334 9708 94983 1354 88249 37835 36096 32988 78200
77675 68718 13986 37450 62127 48715 61477 44562 9275 17489
25236 69529 11710 13348 37839 92074 30351 21932 6778 43775
2703 20105 33772 20654 39274 55389 30871 3622 39626 89760
17532 34495 92074 46540 18181 41722 43043 39844 6778 11710
38973 32078 85869 70708 35924 44662 32008 56329 67177 76337
88381 50850 53499 32294 23065 40411 32479 83591 3930 20707
55171 37601 50553 20726 58745 88511 66147 67940 27351 24322
3017 36712 80435 59097 81570 29875 85378 11920 92062 87733
16746 6487 76531 55128 35369 35840 89225 24339 10703 1235
44491 71788 66197 87130 23324 90342 34338 37531 31449 20553
92513 2644 36138 11706 32412 46223 30073 69713 7932 19569
6225 94037 18457 69566 88137 39259 38932 74410 14541 59043
56884 13746 53882 56072 92561 74508 22076 73616 35729 49427
83442 82317 94619 72721 25119 71756 59002 43235 81827 63044
75784 46396 48537 91242 75198 10582 67770 11020 71432 7043
85540 32970 32715 18773 36206 1219 46423 11323 83469 80718
55175 27768 41601 72414 91961 73602 15107 7369 86318 46640
83247 76911 61474 45529 90259 57827 87481 76057 27393 44811
81365 52602 94033 67770 68868 71432 11020 75784 11815 6717
70010 32236 17994 62675 54118 22613 18599 52373 45503 26336
76094 45145 29396 17374 61087 6749 7400 32375 4397 25702
25897 3237 24711 30196 30548 80295 73376 78918 31816 76333
73558 66087 6231 85425 46127 43506 22683 89828 61240 93413
19769 22245 46197 36039 3416 33934 75737 44881 26714 26282
84478 39900 21170 43305 48803 46025 64274 47401 14962 16599
51297 43679 15737 74692 16808 37108 25150 55930 9283 83435
90420 34595 91271 49880 4822 29520 6046 68061 73332 36188
47586 45414 5292 4496 94957 87331 74604 78142 54453 17355
44539 78651 61181 84931 78635 27851 59379 76116 27345 14834
17447 26724 74626 38482 94253 32229 90216 82305 47426 24381
90674 1041 11227 75034 50203 47444 64663 82456 31818 24860
25934 10509 69065 80040 80842 72219 1213 16574 84406 19392
3930 36484 23046 84249 92667 55944 30927 58520 55444 24521
60971 720 21434 4918 17869 45801 33594 12130 41515 46514
18888 1131 7339 51943 57923 42361 48353 91453 88253 76476
3291 53370 76322 16205 65351 21299 31003 3705 86788 50586
78786 84597 39682 40269 67933 90449 2894 29609 88499 55393
15755 67232 66421 60285 51918 22826 80511 17410 71448 3317
70454 69744 37335 834 45529 33423 2700 93334 33338 50436
8262 46179 15036 39364 64789 77604 84562 48390 19114 57808
40156 19053 46660 72992 17222 83097 91174 91033 43898 451
6764 47809 35562 39928 58504 16854 26370 26727 60352 27092
75744 89546 5410 36596 10056 7219 33037 34851 72726 82397
21627 70275 8499 16302 34239 70729 30118 69877 34633 59764
37008 87037 7875 36536 44835 38154 13279 80712 66459 90279
2704 44732 56530 16891 15366 63376 86487 68635 65515 44393
34203 6835 47659 43199 88777 46013 78465 78070 48830 6123
6272 18772 75842 84479 20550 48938 3054 31141 57585 92044
76132 28220 64933 22277 80578 34126 67281 26045 75286 12139
22463 15596 89474 11232 88144 24619 42952 5580 68148 69964
10044 86088 5578 21325 92034 90574 53970 26312 61755 79398
22787 90852 9294 43424 34300 6394 3422 30653 59176 9630
33329 69905 70707 87310 64472 30183 34816 53047 8989 56775
33138 45079 41721 42822 79688 35249 2967 73342 6556 40390
67392 9274 93474 37504 65792 24233 6764 69290 31494 22088
80254 25279 57275 71312 58812 28882 77022 20196 5765 1868
81958 17754 18680 25715 88501 75578 33888 14195 86497 84945
15821 33603 80038 68618 10239 63498 80223 75143 4760 55038
53162 6401 35259 54808 18618 14758 87418 67706 93253 31381
59046 69398 33194 13474 42543 329 39804 93405 19909 18
50310 69556 76891 24309 56377 46428 7216 76492 63095 7884
46002 34203 6835 6123 47659 43199 54977 85573 48830 78070
9574 33736 61198 90387 32429 81537 67643 76142 26075 72484
28503 56490 10776 92017 16616 25743 51598 38683 17233 74175
88998 87182 68601 51043 49079 58352 2686 63308 69324 67825
69384 87449 33699 277 87328 53105 20370 88333 23709 13537
13292 83712 75171 44765 27307 28910 9382 38898 20590 52561
26897 22478 28444 63376 9929 66752 68174 16891 68304 56795
30028 15088 90035 50427 18339 57242 47449 46430 25184 78514
51773 78677 51056 65708 61163 4232 83159 38157 52678 39601
10322 68512 34611 46121 69243 12381 12398 70565 44011 82286
43457 17418 29673 23181 38080 30882 73589 33101 45043 60077
91838 56508 23162 92044 3330 57585 82653 16016 49177 81093
47112 68169 91545 38875 23066 51740 91796 33918 45444 175
27238 75310 80067 80307 43789 3277 7154 16076 53592 87166
55991 16424 42181 39089 62213 71513 73533 14697 56582 85800
69631 19822 91599 80869 68448 76284 29805 42570 42286 21769
41756 85300 77911 45469 7549 42404 51758 87318 23191 2645
40730 8333 68307 67494 82611 80617 9227 16363 24479 43723
25837 90604 92324 92258 24753 85120 85332 8577 29949 46943
8816 1735 56823 45502 86261 63072 84930 3534 47989 38037
23451 75855 18547 71805 79024 44294 8861 52772 78475 74385
65299 21525 85332 86225 90604 46943 13738 3818 85120 20854
33454 57202 48476 33464 23702 58400 47060 84554 6702 49679
71539 27083 51192 65150 43448 92881 67396 13002 88572 10269
76452 48420 63066 28539 30830 85713 46168 62381 73838 70899
1850 62127 75067 37450 89749 83620 25063 68718 77689 25144
33464 23702 81172 50629 48476 49679 33454 13365 65636 73625
32660 54492 55007 8511 76795 52218 32946 93578 66758 27666
91838 20550 75842 71565 46957 45833 31141 57585 92044 32292
93413 6231 51775 89828 20402 73558 93838 85425 47190 50131
28280 51568 12689 8849 6592 85147 71389 91062 3671 64914
29210 3579 29264 18958 81669 32935 56048 81119 10160 33615
52999 48276 62898 78122 82984 14290 41712 58409 16554 87025
25772 7682 30542 83041 83129 88658 25534 60337 61821 76918
36229 71977 73200 37847 45491 17511 54220 21689 92430 9946
68054 5717 20381 84148 85485 43428 36540 92726 58817 4887
46152 25445 56759 44879 89890 5677 54579 54370 44836 85141
54453 74604 94957 1162 78142 1029 41057 47586 17355 45414
2860 6139 74541 72791 38059 6167 65016 94552 60419 28883
9086 84791 42210 94229 2368 66783 57598 16707 22236 54939
35226 9437 92688 5554 3635 65742 4491 30642 2132 33787
60147 71868 53640 74422 64802 88470 48859 20766 36541 1960
75892 90182 44772 6217 25810 93522 15717 7033 86765 68747
68618 80038 91863 88012 48281 54334 63498 54965 33603 6961
36313 80259 27617 61391 5276 75958 2837 6616 41522 88834
74077 91881 86019 77028 51553 73849 37405 92957 36485 64595
84173 45589 93449 51434 70564 55216 80265 22932 62025 37700
80327 49005 17574 72772 45800 88197 28500 37591 74541 10950
37026 69683 55137 57877 3582 23814 84447 85976 49255 22488
24375 71003 2874 76845 87764 84687 53997 63052 54382 21922
64884 72396 31365 11117 94903 23390 68946 45729 70661 31443

QPS: 48.22553473113626
