62739 18868 81249 44331 44582 28072 69028 44622 8397 37186
55719 41269 48825 31079 49632 40508 88114 66250 18678 80484
10691 42473 81306 66829 92335 73473 31468 84033 10731 10710
87808 86908 36838 66372 65695 3873 78400 63074 32043 92012
88446 64148 25702 42486 80882 72588 58501 70152 17640 84101
14351 4184 71969 53068 76218 45178 644 381 10166 28543
52746 761 5932 46952 6685 6172 72634 65092 87865 94676
59661 74288 10228 92062 42798 17033 2927 36851 5220 26419
69001 19753 28552 50182 45808 27530 35606 14936 88226 43734
34718 19278 6807 44976 84626 93986 50406 22151 51815 28024
80498 64915 16176 69692 17430 71750 14891 64166 74714 76614
68158 53460 77782 13988 42800 94140 42943 49045 9823 69561
49049 42018 33294 56946 89894 25105 46726 50678 74126 23320
66941 72002 42166 16002 85843 50852 62690 52775 13141 53485
72209 93558 44699 61332 55799 25398 35227 8350 20492 7327
73789 45120 14116 37030 27460 1175 14207 46029 33196 17689
89134 30714 49492 22458 61189 74828 78103 49276 40889 17512
43836 83328 48030 90682 27740 27700 93057 80956 72380 39624
7843 11704 52168 44556 90461 49485 96 43870 46127 57795
52278 40534 75701 36908 39909 16620 71824 29054 45452 27809
61158 10117 5873 35057 93732 19412 52910 61486 16198 49568
73712 78291 25848 41625 16810 73546 82781 5006 73401 36756
9713 82086 46302 8233 58068 37515 83571 40828 49657 87234
18263 54609 85764 55985 27194 37642 11692 63446 17951 79334
89019 7933 94260 60715 39901 23024 55238 22181 24923 81111
86061 50181 61066 12841 62116 56756 40814 45002 12582 75576
66273 30835 94506 16919 39358 11798 33735 3932 78403 50065
35621 28107 11717 61571 66707 53221 5990 86282 62597 22235
31908 81774 84374 41977 30324 9490 62687 52491 76604 59333
23003 24727 91762 77610 65118 84257 10793 10299 92044 3330
89397 25109 20652 72585 4706 31977 9290 47656 81998 91677
74513 9377 21588 62428 8735 2292 31030 32656 53805 20851
54775 28393 81972 58180 50457 43510 22558 61203 90360 35384
81099 9559 44011 18965 74252 81849 5006 68512 46551 73546
66926 15572 67594 49934 63270 65950 64233 30701 45393 28809
3203 71879 80828 64585 85584 38675 25068 51474 63903 65959
57237 93602 58554 23843 45845 15810 66773 10606 17783 29373
77463 56200 75712 20409 75453 39166 41838 74955 42127 71753
67835 57566 27657 62886 67906 80889 40436 15999 27475 77445
18654 54685 42405 63039 31819 11735 8461 38151 54582 8669
47656 91677 37326 89397 88158 33343 6845 26373 64457 32803
77270 86932 7979 58406 77949 48113 12561 87219 47935 8194
88725 46947 39918 31513 28433 70231 74309 49201 58305 73165
87350 38232 91367 29443 47045 30174 80603 16082 68355 36823
8583 90630 79808 81607 15709 47788 67050 79202 82445 15774
150 82406 64002 27152 41618 57167 63829 64185 18162 744
28586 20130 48094 46273 9703 88263 86618 9565 86502 9647
83829 49276 37574 1323 30897 76670 20546 52028 17512 91396
47294 6849 28021 57705 43692 52286 79046 53109 49517 49682
45729 33026 67788 67600 56743 85531 46288 90257 56718 61516
71294 45296 79167 15780 54931 87410 18943 72112 71315 49007
37008 43906 11248 73123 84641 79501 76986 64476 44835 57651
68266 25386 33534 6092 63470 56817 41264 82820 574 62906
20003 84864 90901 25570 19408 63340 1751 40977 2178 32679
76807 10938 7292 17852 94675 89107 81468 66212 14214 88574
67425 34887 19835 35124 10812 62714 37189 48926 92444 67443
19124 84253 44043 46282 16051 4793 90536 43668 52639 57388
51250 40227 71938 6163 29067 4324 94229 45773 76139 22872
37326 1049 17299 20652 53765 28009 47656 44076 53122 4706
91526 27784 70147 4248 64545 58501 63812 73913 25702 16141
55707 32014 13531 81749 10675 14694 91411 85258 6032 46498
91717 80700 19680 53970 16530 25218 87633 45857 93504 29588
66368 88513 6444 62784 88210 8748 15610 50932 18854 61097
12743 24430 49050 3365 72270 33083 49428 26626 50493 479
996 59801 52677 9774 72843 28522 91717 22483 67995 50935
53384 7777 69543 48349 9224 78046 49309 60223 44341 39778
92924 57559 9645 21689 44613 63804 14927 17003 71977 11636
35236 59905 67656 2834 61995 74654 5629 23580 31385 69313
86095 85579 58329 28635 41245 84890 76895 94013 77811 87538
15354 57419 74650 17665 64372 31533 52228 44053 63509 40105
29132 52158 65458 72737 76969 66851 33244 51219 45313 52791
66190 46647 1004 79685 1287 24436 71518 21378 92009 49875
74541 8252 65016 57020 89347 87375 28053 75634 45800 88197
90622 30402 20559 82934 74504 43097 21017 38442 9152 25939
65266 33046 93693 47989 9182 26565 12659 47808 7197 49181
16577 25059 84650 56160 75765 89074 50761 63931 88752 72153
72649 18267 42471 56843 8451 59889 61206 44532 10688 73153
30123 5261 92529 79345 93090 50009 43238 93455 52788 27167
58918 4192 80020 88498 41626 83531 34594 6610 87206 91033
25342 53140 81001 83055 11973 47900 85798 94016 84269 59119
81994 29757 80247 93191 83063 10091 86498 52511 81800 16687
72115 24127 46234 54528 35236 32794 6941 3208 27355 23580
72379 4174 88546 22371 67052 1031 1676 53301 86567 19338
65122 78299 12833 60615 41339 48638 21532 44996 3728 65842
6675 56007 91160 87832 226 34254 32542 39526 73542 34715
48248 31906 78651 31967 15728 48883 41389 44913 76116 31270
36364 513 71045 90076 55602 86456 89557 84027 62191 34566
20459 67244 4080 53394 74193 31978 22795 52442 72143 82712
31977 62439 63479 56038 33343 44935 37326 30525 43305 86399
53232 82713 25425 27721 954 36109 27907 37841 43162 80094
46588 68064 52690 63913 93036 65080 69707 78625 47382 30693
15811 61918 32944 77866 3508 66511 62657 63430 43084 78590
30514 28165 75097 31279 26116 21715 51095 309 56065 31099
11107 81187 64039 78631 237 86577 71418 61047 71598 9172
43392 1178 1279 41892 23237 29800 1961 36201 48353 31699
41667 55352 28717 35519 13850 44754 63647 24962 51380 76614
82690 6487 45099 55128 35840 25794 85756 89857 11038 89225
70354 35667 33285 51806 44891 19200 42703 4142 17603 81105
66311 44329 30592 50608 66122 83043 18300 82524 66576 86658
38796 35260 3512 35729 71829 45527 64785 15793 13658 64176
91095 15814 70070 15420 46529 76340 91678 33243 45052 18920
8408 56512 70113 5424 51138 38893 52665 78896 48311 48866
39867 25610 34782 77921 91242 84034 91026 15268 78618 67770
72664 47655 35530 79237 26000 15223 2298 57824 73571 25181
57073 62502 14964 77253 66808 32617 49261 30804 4049 82987
22298 49507 72017 24664 25474 71009 39887 34962 24987 5508
52328 44978 357 36725 4367 77683 34293 28066 59877 52826
32343 48865 84642 68189 57806 1976 70783 78494 18124 75839
25870 13390 47351 31359 66231 60943 81493 8739 57134 8630
40435 69822 45439 74856 59005 37517 13420 41625 82144 60525
63671 18053 60943 61351 75131 89941 13390 81493 94107 25870
36346 32237 64661 81796 54777 20614 43745 24777 39656 54904
32979 60686 28596 55021 2786 42867 94749 75885 72463 81807
4148 82883 70525 70081 81676 42901 79922 4752 69841 77482
37384 67716 64899 65528 9948 83946 28631 46544 16981 72111
20915 76879 70862 20071 87124 8089 78568 10348 90667 23244
6688 61132 82920 19275 79845 31587 9957 7706 27755 20671
53283 62356 69479 47323 58574 58488 85687 67323 55411 24582
28318 79678 20523 25247 3280 65785 34 23742 28599 31869
36128 26806 94426 89806 34382 20051 53556 77426 48192 57732
33516 14572 87564 78327 77524 19142 90954 58317 9770 62090
20490 50285 6305 94475 31227 16558 33731 10597 25036 34363
27950 80233 86772 57024 45158 68902 31706 49555 13801 28818
71016 72982 70759 37355 89565 78615 57352 12379 15455 89465
50232 77482 40682 16104 38879 79922 64070 53866 67778 93583
7044 57453 35053 78583 27766 62301 68921 15482 29849 7805
9408 3692 473 11419 27537 26356 66570 54831 75205 53739
45849 84367 6389 87599 11961 62190 7230 68261 88917 59972
3164 33097 92413 79095 88895 84183 68784 70544 15735 33629
49315 61394 1804 89289 83908 6032 67391 74388 57909 16344
79646 15202 11876 57882 71792 17316 52593 35328 75948 38778
59956 67917 26624 92340 3655 71798 62292 14479 53498 23860
81062 79237 2298 52960 23363 29373 85740 4645 21785 73571
54941 17411 59866 26986 68960 13271 50190 80707 16027 7883
53556 20051 48192 89806 14243 21557 11432 36128 31697 64053
19237 68181 3793 18456 20443 83503 45559 59761 42226 11977
87692 73264 85741 15845 62986 10563 20151 47414 90216 80368
69682 42314 85182 52223 56950 47568 81193 62816 42928 51840
94678 10628 1869 30361 56735 22819 78627 49988 40861 50386
84589 26076 71237 18180 42715 11338 94629 34422 88601 78073
75853 48409 56670 9892 16039 25640 63039 11735 14248 68434
94092 3916 68979 65660 11483 48441 69649 88727 11257 74242
28043 54723 92542 41104 30183 33329 808 34816 28057 76454
61179 19289 68458 24545 15921 56436 55222 48095 69452 45504
54246 63468 5685 26550 3048 6148 46626 72621 56931 89876
54155 38551 42374 55205 69765 16582 6121 37209 85567 49142
94228 68660 7863 6401 6494 35259 22176 54808 38743 64611
6281 73011 76601 76827 90266 40255 87368 87996 79419 77487
23052 42237 87230 66417 40115 58741 3790 40385 76578 10821
28959 10255 45177 73897 23080 4310 42492 33645 86063 51054
73347 9366 76244 72804 51282 69424 78497 83781 1826 62431
9783 54905 71314 91995 39880 21275 50942 80640 14526 49191
64187 80198 67544 55281 76517 71666 82413 66073 21878 52609
37583 128 44278 27557 15563 21048 16488 18808 50139 8936
11524 74842 26017 3415 2184 10501 48943 76006 12995 27042
78001 4238 68015 19067 16796 40882 75588 81840 72934 31874
17007 60885 64929 41821 53545 88255 60065 5136 77724 78460
10232 16295 56162 79997 84150 9756 45050 83049 76440 18744
53836 43126 81508 86030 42436 22621 72825 77816 19894 81485
53152 52101 65763 51420 72751 6095 81836 26892 67888 22827
92255 26660 26487 84143 77618 30826 16205 40499 39172 77440
55583 91208 19767 56286 68617 50674 14378 36627 67399 94870
62713 92657 24317 26212 6307 41252 60433 86573 30601 5827
15860 90499 16357 80664 83163 70112 3430 48746 39862 33754
53438 22996 81961 47405 16525 78627 22819 40357 9796 52274
71395 66685 41292 12036 86510 25453 1528 21950 79487 18701
7328 73535 73611 60935 65988 61615 10021 26725 36671 39390
5810 89017 64532 32467 6489 15363 92423 62194 66710 60713
8701 57934 41267 55766 61729 7801 85766 24958 56258 47431
88930 73100 24814 92076 87797 56042 79526 19841 8048 89881
574 82820 41326 63470 60480 32123 27267 38667 5885 28071
49581 25023 43643 76162 77975 17541 33111 8766 53683 41291
8449 88619 43084 3508 63430 78590 65289 90272 77866 87791
93404 1204 45698 77794 90209 55540 42920 18859 19996 19741
87836 23858 71799 81817 14173 24953 39898 47621 25206 23374
34606 4819 23257 67905 11310 45899 80183 38457 37187 83808
25550 39817 5930 74739 51286 53111 3535 72439 62055 49286
19456 93057 36592 45339 22946 74080 83328 85710 42989 80956
12640 35408 12029 65189 8754 53312 81860 90323 11389 10793
17840 55570 77675 1433 71672 87131 50813 89691 92629 1105
26929 35158 66063 15851 4290 37759 8133 62950 50399 42417
30804 14964 75596 83268 53042 32617 66765 41963 69509 181
11302 32289 23955 15449 92835 14423 44954 57299 8260 44372
72299 49409 17367 44402 83152 18057 4687 58671 9642 1803
14086 21213 74995 77814 33964 29839 8341 51701 48058 67158
58070 45930 36591 89886 15547 21421 29787 39941 47821 12265
76340 67974 43154 33243 45052 46529 18920 50423 23877 51734
28213 40119 63158 37355 70759 72982 83500 11966 1439 50519
10269 38960 1899 43833 90563 55653 1619 66099 60031 56812
17527 44935 31977 89409 63232 11050 53122 49375 77545 9505
1183 90314 40685 39467 15484 52589 21004 59524 12451 5757
17416 42843 32844 77328 31621 39332 66785 76890 65587 90249
49199 89842 85861 73750 20961 17207 83312 2023 41931 44702
54890 33000 32980 2055 72156 68200 16789 3907 22538 12903
54882 77920 34730 79928 27782 90570 8838 10808 1075 15237
68958 6616 80259 73300 82342 76721 6739 51634 77344 61391
23946 85032 15745 73916 79252 65488 47252 78328 29507 42845
87836 13603 5223 93700 41587 23858 14173 41318 22204 78563
66080 92542 46468 28043 92497 28057 87643 3936 86243 84227
64662 4941 33462 48975 70053 28642 26525 52531 20231 31551

QPS: 78.03502186412973
