93356 93264 37950 32971 50856 65604 39654 91536 55354 64591
13490 49158 89444 1758 12931 4841 46683 51763 31855 38580
34868 56800 35020 73570 14075 11143 80915 46665 79285 94968
94287 55973 83352 50272 74313 22708 90179 19434 89729 10694
10947 18490 63605 22638 59238 75516 33127 83869 87708 74345
37115 6758 80256 40831 75814 58946 68843 65167 27271 46124
45476 3986 69174 94349 40545 69630 62230 28377 85627 30024
64413 27366 34568 88619 90272 43084 3508 88532 79760 26018
13875 19753 28552 50182 45808 26669 10078 3805 27530 35606
53299 28850 2868 11399 77351 8636 85206 19633 87184 46617
3986 17256 51706 55315 35334 62230 91554 46182 21318 7517
79974 75824 48203 61394 88711 89289 76397 74072 36290 90641
21748 81210 74621 91722 11319 85366 93192 47759 9739 53169
80753 57313 64426 55114 14006 5076 56131 24089 16625 4329
40331 83295 80653 38629 28315 73804 71871 32107 86915 49765
86654 50258 9571 30878 87079 56423 73179 12480 28026 50510
84217 44602 20254 65140 88704 10920 25285 93299 29096 77014
60315 29050 52235 85230 65151 71953 50667 94943 46637 30239
44307 66011 87524 50466 58957 14162 42132 87842 58277 93720
17689 14116 20830 85275 74660 848 21062 27648 87543 37030
79257 10588 8854 7244 76779 91527 5762 85248 19774 64218
78566 53748 24948 45968 40095 63636 4328 61472 60743 66084
68830 2349 45946 22275 75092 38193 60777 45367 29827 26398
2169 68364 47421 89450 14457 1772 75144 43513 47051 90718
4184 22111 90531 53928 381 45178 75835 94617 48573 122
53752 7881 80293 84529 71544 59704 15466 64085 44721 58843
14843 21604 49790 61449 41487 36344 34113 32147 16139 15464
72825 39478 11983 74641 32100 41917 5386 28293 53867 49531
89680 70441 87942 77725 18150 9073 73095 1090 33718 21365
79384 39609 68837 41243 68308 35587 83585 60510 2531 75311
57154 88767 49394 85710 47242 34361 44725 54564 37569 26713
91552 88460 30728 21449 32012 30142 11081 39987 3220 40183
58869 4862 19340 90381 7205 63764 24075 13702 39229 31329
27224 12070 94316 71533 8794 57521 93358 66199 44313 17965
93525 41389 44539 37599 52142 14834 43828 59379 48210 50545
43956 22777 94355 22641 15387 34931 91301 28817 73021 65710
20238 69808 31610 35618 43197 47832 25389 59914 63226 93597
86611 69706 4728 29117 90696 94013 83128 24011 17432 89238
37471 42824 15853 85735 7323 80015 42178 63576 16347 80027
35635 75327 2216 27299 13655 61893 91371 84443 45197 56889
72007 64058 12626 94676 34746 68582 88826 88431 52746 76050
93972 67171 40951 16131 4943 23265 73204 66932 63889 77825
50549 80247 10091 45714 17348 42919 79513 6177 54497 14113
34382 71413 89806 67782 35984 68562 85025 36128 60639 57732
58398 11237 11682 75494 90462 34691 25708 60457 57800 75649
84577 37916 82097 74052 25375 11620 16198 46579 51817 50500
81491 25212 27376 42678 52712 83831 68790 11029 58063 5105
83278 49443 19112 59546 69405 33170 23204 44258 76934 21238
41766 47667 80906 27557 128 36159 71825 50139 14404 64792
2304 10983 25186 2191 21789 87861 36222 54867 12021 10070
15957 71396 68262 25983 66811 30397 10730 56543 89277 54853
52349 24198 16831 14955 24322 9166 88173 84390 67505 65192
53106 31555 32496 5503 34262 37771 69875 10463 33128 7684
40037 39054 44478 17010 22465 45073 58946 92407 45192 87476
85516 31897 24161 68166 3826 71067 83647 49984 54749 15289
33422 81660 22567 469 93369 50722 79684 37679 56291 90733
66352 10656 45261 89286 51840 57009 42314 73363 26117 23155
90991 59835 85107 57596 57910 11128 34048 18913 49667 74382
2574 77137 71936 62656 1456 64540 13527 57191 32957 52316
16972 64303 2372 53077 91415 79440 52322 38135 3480 69475
18682 85259 83418 37712 27514 54311 24666 15175 79422 26367
27605 24753 33076 27348 57441 48785 67051 57984 52652 2183
67399 42327 38275 31832 85959 91208 36627 62909 33604 88943
84280 74979 79661 60737 14002 33143 24877 29801 90739 85157
92924 36493 57559 79683 92145 48124 63801 39607 54626 78298
32073 92233 63023 42084 92078 1141 59846 71689 31187 23590
11732 45306 38333 1793 5297 82494 39527 65747 42786 29057
40333 91999 41901 21144 82670 3131 90561 60959 55079 85825
20683 24635 10612 1384 67244 13611 71055 26232 29486 12280
93453 70899 31313 44153 58692 48267 44718 34830 17428 32290
65396 28634 9294 83448 3608 35233 92930 43693 59176 43104
84614 72318 18038 37925 58590 10001 64583 59209 71043 74537
62781 42455 91525 33686 62122 3938 62805 84755 28541 74756
63368 41101 51712 92772 64379 42613 20801 83635 82065 36498
50560 41102 53258 22836 4132 60913 91898 6691 54536 56212
45145 76287 4543 22836 1349 91898 6691 55746 42466 54536
87923 24992 89610 29714 63472 73757 33875 73195 27694 4375
47137 11669 43452 6796 75774 64848 2763 12744 63652 66218
10765 35526 32485 69851 80245 86334 9076 60831 47120 50225
75830 70275 55593 59615 69877 19905 18644 8499 36442 86304
18178 40875 43186 3917 58040 86558 43631 11734 35698 71574
56898 48496 75542 17391 50319 91161 84236 84978 65156 51713
71469 20836 30383 51593 34262 27252 30698 64684 86762 79220
77486 53089 2119 52844 88160 32827 33623 91125 20453 36879
3961 58843 59604 18787 70885 71544 9082 53575 80679 61540
27636 76331 88393 40738 14999 93368 34015 39695 33935 77529
38444 4194 29603 27364 30724 94500 17913 7201 39886 86023
53579 1853 92900 9455 25954 66802 55659 20853 88671 56413
47163 33396 88438 34509 12548 72825 11983 90164 8186 57556
70636 5032 38455 480 1375 68258 69318 38488 83526 20880
82172 8845 53139 51310 54300 71644 78661 53612 40011 91350
55423 8085 62922 79939 62960 54310 9028 72960 46365 47797
13378 55773 68562 60639 31697 20051 48192 24903 36128 71413
56854 12841 80226 12681 56756 57697 48608 45002 69174 5740
89902 52642 59767 35520 93850 61288 31295 71890 2014 21483
53111 25550 18115 39817 69341 51286 69390 7980 68838 93163
17447 47042 89387 40052 3196 38482 67285 26013 54357 71097
83224 32000 12815 63655 75383 43849 42222 4855 31536 80265
50563 51993 31122 19289 48095 41161 11916 31542 23356 4979
78105 75714 36415 54783 28639 84538 71868 54619 1960 20766
76287 91898 45145 23833 48827 28576 44211 42466 53258 59969
50326 63152 289 24406 82531 74235 58829 15203 54822 72445
14594 40300 2317 91791 16488 3952 80906 87162 84131 71825
38488 33043 91325 43152 63677 31382 92202 36336 67925 25163
15999 6834 20995 18645 70625 28597 77466 20686 88564 53913
24687 51793 88159 15531 33064 92213 54475 13600 85617 43655
42131 27432 53245 46106 32220 73501 9111 32474 35881 3534
42643 21055 27157 93782 88213 17292 46540 11710 51922 10758
11638 87689 71823 71222 40076 1027 10788 77093 17593 86118
2359 70664 28083 92571 24219 14814 50901 49837 19445 8601
16707 84791 54939 2368 79469 39634 44003 57598 70105 25035
58451 49021 5547 69584 85804 74797 74513 22599 15678 9377
29258 94969 59015 1997 50550 2975 87361 45245 59728 73372
28639 88506 55025 5072 36541 22007 15878 54783 64355 45404
78781 34112 62763 28066 4367 14519 357 34576 78563 65629
70943 7825 50508 22533 16118 58319 94755 43017 49124 32123
36920 82135 16220 69057 52667 49893 8714 34853 4344 39908
28390 37010 88310 82651 55901 92776 37805 84925 45836 45825
9053 24582 32750 58574 62356 58488 73447 71357 27990 59271
6643 86522 1952 72139 6661 72269 28250 94158 11003 84080
10784 28209 19529 28001 75774 42833 11669 47137 65450 30185
33682 61901 17971 89603 78015 40663 70350 17864 35096 23986
60265 77605 20560 15303 48997 73059 26899 31910 85205 36977
87690 57847 3823 41118 63809 75514 55460 83675 63496 74545
15758 71500 44679 45278 84176 24435 50120 728 35283 6117
81170 36728 9320 50418 34908 70306 82432 14455 13823 35027
1493 42171 50721 22550 71648 35109 50203 59564 66274 86114
84342 77438 31803 93404 45698 36391 90209 84720 93712 66980
61107 84989 52464 56458 67195 73364 49977 23886 72602 55912
25084 63630 44456 80760 29564 47491 92254 19230 71339 58793
63228 78239 19118 91354 51150 31216 86817 58141 57417 27192
8976 19917 63443 28093 82362 63616 53899 15583 67633 1240
85871 90512 1647 71781 28729 30832 69615 63304 75209 73717
21633 89763 86226 62903 93658 43164 79324 16684 41867 17192
66932 67171 28888 42818 79883 23265 73204 4943 31519 20101
71055 39146 58801 36471 24635 44336 1384 26232 6111 9633
83072 57350 71221 56838 85536 69565 73009 32457 65079 44422
51080 64100 22262 18008 2504 25910 31606 25278 84401 25911
67748 1808 88785 3003 19478 12559 13426 53824 7507 9948
19108 51915 12228 47650 78777 49529 57105 24492 67530 17380
34032 66560 79683 9 94515 39607 7403 83640 47861 69442
63113 33238 35301 79692 68228 53510 30269 40810 24157 32385
56930 1955 56824 14845 24210 46273 87378 86502 79854 77366
94397 53195 89936 78465 54709 50974 18835 6608 81655 79307
84804 57803 32145 23019 39302 54006 5601 63220 90387 74499
2230 43904 80926 64698 42931 78485 79889 65042 38672 41250
44886 81826 43276 54601 58542 31947 25201 2171 81422 6141
32922 61393 27793 3334 59050 75039 68342 42520 29526 42232
61453 89064 4491 78021 91907 52033 80086 29738 52644 52326
91200 92237 69510 14476 89288 90817 16265 82450 14826 89651
41663 59170 8714 27334 78175 82393 4344 60072 93584 65406
70912 30547 78426 91086 70370 92523 92212 15250 50730 16605
93311 31512 7143 86096 30333 32617 89683 8007 29762 10055
61617 45145 1349 76094 2929 46413 69824 55746 29396 42466
41161 11916 19289 4859 52814 31440 17853 16731 57312 50368
70741 55822 45634 17416 14818 1828 35668 29560 58829 83534
62744 26691 70199 60596 58844 45779 79627 21983 19357 7586
59439 27362 91513 6166 9374 90488 38705 86596 50229 36869
47356 93466 66459 59949 77072 4754 80963 9158 88951 27309
71144 73465 82990 63618 51559 49922 80764 39398 49004 10060
76096 34716 13923 12494 27471 92887 83527 40593 34929 94467
56790 12662 71184 16436 85351 24014 78811 26803 47067 43058
92041 39632 29928 46523 69373 86729 51119 64456 90474 90164
93601 14026 12878 6385 69956 66465 85790 94279 8730 22143
25208 58721 35786 19646 13189 58281 27639 32534 5812 42193
5005 29321 31842 4633 94938 67428 76037 80040 38792 91649
12706 19416 26787 4076 9159 3067 47201 82653 84507 16016
38087 11618 24861 5940 65409 55596 3819 43753 39903 52995
78730 1760 82883 55528 69841 36171 70081 4609 75914 79922
74797 75299 27667 19315 69584 58451 36466 74549 21906 25999
89493 72885 60935 35684 40567 78209 57620 64283 24167 63679
49581 79009 25023 43643 76162 77975 8128 17541 8766 82243
47577 92326 24992 33875 46501 74554 15805 39657 18104 30107
5160 82438 32889 31049 75549 87453 10729 15911 52225 60464
94467 12032 91153 14871 82062 50994 10887 22549 54051 94080
70914 56528 52553 62154 85015 91088 82033 9381 68828 6522
76982 84722 90289 71206 85736 79371 87877 37703 18662 4104
18133 59949 92770 9158 12028 80963 63356 11169 43906 88191
70581 71769 73640 41790 35922 47741 91382 26395 6658 32222
83853 85094 27461 82550 20366 81481 23058 51190 57726 71556
59119 47764 37362 94119 8939 1179 45238 14372 7668 65335
47584 21914 37510 42154 85839 94571 56586 71260 65639 67036
71035 31882 8059 76534 25104 48193 92579 59233 72443 22230
37282 65605 31725 88249 52051 44293 91650 15363 86105 15126
32577 9158 73123 92770 18133 11169 12028 84827 63356 83727
44047 38864 45845 93602 25508 48518 34217 1805 683 50364
44725 30273 37569 47242 54564 49394 56690 47328 85710 34888
21218 29169 22082 63383 17219 40019 67382 16670 18791 42786
3152 78759 47435 79172 52059 58163 69179 11805 47980 32926
40341 57227 42136 6463 20990 40726 62217 9268 45769 9027
7383 7281 43212 64986 7086 48122 86968 66819 33294 47538
12675 21521 40885 29292 14583 34388 38831 60056 21555 77478
63633 60158 35236 18492 23580 61995 69546 26847 55548 87895
70723 22229 30630 63525 2523 37725 46317 74647 36431 65860
83168 28735 53653 7062 69789 21175 93449 73929 93473 66449
27127 56740 62661 33517 59449 80593 87007 24503 8761 30566
68961 40175 50250 23347 14478 7630 54793 77398 61187 49340
52985 82871 58959 35633 63333 39369 41173 78855 13098 38113
79190 16922 58805 82262 39530 81149 33906 41118 68748 30246
27676 31299 68663 41859 35740 73697 5688 60765 86862 69438

QPS: 105.7893662909491
