Recall Rate 1      and 86  : 0.9460, QPS:    49.66
Recall Rate 1      and 150 : 0.9520, QPS:   363.17
Recall Rate 1      and 250 : 0.9565, QPS:   235.98
Recall Rate 1      and 400 : 0.9630, QPS:   244.17
Recall Rate 3_1    and 86  : 0.9800, QPS:   168.25
Recall Rate 3_1    and 150 : 0.9800, QPS:   153.82
Recall Rate 3_1    and 250 : 0.9795, QPS:   169.88
Recall Rate 3_1    and 400 : 0.9795, QPS:   167.54
Recall Rate 3_2    and 86  : 0.9290, QPS:   377.47
Recall Rate 3_2    and 150 : 0.9490, QPS:   335.18
Recall Rate 3_2    and 250 : 0.9575, QPS:   261.68
Recall Rate 3_2    and 400 : 0.9600, QPS:   213.22
Recall Rate 3_3    and 86  : 0.9185, QPS:   363.18
Recall Rate 3_3    and 150 : 0.9405, QPS:   298.37
Recall Rate 3_3    and 250 : 0.9470, QPS:   235.99
Recall Rate 3_3    and 400 : 0.9505, QPS:   181.37
Recall Rate 3_4    and 86  : 0.9255, QPS:   363.01
Recall Rate 3_4    and 150 : 0.9435, QPS:   274.00
Recall Rate 3_4    and 250 : 0.9515, QPS:   214.59
Recall Rate 3_4    and 400 : 0.9555, QPS:   164.44
Recall Rate 4      and 86  : 0.9200, QPS:   335.95
Recall Rate 4      and 150 : 0.9375, QPS:   265.70
Recall Rate 4      and 250 : 0.9445, QPS:   199.42
Recall Rate 4      and 400 : 0.9480, QPS:   147.37
Recall Rate 5_1    and 86  : 0.9305, QPS:   332.78
Recall Rate 5_1    and 150 : 0.9465, QPS:   308.51
Recall Rate 5_1    and 250 : 0.9540, QPS:   264.72
Recall Rate 5_1    and 400 : 0.9560, QPS:   215.47
Recall Rate 5_2    and 86  : 0.9660, QPS:   223.15
Recall Rate 5_2    and 150 : 0.9655, QPS:   231.31
Recall Rate 5_2    and 250 : 0.9665, QPS:   223.86
Recall Rate 5_2    and 400 : 0.9635, QPS:   201.58
Recall Rate 5_3    and 86  : 0.9660, QPS:   123.75
Recall Rate 5_3    and 150 : 0.9660, QPS:   215.10
Recall Rate 5_3    and 250 : 0.9615, QPS:   233.75
Recall Rate 5_3    and 400 : 0.9615, QPS:   210.29
Recall Rate 5_4    and 86  : 0.9385, QPS:   380.95
Recall Rate 5_4    and 150 : 0.9410, QPS:   356.15
Recall Rate 5_4    and 250 : 0.9365, QPS:   299.38
Recall Rate 5_4    and 400 : 0.9465, QPS:   242.89
Recall Rate 6      and 86  : 0.9935, QPS:    24.17
Recall Rate 6      and 150 : 0.9935, QPS:    20.29
Recall Rate 6      and 250 : 0.9935, QPS:    20.59
Recall Rate 6      and 400 : 0.9935, QPS:    21.13
Recall Rate 7_1    and 86  : 0.6410, QPS:     4.28
Recall Rate 7_1    and 150 : 0.6410, QPS:     4.30
Recall Rate 7_1    and 250 : 0.6410, QPS:     4.46
Recall Rate 7_1    and 400 : 0.6410, QPS:     4.84
Recall Rate 7_2    and 86  : 0.9945, QPS:    46.16
Recall Rate 7_2    and 150 : 0.9945, QPS:    46.39
Recall Rate 7_2    and 250 : 0.9945, QPS:    48.21
Recall Rate 7_2    and 400 : 0.9945, QPS:    48.23
Recall Rate 7_3    and 86  : 0.9930, QPS:    77.08
Recall Rate 7_3    and 150 : 0.9930, QPS:    78.43
Recall Rate 7_3    and 250 : 0.9930, QPS:    78.04
Recall Rate 7_3    and 400 : 0.9930, QPS:    78.69
Recall Rate 7_4    and 86  : 0.9885, QPS:   107.26
Recall Rate 7_4    and 150 : 0.9885, QPS:   105.45
Recall Rate 7_4    and 250 : 0.9885, QPS:   105.79
Recall Rate 7_4    and 400 : 0.9885, QPS:   102.08
