81360 124745 928097 235455 413514 55327 366402 57515 928090 843716
633451 670384 310734 456019 787403 200301 108456 437435 630858 5016
728075 930907 611231 685700 397164 809026 207114 964009 835887 587318
332354 194991 891223 429081 839141 829491 286762 354075 753807 47449
54595 765983 76053 436311 184030 10514 348402 601359 358192 928889
446680 793920 986259 768708 581499 133984 963399 270654 562209 563314
575789 95335 26331 77295 89142 152037 606779 725202 55195 484826
936458 517589 137263 180318 432225 144863 517434 170009 669568 673125
31448 954623 953774 689739 771266 618278 463969 86083 10226 485034
69496 592500 283287 975370 140106 10485 92904 996294 832032 119188
984990 834404 571156 500104 718966 149239 462114 396256 671219 231964
133744 243230 775936 234623 461028 419084 434665 335954 989475 169231
322424 918466 675454 236371 580304 763382 864919 165252 260554 487908
676682 431581 639901 656836 73870 73925 230639 593761 602448 999253
905198 730015 769436 397297 279965 271972 189268 994402 46872 999087
925162 395198 178969 216089 905578 94456 148119 928518 125462 132822
866358 536798 318871 621132 838917 640914 911706 7210 717416 708059
571448 751017 741518 891598 567286 942265 150731 490329 6042 939373
200846 407291 62655 789226 719628 696669 484278 105861 305281 704401
806892 958416 723036 567465 177982 656979 335113 122630 209877 951224
168312 900073 738020 701423 127645 211536 969995 884001 635867 677120
394743 835004 809598 133161 290156 91760 628086 744980 276631 535003
927988 292748 679351 599206 397841 229643 503960 850314 380048 959159
600595 903850 54724 371137 273526 87372 363335 989863 826287 451208
623560 384541 532275 563089 703422 981744 773723 560457 33755 760260
394733 726353 75626 515140 51665 44170 305423 290320 932661 533982
992540 690546 840564 723779 723792 676414 417444 864155 112661 402119
223551 937131 314330 593031 27928 586159 120585 562791 296130 172895
259576 269118 955383 114343 599219 312480 755012 363359 53324 858921
370266 518675 140234 273034 724829 853427 953777 30485 252360 821439
697103 850011 344578 244059 970753 9010 330943 330911 1432 475983
54691 667186 151660 782264 24888 120259 23293 121493 516856 630772
46873 77949 25830 914881 88832 150080 796442 639277 240884 284060
799998 858740 555490 624496 314557 8930 2892 959438 291955 426077
235791 992916 485265 252365 52078 737474 461048 987115 798882 107156
462860 284692 695963 33803 994511 872715 54672 520783 250481 194978
468514 146458 336000 48619 961866 65735 992175 136590 39852 966364
786079 522293 562535 360390 672403 595285 288480 340031 597351 597327
980868 848305 188881 4 728088 155931 46626 805732 746323 840034
66478 87239 272923 160141 192775 355796 629013 48074 775337 168875
782761 251535 98616 875566 601189 327013 779710 700991 722598 925483
571397 568118 474358 523518 174446 636159 340977 988492 428954 340962
864834 369457 512491 882890 569365 353384 549880 268571 692440 493018
157700 335677 571485 687603 400635 991227 307920 14461 577264 803373
353487 289732 634179 150987 933522 586412 551755 462351 620538 922416
549895 367893 830611 72157 407226 244466 732028 871679 160949 542164
400198 291055 308053 544721 975301 763334 53520 367344 654938 942139
738095 435656 85206 537044 236491 843864 966501 608442 846801 391339
164952 840005 697243 937614 719706 153959 65497 137279 64581 643926
412570 100212 7798 91906 337186 247679 477942 898502 531369 947019
