313562 332814 231536 353982 147159 173405 217560 325352 260489 238161
755803 701190 729582 678949 783260 767764 777854 605215 722161 560130
585842 613423 444943 546488 619746 570380 632960 503648 601476 587206
455798 319491 397845 319082 394967 442463 507201 311120 481445 361094
166538 315020 204976 175497 218191 134075 173738 179077 128755 275476
885365 841856 714634 833178 843226 953348 914081 740535 763797 887588
876302 804944 705574 806839 900827 700145 934000 817106 729478 804476
467528 510998 360698 455535 399498 348071 381505 465980 306338 335121
115938 210781 155537 161992 206904 223653 132881 297290 330804 209896
667002 842189 777955 647787 615688 811547 628761 606133 714359 827374
737942 592064 782783 749537 665932 672330 743241 662692 617360 756331
681198 515432 733988 726655 700296 547122 612059 714599 691440 534994
454994 575230 488199 496136 609028 521931 475286 563255 645149 587697
619840 518464 554810 487503 584327 395839 539983 629900 471303 385128
100124 118832 253279 308225 267882 101969 234671 170675 140386 319433
789522 590153 700887 625455 633693 647256 796354 714027 734892 699350
705827 665623 710281 749811 716866 751471 829537 862709 832576 703926
284111 379771 274037 445691 425195 348740 440882 415114 257359 343324
648838 829071 780241 819016 832116 781471 715610 617150 725549 812058
811919 871326 939950 906971 918575 739978 935307 779030 722346 956695
681888 697532 645382 792100 807702 720827 788920 719869 811914 834374
497802 478297 645986 534130 513163 463542 537173 600974 605685 428865
627896 835597 810156 822407 720995 710832 661286 759787 819691 665038
696871 558514 585735 763763 762232 588336 697113 557930 562938 725572
840654 816379 804336 710328 771539 705845 760869 824790 697192 845162
658671 649333 601509 750552 591699 748254 794559 681412 796536 607281
387558 527864 436636 392291 558545 564871 488837 406239 476237 498796
786568 774479 800624 839983 779613 727909 944231 764350 834736 847861
277532 122525 200009 110407 354232 242059 214680 126313 212906 235738
828169 698309 877567 665289 791056 836041 709657 893867 815245 668610
226515 289557 321735 84422 203576 220560 90092 244649 166578 207113
506876 450282 404880 463482 374567 495135 542837 481092 394704 406393
506807 465148 344504 393506 339825 513871 333374 413798 496631 406493
684178 691348 707479 617990 682562 608718 642130 673588 755965 681998
286393 290048 232446 268808 292841 297573 295055 110322 105813 259003
777146 824506 843370 725332 940243 910386 751108 798968 775311 911181
347063 509287 383855 479575 527942 440885 422814 490658 406541 375324
757314 665920 703255 676682 643125 576809 654801 675778 724580 749910
537315 599269 684093 559931 527382 605195 524315 473303 542481 595371
812230 700918 797135 719793 698805 795652 727173 632063 644776 812056
87506 252818 138313 131344 162915 100723 266057 245296 84192 189608
478173 563905 419427 414660 655604 485619 456018 552403 648913 497791
694060 601408 647285 574916 713882 753060 564907 587031 625384 641872
