24795 413470 558858 346140 149942 922324 872839 577498 843582 121922
602118 618564 325699 75138 334440 641338 161596 576129 145798 60011
61455 623319 850814 434960 529043 512932 105735 925385 161891 584670
305880 10647 110327 352589 325584 235054 56393 108834 427643 828127
764896 333732 870072 768782 69678 750702 33363 262028 437163 783408
471457 451092 75461 265783 542324 356726 407302 110990 175724 566630
848354 9594 616123 992231 912498 849364 282718 487495 822389 918766
185777 815376 525320 145287 189014 666992 160130 595696 58369 409881
458863 765708 429356 167112 158 129446 501424 244640 151157 280811
130874 316025 69480 653807 195638 119173 389474 525157 791824 509973
604847 407315 604013 934075 172386 401016 930601 2848 56939 34197
891741 131292 599370 692753 556001 457130 264389 560514 702456 216261
337225 313126 442501 376248 598086 496736 335381 618017 767022 960724
869846 681294 187231 663908 134451 66368 152312 458060 661021 918455
975326 340686 322400 197070 165818 440661 839078 324231 749458 239731
909631 45853 597134 919369 398188 444116 213186 267251 595220 15618
809255 103070 176510 132488 955420 966001 717072 932730 210572 484613
458189 244942 588694 668797 558316 168271 901749 74837 472554 775313
50645 393820 890748 66887 965274 928915 918814 296989 534479 327206
180877 207043 130890 870917 340138 278224 354870 216723 190020 589305
490309 202828 568970 490783 709381 862280 825788 964910 666323 616885
586420 733757 328111 229339 841956 954441 605371 142889 355052 715400
538021 791513 983419 1350 209970 445662 872086 770838 23731 147527
611975 810060 583684 419239 377442 580707 208950 388864 358541 57292
32627 124848 557838 93561 425428 416234 943938 890523 633092 13968
44636 559808 205465 892113 305682 42513 518796 350563 984715 561767
638292 120834 885246 457605 126014 635652 384965 563137 587535 21902
844025 433720 945049 187253 979811 862772 445493 880703 23571 713071
737684 691144 96899 907578 429497 126399 216723 121689 505630 396354
213890 104058 421968 192968 554199 251479 171075 684101 410158 46538
576223 512325 723691 587114 9321 989234 109677 904758 625951 667367
938886 984495 717261 157101 1443 568687 605506 651807 883275 960301
567336 537590 762764 661991 299223 929107 760669 30123 662250 22399
941897 88010 714254 846306 437385 164269 803392 53505 568705 562613
205760 152985 65485 458644 775701 871383 957482 614856 663357 118962
745062 216769 556603 678833 884952 595376 835825 236167 816939 535125
78453 556396 932964 215359 839392 145117 533688 36505 373707 749141
62797 276971 554935 39672 382475 809088 26431 659185 368884 834640
462977 411924 935205 708092 917813 106227 351077 971672 597854 278915
233703 883455 838418 78643 676903 219808 128511 975311 422556 616770
163434 256127 591968 159211 173349 898631 143093 55409 79693 31270
423079 618454 437755 644346 550029 594336 244847 46544 233206 769751
961862 505528 399394 433068 212252 498075 391161 547350 713781 260311
423004 594522 416765 52479 871357 9589 793261 147429 242667 246912
694389 133895 728942 636947 632517 239883 153407 336352 821642 166475
286354 60950 461302 137386 830496 894382 141276 890419 626423 510700
836139 428534 41873 79619 753251 623464 141275 638946 267057 152212
395066 399805 400191 511230 68399 888320 47698 797789 182878 909782
751707 918884 458553 890653 338715 580599 103704 73157 150170 36307
427338 331159 718494 843320 254509 923097 423256 582836 428214 249914
226781 406107 49214 840990 366724 759418 377800 773194 636633 601630
820126 646073 634929 157101 248858 814243 243499 355574 486615 926984
705493 482756 281488 937652 28994 374233 408072 432803 96449 493883
518675 400577 657308 73596 973966 546758 117709 402754 338588 444409
897390 122420 825454 153396 895534 308125 225261 497238 142997 456882
722257 195910 256266 495522 938487 553535 391946 866453 794559 102346
446581 71723 842940 755210 512749 970182 269290 545649 23079 366108
521746 773054 283690 646283 645349 812527 658691 534182 692060 478198
933948 220374 628414 905137 314145 184892 946636 115090 751111 75411
411840 302890 665901 305857 642493 908032 501738 122617 837475 530723
531747 624594 611590 354926 142842 748454 912860 742304 322027 654688
731995 214042 787774 180088 701218 129229 112808 269788 844814 99589
485862 496922 331907 688146 234181 298386 787622 116144 912308 365037
396899 340052 822660 396889 285295 480383 761526 651192 149652 631467
165623 800901 841238 983736 106835 967559 363742 810715 775507 599944
5367 13391 972176 13067 649421 657253 19601 737883 754674 757774
56944 622385 66277 891359 162577 158891 320876 937354 348062 708704
476732 21148 637092 574630 212496 902409 479664 916252 811381 809567
357232 16771 242969 549749 276854 726566 974827 624911 34372 671872
985775 218969 963990 978634 405147 215307 286318 676870 948820 853380
768501 203826 98633 670595 571102 439922 831432 93588 169013 362085
652228 493239 278362 781034 208775 42126 522926 23506 349073 677632
449571 154169 262939 826450 913740 462735 947398 42630 775329 420756
352559 523427 532563 200384 425183 543169 298413 267015 394603 953914
897586 224864 708510 417049 397623 788163 213248 688620 18589 943396
359854 36140 705138 397355 732417 938867 358818 278415 353273 872650
16186 389574 268468 883181 71221 404636 445534 575112 528487 819804
150465 775515 537793 873676 929243 473280 276410 587104 925973 435763
269210 529572 237964 139504 139889 688296 669081 96911 545100 501053
920177 601909 188123 201924 647885 558873 618974 364612 548288 398689
427126 209631 271512 706675 401525 568178 925772 263542 361389 148393
153355 645885 47130 673202 343174 700169 694717 12915 40797 336539
757016 55834 161218 393681 480593 540542 599746 412655 778627 132784
372374 386664 393805 415556 454627 18538 431756 722969 656513 128789
754563 125478 30850 962309 504069 536380 843984 253385 363915 17615
564656 471425 676893 640738 384992 204763 34377 433654 209184 513625
348131 958607 86312 856286 295570 490448 308402 567876 623518 105263
455239 444071 81597 156834 738386 986437 731768 701393 634188 532148
290604 50881 860019 155287 253797 330451 350043 151470 305764 904132
256271 69815 126554 352820 411444 535362 80913 413196 334770 820406
225852 906625 173975 16328 675760 969235 915460 669655 543061 98205
763111 183662 598432 886103 847487 800908 257120 827546 53692 94706
956086 768140 856580 760476 249282 432088 170482 745604 15465 45310
174922 596633 512376 415597 928131 87013 294794 60313 894551 193717
914993 552136 621707 878418 241199 225850 762906 271845 276981 727381
147219 350680 356188 880843 377800 553392 324200 520038 226781 148696
15668 289167 755382 492007 55427 276054 846297 597784 73352 668763
292318 498991 309462 899854 302024 392167 664430 412778 51947 725255
214909 965680 264408 630430 920306 710469 646675 770601 63583 991289
720237 492705 297991 198104 279999 658182 812551 275895 415294 714567
394284 454979 32189 622968 260248 82706 249628 453666 932898 748568
272764 451297 677672 321919 853765 91328 861619 147758 303759 957773
125622 127767 924842 234021 909827 444926 867030 556433 400481 168641
626175 549405 534869 767751 491028 889733 451294 221555 866377 654651
404810 735375 812366 985524 148514 536285 406899 588284 900895 663095
266737 152759 614624 362556 184014 110628 661603 921793 122981 25059
839561 42466 915555 829675 6692 699964 50047 697788 50721 908191
85951 462399 629775 937787 891115 90421 843109 662474 800322 734833
399569 934816 87930 417578 120454 878518 501520 462951 539205 254325
653527 122772 876031 518391 887248 570576 271912 541626 263145 851792
973086 617317 484991 289449 351535 975269 957297 596960 29728 267004
764465 638772 53519 944972 135657 425666 336275 329095 522078 137276
559489 32641 113871 27542 879142 601327 200925 716229 647248 765004
38910 551269 502777 768086 801157 751661 18029 116887 845913 431234
383235 262862 122227 187259 770878 252094 613141 511232 700628 31387
418568 180901 271898 313854 742114 777613 78446 928982 903337 746847
147524 758877 846578 808026 40059 221616 516903 406961 865544 858202
149650 948609 435467 895248 86279 452039 96993 431253 440148 878554
528046 39995 19133 442337 106003 752116 807853 895352 547349 33123
982389 386060 961290 464278 589792 797501 262552 659877 232289 517574
725444 146110 825967 964933 29832 903946 831515 446408 116074 30691
524675 510155 210648 861239 979018 162079 25622 722373 28069 973272
891279 753604 807352 404735 82936 407054 867319 980941 519756 597412
919244 32518 724794 155706 327436 698813 906270 934576 744312 8354
379099 157124 3263 475168 740046 307645 357541 96357 451620 169935
57091 186771 952011 856359 783292 754869 487823 123055 504277 150384
896043 774757 13303 597326 525014 477448 347984 668105 92310 333703
191145 446648 800012 159225 100714 290290 582517 448744 819510 190344
990388 252639 695674 605280 754426 27380 43565 766420 971908 341946
584933 162579 491044 303266 866919 367965 863877 774697 690986 284177
276129 830060 121213 805872 908774 452036 346180 96348 443492 234766
391979 656442 377666 331207 180462 504455 366344 339200 284184 641967
153980 874693 989997 256604 458448 14240 975186 604013 26610 816168
772825 295393 676 781875 28934 467488 507280 956454 241448 598909
324271 771191 16378 931596 293020 696638 558398 295843 534297 40533
949007 838611 921543 674331 233219 379959 173172 632030 4346 351126
201216 802250 432473 478116 977501 544737 622591 150457 689461 831561
659144 709647 186202 691275 281462 816890 701683 747103 68710 139890
584315 881187 41192 342664 162626 65242 13948 406909 905262 351618
436003 435320 469686 61629 732365 40059 23377 555390 63892 964798
988530 470426 112994 155256 341606 163008 237222 679282 566810 771666
873399 49256 587406 353794 665223 260569 787306 108422 962944 827547
604170 311701 572143 476553 497272 895848 566777 251687 394141 924786
189423 36271 462267 184422 709639 755614 107030 669245 122363 543657
844670 723953 567330 33238 439383 838563 882649 385992 791407 815032
778115 306704 221544 955267 288015 253871 503518 88138 616109 257152
186227 137702 34999 841835 242242 372927 911553 153359 820984 224185
973710 968576 618315 484781 599343 660567 265153 662862 982956 114574
707341 96650 259618 20516 640000 759088 985541 538899 878160 170998
297482 367413 969289 430282 188769 534008 795237 10814 172901 598853
121610 729402 402849 215161 173231 633429 185619 725495 598192 85440
476186 796094 215686 249536 20186 611295 106991 160986 969569 417920
105328 963198 936942 688499 4920 266464 74786 63059 825860 141338
564614 218183 490626 545987 746105 221616 487439 987739 791081 449127
863313 459051 120836 47459 842205 119642 784418 255129 477917 463600
434299 745889 296949 855299 448474 413191 157195 820130 982769 301669
35853 413391 242485 141038 244709 921620 754394 844968 669031 261527
244609 163228 624657 378032 473689 79575 824994 169219 133148 133730
196325 228264 78248 799181 750942 259714 445512 194336 646804 193812
774837 878483 647130 152348 249674 725169 251851 39502 202396 7436
521990 411806 789493 649185 928749 137348 588505 475929 892559 790228
169199 251436 186354 759619 441275 279423 234054 761138 499230 763873
858683 229666 120886 142289 130779 546021 580158 118387 403523 368613
225118 934853 74836 652620 636316 14042 494272 735466 733621 23804
606438 261194 644179 107949 900490 436451 261140 310357 222064 306587
553469 166341 92000 500683 816672 88306 166199 146017 256494 939781
946335 633929 582262 615182 548010 626814 981764 541169 281653 480009
383555 162523 55858 604998 543765 541068 172482 478949 302445 73098
110460 735016 367717 704029 376591 391464 209382 506145 172062 205084
19509 914649 24200 197306 967044 414764 326723 981030 619117 324826
232966 947802 647461 777890 72235 461696 673526 667314 668766 65155
337646 266203 150517 204868 120353 143766 232829 81460 284673 40878
465731 356316 217988 235268 667264 804496 324364 559165 572007 244147
324071 712027 985808 807368 1356 211739 364049 892620 749896 241689
876977 830923 370501 771932 313318 30770 400595 986790 60670 854275
122909 747820 469702 788419 388136 727354 524153 280945 110167 307471
304170 631262 943368 461196 644179 863828 199725 527215 681301 438086
691772 963465 726767 814535 550977 950899 5311 660378 2154 214119
67225 273583 933641 939782 982317 340080 514867 335323 559246 488635
105496 210812 449705 57738 959522 894691 617272 277269 746955 220466
403502 833254 572336 380733 875822 66593 567189 960738 53123 755658
444355 352106 123332 932879 538246 925545 294721 160361 600252 456364
312400 308943 145589 485510 892816 940442 214873 551911 636820 727885
328262 506214 344855 932292 323417 128975 958429 279338 815293 312958
364371 492728 5296 384187 222015 579173 859037 113788 111229 835983
104782 472295 55134 770070 230482 855275 844753 947740 13958 783609
438837 876487 500403 631323 540786 394666 670302 399134 811526 686037
134930 392951 106140 504943 472461 808516 440651 305043 789305 881504
397078 485868 159300 815359 735521 60917 588400 570918 985887 107257
654921 822011 699912 188568 547893 782867 468364 543019 183901 368392
852692 288202 907873 301417 367229 790452 624451 760630 538679 384251
980299 26276 802362 786176 10572 335223 971650 212427 121519 87718
958922 194369 221991 423095 191504 619719 613601 146005 582764 548726
933330 797809 644301 359049 597027 344205 957572 839544 840698 681110
13407 332658 802591 659426 813920 742299 539890 795857 493279 666234
