12675 12109 12343 47576 50768 45282 46956 8938 38126 20779
41117 3508 50523 31982 24034 40055 37140 20732 20434 32274
39615 1172 444 408 8380 52161 29309 7498 27476 32545
37147 12901 49043 10172 43244 27405 8380 19873 7474 28773
34669 16690 32959 10460 52502 33673 20097 33809 32157 25118
22290 22886 22006 52470 34533 27173 42234 26228 15268 50918
290 45316 14500 39898 30998 25046 18049 11924 5350 44831
43244 31114 22157 30255 1677 27694 16689 11209 52837 19873
38192 12202 8061 39205 19582 21742 1501 42664 11349 4675
3819 13389 29794 20411 44240 45070 8059 32860 30422 36074
36833 29402 13173 52136 49498 52722 11684 33795 8697 19402
47812 8582 40512 35476 12847 30373 48354 45360 44788 10343
11342 49589 22221 21003 15902 37337 44467 8006 2310 38139
3454 27984 43714 28616 2343 27068 15343 1663 593 24811
28645 20035 5666 38714 24980 38586 23131 23748 37932 11620
43546 34170 4561 2731 25497 27662 39276 52305 45805 18082
15407 25695 2688 20865 29325 48059 38351 3826 18264 24487
4467 19581 20095 38207 46681 24946 30237 25548 47596 28472
23512 21020 47000 50521 50512 20611 31949 24750 20848 48124
8134 23284 2855 34587 10603 14978 31840 40591 15079 28949
25069 1629 45784 43434 7348 5188 37651 4312 22328 37550
48090 16504 42268 50603 45790 12363 38983 5109 48296 17676
19850 20678 10577 6472 44274 7113 14159 47388 25003 36676
17962 27950 19517 22235 41406 48415 12917 38347 11581 51182
571 46128 24955 45068 51250 3302 18057 42002 468 13438
28357 30388 41808 38887 29139 27366 6451 16112 50708 30566
37641 19219 13788 51492 4985 42336 35068 32565 35369 7147
7485 23259 35974 19077 31576 45875 9055 10459 20579 5601
26087 47699 51254 42646 29698 43918 41035 40920 23768 14604
30733 23101 2336 48240 43891 4867 14765 41254 46400 8021
35914 45401 9019 6621 47643 10058 2258 33144 26474 50950
16772 26054 21473 16983 38153 23046 39916 45037 42519 19244
19834 51768 8681 5391 18266 52248 17372 39935 30040 19730
17905 19869 29392 16107 43806 14190 10356 31901 24037 23817
52648 40553 40270 5601 14493 38182 28655 41567 27628 23403
31577 1370 29849 26266 5679 3454 37853 6267 27984 26493
30758 8713 32221 25953 12600 27402 2574 40353 11790 9118
20764 35504 16754 42268 35445 45169 16106 558 716 27868
38105 8866 52200 9376 34115 15608 11405 26698 28554 10222
18129 25548 48429 17665 9990 27990 14662 8308 38207 17443
12293 21075 15883 31913 23313 36924 48415 22964 27223 46275
18134 25478 10207 39693 14442 30225 43781 47656 28497 20004
50629 25491 40175 19321 10884 8582 25262 8188 7665 41035
15629 12569 38456 45156 3213 19564 9983 34247 18090 8985
5520 16526 13356 44341 6119 2494 20881 21874 26450 31052
48835 15834 34775 6685 41881 37151 51068 15616 44655 17035
41353 16759 2232 18560 4832 32830 10114 36644 5741 19637
34865 2161 24463 52476 11515 34608 11832 14494 36515 21867
31948 37362 27570 18815 46731 26728 33252 12954 43895 10554
7418 7031 49062 17141 29644 22765 8939 15242 13895 43499
2953 36034 41423 31923 29068 10515 19564 20237 38673 35349
44195 50437 28878 3230 18878 15061 28445 40887 9287 24453
7912 34879 24410 1444 10587 28996 12333 39660 18326 14310
7187 10935 12148 14064 16022 45007 44326 22769 50612 4878
14064 8299 31318 17410 3581 7087 17603 36358 30479 15321
46687 44223 11145 26688 38211 18557 1450 38584 41689 24356
8641 23864 5027 27180 29776 31178 52294 21915 229 17281
16853 38080 35991 11975 25775 49498 37963 37085 43972 29402
3364 15464 40369 34985 6071 7408 22347 10367 6405 18538
39115 51629 42466 571 28951 50309 28694 12015 31795 11763
2232 10114 31202 6652 29637 20414 28397 34205 4149 27445
8692 46274 34689 42908 9927 43846 3773 24980 20035 34533
8884 11646 50972 49848 47900 30259 14203 52694 44204 51665
49897 51133 46908 41858 16376 22013 34189 9585 5470 32095
18049 20004 25046 6987 39898 30998 18134 42691 11924 35663
17831 25489 20019 15254 31561 29505 37504 1453 14886 34810
11303 52855 38640 20595 41810 4074 44382 30320 6823 12274
20515 18382 17279 13895 6720 7031 38370 30145 13671 45202
5482 34115 44617 4649 18538 35721 15397 35275 44323 26698
1935 44093 23521 45423 14055 37155 41705 40484 47685 24119
47992 16246 25768 42432 41140 10234 37157 49413 20375 38945
7365 52986 37107 3819 42404 47268 29302 13487 11763 42801
28154 41721 25343 41763 27109 7852 24202 42552 7574 12808
36286 9988 498 31843 47520 25262 13157 45237 23854 35403
40322 28701 22693 45436 16824 48142 43872 38008 440 48515
18541 52419 47099 35793 31639 10457 24505 44534 32666 1629
27307 31806 3058 5622 41323 25438 819 50193 29916 23815
7924 38398 23338 49365 28147 23006 15076 38910 50896 31838
28885 3486 15134 41445 42050 14444 33255 3157 26425 31583
40055 8152 16346 37140 20787 39521 32165 21789 7437 44018
1293 40688 46887 42606 28637 32362 39929 7832 37548 29600
31134 37870 18697 34084 14003 2232 43949 20154 18483 38779
39107 13921 28497 51272 38253 18154 34870 37521 12333 50964
35824 29233 20632 51722 41858 44540 44326 22666 16406 39925
31964 21087 18409 18003 2019 26952 34729 13661 35910 17205
16426 46024 30997 24967 24542 40612 14338 35347 37595 32204
43449 4089 15857 39360 36537 47247 4207 39091 105 23513
8563 33800 7513 34152 22235 22578 16861 24257 35617 32490
22623 22276 20772 43066 42261 4305 47282 14849 51772 14006
2752 26361 27445 48575 5842 12522 43715 15883 6310 29321
5503 46758 26604 11868 940 33675 13567 45286 412 48538
11824 20422 45833 35887 18390 40215 52976 36061 27834 33438
18563 37099 17128 34299 22818 6315 16871 17276 49116 25889
8641 35147 20850 24001 29776 23726 17023 4271 25442 52294
29291 9149 4519 26614 15734 43880 52049 31533 50525 31775
47821 46934 12202 12613 13340 15822 1501 19582 6972 33741
12507 12348 37440 6083 32787 39162 35277 3832 44501 21094
50784 24356 5534 1725 44708 5035 12901 18557 13759 11594
14935 15401 23768 32568 41202 10356 12067 44583 506 23551
45815 37245 11798 15493 46009 7332 12653 12044 52436 37794
45037 42519 35933 45568 16097 18490 40603 11885 233 45202
43889 16027 10341 11863 31183 41877 22197 50333 2289 244
8668 30202 49582 39782 36173 37472 2234 29695 15276 44176
1444 45122 12333 40422 25180 49846 50624 39782 3643 12255
4455 2549 5312 9167 34902 31126 27083 24580 20289 16797
32024 4230 45373 42404 32111 27967 38398 25484 40759 9797
26808 2305 41299 32901 20863 8595 12843 32533 42527 18671
24155 8438 37337 9392 276 49186 26189 42733 8975 20421
45229 45364 26658 27755 6716 25021 47143 34533 20610 25015
5741 14348 33553 19304 48731 35858 33295 29989 14829 49383
26604 5698 41400 46758 43596 41779 13784 28431 49846 3676
11180 13987 19833 38694 16827 42465 19331 40361 46991 52226
21752 4867 17086 2494 30590 16450 49880 22945 46400 6119
36941 28653 35684 39518 18872 19012 29901 29698 45694 17260
6652 11995 31202 2232 29637 13540 39678 28397 34248 49582
44235 13433 41326 22607 21867 2014 8844 48354 50815 4177
40682 19517 26921 22235 19614 27950 51328 38645 1295 13402
33583 17476 22902 21185 24944 11113 1721 36872 48416 44900
44880 22146 20633 5749 39684 26792 13607 26206 21621 15342
18220 8963 44577 18995 6234 48912 43737 44557 11211 42504
12074 44214 52469 32415 30997 50187 1544 7846 2193 25015
8152 505 7390 3237 45865 14212 29995 22373 41083 8720
31476 52906 35986 22186 42063 18154 6305 46268 28442 5672
27401 37212 50433 31879 34935 5722 32974 25037 10038 26952
25518 27358 38269 36735 4494 12706 45372 7332 7253 49257
35685 12668 32691 8401 12031 26769 49170 15949 19869 38285
38225 24766 25988 48323 31478 25425 8129 29031 4667 29325
39559 29733 45000 4086 19289 21785 42390 32563 51133 32095
16339 37107 51757 36999 18408 7662 35834 38398 19867 15444
29139 26533 1773 47492 4485 1643 23490 30388 39855 7044
15401 11887 22859 31784 19834 28939 50518 27356 52895 16940
35224 26004 39895 1859 18128 10114 7500 35763 10311 975
46301 35132 43277 20407 33787 29225 30433 48739 276 23586
27178 52005 28489 875 37467 24219 44124 20266 37869 14556
36397 24715 43510 12437 26680 15749 953 27648 21670 52648
40592 31434 45080 49617 11013 11458 40555 40591 26745 6575
9557 52008 8329 42589 27804 21405 20403 15407 1385 26839
20764 38983 31429 11454 8768 11661 26439 558 35445 41873
39204 37387 14316 31478 15266 5232 42478 26457 49022 20964
34858 11754 9815 11581 33869 5302 22663 42826 44962 11801
44104 28045 40439 50309 18910 41574 26474 15797 42466 29616
41986 11252 50946 14067 16171 8677 45813 37633 38259 38270
13442 51098 47974 36225 43854 7266 14494 6000 30877 686
17057 18965 41964 10459 8871 15561 35346 26236 30590 10659
25668 48118 2232 14133 7424 34767 51231 35763 34301 47180
14282 41821 27592 33492 8006 6580 12810 15029 6120 38339
19399 44557 37272 34539 45254 12246 51320 46328 7190 10528
33749 8605 37826 3364 17201 10367 22347 46623 29934 7408
22383 19706 25204 34418 51721 19024 9661 45177 29453 19903
30650 52193 48623 6715 16596 7344 23513 21118 37814 46502
39990 42421 1679 4675 27739 45468 5666 24844 38368 20607
6059 13916 33223 34442 1400 12003 21412 44065 8693 8652
19637 14120 26361 28597 1600 32225 33570 31027 31090 44298
13284 51223 23760 20980 6060 44404 7333 14940 7907 5034
40937 45286 37902 51858 25051 32490 24257 40434 35617 43596
21473 45675 44241 35933 42519 38153 22629 47220 32992 7418
6106 13801 2093 41087 2978 22862 30843 48516 14003 32079
12483 44685 21255 12414 38080 29174 3090 43972 22080 16544
46716 20359 5141 11223 42883 38726 33964 27453 15638 49278
25508 1809 13540 33305 46862 1189 15329 21509 40956 16866
17905 16107 8554 19869 24037 44583 10620 2569 4351 38025
3302 9635 45068 20230 10382 10237 25813 44501 52216 9534
7762 36158 36991 27445 1066 5326 42189 33864 40773 25070
38766 25408 8866 27218 10222 52200 15608 1465 14024 862
52626 19293 48507 19925 40230 50185 11363 43984 32822 13343
41831 19674 26822 21321 27680 30 19254 28496 25713 50117
19751 13201 26952 13905 18054 31879 12109 17971 27401 50448
35863 47940 52306 14376 51138 46989 2864 39112 26347 16202
11798 25261 5488 33960 34612 47922 48629 46009 49759 8316
14611 8767 5352 6423 24001 35773 47330 50975 29776 23864
41254 4867 17086 46400 14765 23101 33947 13400 26754 43891
15329 2704 18995 31252 22816 13273 31843 20414 33036 7304
15079 43091 23521 13965 34029 17150 19664 20402 15969 6417
21401 33636 36997 52135 2872 43584 42729 47992 17139 12363
15431 31266 36726 44647 50675 20523 10377 43852 8836 35170
16828 52432 49199 23137 46509 9570 21563 14077 6155 25681
43503 13548 12101 24846 3457 40112 14532 44584 9227 34502
9060 37236 27965 32458 2520 19640 47910 43452 44003 52690
24356 38031 19397 37151 50927 5534 31043 8052 1963 33339
7812 33951 36642 14952 35107 46294 212 46926 50152 40246
18185 47484 37870 14270 5576 3692 917 40488 40503 28769
11607 22769 45835 30983 14983 7187 16851 25688 9972 7087
30464 25775 35917 17504 39700 46115 25978 16853 17182 52722
21496 18606 5137 14316 6985 36522 36770 36187 48971 18581
35991 39786 16544 43972 44345 12414 37963 38080 16461 25775
1303 51888 6562 52495 33473 42284 30588 11830 45459 46404
3225 41784 5472 32409 38585 50644 29225 48739 17468 45918
1063 3360 45343 42940 28791 4217 526 22783 27963 39004
18354 33313 38366 38203 41241 18054 5722 49228 49934 26680
7154 12338 33583 4648 46946 20866 31525 5749 1721 47271
48583 44296 46082 50306 47841 3988 12296 46672 18220 340
49047 41366 51317 6415 24031 15137 9735 34624 44983 25187
17413 44551 16596 25701 19546 42022 18110 1013 6715 18430
30269 49557 22018 23439 26467 34104 33526 4810 52100 19903
40773 9962 7154 5701 24774 48416 25351 30280 8451 20866
39639 33592 39717 42876 20266 46172 41007 1725 16785 47583
37736 52478 47429 1527 40382 38894 10413 18543 17604 10418
16169 25262 42919 35248 2555 47376 23430 19333 35403 50599
35408 17817 37616 49105 35001 8805 31834 751 2668 16701
5886 2574 30758 27707 10883 42305 27794 41452 37765 48008

QPS: 911.1208863777315
