12675 28232 37727 8795 27572 16050 28477 12109 47852 12343
10029 38622 49607 14992 40051 41117 47426 29329 44985 22877
39615 1172 17879 40087 46442 17502 42782 19129 52922 444
50367 5895 16700 45819 37147 19827 3133 12901 9963 49043
18035 26538 46707 34669 28728 46568 14651 28174 21083 5487
22290 42385 22886 22006 23689 47780 14380 52470 46415 34533
1801 50457 10278 30361 16042 28256 290 8813 24374 45316
39885 10931 3830 45554 43244 31114 47029 48720 31021 48020
38192 24560 591 1974 12202 49026 45758 47197 8061 13321
41841 41061 13245 32279 51842 45017 9405 948 3819 30965
24881 37735 13477 10805 36833 34856 29402 13173 52136 25608
47812 46753 8582 40512 1357 10863 38289 35476 38867 20042
48560 30852 11342 32708 35039 19524 33720 49589 22221 42327
3454 27984 43714 16131 28616 12751 34967 2343 16614 31279
28645 19530 11972 36209 12739 42462 47002 42559 20035 8344
45619 43546 6446 30288 37407 33603 32071 26037 8580 33515
43827 5245 15407 3930 51421 39511 43108 22087 805 5988
4467 34486 19581 6700 43123 51512 52174 50163 34095 24259
20380 24992 288 4136 46819 16905 26198 23512 27185 804
26392 43805 18547 8134 43382 23284 17625 5772 20930 42049
33044 8165 25069 15066 9746 19055 15992 955 21334 52201
31217 48090 20948 2757 16504 8443 38572 40949 4522 49875
48403 8406 19850 21517 20678 20791 9525 28740 35784 2039
31011 48677 49958 17962 27950 19517 22235 41406 17474 4070
488 45462 7230 27110 8063 38419 41419 19010 34847 571
12853 1265 15423 28357 26491 2593 465 47648 17011 48928
43782 7000 19522 11709 5408 22440 37759 43751 37641 41001
35326 40766 36119 19886 42608 7485 46879 23259 2252 39041
15798 12596 47699 51254 3631 42646 36423 14707 32044 38546
30733 37276 23101 2336 2875 47457 40146 50239 51726 48240
27574 32986 35914 42728 13524 45401 23190 37200 39168 6046
16772 49163 18962 30903 35067 11805 16533 26054 868 10390
45542 19834 51768 8681 34638 1164 19439 5391 31827 11299
46406 50008 8858 49348 13930 10552 24452 17905 32112 40702
52648 40553 24724 38338 43636 28602 43263 37473 27635 47823
13829 45688 13448 48700 47785 31577 1370 8304 1222 3105
19594 30758 41861 29968 34727 18984 18508 24755 21929 8713
11270 33962 20764 41063 13499 13998 409 9913 41807 35388
23642 16122 44528 38105 8866 52200 46457 9376 39528 33668
21980 16807 12766 18129 36969 8552 25548 48429 17665 3660
44377 48087 12293 21075 15883 4015 33234 27273 41533 31913
39386 31037 34527 29920 21362 18134 3798 16847 52508 25478
50629 1937 38546 27077 51904 16108 42080 19104 25491 40175
13111 15629 12569 38456 34610 45156 26121 19865 35144 3213
20391 5520 16344 45029 17028 31790 20329 42684 12372 52870
10660 24312 48835 33591 28377 15834 34775 21772 2792 12047
35743 14453 47888 18376 38881 41353 6793 16759 31974 31016
1341 34865 19748 3506 2161 52073 19097 27398 835 24463
48751 31948 37362 38689 27570 18815 46731 40393 6917 26728
38579 5301 7418 8281 38549 14915 7031 45520 49062 30251
42052 2953 46371 40449 36034 42073 41423 50277 31923 18163
52768 44195 50437 28878 32815 3230 42739 23391 15061 18675
24261 31313 11708 11945 17663 7912 42741 23112 34879 14990
37998 7187 50365 10935 23909 12148 19446 14064 16022 23560
2433 44819 4468 32741 14064 8299 52480 14021 48974 31318
46687 45021 49205 15050 44223 9079 18379 5455 11145 7520
23697 3065 2666 10473 17866 783 4553 8641 24493 49371
3153 16853 38080 35991 43264 11975 25775 25608 38563 10590
3364 15464 23144 40369 40621 49444 34985 28111 6071 40809
6459 39115 41419 43780 9564 44897 47170 33034 51814 51629
47463 11933 41908 2232 51301 20296 47461 42756 32103 10114
24454 27682 2422 14830 8692 46274 52578 34051 34689 42908
46289 24678 8884 45042 49118 14362 11646 12509 38990 51244
44497 49897 51133 27510 29576 9086 20162 48688 18860 51602
2738 18049 12459 39955 39070 17730 28044 10057 38256 20004
46965 51525 3876 18016 32179 21849 12452 6158 1586 17831
11303 52855 38640 20595 14468 34675 32121 34282 11355 41810
45241 51596 13641 20515 16821 34687 19085 18382 40049 17279
3565 5482 42467 34115 44617 4649 42903 24033 7070 7286
938 51911 8264 5863 1935 4885 24873 44093 23521 16262
16629 39995 12995 35259 17609 39674 29677 21514 47992 10316
7365 51553 33453 15120 19762 44495 52986 4269 4658 37107
32681 16710 47081 28154 14302 36267 34713 7521 14901 47013
5308 36286 32482 12409 9988 36231 498 38378 18063 36291
33490 13390 30323 27514 32829 21038 96 21463 40322 28701
18541 14949 12199 52419 13398 15232 22627 21225 31169 8511
13234 3699 9340 42721 3426 27307 39289 18208 31806 25552
7924 4251 16909 28230 29598 33324 33397 15309 38398 23338
34438 5932 28885 385 3249 38044 3486 14461 26429 19588
42424 27830 40055 48346 10029 7683 30435 8152 43668 2974
1293 40688 46887 42606 28535 52804 28637 47766 16933 50203
37020 31134 24380 51781 34185 22785 26752 37870 20675 18697
48465 22690 34543 26692 15658 40588 3667 39107 44409 36363
39548 33955 35824 29233 20632 23560 4296 37636 41474 19313
48305 15425 9344 31964 7403 22590 10625 45268 28909 21087
32509 18330 37655 30963 40018 4365 50198 16426 46024 25833
15142 43449 1843 41561 3822 39329 24716 50162 21173 15857
18437 2747 41044 8531 35806 5525 25504 24364 18446 1268
22623 34801 21105 3725 22276 20525 36111 20772 29110 33549
11621 167 7090 16978 9957 45117 2752 26705 26361 43022
9546 1104 5503 18113 38928 6653 40527 46758 14701 7057
25443 19580 11824 43962 31109 49837 26345 29171 40745 20422
14280 48582 45307 21056 46309 45302 18563 37099 17128 31327
277 8641 48013 52153 34043 25157 48313 19847 35147 32094
29291 2584 41042 52445 14102 47959 39117 9149 4519 19851
47821 46934 38183 12776 2556 4693 37683 20799 12202 36892
10164 38466 12507 2390 19602 3947 12348 47688 37440 23052
21810 4162 50784 37923 6810 25944 37975 15657 18769 41093
17262 35354 36549 39644 19477 33979 14935 15401 32044 23768
22511 5018 41896 11426 14025 36929 38773 45815 2354 28695
34885 44147 45037 46238 42519 901 35933 45549 33887 11237
18945 10741 20372 28606 21334 43889 16027 25575 22338 40509
18293 7592 32387 8668 30202 49582 29961 39581 30546 496
1635 31665 1444 14086 11075 8523 41955 21005 45122 12333
49884 37117 4455 9533 2549 17961 5312 10802 9167 43064
47446 8064 32024 41061 18784 34085 4230 1710 45373 42404
26808 47313 14955 23300 40410 47138 15803 16505 11494 2305
7572 29255 15380 3400 43544 52295 33720 16168 31522 26325
9282 47613 26611 44304 27052 24049 45229 51183 22338 45364
5741 12916 4718 23043 47611 20983 401 12516 14348 33553
12891 26604 5698 41400 23656 46758 43596 8305 8740 37070
13800 37131 52492 31808 11180 5997 46191 23170 50243 13987
12372 2875 21752 47457 47932 4867 17086 17028 1547 13124
36941 42649 14518 28653 14081 35684 39518 24372 18872 19012
32103 11933 6652 39076 11995 12727 47461 7608 47463 8829
49264 11939 14205 13433 28502 33709 41326 39711 20250 39370
19629 40682 34871 30201 19517 20149 29256 30823 37003 26921
23638 33583 32214 14824 43813 10302 48670 17476 22902 21185
48692 44880 22146 22076 34755 13441 43609 49363 22554 4396
4378 12041 50710 28854 36912 18220 5573 8963 51847 45406
31271 9833 3259 12243 1756 12074 38836 30846 44214 36115
40177 27675 23000 8152 8386 37860 21555 505 16975 30435
10465 15801 32952 40235 31476 40883 36267 35667 13902 47789
25498 19630 49499 43088 27099 27401 50414 45065 37212 45318
25518 35467 27358 24368 38269 47724 1430 36735 4494 49969
36589 35685 22749 22158 3556 4784 50318 4129 12668 32691
38225 39428 21337 9872 41709 812 26003 12979 24766 25988
29571 16713 51991 17738 20162 6692 39559 29576 47664 50609
52570 52899 41442 35159 22465 45991 16339 14946 5761 37107
1265 29139 26533 13419 21945 28194 12853 25017 4913 8083
16002 32076 15401 47539 25800 17509 11887 20482 17783 23080
35224 4957 26004 39895 51847 26705 35446 39002 1859 38333
52003 26202 25321 46301 27615 35132 51281 43277 42859 25966
6373 26332 24670 12178 10421 39575 13034 15769 10919 9493
10386 3404 48717 18059 38878 36397 8479 37534 24715 38005
1897 45455 29324 40592 22128 25916 46360 31253 49543 31434
7170 48339 23774 42743 517 32434 9189 25472 19018 29111
20764 50526 41063 43904 20948 23379 35210 38983 9353 11270
51674 49447 10639 31332 14090 11979 21337 23925 24415 536
34858 15072 11754 25347 654 16581 27393 9815 3261 5531
38844 45770 44104 5441 13720 28045 1180 4522 40266 43039
41986 17435 18523 37586 12492 23801 2548 11252 26302 3759
17752 12624 13442 51098 16835 34954 38001 48259 30668 51788
37522 19902 29092 17057 40346 47889 51225 34620 12699 48484
25668 48118 10453 42405 31694 2232 39002 24528 8372 35085
31017 26916 51311 37687 43410 45141 31731 4250 7042 14282
19992 19399 49566 30013 5775 44557 31153 9737 17957 37272
10651 20591 17178 33749 8605 14909 11850 26484 30375 13278
21618 22383 13469 19706 42400 5264 50014 25204 25743 34418
9124 5124 30650 32629 52193 6696 41131 36940 48623 48453
39990 29304 3715 11624 1590 24560 45008 27533 42421 13321
6059 39299 23868 13916 16381 19353 33223 21768 51375 40912
3487 46580 13067 19637 46710 14120 39821 1168 18075 23374
13284 17583 27636 51223 23760 19832 39224 41305 37496 31325
40937 49193 45286 36363 13456 41126 11749 37902 27506 51858
19668 17302 45657 19288 19950 26541 21473 51199 2006 6977
30382 18873 43578 22785 37020 44899 45895 3654 36827 34350
19809 23336 12483 51315 30349 19578 10825 28989 33007 49689
47026 46716 15340 34314 20359 5141 11223 42883 25358 19552
7094 28071 42889 25508 43193 51970 26916 1809 37125 44347
17717 10552 8858 17905 16107 49348 13930 37937 17135 18685
12345 3302 43937 9635 46755 6306 45068 15931 44401 11416
38367 24780 26705 20238 16671 50505 7762 36158 36991 27445
21150 14411 33668 27999 18678 52629 38766 43656 9151 12608
1726 4331 16392 52884 27655 40578 33202 52626 6235 19293
41831 8048 36500 19674 26822 21321 27680 30 19254 31094
34553 34097 19751 28035 43223 13201 28909 26911 36577 26952
21059 36765 8074 49133 35863 8558 37920 18045 1735 27321
45716 15429 38773 12774 11499 11426 11798 31773 50029 2354
6087 21162 43777 5249 34043 22671 45573 14611 8767 5352
2875 42754 47457 14184 28848 18887 41254 50239 47889 4867
15329 32973 9758 2704 23766 10969 47851 29765 18995 19893
19664 47685 14925 23069 43639 2806 42624 24507 16463 15252
21401 33636 2500 37156 4522 15460 36997 11079 23581 33691
38685 15431 5723 31266 15975 3954 36726 34971 31497 44647
16828 37138 38736 20915 27544 52432 49199 9978 17787 51417
11602 43503 13548 4437 48176 52518 12101 24846 34288 51917
9060 24502 8716 45529 45678 33635 5405 20951 17215 4970
24885 30880 1173 172 30561 24523 2665 24356 7674 27187
627 38831 18254 44148 7812 33951 1553 10304 27723 21971
18823 21354 18185 42955 47484 5456 37870 14270 5576 47280
25599 44466 52944 42300 11607 22769 23909 40753 44919 35843
30464 46233 25775 42688 52465 35917 11192 17772 5257 41286
15071 35320 42822 45783 4171 39623 4095 18079 7900 44024
25978 22080 9986 37187 19480 30477 37256 33038 38186 46427
1303 22252 14550 26238 51324 23767 50535 12252 52888 27949
47827 3225 41784 2796 47033 5472 31196 25081 42217 11204
1063 2667 9902 7752 14134 44157 3360 17305 14562 22332
18354 19453 51005 51444 3989 33313 45502 17130 34553 38366
7154 1246 10302 12338 33583 26005 35548 11925 30421 4648
48583 20882 41494 45544 44296 29602 46082 37978 50306 18972
49296 49047 48744 20514 28865 41366 47401 51317 46982 50328
22101 45761 6549 20659 17413 45931 44551 37935 16596 25701
30269 21325 31849 22819 32341 50997 49557 39942 2857 35128
20157 6495 40773 43131 19616 20549 46658 9962 12878 1780
13110 31060 36090 39639 26855 4375 21793 33592 39717 37476
37736 27018 7086 35856 27112 29194 39218 37073 52478 52975
16876 19182 16169 25262 42919 35248 9221 34829 2555 5840
4033 35408 51852 14027 29609 41105 5570 2340 17817 50305
5886 20825 24622 2574 24417 41861 32424 19658 11469 17607

QPS: 830.4615122649523
