3745 34991 34625 18733 38833 40020 36548 17956 40149 51897
23000 20434 23620 44360 11364 42786 18000 28375 24867 26356
42782 19129 51608 408 8380 14405 28527 18292 25505 32545
20266 50657 19816 43625 39081 15746 25974 16797 52243 50900
34690 2566 32157 46860 12801 30103 28278 38421 6041 52847
22886 23689 47780 19087 32910 37567 26636 26228 15268 12829
49570 35030 40537 21226 18593 49284 8607 43946 52621 32594
3830 45554 48720 31021 48020 6243 7245 11209 44562 45872
45758 17423 25547 50030 40276 39298 48772 19774 50632 27192
41061 47413 29675 49820 45070 42487 46848 22391 27327 27441
10805 52136 25608 4017 41481 36241 32809 52131 25662 28933
38289 35476 38867 20141 44788 34468 32208 32386 48072 48538
48560 11342 33720 22221 42327 47345 21003 39818 16061 28478
10523 50723 39830 38981 13369 25766 42407 11618 30683 1458
31421 31762 47387 28690 38271 23808 17322 32167 47731 38183
24902 28664 18148 20650 51650 11643 25495 24523 7997 6986
5245 51421 2688 322 34492 18264 40916 29897 33530 12868
4467 52174 20087 50165 51580 52810 49268 16489 24400 35668
20380 24992 288 16905 51933 9130 29907 3098 22964 38417
26392 43805 461 41850 29998 52346 45786 5023 28705 19440
8165 15066 21334 32956 1629 43434 31475 44453 50328 15312
38636 37580 17819 595 9353 51045 40732 50912 1621 16605
8406 20678 39466 2610 51857 21263 46819 18768 12523 22767
48677 41406 51182 14350 17088 17485 32475 16089 34981 15697
7230 34847 3302 20098 18057 31176 468 13438 51797 7343
1265 15423 48928 5602 28194 29139 33460 31464 12365 8459
43782 5408 22440 43751 37641 9942 22584 12647 17485 42336
35326 40766 2062 45030 17004 38112 42579 45094 20579 4143
4140 5813 44218 44794 5 60 50282 47539 50815 32175
14821 3790 17851 43891 10345 46400 29 8049 48385 26754
2766 41860 34070 35812 34635 37305 13434 43627 37563 12110
11805 2006 45657 19288 3315 4771 48741 30249 1385 50369
32383 43814 12377 43514 37576 45580 16026 1330 32709 6881
8858 13930 37576 22354 33923 40108 23817 39644 11825 4299
37473 28655 39011 40044 51897 27142 40389 40655 26701 3106
47785 36177 34967 30154 32390 25860 42292 27965 3106 40655
19594 34727 50659 24417 34509 27721 5508 44461 28043 28972
20764 9913 6599 44679 31668 38309 17802 1491 43083 30761
46457 2151 39396 28554 2709 3076 52734 14361 14761 8450
20465 20972 14300 45524 34805 34593 45892 8757 50964 39317
12959 34238 9112 32175 20388 37521 21987 38575 49233 16478
10207 24042 8133 38966 30225 33935 17754 8607 9991 20600
42080 25491 19321 44474 10884 31633 8582 51118 10157 52475
13111 3213 47622 46824 17062 45775 918 52382 6279 23480
20329 18459 6119 13847 41059 11360 17629 25566 38168 25933
10660 25205 20498 37151 766 19827 34526 46019 7778 506
18376 38881 6793 18560 20952 13125 36644 379 34355 35209
6444 19626 7197 3319 33942 23219 35071 49961 46942 3529
14877 19270 2050 28351 6079 42802 22686 46160 31943 8559
14915 30251 17141 19775 33061 17279 50114 33222 52821 30886
3841 16334 40058 11402 24756 30425
36062 45328 39747 39942 24649 9720 22835 29327 11180 14569
23112 51669 27152 15915 50693 24166 18945 27703 37631 3906
7187 19446 16022 45007 16452 44326 22769 50612 511 11011
2433 17603 36358 35624 22769 11610 1541 18699 7253 36437
9079 22037 43089 21708 44814 16404 41689 42512 32851 8144
14388 38961 10745 19376 38429 41773 6644 27402 46030 28937
25775 25608 36241 52754 10805 50366 37530 45551 52136 32942
23144 23744 38115 25329 43292 3748 27620 24092 50731 16360
39115 44897 7781 41171 24196 417 11919 28943 45380 45966
47461 11007 20414 41437 889 36803 21950 11654 41100 19381
24454 5231 43846 17894 4002 14252 44567 27173 50033 31615
38990 47346 39129 52694 35632 9033 16152 24733 16372 13469
51133 9086 24572 16713 41858 52832 9879 39597 1847 271
19025 31597 22847 20043 47142 23825 3798 34957 32761 12587
1586 39887 30864 49114 50503 37504 1453 7490 4323 14886
11303 11355 38048 44382 50733 32327 1678 7040 19810 7397
34687 45773 2025 38549 38579 34819 52140 13334 36436 38859
44617 4649 44146 28554 33151 10513 22189 46457 6405 51807
44093 24119 7948 789 14525 15380 37797 17236 46577 5808
25768 25069 8178 31490 29735 15194 47347 51708 17333 34670
7365 51553 26763 50405 29699 22465 36982 2768 29591 29710
5421 21137 28442 38910 8044 18861 47978 3076 33151 5048
47520 30096 18153 43293 21552 16999 27931 31117 48795 28615
28701 37238 9926 26511 15328 28785 7518 52744 16954 26796
13398 27323 1261 31639 1868 17770 46807 44257 9069 13765
19386 36862 31141 48780 48745 50856 49464 23815 16046 51720
29445 11662 38910 22566 36284 15240 31838 10458 41051 10457
8195 28885 41445 19185 45246 9864 34203 18078 26425 43055
27830 52783 14212 12352 9893 35228 11778 48317 4898 8386
46887 42606 47766 50203 25341 18888 50664 30061 16886 6328
20675 16590 6571 51963 41810 18253 39796 28495 44241 32227
4697 42627 10602 13618 11730 15755 7556 22201 29961 17063
39548 19313 28857 44326 33877 18923 33079 52268 47987 45007
29706 13661 25657 37731 10341 35502 42999 232 12928 7200
32509 30997 12263 40612 47894 41275 49900 44753 46043 50460
43449 36537 140 41599 13931 30733 52272 14765 5124 16244
8563 45258 32475 33630 45665 49301 8226 16903 32490 1744
34801 20525 29110 43066 47282 40938 2347 18048 28545 28987
1015 13870 7325 50157 3805 41632 36887 2586 2286 28331
14701 940 44749 13567 46308 5698 22557 26835 14331 23656
20422 31817 41923 16018 30473 40794 22887 4218 31334 337
24735 33601 44990 31649 29192 34978 24679 33916 10801 43878
4271 43285 5215 32129 45625 26818 20208 32307 27993 28350
52445 47523 52442 31533 10473 29421 17281 229 11274 11834
33741 2142 7617 51868 16313 39464 18257 44022 26935 44969
10164 12348 6083 4319 25012 29816 50400 42175 41645 35286
4162 6810 37975 41093 5534 8786 38338 5035 14405 7460
44583 47513 2190 50769 1641 26489 1937 21351 4756 4605
11798 34285 46629 12044 38088 30177 15524 50029 6076 49759
6374 7179 9640 47803 41369 26210 46339 17764 31977 25233
2917 50333 21262 5173 15680 6643 23205 52101 28209 8885
40563 23831 38607 41437 20381 7849 21950 1221 43155 34055
1635 34654 13791 39782 51662 44483 46018 51331 33231 497
41046 36988 45259 14828 1307 26243 38015 44780 10598 9530
45373 8911 38398 28408 18025 948 24014 10882 45067 2390
47138 46865 43522 35463 38713 32901 6982 7972 34244 2820
31522 8438 37337 9392 30852 19093 29241 25493 52871 31581
22338 13246 6716 25021 14377 16671 28606 15190 11835 23203
23043 46640 29989 17772 7656 13048 2890 5794 19859 28849
8740 41779 3611 16793 38928 6291 49846 12625 8632 7375
26465 50243 13987 19833 11243 37993 7476 52549 29079 37109
2875 47932 4867 22909 33030 3370 28053 39537 24475 50239
36941 28653 10014 29698 13506 27485 11896 38267 9750 22799
30151 49303 1977 20925 45583 4957 22790 28512 7182 16161
28502 48354 25636 29347 22505 42520 4401 46993 11802 36464
19629 40682 797 22526 19846 8410 6648 45734 33742 34858
32214 20454 27848 11113 6163 52921 32152 4179 27640 28562
49363 18670 26707 23538 24880 27173 13351 2589 50705 49642
30096 1854 46651 43737 31356 2752 3484 19422 4025 29273
3259 12074 44214 52469 25015 3811 49099 3824 43515 1338
42424 46356 35885 37579 2891 28868 45868 38795 52650 6383
10465 32952 35667 52327 6305 13545 1766 15915 13427 34226
31188 26762 30417 49615 9025 23255 34277 47901 51444 38855
45372 5991 31900 3496 38814 11448 8443 12279 42815 424
35685 4129 29122 48927 17132 40207 899 103 40163 20349
41709 812 44522 6910 31478 36375 17573 43793 43075 31804
17738 20162 39559 18860 32252 52828 13569 85 21825 36411
16339 27839 47448 586 24261 25876 27464 20528 6525 4983
1265 29139 28194 4485 43041 1643 23490 12365 45676 33431
16002 6834 46084 9804 17744 45580 28005 15396 30072 13753
26004 38333 7500 38441 41908 28854 16066 40156 47463 45433
19809 9794 26972 9079 564 43259 5660 5475 3703 8470
6373 24670 20819 28489 220 46903 43460 18465 30078 23266
38005 47489 20818 38799 28145 26680 36341 4980 34674 42183
31253 31434 1935 46722 34220 2715 564 7751 9020 45496
48339 9189 37555 8329 175 39403 39274 42777 33658 32324
20764 41873 21558 36404 38562 6980 20557 4014 17802 30761
51674 11979 51793 9639 4012 5232 47678 20964 20879 25436
39959 41013 8189 2147 11718 41235 46122 16656 36363 24244
26652 26474 34726 15869 48908 44690 18525 3113 1884 52018
41986 23801 50946 33062 36391 8543 16163 38270 46157 38743
19748 48616 13974 49092 32375 7688 41922 7635 31040 6296
4582 4089 4207 1898 11443 35260 29538 5856 34332 47695
14133 35763 19248 22940 35117 25485 20546 44103 5535 19350
45141 16207 23792 33492 8006 13967 45901 50167 27529 6698
1008 39002 37355 6293 13550 16010 29637 23077 39421 26139
39387 17201 5931 15135 46623 6405 31957 44213 5080 18116
25743 29161 41110 28416 45177 29453 19903 2015 12830 3596
30650 41131 6715 45744 7019 9015 24648 12673 8798 37885
25949 33826 48554 628 16984 46544 8061 7372 42240 11349
28471 32891 43912 30805 27846 39410 45988 50237 52189 47880
23374 25748 28626 27997 38057 24141 39464 8398 5229 29027
41305 20980 38049 1634 620 44404 15176 28599 23438 36354
40886 11384 41919 52358 40434 42803 8740 17051 16287 2694
8402 42519 3381 22629 36479 18816 28889 7418 2020 35973
43578 36827 14003 29442 6654 50733 17264 23857 11995 44255
19809 29634 12033 46601 5475 31067 29454 12239 38509 45780
15340 20359 11223 38726 16658 46236 7542 41747 52001 39801
3871 16866 9541 17817 10328 811 4957 52501 10969 47079
11152 44115 11928 48906 6113 6050 48045 52802 24250 13878
15931 7542 29424 9534 49143 47494 19151 2029 36419 4822
23221 37422 10396 38271 8326 51901 13096 13921 23735 36112
20895 41165 8566 47789 14037 26750 39884 35382 30583 39828
1726 4331 43886 32822 37426 49719 14726 6020 17690 32723
42860 9435 13460 29398 4832 7619 45379 40715 32626 26135
34553 28909 17956 3745 2719 18314 19406 11702 3337 35683
21059 8074 35863 18045 27321 2864 38617 7191 3960 41945
11426 31773 1537 14391 38255 42257 14926 34837 6853 40478
21162 8767 13986 22183 30820 45145 6675 41836 19542 29958
41254 41634 23101 49880 38386 21118 24716 32001 26730 42477
47851 19893 12433 47463 40171 15760 11927 38155 47965 8533
22451 49949 13965 17150 1065 51887 9757 15969 38110 25664
47698 27229 13756 16629 21751 4769 15383 14319 5803 46358
5723 3954 42784 8518 52132 10377 36847 17564 8836 18280
16828 37138 17787 51417 25671 7025 25681 4824 33172 7232
44129 19918 1791 33073 11999 15046 21387 31581 39752 35786
40576 2520 36808 40211 28322 1318 49645 52724 5140 29403
1173 19473 25074 45342 37151 46916 40408 38490 7809 20529
6544 30761 12204 33248 19400 51705 51572 36647 33259 38942
18185 47280 3692 27611 24236 43673 40488 43170 13080 21963
42300 31000 37998 32328 39845 40915 51003 41188 20435 27790
11192 19402 33585 3130 27234 4870 46543 30085 27570 22822
19648 26982 52155 17114 35666 27504 36567 26275 5654 9951
29356 43972 50264 14658 46497 49689 8517 17952 37963 9382
6562 42284 27209 3709 13519 45791 43774 47779 52842 5839
41784 12084 28254 37303 28558 11067 2239 14185 9899 38877
21960 22 7385 46303 23470 11358 5043 50438 52769 36144
17130 3574 19302 15567 4161 45318 47576 46697 14488 25710
35548 49533 4745 1721 17751 17208 22902 30280 24222 20238
20882 29602 50306 27642 52063 1184 28854 2250 27509 43547
21678 39868 38328 15725 15254 36460 45473 21104 35103 1839
44551 30792 39384 18110 37591 19835 46428 36922 49214 41149
30269 22411 1002 26467 4810 50428 19903 6805 35077 10793
9962 48416 20567 48670 32272 13529 10302 27715 22107 33739
26855 11398 19281 6229 19827 1725 47583 34526 28115 37147
27018 27112 40382 7380 40650 17604 24095 1594 9822 16049
42919 5840 47575 12715 5095 25137 23430 24980 43930 407
4033 50305 32676 35396 46292 8517 44503 30750 36841 33922
45625 5215 7202 32129 4271 32307 43285 217 37886 20208

QPS: 556.9329743761681
