44268 16415 1286 10275 24985 34009 33927 42375 3606 23948
20732 30435 21737 7018 1191 26027 24052 12728 16767 21732
408 8380 7512 33666 51908 6834 6229 36547 7604 12815
50958 20266 21481 36273 21696 33971 31611 50766 43060 19743
28174 38028 21988 15483 24248 50315 7982 21746 22146 7617
37567 7010 31615 13845 50982 21635 17227 3618 5798 24412
32274 17679 50750 6748 45288 43420 28503 18134 7684 29346
40077 33010 46870 31836 25979 16389 34431 1970 19483 32545
32828 20287 1 52569 2859 1876 45723 15631 1908 13639
27807 11993 32860 36074 25423 46848 46641 30053 23152 20566
24881 37735 1147 30167 13777 12342 15751 47103 10275 40212
45360 14757 32802 42027 4377 30529 31098 27662 36750 41160
49589 49516 27656 51459 52060 36854 8554 21995 37874 23820
14874 6055 40564 23737 6415 18686 48019 33400 3558 24050
11852 6989 47025 27349 44340 27528 35531 13543 38271 17612
13881 35924 51720 3209 4151 39191 35617 819 36272 49416
30047 50070 9854 15606 46563 16130 16737 48121 3290 52730
43123 16489 29397 2367 14662 42629 23427 32475 4272 37309
20339 50813 18732 16769 43282 34692 4481 11767 14610 1673
45786 42105 34141 10662 33271 8642 15951 44675 47063 37780
25069 12305 52620 49500 40539 15966 16143 46162 49194 12828
49875 37580 24264 33525 23413 12369 8554 43904 28370 32112
50512 3588 12567 31005 47001 6284 51247 3058 31625 18064
30411 39111 47310 25074 39701 44320 3907 34944 17594 37212
22293 26207 39660 20078 34954 25210 22245 32990 0 29247
51520 28636 38789 39706 21821 45419 15411 48585 48774 3062
14091 30649 42733 26284 18608 32559 14350 19224 27648 24934
35326 40902 10459 40037 39226 46697 29096 41432 18288 33418
17326 28210 12152 34480 45278 8856 33569 29091 7086 34170
36797 12387 7434 18887 32240 48353 3063 34893 40482 21128
37305 7532 30962 13812 27939 1844 7962 26458 51414 48023
30903 45675 44802 21879 49358 28100 42572 27318 41670 32227
1164 7233 24997 9422 46253 20535 31857 45757 980 47513
40108 6933 43514 41680 34465 36848 14583 3795 46500 15909
27149 52017 11794 40280 761 42696 19688 21664 35919 40730
16642 42810 32441 25860 21006 156 40734 23233 17834 11000
34309 44246 28880 26230 43057 5699 10496 29601 33681 7202
39034 2799 16888 36254 5655 2279 42997 52891 41977 40393
8866 13286 28554 13474 2613 10621 24850 33763 35308 16834
16336 4728 32014 24400 27556 34792 26663 7076 50624 43655
17518 13788 47212 16066 41406 29321 21167 50346 20238 52358
4795 4396 50976 852 21484 482 42919 36681 40316 23042
37417 7797 44746 16734 31852 3848 41019 42372 52479 41347
13821 9262 29747 10622 17493 46086 36991 2465 31880 15997
3272 684 35346 38216 38097 5641 8878 31185 50543 19873
38498 23693 52161 22058 11735 31060 6963 758 47564 51037
14453 6793 31321 2862 34205 31202 23250 20689 15625 9688
47406 17937 52686 35009 16477 30113 4219 52687 39441 30471
3312 24797 14373 50075 18448 50567 36644 26590 38731 22043
31524 35981 38788 22021 35067 9892 24930 32820 36711 52034
28990 145 18901 3649 21268 24123 19637 22550 13005 7553
28878 51451 11323 28659 5669 44235 34468 11549 14819 37706
27464 13061 5188 5941 21478 47937 23907 10322 26011 42594
44466 52474 27790 46387 24750 37064 24250 19113 9581 34566
25599 8323 302 23865 21960 27835 51733 1419 3727 35354
32995 43510 30235 28602 2501 45878 22312 1691 50321 46391
34716 27757 29968 24417 47497 3964 14552 37438 48290 42516
29402 10267 41481 22666 40418 47248 25007 37187 12409 48206
45917 39324 29934 6970 42500 35268 15916 10286 5381 46244
41154 24196 16390 13276 8419 29150 44721 45613 32984 43518
28397 21950 30499 35331 26364 49139 35675 45494 50880 41475
27682 23095 32167 4371 33575 38552 2085 26405 32910 34416
35632 50594 32415 11180 19755 49293 19122 2302 47207 30439
462 13867 3869 22617 271 47605 6024 43293 18834 49302
41485 8117 11676 23340 425 8427 18182 33913 12008 47142
25489 49114 31561 37504 42980 25639 25720 35916 15137 36181
34282 32420 47463 22456 31752 46295 39678 7150 31952 13540
14915 16647 38859 37572 37686 5538 23146 25893 48960 44738
33151 33278 2527 22460 43978 45753 10742 40417 38582 40046
26270 39897 52953 46586 9531 7232 16831 49127 33312 20747
27447 32502 37013 52201 47818 24884 45426 34808 40700 21892
52986 4269 34632 52943 21773 19554 2905 11667 13358 32101
14302 7852 47732 37858 24092 32064 34272 12326 11600 10222
36291 47520 23735 25262 1578 51963 4697 22107 39482 19431
34910 26531 50953 48880 15027 23612 27875 14496 41408 19389
8511 9026 18199 44735 17770 955 21334 32766 1433 48073
12223 41142 10512 2731 50007 50110 30288 37335 25219 35890
23338 23112 8911 10458 42175 3723 34536 6865 24213 15590
34203 14955 44095 44695 22856 25928 37352 30200 2990 31694
20787 52783 24956 17202 26775 48317 22895 44230 12808 35672
50203 34623 28831 12901 494 15507 5105 47583 44092 14708
22785 14003 31197 10012 24759 46238 39750 12158 42519 28495
15658 39208 23132 13450 46072 29947 50880 38210 52402 5264
9482 36036 22784 1069 28737 46970 29870 4511 25820 40581
8655 10864 23777 51271 37456 8457 22338 5743 42999 52304
36796 17534 43303 4694 27227 31871 2934 33225 44007 11805
40357 46503 9217 38748 13677 41597 19773 16244 23476 37814
15497 32475 7513 38869 11868 37834 17088 17538 36412 27623
16554 36575 36250 43313 47124 2087 2891 20015 10326 24263
12522 10311 34238 3426 9915 6760 23350 18188 8489 19991
33089 35617 5319 42833 49333 23313 24324 2405 42665 40726
18390 34665 16977 35879 22480 42371 27541 29584 20054 18747
46309 17345 25889 14925 18890 46554 16367 38699 45590 16462
9436 38961 38407 39117 22381 41647 7546 14102 39423 37082
229 2290 40298 15115 5787 45998 35496 31178 13609 10745
6746 33741 42761 27192 42968 20035 38522 45699 16251 32745
47688 8181 20243 52740 34172 30563 13328 6735 20694 7576
15657 9243 29282 38031 34490 10611 3404 28527 46070 40553
5568 2248 9402 16806 25023 40448 22595 7773 29087 35874
11448 19380 40027 34705 14188 14311 50427 44204 1320 16721
33887 6894 42855 35305 44241 14415 35586 50551 34767 31538
19509 22338 50333 13792 50771 14762 5743 6643 1778 23205
30546 40470 36399 31305 11974 37953 26611 11335 35117 14278
14086 50624 34090 12447 1776 23473 25402 41437 47825 45622
12036 19129 22638 43636 44051 45260 6252 16615 51601 22853
2269 37513 47189 8063 46766 17765 35834 38011 1262 46935
26782 52977 24960 27492 17833 38441 27534 9102 8519 13879
9392 13755 455 10898 25493 40157 34750 50569 2569 24435
34944 47359 39701 29075 43910 19406 14233 37364 27223 42035
43788 25844 40776 22141 16234 24406 38252 29722 14877 21507
23656 41371 44145 15146 16116 6065 12956 49922 3575 25051
10611 18540 30688 8714 26052 28244 51922 8980 44529 41199
17086 49880 48385 36195 27209 10345 8987 46711 16902 51249
38848 47949 1604 15247 27371 23666 7326 22748 7818 8138
8829 38717 36057 21823 43032 11946 34388 26705 6999 11654
48354 18275 22800 10471 47279 8896 33596 21561 51308 36601
23452 38645 20396 18586 26292 50130 13961 33517 10039 25100
52921 36872 1250 34363 49367 24594 12338 39812 48719 27884
6716 37326 14380 24028 14855 49433 48689 1526 44304 18060
42774 50505 4957 13296 14974 1799 43873 11612 6518 43941
38836 41275 3824 14223 3164 9221 51482 32400 14696 30716
505 42607 23855 37008 20958 27379 24036 28284 18000 737
6305 13427 47982 28013 19508 42732 33721 7574 42827 8531
52209 10640 52269 42199 29474 12443 21966 18364 43009 6941
18411 31059 42314 32259 122 1259 35279 12363 40507 13240
4129 49877 11299 52572 29537 39371 30255 42345 32575 20938
41709 812 45848 6665 1684 5456 24541 879 4709 39448
29576 27979 23294 23843 21634 48688 30477 9332 40622 25614
22145 15444 49908 8139 40481 10902 19901 12663 31916 30315
23490 45676 6380 48641 25927 47256 32257 45971 20631 45526
21696 6565 23743 9556 3490 15080 31611 16151 4134 42118
18253 11357 8398 12169 48349 35744 37910 3486 30204 40895
32409 20028 41774 50732 40520 6607 17418 17043 24037 42510
34901 18465 40849 2876 36422 49191 33936 14870 40270 10220
22977 21664 13796 44515 49238 52017 36574 27149 593 18379
40591 977 51532 8031 37707 7984 24205 41459 29686 49287
15064 52792 3739 15538 18782 40657 4850 36598 18677 30907
41063 23379 41873 24121 34968 24381 26826 16763 44248 13887
37387 46852 18051 31269 42244 38294 13850 23494 17970 13646
11801 36625 50749 48150 32142 8662 8189 40805 13319 20812
5441 40266 17828 7234 44690 27229 42729 22109 41989 3156
25879 43857 10984 5839 41325 9083 7308 37831 31265 502
6444 6117 43141 16218 36967 22206 43165 34641 4736 18275
8871 30718 45371 17336 41131 40106 41545 32463 26212 49903
7424 13304 35117 29501 14370 48441 48068 40068 14398 11105
7699 49971 6597 31741 49098 35389 52105 25618 7793 47623
49566 31215 8371 49324 121 26393 7526 33607 7937 22216
21495 45387 6513 31124 52365 52734 26468 17034 21620 43361
12830 12027 2265 26986 4396 45716 42844 24352 2984 29118
9015 17221 27385 28448 5138 13546 27831 26883 5357 11209
29304 27533 22356 25949 43690 21839 12837 19183 50110 12223
33223 8367 47534 15937 32531 28808 23547 13724 7435 4035
7358 44298 8672 1774 16690 6310 30087 22857 34802 52203
10299 52198 2034 46161 32389 5304 49713 37941 17372 2117
50901 42627 45471 8279 1038 36962 32879 32405 22134 2643
3315 35086 35004 52977 36392 51919 34734 29436 27534 17833
11196 15027 10580 25168 29949 44147 33445 7716 15421 51915
28989 29634 22304 30167 18188 39786 45780 46353 45740 38905
15638 49278 10128 7542 34879 41889 40481 14346 36267 51177
40409 5570 22604 33943 46063 25177 32220 43751 35290 4250
42080 17468 42928 24376 35564 33371 41673 921 11887 51822
47494 9810 44441 46236 43072 40537 35134 25515 3832 27617
30096 45258 3164 1288 18775 25287 14696 32152 3824 50486
13196 27215 24651 11405 36357 15914 8265 29805 2442 16199
46531 16126 49706 36839 43432 3040 6487 9802 25278 50308
25366 23318 50196 51131 49290 49507 45660 16113 39408 1556
19235 26282 45368 52 42512 17817 23610 20130 41157 1794
19315 47564 7342 2395 25581 26153 21426 14205 32471 29231
9257 37015 16717 45074 34605 52665 3748 34985 28203 32720
22671 51389 12679 50975 30210 29421 31775 2293 783 10473
14184 7819 24475 3297 45899 20344 12699 31536 22945 24764
15938 32116 37988 11211 49517 50494 2188 34819 51301 16978
43091 21215 50522 41072 14424 17431 43731 24537 19440 23465
52135 43584 4562 32926 51543 29735 36647 17965 44568 4416
25364 17046 34910 51915 19807 27875 34667 2794 48326 44147
41541 11147 3154 46230 22039 32241 24821 47425 48791 7679
14532 49354 34067 15535 14963 25090 4975 46705 25828 39668
17215 31658 42832 49370 40184 28412 52724 27258 13512 13831
3703 8786 7372 49218 45713 37993 21431 6810 34991 38943
27681 28786 50452 50824 5416 25843 38824 38842 23899 33433
35102 31263 25643 28508 4116 44253 22288 43628 25311 13334
42300 41057 12148 14064 24879 33384 11228 1231 17867 51395
30381 19187 18213 41707 9914 14028 11145 49443 6969 30786
17114 6068 49070 1399 13311 11709 8084 39268 18209 35305
12239 38222 17967 51709 43898 35001 51953 51614 33663 42210
17570 10015 24191 27355 11281 52548 31572 48585 29104 25231
25081 12084 6757 28254 30167 5823 39564 46353 47735 23584
10880 27963 7385 43080 48234 7330 29132 43574 15135 44682
15972 41241 29109 28128 49175 43345 927 14173 8014 46213
18444 29379 21774 21174 32634 2179 23638 3855 992 25642
41494 3898 45771 31425 28040 10988 24350 11201 11781 5593
31056 20019 40837 37343 25766 27015 40898 38391 45364 37120
32535 23266 48213 45470 24344 37250 22833 46940 23657 40827
26483 4733 40101 32392 4510 33532 5495 44882 13456 44004
20549 32152 50774 18741 36050 16013 32292 35727 9221 49336
4375 28527 32517 14526 28886 42003 34490 15657 23440 31021
43612 18552 23502 21665 26146 40797 50955 5406 47009 46720
5180 17758 24144 20057 32088 45825 20035 52609 9912 5743
10153 2519 8826 44171 10600 18403 20258 18916 22957 5510
52341 30749 15994 16907 277 45618 27902 50977 25878 46030

QPS: 646.261844963868
