34508 6069 41093 2310 47036 17147 16727 3659 11702 18446
10029 47426 37140 37806 18000 12302 10324 8475 30767 11012
7460 16818 15681 40565 34526 7380 4252 31548 19827 9822
26388 14870 39517 28355 41325 24095 49347 5843 40163 47534
18035 20783 44048 41349 30462 49336 15822 19163 26865 18667
38503 12460 22412 24182 10604 24467 1780 25193 45698 25128
25663 6953 11159 48418 23042 6151 37451 14241 16944 21895
10479 25848 52704 12357 24245 33341 42549 13936 20834 49214
39205 29404 39298 45545 263 3296 11481 23669 52166 23808
41841 19554 1430 11094 22391 47689 34632 38104 52830 35265
4017 38662 14695 13147 28933 47660 19423 37629 38636 26807
20141 34468 2014 5979 16196 10202 18947 8844 30835 15375
19809 37770 8208 44786 39077 17459 1202 32817 33869 5836
46219 30304 40553 43263 21006 43345 21966 41332 32898 253
5511 37598 19823 9756 42199 33844 1417 8466 45795 48288
52742 41425 36314 22486 12244 51752 48219 38760 30611 2812
43827 22087 36572 1314 6576 19340 165 35524 11166 39568
34486 51580 28069 1886 14662 38391 47357 22138 38620 44128
804 29907 40754 38281 28291 25003 4808 8886 46285 21154
28949 8968 1938 51694 22451 41646 31737 40484 20731 15434
9746 45784 37651 12442 34136 31264 47099 21456 30229 10657
24907 23413 37156 28370 30299 276 42138 21278 44800 1924
36013 32109 16882 44389 31530 41916 1859 15729 43931 21114
22235 46896 24581 31841 4801 27198 31004 34991 26762 6555
45068 34957 5294 23054 41367 23752 16629 8612 28056 33146
17280 36039 34936 31349 3075 36710 12568 17892 22827 17583
30649 42336 45391 4151 1674 32862 21278 9501 15746 1924
42623 40106 12511 4700 45371 46172 49523 2614 3216 4415
32044 3366 27549 20613 2190 35023 13881 28915 11596 11848
19205 31003 52610 42580 32089 10567 22954 17725 22223 52495
36972 9019 13812 8392 43289 34001 3428 20244 52734 41111
23046 11590 17006 6428 33328 36479 38472 49933 12117 8581
39935 51575 40593 9782 27356 19490 16002 3652 39644 46204
24452 12067 32709 25540 30470 48045 5515 31827 32028 23075
47823 4849 41567 27068 39730 41720 28616 17555 5099 48266
50040 43714 50353 17330 44317 7438 50760 41536 37236 28128
5215 33534 3781 13171 26057 4768 48693 31935 14433 42410
16754 16427 33910 6599 23379 50879 27868 43083 347 7256
18678 52629 19620 13103 25179 39324 3711 19272 28957 42618
41958 20972 23293 41216 31293 16623 8048 756 50620 42967
3011 6827 34868 43457 21995 33901 24892 37437 42221 3703
39375 14048 12570 42179 22497 30090 39808 14706 4910 4364
1937 51118 7264 45700 37728 48425 26439 21130 33868 21677
918 498 23362 18342 31582 10667 51314 18693 881 32519
9993 13356 44341 41484 35645 28799 16594 18730 22068 39092
42724 18879 19471 21246 48671 35141 33860 285 19512 21952
42860 17691 13593 47567 26705 15413 38128 22940 50262 18605
20616 3072 19015 47031 35071 30723 2058 6582 19514 43115
19270 37076 5584 30106 10850 34739 8229 8528 3484 39414
20100 28510 47803 2693 52034 35674 30706 134 10989 16341
36034 10515 37487 43901 20280 49705 36755 42288 23936 19559
18878 38239 43283 34468 2274 2554 48442 10980 30525 50887
7912 42883 36225 52747 30651 43146 30981 40291 29611 46757
37998 44466 4588 38851 27790 26843 49800 37948 37369 47000
7087 7253 18543 26385 15609 27958 32328 14780 32494 3939
34362 633 48790 15814 285 24006 51175 24933 1418 34490
41890 33619 1680 52362 4817 9788 38040 36445 13708 44246
36966 44540 29296 19273 15553 51666 26971 17772 18480 21558
3364 33463 43292 19763 4353 51380 2912 33749 45112 15916
50309 2390 45023 29889 1757 31481 34943 51695 19978 45397
2232 1066 39197 44086 16066 41955 30716 11805 22338 19958
12715 22510 10618 38765 25100 1572 23959 39433 8824 49802
14670 39918 20871 16901 12356 34395 13626 5264 34257 31878
18860 32281 31535 52278 36851 46703 25406 37053 33863 6663
41485 11676 40537 21362 9582 2608 5052 40890 26669 17782
15989 18951 1453 27885 13343 31056 25187 51684 15137 25677
6760 43892 44232 8860 24059 167 19399 30090 34463 31676
13895 31537 10993 49161 17181 31379 9892 41369 30251 24793
44617 51807 18270 31798 6182 25670 13134 38582 10901 23391
27137 17150 43629 30256 34274 37602 15107 951 6546 34283
17609 43849 45413 28167 15194 21465 21122 25316 45093 4286
7365 15120 44495 52669 15389 6798 9405 23550 25867 22099
14302 11451 49832 45651 49019 44623 11600 50340 23144 52263
4660 52714 26013 43602 31912 31539 3813 5557 29240 19431
24138 29952 5498 14450 12646 43153 34399 43673 46860 40269
18541 47099 9069 16343 42397 15533 38499 45784 7149 48389
13621 35682 16484 37189 10050 31356 4159 24412 24970 49223
49365 25923 6467 40615 19901 42552 41051 13520 52056 12573
42050 50628 48281 18470 37352 41598 108 40178 26311 40980
18351 27379 12241 2891 19547 4127 15626 46430 41169 48335
50664 31660 18852 37263 51068 13070 33971 14708 24103 30720
43949 1683 22548 18517 47180 35662 42286 18962 16983 27804
50964 45719 32131 13673 27523 15635 36372 5012 23305 4359
33955 29866 28181 35055 25320 19264 11942 51152 23764 6912
17971 45142 8339 7522 23652 32355 3989 9938 44857 32220
40612 21782 20317 814 34698 16676 11871 33584 10925 17288
9217 7019 42754 36507 22967 37935 12420 23691 20926 4356
1268 17538 8660 4469 49860 26420 25070 48558 38715 3975
34426 45160 42193 44018 12594 34217 37554 50627 37896 37265
29264 12375 30524 26149 50502 5565 20628 41628 6133 50645
3676 13814 42627 7787 50224 50517 30191 7937 21013 33630
46200 3184 35808 20724 28564 37712 27037 24234 27386 50990
50470 7736 20080 48218 52091 11787 4154 712 40356 11029
25157 23711 25878 31596 5352 34709 32129 5699 45573 35994
52818 34016 49371 28600 21915 7835 50044 16766 27757 39190
525 50026 26527 20813 36209 48554 11048 42479 46531 28127
40537 135 16288 51250 37421 45926 40853 23085 7351 21362
32851 40190 47748 4734 20248 48319 33600 16305 22455 36571
41499 28210 27832 552 36331 38498 25029 28537 8531 27475
34663 46337 16842 33662 2857 19496 22826 11711 6513 26913
49955 21762 27033 25376 37179 22041 917 49358 36436 11183
3943 41234 41965 14240 5840 17259 8953 38449 11749 17366
8668 44483 36094 51183 14381 34055 45229 28013 47815 36805
2078 18249 45684 11103 34479 51126 45395 51658 26082 36313
13089 8206 31143 12036 48747 22841 28773 15507 38156 11857
35263 31355 23670 27659 23966 446 35122 9955 7337 36812
11933 30570 18253 50175 28977 17890 48738 15150 31782 18622
26189 36854 42327 45727 11860 22803 41636 11229 9242 222
7477 19988 38210 24627 10701 18277 4298 45137 25657 46100
24335 13048 29971 26721 21251 31712 21546 16846 50817 44801
44371 51047 14103 395 18437 13818 3129 41919 45431 7675
855 45601 12840 43136 8827 9910 49107 32445 17446 40276
13124 16450 45789 46570 7868 7434 46756 47295 41335 15331
35684 12214 44885 22935 25881 19949 14619 47907 2900 24999
42756 32322 32621 20638 39642 24049 25680 29075 26143 30345
36561 19514 47031 20616 43115 15026 3072 10863 2377 1400
30823 29188 33130 43607 26292 27239 11357 44687 42678 15221
7154 28509 48719 13037 47626 44517 13397 51401 5701 9795
13607 21621 48660 7555 37122 24958 32385 41058 12919 33228
48912 25703 19195 50427 30675 35867 23143 336 52847 46397
41275 12333 2320 10588 22076 7154 2153 22443 9337 44517
40292 47619 1995 30562 9456 32571 25563 12584 9393 27150
40883 28442 1766 28013 8028 51971 51669 18585 31267 46308
19630 49499 31879 31832 26379 14542 18676 4531 37673 913
48873 9413 552 37255 27475 11375 36671 46349 21540 35426
2852 34717 876 49648 1164 12048 10231 37941 50566 19236
9785 32793 50070 7518 33118 49022 48676 17554 24240 48449
6692 50609 22413 2267 7203 36329 31802 19633 41815 36411
22161 1057 42357 20584 42547 48066 42256 15309 16159 29357
37481 48666 16145 9158 18356 5248 5627 2830 20426 3861
22859 29495 18161 5298 45580 26489 52998 52959 20495 9556
41908 10969 18995 31913 40589 21545 50346 2704 15871 29273
33639 8364 23586 1418 46540 29429 48790 30498 11937 32369
1009 34901 11417 26856 44564 2448 2876 36422 36922 29373
37598 51116 42199 5182 35538 45011 45678 27746 50580 5722
21589 12367 28949 31737 46577 4210 36826 15434 23465 34891
30654 42777 4189 4989 51613 36770 11831 43221 8342 52413
52986 12921 43375 48566 20074 2164 52356 16769 36189 15850
21675 1190 17840 47599 38225 43211 14858 17604 32114 12925
34672 11801 5555 40208 6737 51706 13319 25439 25185 43379
1613 40904 348 21706 12015 5900 46335 4955 7488 25605
41986 40106 17329 46172 13810 42719 32581 20276 14527 51821
42844 52907 31989 40957 985 45994 25940 33765 34686 50966
26108 49959 47817 4252 10567 27135 52610 22954 28434 7064
39716 19350 29745 37290 12836 31547 22247 15666 8519 16228
29563 18612 20184 28516 27294 37382 5865 26589 965 39470
15398 26139 844 44321 47283 51948 29613 11933 6507 46984
8605 16118 10255 44333 42537 43978 10286 39442 19361 51088
25204 19359 24295 25015 1705 31570 6296 1322 12993 12027
6696 13598 19546 12372 34456 26657 15393 14941 48020 22446
4381 20607 36892 20218 4978 12837 8545 6054 22037 22424
33223 8367 34281 51527 48492 4872 20932 14642 46993 7993
9957 1461 18221 28929 28278 24290 30364 11201 11048 31117
13284 47934 40207 18505 3482 41912 36060 11777 14463 22595
36412 26503 10478 1104 12768 40336 9520 5319 40442 27156
41519 26941 8128 41263 34885 1113 6456 33937 38579 4184
6106 2093 7252 51080 24253 23857 42438 26808 32774 16228
44685 5971 27649 41220 40626 15564 35400 9195 37530 17923
47026 39801 41277 27259 46421 28321 44905 42594 28346 42422
5145 46797 15833 12433 10091 50013 38970 7339 40099 31055
32112 31638 52959 33923 1696 32955 20723 17468 13299 14363
20230 35145 23052 4209 3117 18806 35781 45462 19234 15103
7762 20023 21638 30421 21774 4396 23313 26700 25351 45665
26820 12244 10259 46799 44492 33835 7341 49871 18113 52742
19293 43984 29976 2556 46934 39243 24028 38286 14410 1071
22458 9435 24904 16393 35749 15674 25874 24443 14687 19268
43130 18922 37936 16446 24502 1795 17075 11921 41199 28669
41145 23115 12089 8582 25932 36450 10803 17379 8391 46714
50260 12350 48727 11662 22332 4011 39072 42228 28422 45687
34043 42671 10572 35773 29421 16783 6592 41647 15584 13117
51726 23101 13400 1547 37462 9542 38860 9767 28997 26305
21479 339 39002 26171 48614 30750 25416 11621 3487 27728
40250 10861 44356 50242 51132 43092 4471 4677 29262 19363
36997 14677 46655 18520 30914 42515 36624 40619 42002 15555
31266 17945 8836 18280 8835 16583 39570 50643 12970 13323
5143 11147 3500 32452 27841 15156 46577 29042 44311 8677
33073 27733 4389 51022 2216 36096 43945 38159 30948 11097
20951 47226 22197 49339 40211 30216 4105 44167 33313 42163
30561 36371 21353 19027 30065 21393 14308 8786 49834 34631
36306 12289 51705 42921 23818 36488 60 18389 4462 21611
12446 35933 9824 11237 38370 50885 48395 29375 19775 4647
16106 24879 50942 51003 5753 15560 27046 50145 13152 20311
44040 45370 45604 5836 1202 5686 35922 43350 11313 43844
43807 48456 27504 19822 28310 38126 36289 18151 9538 42632
36421 48945 44370 14016 36241 4504 3860 11510 25007 9554
22252 26678 34850 47779 4974 14580 39505 9045 43252 45276
47827 47700 276 38877 22794 7407 2094 31642 9035 21628
22200 1747 3581 8272 27530 5545 22169 20090 46244 34285
18822 20490 7910 52648 28909 28444 35907 27781 3106 44629
4648 26290 31878 46494 24944 39918 31165 37430 2179 36237
18128 39340 46614 32668 7525 31517 19265 10486 23915 39691
16632 46148 17319 34810 22601 39208 40837 34410 23715 11592
39135 35237 32669 2210 11074 21088 31244 20855 13472 47029
18158 50349 24720 35527 412 33980 39711 42249 43084 18865
37422 7982 23786 39914 1094 42665 11400 45058 39962 24194
39717 32581 46172 22259 42719 52161 10026 44845 21721 15616
38894 41015 15396 20862 28195 21665 33174 8955 52504 41790
41892 21552 38381 20351 40446 36063 33711 4240 52609 13921
14027 16338 28032 757 34681 35562 12718 45732 50160 4481
7835 30441 50044 31284 16766 25514 40411 14873 49371 39423

QPS: 727.0745431411366
