51897 20184 37121 46618 48739 20551 34645 21666 38385 1510
22895 31154 42497 27815 21954 15691 5055 27008 38038 51825
51538 24446 28573 10176 45556 35550 2494 39531 48732 37253
49089 28149 42415 9005 27216 3598 40832 25593 38099 38447
35999 24905 30151 33098 2623 31086 16522 25121 18447 13731
32268 7195 28349 5107 48815 30125 6325 22293 7618 22800
15562 5567 22238 46064 46130 48097 51996 24844 3176 31291
35054 39921 33444 13281 974 36343 16407 12941 45526 43953
8676 33842 22035 43640 17446 49654 9668 16999 27462 28280
23084 22137 7081 10000 49537 15390 8462 11218 29479 22020
4598 28691 1666 46032 41402 44943 25402 49588 24687 7967
26052 39103 46260 12821 19562 39675 34566 4655 52146 4187
1441 8736 22746 26650 16359 23194 24657 38111 11013 41542
8504 34901 40169 23047 12759 25642 7049 19738 4915 674
28395 46643 2894 41440 5530 34480 32597 36365 18088 51030
3173 35760 22182 2394 42904 52741 19344 28728 40595 18865
51796 26262 23177 25589 9371 40210 36541 5314 47428 48746
17798 18683 7914 46806 28507 32281 39401 32093 26865 44966
7980 19364 13314 37928 15860 34791 43707 30538 34066 11713
26740 28576 33067 35132 42405 21409 40861 27400 10146 5983
14209 39869 19562 30161 26052 4655 38488 39675 46260 41172
5416 28380 42173 30288 38599 16968 40074 18801 22680 42335
51257 47304 32403 45910 51930 39681 5563 5955 37558 21003
9912 27968 52220 29404 24391 5579 9579 31415 25883 45463
23626 6233 50179 44725 10674 35135 33635 50074 30690 5511
47956 5895 28527 32974 37624 40912 15897 41022 6447 27217
39847 42512 34453 6555 41187 45065 41603 45083 17214 14917
42067 27635 49737 6341 37678 44541 21042 12696 29014 33826
11167 13767 18835 8803 29391 16911 11561 42256 47008 42147
10567 12332 45846 40302 4306 15579 15172 20415 20212 10115
9796 21195 6970 17319 33332 33803 16574 212 12602 16305
21938 36093 39118 34647 19946 47865 15801 22755 37377 11523
35561 14475 21278 40185 3369 12568 27652 2692 11966 1791
3867 38323 44369 6069 25510 2850 11147 50676 10904 36073
29810 16818 14334 1963 13687 5818 20510 14845 34858 24228
8504 34901 40169 23047 7049 674 25642 19738 51899 12759
30305 12138 22021 23386 26379 27854 22152 9544 9234 46173
10344 47566 51733 41134 43995 40992 5847 6851 38355 12856
2554 33526 38856 47702 4753 42829 10133 33477 16235 8399
46072 1721 35898 30760 26139 49526 29986 20265 18667 29133
31338 27755 6758 16793 37856 32389 2646 38222 23121 19546
24049 18736 44279 11614 40481 29497 39419 16394 29315 50259
48696 11220 28207 17961 18623 44451 2320 10295 26095 9048
566 13491 43470 18179 14308 17025 35013 25485 40067 48716
25260 29420 1327 20306 39015 36209 43795 37043 23017 21271
24452 30649 1467 28249 42525 47376 43944 19423 33963 931
1291 230 36660 25026 23161 23478 7865 49845 32809 47146
13916 41546 40340 30981 13993 36030 29346 28009 21623 49305
6205 12550 41180 2502 14370 41989 18551 50104 52359 32795
4669 40603 44242 23948 31199 29322 39501 50987 47616 27025
33304 27866 9033 10129 40272 1257 9914 48529 42752 16292
45443 28573 35550 24446 35316 39531 4575 10176 19782 45556
2070 5706 36509 33283 10465 33056 32606 23658 5111 41088
10994 16615 12434 10165 41538 20162 45447 15021 10196 14197
10060 5254 21062 45500 44019 39616 19243 49138 44144 52395
22771 47980 8412 2614 1101 49666 33411 41247 12613 47680
14915 26852 22864 41384 15134 41733 42659 25208 36057 10833
37236 21423 36587 51519 1128 3574 45777 37755 34356 27982
19620 33233 881 44806 48713 38881 27456 49612 6864 3487
49763 43146 24898 8565 12409 38821 31337 33237 35840 13540
13540 33237 12409 26076 52855 20627 16466 43146 35840 13984
52489 51019 1360 49406 35817 27150 5301 42326 44786 26370
48223 23587 47469 4423 19833 26959 30434 30561 3464 32337
4734 18257 27507 21148 21194 32858 21949 29492 13293 730
7388 6151 31362 19552 13897 49344 42630 12317 23593 51566
22648 2422 51172 21665 40813 1025 33816 20999 49932 9266
7150 6906 25147 2825 43087 41944 39530 21753 41871 50663
43961 19692 45433 52729 16889 3754 33035 42350 35042 31485
11699 35927 38691 37655 40269 5209 21700 13182 19237 13105
32401 49689 23485 7806 34384 23044 51238 7561 4991 7460
32605 46162 16661 37859 9021 14154 8687 49351 19053 49339
14767 28628 43130 27152 2327 41716 2597 30049 28568 42266
52621 7081 22137 10000 15390 22020 8471 23084 8462 40632
24594 14053 33739 37925 51091 15604 41474 43941 6307 40071
30362 35157 29924 40009 47515 31419 31504 39673 32546 15361
1666 34087 49588 39932 13425 8369 27551 12074 7967 25402
13807 7833 15588 20191 52618 39233 3787 35734 38429 16225
48066 20103 43368 13068 40740 7512 23872 10178 18953 13871
40878 49926 45442 2745 41661 42600 19636 18294 27659 36369
16266 29814 25021 52102 35809 39219 34748 21698 49650 17854
19213 12166 43229 48048 36204 5306 42457 25682 21598 34406
47917 34016 11979 24636 41475 42348 47968 29897 8934 16877
15772 32686 24926 40744 14355 52055 31634 33230 7703 30504
29968 19522 48131 32802 14065 19665 17548 23538 13723 43140
31548 31411 47603 1527 35459 5045 42874 871 37587 48521
39492 13180 46874 23753 36931 29342 12469 26977 36438 34564
39183 18093 36530 33280 41582 36676 4581 5899 48763 19846
13079 24951 21428 20343 24759 25440 22147 4603 50759 38366
7390 3448 11805 4910 34128 26714 26538 14452 37004 48895
22387 5614 14625 13470 11766 44732 33814 15488 19813 7846
3656 29623 41499 32131 43697 13414 10934 13859 32949 7417
6616 48604 36224 32601 4992 31580 5261 36014 14261 7794
50686 20341 23798 23839 10216 24713 43439 44849 23951 24455
38407 17402 7359 38654 9562 29558 22248 43494 4887 30485
4504 20726 26248 33976 9518 48282 28612 22499 39770 41214
39079 18960 10875 1221 27393 11802 39737 29625 50143 36665
43770 2529 12373 25672 27128 16945 42028 27406 11679 8239
24714 45554 13236 45688 12251 4452 35434 40757 10442 31744
36268 1650 21075 3766 5419 43099 46010 10408 28381 27727
18641 38445 35770 37465 11105 30360 8488 25024 44066 50518
51644 13100 1090 39345 39732 12648 31370 31379 7301 46206
52221 45458 50723 27482 25336 19663 44985 30515 21129 14002
8853 36339 27824 33527 27183 52129 13875 24640 33564 45964
44137 20996 26939 43248 40065 9297 45320 49552 8492 42237
48417 9139 48890 46549 26624 42748 18196 16164 13417 13720
17385 11223 48143 45557 35128 38087 26522 43986 42843 41833
48738 39553 18376 5196 47099 22076 12778 1342 15985 45002
8964 16369 24180 31268 47748 15753 18314 32981 39539 42723
2566 44532 17088 797 43602 27438 20675 3755 23214 4550
18052 11819 22122 49064 6397 32367 28732 17734 11452 52576
46698 43771 22256 25709 35531 11661 35231 50491 3443 16910
9337 27181 26146 16784 24006 34226 27878 32279 38072 23771
19475 40397 4901 51944 45728 26296 5874 34547 20646 47678
26229 46242 7997 6353 13901 47322 40137 11800 43473 49302
1082 18517 20149 5957 34199 30341 39892 31439 49762 50853
50107 18464 36592 24190 43684 15634 7126 1267 14774 46121
13490 779 31990 35368 50014 37721 8479 16175 17979 21644
42879 685 9049 46687 4735 13514 10697 29016 20364 15002
48940 45699 32258 10829 40883 30938 45282 8002 41201 4450
42367 1726 22793 13577 4436 22855 33180 34857 28148 24662
21888 44483 14828 31546 22152 43693 12650 27854 26379 23386
9007 35768 7769 10001 50494 44843 26827 14682 21166 30959
22888 23200 37092 39971 23652 27038 38208 30392 43376 43293
3845 21257 37358 52632 5442 16825 40399 30618 34968 22015
27327 40685 19686 39760 35918 50847 46960 6296 42111 19512
49530 31358 35628 7265 35400 49647 42133 9315 582 3983
26003 34044 44724 52850 27437 2655 47859 37450 23046 31435
49691 43023 32522 45881 13987 51318 38310 48560 38779 39739
12027 22024 30133 7954 49407 8675 22450 48331 22736 43707
15521 7677 51608 28589 36246 43713 1763 7766 30683 2715
48433 30948 5917 40306 1796 9062 12284 42765 36662 50841
8331 16013 13835 2988 13270 14787 955 37512 46928 44145
29785 15883 14527 51562 49239 36731 29072 14213 3488 50615
506 35968 24249 48942 26755 17694 1256 25555 46833 9783
40771 12757 2657 14509 42433 37189 42549 24370 10139 10699
46987 10857 36738 28355 36127 33981 46880 13142 40068 51868
19340 20933 45166 35259 5645 7241 36814 22996 16144 2920
17463 31708 48815 3807 30125 24562 41004 32323 5324 6325
11122 40867 41567 32744 14660 44348 19596 21126 1259 28872
10889 49525 46758 26285 52544 11120 26265 34980 21024 45931
38852 29056 12894 43545 1319 9749 9054 9161 29207 1157
16524 36180 2336 2272 16605 1888 21542 18 37309 52481
32046 23594 21158 39628 2165 19592 5267 7180 11863 25395
13686 22316 9418 41404 33972 25323 42128 52449 45186 41306
38656 33071 48349 49388 33647 37375 32968 23252 35762 42676
15208 36943 21885 33348 37230 30345 22413 16174 22963 31929
8002 10829 40883 28835 28007 48940 43897 30938 48751 6789
28270 13919 33225 17855 3292 45148 49224 28963 2038 32439
50146 4371 18437 9965 42625 21470 42974 33736 7149 22493
40630 5639 14260 32251 47017 29344 33022 26858 43037 8304
33826 27635 11378 30159 44541 37387 39711 21042 29014 6341
33280 48763 19846 4581 41582 22880 36530 31477 33967 25
25714 15001 19633 16899 6728 4438 22080 1252 13141 18508
1970 5213 16117 46745 855 19685 32127 21098 32213 19845
497 43854 27172 38198 42978 27015 20849 4589 21379 37050
27912 52711 49682 31345 10153 14483 43104 52753 6385 20672
25794 32080 20871 26050 35799 48719 27480 50315 38513 41354
22568 45210 7100 46098 7335 52988 1015 19323 23797 48491
30736 42234 51328 39282 30035 48209 48667 18592 52758 36211
336 40314 52884 42271 21512 23950 31712 36472 44159 10884
40108 6395 2132 42465 21918 28269 14578 21312 46308 46422
33980 6560 32744 21301 2776 31169 25218 51081 21126 5146
17129 15964 11371 47708 16287 38874 37150 14414 6805 8282
2646 19303 17877 16793 31338 34117 37856 27755 24521 44782
28127 12928 42685 2704 35233 36860 20558 27771 3529 30607
50972 19157 19279 49286 17772 39068 2845 43847 26610 44509
43328 49410 50413 49915 49643 36430 34897 39259 17710 14440
33979 50657 25444 15188 8014 32433 10283 33910 38443 46671
20012 12667 18851 24820 3207 20592 34340 3962 33585 3901
25436 51391 19557 43499 8703 11171 44357 2661 37682 13067
9418 13686 22316 33972 41404 52449 42128 13462 5218 45186
23123 23299 17902 47869 18035 14834 29281 52565 20644 15434
19768 42290 42669 16747 11793 23921 10612 46619 12395 10543
17142 25515 2036 11737 17742 49554 10119 33475 50528 31421
21685 783 28023 25421 35027 8886 3256 46674 1329 47158
32469 46026 13703 48381 22223 30104 26408 52798 6266 35537
37430 27002 30595 41207 2096 26715 32828 40725 16962 9787
12924 39954 47966 11806 51724 11503 37148 42130 813 2565
42569 49138 45500 19243 37569 24237 14675 21062 10060 30280
37792 49562 31133 3244 32862 8348 25005 38617 17127 7878
45499 48436 42692 45080 41258 7339 33530 12500 10328 7644
35394 29843 5283 18874 14087 2191 31316 40760 27215 29661
38116 5024 25655 371 48706 14058 7094 27239 36601 32161
49070 36916 28817 47857 12837 24294 16458 13127 27886 32751
17625 13784 28680 12341 11756 45231 25432 8644 27214 35174
46670 37171 18515 19421 31638 25248 45082 445 39046 6156
21154 17744 30412 22896 6618 20574 11644 52358 40613 20570
19500 17667 24730 44387 48155 40221 10171 39021 45754 36358
47684 46219 11273 46132 31716 42832 13972 3172 34969 32361
25895 24953 17955 2248 48902 12677 16691 50959 46541 51271
2246 13582 29765 11048 32932 26694 41150 9938 45887 17054
44176 9964 9586 1288 42215 2168 50346 52136 18946 27276
5579 24147 24391 4195 30470 29404 2019 2586 52220 9912
7556 17753 22955 50899 2576 36638 16795 15931 11890 1844
46537 8803 50586 24153 11167 29391 13767 32711 13229 26641
17879 14369 52825 12501 30271 14939 23748 44339 40995 39904
23120 950 18284 51572 26893 32535 6969 36269 40186 28556
5614 33814 41055 13470 14625 37722 23186 7846 11766 19813
16133 25999 2534 36502 3780 39972 44083 29573 32820 18724
7113 20439 11037 31816 45683 45144 17946 14699 47161 49863

QPS: 48.74400600551427
