18132
46925 15256 4679
38175 14628 3286 42738
18231 23526 10708
38311 37957 15692 39565 22471 43891
10587 22872 41660
3727 35348
25009 21654 2082 2058
10128
16371
47049 25216 33122 19558
46936 50352 44596 12556
13969 42303
5957
30606 26175 35600
18965 41568
10899
14040 32016 45099 28716 29964
7014 37334 2614 45962 17407 25928 5164
35146 8671
40675 51338 15597 12178
8800 31246 3858 51420 38242
34581 46389 29735 31546 42858 47323
49530 51601
19234 37042 30294
2847 16043 42590
45211 34261 8241 2741 232 3796 23897 47874
48217 16049 45753
5957
39052 28956 37837 25938
24867 23700 17486 34676 10659
10899
47049 25216 33122 19558
43376 45055 35142
36301 14328 16295 17370
6181 51274
39453 50036 18250 10189
16246 48265
16353 4754
14040 32016 45099 28716 29964
29588 20153 1276 35713 4337
10128
2361 23909 47081
48271 8352 10789 6352 43237
48217 16049 45753
39920 4940 15247 35339
17370 14328 16295 36301
23219 7084 43475 6140 7310
48577 4535 9150 35533
6788 29439 43903 13934 17335 43769 3003
7331 3315 13031
14040 45099 32016 29964 28716
43081 39753 20590 50370
14373 31849
8680 425
39052 28956 37837 25938
26677 9705 18024
36154 49846 24260 43708 7185
44796 23723 4801 5250 15642
36759 5229 6449 51125 30318
2103 7564 17359 29400 43842 8577 15491
15414 22298
44348
27666 3994 471
425 8680
8180 52174 10016
44348
20720 39086 52954 42006
22059 47164 33281 26941
17332 47405 13730 10821 24911
21770 20428 4196 24472
47029
2847 42590 16043
29735 46389 42858 31546 34581 47323
30318 5229 51125 36759 6449
5957
38996 24217 51909 20202 27759
29819 35427 17089 47233
30108 15010 34664 4652
21770 20428 24472 4196
47049 33122 25216 19558

35348 3727
17848
18676 42348
49019 26386 30071
30071 49019 26386
15080 45651 42954 17691 16009
42590 2847 16043
44676 35234 26461 40535 6416 42129
33392 26632 39252 38564 48172
19660 141
50663
25070 11215 14725 19620 29714
35146 8671
44348
29819 47233 35427 17089
47784
42348 18676
17485 11754 36066 23449 27696
15256 4679 46925
22541
22059 26941 47164 33281
12445 212 45994 51454
14110 36781 17300 33271 19825 28166
32021 21859 35741 24504
10821 47405 17332 13730 24911
19213 24898 7930
20428 24472 21770 4196
15491 43842 17359 7564 8577 2103 29400
43903 17335 29439 6788 43769 3003 13934
49846 36154 24260 43708 7185
37042 19234 30294
47164 22059 33281 26941
10899
13342 1378 28028 44866 44699 20552
17485 11754 36066 23449 27696
49729 38284 15003
141 19660
36896 6717 7161
15514 13826 20733
1624 23788 37 4453
6352 43237 8352 10789 48271
36031 38618
29819 17089 47233 35427
2361 23909 47081
36210 48598
6698 17496 26634
51384 28711
18132
47029
18676 42348
7296 18210 18465 10317 14392
15785
10128
49729 38284 15003
10128
1378 13342 44699 28028 44866 20552
512 34807
29819 47233 17089 35427
35005 47836 3972 31894
52467 967 13035 23283
47780 45286 6552 46723 8414
29041 52895 14008 10338 20622
41120 49385 24807
11708 6973
35600 30606 26175
10128
51601 49530
35348 3727
3329 3746 14446
35146 8671
18676 42348
11708 6973
15414 22298
38996 20202 51909 27759 24217
50370 20590 39753 43081
52895 14008 29041 10338 20622
18132
25070 29714 14725 19620 11215
45286 8414 6552 47780 46723
10899
50352 46936 44596 12556
47081 2361 23909
2103 7564 29400 43842 17359 8577 15491
3972 35005 47836 31894
50036 18250 10189 39453
38962 14432 10187
2889 37762
23897 2741 47874 45211 232 34261 8241 3796
3087 10463 41198 38251
41359 20673 10649 31148
10589 32806 21243 36178
3842 17167 9065 32954 52575
6619 28492
16162 12025 18254 22236
31148 10649 20673 41359
27474 4558 52421 48956 33153 1639
9768 35322 18694
41753 10484
38242 3858 8800 31246 51420
50663
7507 37170 7856 38698
12445 212 45994 51454
15080 42954 17691 16009 45651
28711 51384
32343 15925 12465
38698 37170 7507 7856
36301 14328 17370 16295
34676 23700 24867 10659 17486
15256 46925 4679
8573
4801 15642 44796 23723 5250
24867 23700 34676 10659 17486
42469
3329 14446 3746
6181 51274
42469
37762 2889
50370 39753 20590 43081

QPS: 15.876864121135705
