45396 52989 33569 49589 36404 25677 27852 46274 17326 23639
51489 30536 25576 28420 33476 28406 7614 11567 23006 5162
6186 22424 1295 3956 28947 33805 11359 27882 18687 17726
43244 41600 15480 19579 2073 10356 43543 40775 29484 29278
49336 19163 11493 18257 35682 43600 34303 32858 20346 36158
22197 40674 13631 8236 25586 15749 4675 4524 41725 25402
5052 14286 22383 42451 40258 16674 19534 42398 12463 50858
7840 19471 12371 33339 33125 28683 503 18029 52970 8458
8707 38271 43452 26991 17080 23586 14665 20393 80 22900
13487 47746 29889 47160 28939 2555 19362 30411 28690 35986
29321 11156 38035 50794 1118 1310 29615 46116 29473 52233
9923 6345 37389 33659 51844 1798 20000 42733 44077 28286
52923 2325 43389 43320 24283 23299 34633 26764 12192 15828
38203 41588 25651 36839 11430 14972 13069 52910 42421 19397
47025 624 33504 31463 34089 46944 38500 17448 33592 33673
38440 32565 5491 26604 178 23748 11868 24908 27923 34857
966 20532 28701 40271 26966 8884 24348 6665 51516 36451
49244 33769 40740 46991 36183 24842 24844 48598 6146 40403
20632 41007 8891 42516 28960 31352 14851 8118 16803 35664
3883 47144 6889 6932 40727 7100 8602 5 20233 32172
34729 10697 35740 30704 35834 24359 11674 1839 27943 25343
28947 48777 52373 6186 24501 43586 31115 29691 44124 33805
2770 47434 29273 17959 1477 33244 41966 35221 18224 17382
51182 23594 5966 16071 38070 21347 51255 39407 19941 5769
52122 688 22206 4366 3643 27420 20732 34104 926 20370
44074 20680 25864 50112 44341 28711 43172 43926 2827 26304
48394 34935 35476 7498 14929 23454 24010 35483 34487 31871
49970 5155 7080 21084 5845 22249 23176 46199 39873 3019
5 33883 1327 40727 37043 52950 12840 6932 6889 36871
4488 51597 15541 26621 4472 34915 39855 3993 36060 44613
8328 45874 6600 11762 37140 7690 45156 3080 15180 38271
13383 43499 8783 15908 37120 18277 44595 13343 47373 42039
48667 39662 31114 5709 20268 40937 15243 51328 24977 282
28778 34238 22249 24929 40271 49970 37786 39873 14569 31015
50890 47940 24308 42876 20334 4412 18082 18326 40195 14962
9309 10184 17660 19334 43606 38300 47293 9326 12004 51707
17897 18637 19448 32612 5107 7618 28641 27205 30632 8186
38536 25036 22078 12823 20298 22941 44977 37129 49123 38512
35966 14310 21895 49136 14883 40617 27432 40169 27908 17604
8308 47876 26761 38348 44431 43152 15932 14590 44540 6184
12293 23313 36563 1348 30080 7707 2353 1400 12528 16867
14735 15276 5567 49244 24467 50043 5129 37113 24842 40740
37722 28939 2555 30411 19362 28690 13487 11766 8670 26629
28490 47510 48101 28288 7762 38645 43146 36243 19925 1063
38182 44944 37467 30208 17555 47371 15918 45106 16814 51229
1327 28483 37043 12840 22771 37334 23017 40305 5 31053
3988 17871 5764 25419 45522 1250 37377 3085 29787 40453
546 22033 7165 182 16528 3222 16688 47179 22201 16254
26000 27943 21875 17779 22654 31434 6612 50001 11674 36518
20154 6456 20179 30292 48937 31305 24241 8927 25187 11841
29068 51807 2975 50911 2300 51975 35112 41507 5104 8294
25546 38923 29064 50911 45177 51807 8294 49043 41507 9795
23761 2743 36173 23660 5326 10478 32458 13845 2577 38855
8932 40230 33529 33569 5152 11577 52989 29672 35175 16524
25331 5 33883 28470 1327 9059 33336 37334 1514 36871
5601 44202 12897 23876 41536 10535 8582 51468 3275 26257
32221 30642 47397 32109 39937 14115 41920 2521 32521 19837
29789 9845 22719 7514 17785 44838 19585 44041 15131 7139
20428 44545 52581 50899 25024 47686 34870 22955 12168 47697
45784 49331 3572 5904 43819 33251 17937 1663 43148 22507
51317 49309 39987 33476 7614 41366 49604 9910 51492 42075
13340 46934 39290 13981 15620 36906 2343 3087 15244 31725
25771 52906 18511 32763 36004 30067 23271 19333 21398 15234
45967 291 13577 45270 32565 27923 38496 38440 23748 24636
25763 38188 10245 43450 52172 38759 965 36681 21110 33682
34810 46468 41441 6355 36054 7912 49152 5972 31414 43789
36644 39839 5842 35858 2682 5416 5286 40131 40984 17554
24630 47525 978 27794 30149 25900 23430 44308 49198 27628
4654 30285 51033 30579 21662 20505 20034 30826 48099 6327
23820 24054 20608 38695 5648 46956 7896 22312 13627 25051
20288 43567 9654 15249 482 28045 3125 43434 28582 28497
7220 38983 34670 1707 32256 15233 40367 49797 19402 37236
21932 5188 1486 34115 16767 7560 13812 21737 10531 35663
37236 24332 23998 12917 39669 36974 5061 15233 21423 43873
17070 6417 19250 23146 34152 24118 30860 22436 28149 24944
26092 13453 49511 37157 34763 28404 45428 14136 44774 16246
5378 39676 18728 869 47412 52725 48358 40031 18137 20849
16063 23042 571 5672 31570 49183 42827 31102 10666 50787
35858 36644 5416 40984 5286 40131 18853 45413 40181 5842
29934 3376 8925 20785 42097 33864 39895 20973 39162 43745
42733 39639 43648 44077 20000 8938 15949 7098 52005 51844
28397 13540 19221 21673 15134 9425 37475 45051 48960 52855
51272 22059 10058 1398 47849 3824 27067 7593 43203 46741
5472 5177 37443 35450 20848 39625 20308 21916 31639 27796
16089 27592 7862 37253 38443 38347 15650 741 31061 34423
50588 29887 14501 45429 17712 49047 1395 659 11685 50918
12673 16059 22702 9228 9307 21670 8759 48301 38964 19695
46758 27755 15221 33583 16725 21189 1544 47900 39503 37856
3237 31305 46150 12447 21923 37243 7877 14338 11223 48025
43715 1907 52541 31027 33712 30364 16843 49972 51858 13118
25402 2788 43309 12074 8236 28761 30830 10373 49557 40674
35804 20195 4530 45905 33430 14114 25333 27211 17999 32619
32879 20858 7901 5480 6985 41810 49991 21714 13921 22834
39234 20523 24046 5311 1205 52471 21016 24070 44307 32157
18573 17836 5145 42390 233 42412 51868 41087 9830 9169
25118 27739 30572 42039 3758 18277 13383 13343 11171 31577
571 23042 49183 6987 5672 31102 9698 42827 31570 10666
5534 52226 33813 46974 21482 32253 34730 14376 816 52985
24037 13429 18559 14612 27643 11581 9520 52509 21022 10369
21232 24251 23470 17012 44962 40748 33504 32068 14406 33749
8147 34301 29465 35808 1668 33609 11565 27592 4149 16089
25021 24474 9324 51369 3469 34418 12006 4350 27183 52502
8668 33116 466 48719 19747 41002 26206 6846 33798 27297
42678 13362 34873 1729 50913 42009 18054 14615 27249 18917
6931 38475 44275 9413 516 15673 29647 39145 7755 9568
3282 7707 19019 15940 15010 4982 46560 25638 52653 1400
45254 22247 14011 46797 43786 4371 8170 10870 18908 40610
21857 16940 38227 13011 43203 3300 51272 47164 27367 38110
4371 32245 51927 51196 50502 13885 22493 46797 10848 11297
6223 31921 7362 11043 42459 34767 31383 18478 11108 10652
40442 15117 48761 9574 28630 48330 15902 14547 37245 16914
49765 43612 38397 26017 27307 8688 23805 11801 12847 11594
41254 16785 14493 52324 43239 47604 3310 28773 19152 43377
18183 50620 14604 19378 36129 1450 29381 15763 50898 41007
34795 25542 9259 45037 13822 36448 22807 50675 11357 49587
14569 28778 12910 51516 12846 50857 49970 39873 40271 34238
1907 51858 30364 19143 43033 1444 49972 10249 21210 13118
5168 12870 44571 37736 10575 22235 27726 20610 37623 42443
48103 22404 350 31860 5596 33758 33241 13308 9019 50433
25274 45494 31202 9927 1434 9311 34557 32218 7287 47468
51196 51927 4371 8170 32245 10274 10848 17388 26213 52436
3376 20785 29934 8925 42097 33864 30437 35851 20973 32869
11223 20388 38805 35417 13787 43820 33126 17869 42957 31838
20999 28268 24577 1300 32403 27476 16164 51172 39681 11261
20130 2202 40300 33942 42432 29302 36351 24117 47769 11495
38285 19834 5391 30072 1406 38113 11182 4174 33520 34711
21642 46650 39503 37290 14611 21189 16097 20663 40790 34156
50880 40379 27430 14182 46643 51328 24977 282 12825 1066
45146 18528 15620 13981 40046 13958 50964 37440 27490 26022
14581 24745 8869 15878 20266 28962 35346 43612 27307 8688
25404 24194 19589 22751 29258 49568 5754 17962 2359 48929
41866 50624 12121 25894 10528 10786 30050 12843 22941 18090
32077 43990 29309 26120 10553 47816 40361 13621 24659 29242
16460 17161 1310 1118 46116 17358 45545 16984 49668 24715
46213 2894 40419 17332 12825 9812 24093 46721 46163 31552
7783 46509 15032 7909 39395 15666 33465 200 11307 28627
27804 25015 39278 26796 25098 26726 37212 45070 44361 25262
12343 16239 2965 48838 31043 31418 2705 37021 24831 23818
50890 1546 14962 32921 26156 46461 22581 32030 18326 22115
2555 30411 19362 28939 9241 8670 28690 39929 37722 52340
30558 24286 28658 18876 52453 8503 39472 47682 39756 41854
27694 31316 29661 13702 3198 5178 40486 31166 20285 8652
33241 12777 350 5596 22404 13308 36397 4985 50433 15136
40305 1365 22771 22811 31053 12840 29790 4841 7014 1327
19664 20407 20844 4271 3303 13784 12579 24667 25180 51782
19772 32686 32858 24608 3892 36158 16896 40354 20004 34303
37771 5593 28762 43949 37425 1872 49846 22645 45795 23324
26913 10061 9796 31404 48527 15241 45364 45473 11448 17319
11039 25478 5 10341 11552 52950 49666 33883 38391 49874
16785 41254 14493 43239 43377 52324 28773 19152 47604 38150
28460 52161 20031 3110 1205 50766 24046 32157 19631 22513
18273 7558 51768 27405 23013 42887 30264 33940 14191 22105
50624 20611 13157 37398 52091 10528 26794 24119 34040 12121
49648 26854 18703 51956 34749 22265 48160 37869 13931 34584
50901 19517 3191 16607 12338 13839 43487 11702 15588 35786
1744 17271 12471 27687 5657 6106 48254 33492 12333 23950
33197 40980 10475 51297 16484 13576 1348 27671 12293 1598
656 10648 37325 34260 6575 4350 3469 40434 35824 37151
18431 46701 26850 23081 24014 12244 46002 25051 36242 18047
16701 6314 45146 39290 2343 48192 11975 46934 24356 31725
28570 48043 30494 29583 14604 41007 8891 21287 12695 6365
32787 17296 38014 30135 21478 29497 14674 32640 35957 22227
44774 46946 45517 26580 27156 28404 13453 21869 4307 6310
7574 44768 5043 3477 11581 30651 26618 37902 18559 32972
986 15342 24977 51328 25370 24093 23763 27430 50880 46643
30474 39774 27453 51033 7765 46481 42616 30579 52473 37272
35227 5409 5580 22113 35459 47905 12901 36407 50005 14274
33223 15998 46662 36149 11832 34865 36450 14519 2361 52479
30398 8841 32366 33241 26616 17036 15136 18771 33677 48351
26372 5238 13002 7518 43358 39228 45355 15462 1753 5622
3765 31114 46163 15243 5710 5709 31552 47423 37509 33593
25893 48583 30231 1169 20610 39432 10575 3251 13379 4218
7514 35518 28271 20527 44041 24549 11482 9845 51458 45918
12094 33929 37659 46107 27272 49971 25307 16765 36837 7773
4271 13174 28493 20407 47897 31178 40024 17150 22482 22146
31436 5311 24046 34159 2112 7142 19913 20290 27570 40077
49727 17624 29459 21075 27223 30949 43875 2872 47871 45468
29008 40553 36446 21379 47412 41406 20866 15561 20849 48358
23586 11063 31611 14665 48010 38271 22723 37418 26991 10941
6345 33659 42733 44467 51844 9923 44077 35752 8938 5828
26946 44680 14978 51961 32579 38779 20439 27470 859 49853
45007 26 47878 41168 18732 52123 2788 4524 43516 35350
48436 8697 25999 18724 45080 41123 19899 21062 46817 47008
5966 5769 51094 23594 37773 51182 39407 11122 38070 16071
22124 46171 1642 18584 40422 2564 17464 7558 52601 49054
49066 17725 18522 22157 48789 46092 7916 44189 24145 4466
30587 9333 48124 14743 34170 15029 4995 43591 17018 50178
47992 21820 42 19970 26995 43781 41818 26016 8985 32984
44318 7914 38113 44966 45229 31863 40036 42224 38455 30072
7593 33741 22059 4694 12871 3824 46544 51272 13011 17137
42459 1931 33730 11108 34767 18238 15822 45312 32651 31383
34352 244 26680 39592 29485 15847 7471 36053 48452 12437
39135 52991 27149 24217 24580 38824 52305 50768 21253 50644
52100 17516 19706 35617 20786 18499 21211 17797 26921 50304
35787 40386 52822 36681 10413 2270 32745 15401 965 37641
33925 26212 40186 44978 19251 32535 18243 33204 28149 11599
41375 7665 52698 8199 25438 43510 6250 50135 47302 43056
40695 6745 13369 47459 7755 38702 12631 38475 32704 15673
47905 22113 35459 49186 43277 36407 29868 35227 5580 5409
29601 28880 29244 20531 18382 29278 43543 35405 41600 5663

QPS: 105.99755065855746
