Recall Rate 1     and 86   : QPS:  8492.28
Recall Rate 1     and 150  : QPS:  8196.20
Recall Rate 1     and 250  : QPS:  5491.70
Recall Rate 1     and 400  : QPS:  5282.47
Recall Rate 3_1   and 86   : QPS:  2751.36
Recall Rate 3_1   and 150  : QPS:  3149.78
Recall Rate 3_1   and 250  : QPS:  2763.93
Recall Rate 3_1   and 400  : QPS:  2160.36
Recall Rate 3_2   and 86   : QPS:  1408.16
Recall Rate 3_2   and 150  : QPS:  3019.98
Recall Rate 3_2   and 250  : QPS:  2176.06
Recall Rate 3_2   and 400  : QPS:   390.06
Recall Rate 3_3   and 86   : QPS:  1688.43
Recall Rate 3_3   and 150  : QPS:  7712.00
Recall Rate 3_3   and 250  : QPS:  3517.15
Recall Rate 3_3   and 400  : QPS:  4485.15
Recall Rate 3_4   and 86   : QPS:  7283.97
Recall Rate 3_4   and 150  : QPS:  8035.82
Recall Rate 3_4   and 250  : QPS:  5373.66
Recall Rate 3_4   and 400  : QPS:  2805.20
Recall Rate 4     and 86   : QPS:  9105.42
Recall Rate 4     and 150  : QPS:  5350.53
Recall Rate 4     and 250  : QPS:  5914.17
Recall Rate 4     and 400  : QPS:  3925.65
Recall Rate 5_1   and 86   : QPS:  6207.95
Recall Rate 5_1   and 150  : QPS:  4854.65
Recall Rate 5_1   and 250  : QPS:  2779.27
Recall Rate 5_1   and 400  : QPS:  4065.41
Recall Rate 5_2   and 86   : QPS:  3166.29
Recall Rate 5_2   and 150  : QPS:  4614.48
Recall Rate 5_2   and 250  : QPS:  4190.84
Recall Rate 5_2   and 400  : QPS:  3897.13
Recall Rate 5_3   and 86   : QPS:  4760.74
Recall Rate 5_3   and 150  : QPS:  4615.88
Recall Rate 5_3   and 250  : QPS:  4675.70
Recall Rate 5_3   and 400  : QPS:  3774.19
Recall Rate 5_4   and 86   : QPS:  8328.47
Recall Rate 5_4   and 150  : QPS:  5325.94
Recall Rate 5_4   and 250  : QPS:  5695.06
Recall Rate 5_4   and 400  : QPS:  5117.44
Recall Rate 6     and 86   : QPS:   616.61
Recall Rate 6     and 150  : QPS:   629.97
Recall Rate 6     and 250  : QPS:   602.22
Recall Rate 6     and 400  : QPS:   635.89
Recall Rate 7_1   and 86   : QPS:   208.76
Recall Rate 7_1   and 150  : QPS:   209.08
Recall Rate 7_1   and 250  : QPS:   208.35
Recall Rate 7_1   and 400  : QPS:   209.83
Recall Rate 7_2   and 86   : QPS:  1179.05
Recall Rate 7_2   and 150  : QPS:  1210.43
Recall Rate 7_2   and 250  : QPS:  1148.55
Recall Rate 7_2   and 400  : QPS:  1175.01
Recall Rate 7_3   and 86   : QPS:  1676.75
Recall Rate 7_3   and 150  : QPS:  1822.21
Recall Rate 7_3   and 250  : QPS:  1743.43
Recall Rate 7_3   and 400  : QPS:  1774.63
Recall Rate 7_4   and 86   : QPS:  1915.45
Recall Rate 7_4   and 150  : QPS:  2056.56
Recall Rate 7_4   and 250  : QPS:  2103.59
Recall Rate 7_4   and 400  : QPS:  1995.17
