Recall Rate 1      and 86  : 0.9800, QPS:  1116.06
Recall Rate 1      and 150 : 0.9830, QPS:   965.74
Recall Rate 1      and 250 : 0.9865, QPS:   796.94
Recall Rate 1      and 400 : 0.9895, QPS:   244.26
Recall Rate 3_1    and 86  : 0.9890, QPS:   365.08
Recall Rate 3_1    and 150 : 0.9890, QPS:   415.27
Recall Rate 3_1    and 250 : 0.9890, QPS:   451.28
Recall Rate 3_1    and 400 : 0.9890, QPS:   459.67
Recall Rate 3_2    and 86  : 0.9800, QPS:  1235.61
Recall Rate 3_2    and 150 : 0.9850, QPS:   934.41
Recall Rate 3_2    and 250 : 0.9865, QPS:   911.12
Recall Rate 3_2    and 400 : 0.9885, QPS:   769.35
Recall Rate 3_3    and 86  : 0.9785, QPS:  1143.86
Recall Rate 3_3    and 150 : 0.9855, QPS:  1437.23
Recall Rate 3_3    and 250 : 0.9880, QPS:   879.14
Recall Rate 3_3    and 400 : 0.9895, QPS:   759.07
Recall Rate 3_4    and 86  : 0.9835, QPS:  1419.35
Recall Rate 3_4    and 150 : 0.9895, QPS:  1060.33
Recall Rate 3_4    and 250 : 0.9915, QPS:   782.03
Recall Rate 3_4    and 400 : 0.9940, QPS:   662.76
Recall Rate 4      and 86  : 0.9830, QPS:  1226.11
Recall Rate 4      and 150 : 0.9890, QPS:   832.98
Recall Rate 4      and 250 : 0.9910, QPS:   830.46
Recall Rate 4      and 400 : 0.9935, QPS:   644.57
Recall Rate 5_1    and 86  : 0.9715, QPS:   723.31
Recall Rate 5_1    and 150 : 0.9785, QPS:   622.72
Recall Rate 5_1    and 250 : 0.9830, QPS:   759.47
Recall Rate 5_1    and 400 : 0.9845, QPS:   556.93
Recall Rate 5_2    and 86  : 0.9835, QPS:   620.79
Recall Rate 5_2    and 150 : 0.9835, QPS:   646.26
Recall Rate 5_2    and 250 : 0.9870, QPS:   578.63
Recall Rate 5_2    and 400 : 0.9885, QPS:   574.75
Recall Rate 5_3    and 86  : 0.9885, QPS:   727.07
Recall Rate 5_3    and 150 : 0.9885, QPS:   714.05
Recall Rate 5_3    and 250 : 0.9905, QPS:   696.60
Recall Rate 5_3    and 400 : 0.9915, QPS:   531.51
Recall Rate 5_4    and 86  : 0.9795, QPS:   814.05
Recall Rate 5_4    and 150 : 0.9810, QPS:   834.05
Recall Rate 5_4    and 250 : 0.9875, QPS:  1012.16
Recall Rate 5_4    and 400 : 0.9905, QPS:   678.02
Recall Rate 6      and 86  : 0.9895, QPS:    48.41
Recall Rate 6      and 150 : 0.9895, QPS:    48.74
Recall Rate 6      and 250 : 0.9895, QPS:    46.66
Recall Rate 6      and 400 : 0.9895, QPS:    48.39
Recall Rate 7_1    and 86  : 0.3375, QPS:    15.89
Recall Rate 7_1    and 150 : 0.3375, QPS:    15.88
Recall Rate 7_1    and 250 : 0.3375, QPS:    15.75
Recall Rate 7_1    and 400 : 0.3375, QPS:    15.90
Recall Rate 7_2    and 86  : 0.9935, QPS:   105.15
Recall Rate 7_2    and 150 : 0.9935, QPS:   106.00
Recall Rate 7_2    and 250 : 0.9935, QPS:   105.01
Recall Rate 7_2    and 400 : 0.9935, QPS:   103.66
Recall Rate 7_3    and 86  : 0.9925, QPS:   191.22
Recall Rate 7_3    and 150 : 0.9925, QPS:   186.55
Recall Rate 7_3    and 250 : 0.9925, QPS:   184.22
Recall Rate 7_3    and 400 : 0.9925, QPS:   186.47
Recall Rate 7_4    and 86  : 0.9900, QPS:   273.64
Recall Rate 7_4    and 150 : 0.9900, QPS:   272.40
Recall Rate 7_4    and 250 : 0.9900, QPS:   277.71
Recall Rate 7_4    and 400 : 0.9900, QPS:   279.88
