274344 914060 1143809 1072362 713743 1059831 988801 218538 922971 303751
319175 460662 266776 50376 709132 232233 291206 888000 229679 695737
1023564 52607 130579 745143 16954 637895 295459 552647 344507 83971
1084397 308857 593455 469220 637015 165393 402076 215238 282766 11961
1061827 625564 882945 851611 700110 248396 28847 133493 250025 663859
99047 1021452 511167 641023 114756 522395 706956 774809 452589 823100
411802 7711 408337 254985 798878 169542 1040185 791544 245952 671510
386686 90659 716629 935588 759394 288474 1007695 862865 427351 674857
650013 962462 898089 432590 1056808 1081970 131472 1155554 1145106 1077380
450751 519221 995091 33942 376016 537809 953757 1135017 93930 1073916
983086 742279 780086 994348 238029 996033 420482 93917 57191 1130935
690523 604395 16768 125003 662084 601414 757440 1069806 866359 464355
1079958 249785 157688 330503 814420 41967 323734 334890 180668 13358
968130 281833 814103 359042 590248 887890 590970 191674 692444 671404
1065296 114290 292624 438800 800784 416636 521045 490452 89331 253784
1128602 802351 1180650 1104312 508994 794835 910933 612356 13791 8632
838148 1138705 678799 141706 574544 15563 71981 808503 140010 348721
976868 143020 234868 374497 781768 1004889 1166200 596405 960610 725169
248749 1029233 240035 776949 1013922 1105017 566066 129852 1174661 822654
518521 310914 1157219 5394 197401 198590 311234 306886 295584 276649
958912 176394 636177 844934 69470 83977 412725 38287 16501 210131
1013616 744104 752885 1102999 572867 146443 509680 297383 44060 269176
399721 945405 758596 19740 254638 196360 278516 55731 641337 991956
718669 230341 725291 498283 1097639 17723 1164798 36589 641023 428145
1001122 550071 190656 19515 432490 353602 709858 900675 358636 1009229
217109 401121 204891 1173027 97321 143159 424673 530956 567053 256102
215610 753212 688561 1172589 1177667 774774 442279 190075 778390 624228
1170842 150054 242241 992452 178584 488871 1075562 1149816 388148 884140
