50768 34013 28186 36548 46445 192 12411 12576 52269 5993
20831 43662 46492 46356 29962 2955 31190 47939 1995 4691
17991 8380 28527 18292 29309 35051 3672 37536 8574 8336
3133 9963 52680 9025 6618 32099 51935 1009 3038 2413
7906 43171 394 19875 41195 645 42548 41462 3313 42041
26228 25633 8085 12460 17556 12919 26921 34216 43299 6773
1801 16042 39898 25455 3233 11159 15103 53016 7459 15887
31021 7219 45872 14369 45015 1055 16785 26065 52548 20892
8061 36118 25421 20013 10037 48554 19090 15317 36892 16251
41061 31481 16801 6109 15924 9894 40866 30447 36722 368
18612 7132 10907 17371 11622 22448 37428 9869 16061 12414
35476 23850 46122 5849 44746 16196 30943 18855 27850 35962
30852 47345 41401 2060 7240 43544 22993 23279 13972 24205
593 42246 18676 45057 26266 5797 3650 37853 12457 1021
5961 44451 1762 47387 21891 10543 11620 3541 1024 7625
719 9244 44036 47468 49619 5859 27956 45903 48620 53314
47791 41343 3826 6153 14959 22279 8129 34175 25119 48339
6700 20095 52810 20420 35728 33499 9254 8728 43229 19072
20380 50512 30551 22884 19466 3098 24779 39469 8719 17540
43805 17853 14978 43743 31951 45786 10395 810 17688 21718
31496 52807 244 15232 24505 5586 26591 23015 52259 14240
20948 16058 9336 17676 9353 52406 43588 49756 15282 43904
2610 24924 34075 7014 7111 42358 14344 40742 17369 569
19517 12917 41791 51112 21423 40510 37328 784 37109 11702
8063 34957 21015 35339 2508 6203 48144 4952 23567 19625
17011 51520 18012 2294 39706 51158 3597 17174 11864 33593
30649 17377 48677 31803 12845 5654 8199 39905 21211 5782
12999 45030 26108 4700 21670 19471 36341 57 16902 26706
3366 50304 48882 15909 38159 21434 7665 7587 31046 45305
30733 51726 29 12387 15956 48585 39329 24233 38899 50214
32986 33906 30847 5078 4967 13951 34803 13274 15255 4990
11805 30249 36258 11590 20969 37804 23957 49540 47803 18517
47175 30040 48667 32709 43172 39191 20495 49877 14757 16398
46406 37937 22147 2595 10356 47539 46439 29729 2330 39731
52648 28602 14493 8110 18059 26576 42174 40389 46014 28593
26266 37853 593 22410 9747 3650 49559 39337 27965 3106
19594 18984 14388 23461 34309 38407 15795 10307 35136 44949
42268 1337 49662 50942 52286 43363 11375 18718 18336 50846
44528 2709 13196 35325 39792 47392 40887 24991 8082 3829
9990 20972 6588 34659 43145 34593 2153 7076 44215 14652
31073 5733 13199 28268 22235 9520 21987 9053 11581 47831
34527 21362 25478 4384 9117 40795 49760 49174 41295 290
19321 8582 45619 4140 16273 45149 41206 30373 41499 19543
19865 24365 13842 35768 9306 2345 21077 37241 28861 50801
45029 17028 23675 40016 13847 41059 45011 1239 35645 3216
8790 24085 10990 48671 14405 45305 3652 46092 39639 21806
35743 5741 30585 25133 9703 3286 46220 13825 36313 42504
52073 24463 33393 13768 40647 34608 38841 20616 10092 19626
16880 6294 5158 9918 11043 29971 11310 45641 29080 42239
23957 15242 30818 45617 36458 47803 13667 43275 38173 49540
46371 19564 52477 51406 38436 8276 39683 24899 24729 5982
35703 29418 14609 11323 41249 594 43283 51096 40774 40990
14990 32597 7954 12027 31773 23267 14339 7732 15499 14744
7187 4588 32933 11202 13838 53136 50846 14969 40248 35345
1259 28695 14575 25755 53380 13416 19634 23703 28018 4599
26688 45923 47320 21708 34991 41689 3606 10360 7498 46956
2666 4768 36389 15432 19376 31596 38429 38917 26372 29601
3153 25775 36966 49691 33871 28181 40418 12156 8957 7129
33463 45917 3748 44651 39324 43585 38202 45651 35074 34772
7781 488 11919 14928 31795 27255 41061 19516 37615 14997
41270 8751 29948 48282 32327 10396 29900 460 12264 13550
22412 13484 12829 23095 50033 21621 4964 41231 1339 7889
7425 39129 12859 22417 51665 25015 49107 5264 19122 27753
19228 11631 23290 26439 25645 16060 23098 31955 44291 282
10057 10279 11558 18134 24374 26291 17170 35830 7789 8607
1586 44279 48783 16540 17430 27877 25639 20199 49047 47868
24382 5973 7608 18995 36644 20206 21512 32670 8661 10271
45773 38370 19754 25072 22782 46632 36970 37609 19758 23146
24033 44146 23424 4666 1734 830 47978 27174 51945 15464
5863 40484 47685 14114 18739 8635 26270 13602 470 45732
12995 49471 42432 38945 19387 32841 4120 22256 3906 20168
15120 26763 29699 35713 29710 48511 42170 34523 37209 16962
14901 7852 14639 18927 4775 32675 2485 35145 6765 53362
23854 34877 15448 50880 12724 44983 43112 46151 35916 30876
30323 96 9926 48142 52744 28251 335 42852 4717 14090
44534 29592 39869 2901 42016 36293 52472 25923 27432 6858
11481 41323 23815 16046 13621 11643 42247 23019 3408 4159
7924 131 4001 22968 51341 6343 40738 28732 17098 16920
38044 14461 749 14112 19038 8302 29191 25668 515 45385
8152 43662 38920 732 28868 10476 50860 47939 343 34658
28637 30420 33107 35240 5895 16974 6515 6810 18073 16210
6125 42286 41299 20282 17264 2575 47297 11721 25416 9027
28497 40837 12333 5941 51464 46072 13357 47973 13013 22526
41474 51722 51395 53212 511 11631 53103 23290 19228 23909
3205 51444 34097 33313 48797 10091 27984 16744 23951 43409
21782 44668 19801 16458 18643 1088 14771 25301 34387 3388
16565 44396 906 9015 18173 22954 24355 21012 18646 10806
26602 1223 8740 15390 15812 43619 53342 5742 29017 48762
22276 16569 36575 34756 32242 18475 9849 32754 20640 24567
26705 43032 15883 10311 49528 17464 12479 8226 2954 13621
36412 50346 46894 19500 45719 52794 23656 40336 14323 4745
4792 36061 46732 18763 10044 580 31538 22789 6945 5649
38195 50084 17042 6957 49953 51136 1234 17853 14978 13705
277 24001 14156 43285 1680 43132 40298 32129 40515 46884
2584 47959 30387 229 32598 15075 24265 38277 38439 5688
13321 50185 16290 32883 6512 11852 40192 28645 8812 897
25012 7781 11919 17984 48479 44905 9973 6435 7684 6768
15063 29697 1725 13783 49899 48618 46916 51404 22265 9256
18161 41023 47513 32955 16002 21351 12795 8706 15318 15784
3581 26618 36144 10624 49978 38909 28400 44323 4810 5937
49540 11590 28048 16025 47803 2122 19768 30249 50142 18517
17367 37568 4489 21110 41867 24252 45822 51713 4268 2083
41229 14381 8163 7608 20683 7135 6474 51178 9673 50131
18458 26211 52145 49527 5012 21876 41079 41301 51673 12942
13089 31904 34565 51089 16331 20467 22906 14870 41174 12355
4230 51629 43367 45708 22161 29237 17385 18662 15404 5162
2493 20863 43042 50992 2820 7151 49850 23451 7724 6428
19093 26189 40157 39668 37414 34750 43259 2310 21947 27138
11425 15190 22601 32415 43910 3391 49642 33237 47352 24216
4718 37076 13048 46025 5110 27543 52022 23869 43967 35911
8740 37070 18298 52525 36612 33772 14532 10478 4469 26490
14746 33687 40818 1252 22888 40564 53313 40003 26052 18209
36950 51245 12699 42754 22539 12698 14184 28053 33900 32848
39518 16743 50235 7318 34568 32555 5929 34836 48604 2528
41270 8751 460 32327 15002 13090 48238 18671 29728 31514
47933 36750 46993 12894 19514 11802 7586 36838 36351 48122
29256 19614 23452 31463 37132 17012 28460 624 38782 11357
23638 22902 11663 4745 17448 35548 27055 5442 52515 21174
26206 35776 860 32567 29008 18021 10655 14204 1793 49533
26361 19355 44086 27445 395 16521 10988 22000 9091 3898
9833 1756 50187 20001 35787 5749 6475 4722 37817 18060
44760 42607 44346 36569 45916 1597 15165 2974 32165 24459
19910 4336 13427 10551 13061 19048 10731 15586 33859 39875
25498 34935 9792 9798 3067 19513 18435 52830 13759 49102
24368 28455 15321 13559 14240 31329 13389 36988 12355 47878
4129 19769 41616 7430 7854 18607 53022 987 13571 50344
44522 4667 50488 19409 20964 51903 15001 49487 29518 7896
17738 20162 45000 27979 51133 35656 16540 1910 8182 20199
5761 22099 9 33453 24014 8139 24286 25786 47448 8911
7044 19006 21968 9480 25927 17049 46905 26773 30695 44776
11887 13713 16974 3672 47816 51768 45542 25650 49179 19730
35446 51975 50710 46188 9758 42504 45464 13415 48912 24074
52003 12881 32336 12395 16448 8470 50644 2626 3784 14665
52012 26896 26008 44124 23920 5594 22249 42628 20467 10435
8479 10694 49370 35368 36465 13695 24152 12273 1179 46174
1897 25916 49617 29292 12713 29262 52091 16831 8642 27649
48339 517 32654 19792 16811 27919 13396 24184 41151 46043
43904 20948 9353 6912 24121 2261 17020 5757 17676 22620
9639 37387 48863 15863 47802 26457 18079 26003 11843 10161
21893 8856 19632 13072 24419 9242 11749 19067 41013 34149
10059 6379 41574 33832 18693 21540 39995 21892 39764 7732
23801 11252 8677 39733 5558 2241 6521 43035 226 30994
12624 48259 19748 43854 7266 4160 50844 28414 13258 36388
34620 48484 51403 3297 415 48385 40229 112 49273 9015
14133 22940 889 31913 14434 3513 46440 28854 43673 29613
1768 23557 8766 51469 23436 37382 18359 7517 42895 16702
45406 40469 16228 41869 337 38333 16612 49771 35659 9764
14909 39387 33282 36804 34270 30118 34588 52852 18116 52452
22383 3327 47974 1403 39918 22793 8653 18597 1322 16660
5124 52193 48453 23513 32264 45931 22425 26169 42754 8798
29033 46140 1679 9753 27739 27214 10680 50030 12837 4169
23868 13336 8693 15319 43646 47534 23115 25456 16476 43552
46710 53272 29182 1461 28511 1688 13303 8242 9096 10443
10299 24002 1476 41308 14456 9987 8888 36060 12875 37524
11749 15658 1104 10602 12768 25517 6636 49869 6616 49549
19288 45675 18816 28080 35744 47601 42855 53112 45275 46238
18873 43213 52954 14858 515 10540 36406 28467 27021 22856
12483 51315 44685 51709 22080 3877 20316 41788 43376 51953
33964 6846 7542 52001 25179 48846 34210 34451 18585 13438
36271 5806 29907 2719 28009 51577 11618 53268 51148 28512
37576 39267 24037 49382 3244 46245 16706 45866 42345 4459
43937 6306 35323 44501 49143 48423 19151 35134 50904 50457
45117 33891 31539 30201 10295 7154 31442 26005 1721 23786
9354 31204 10980 9349 862 8237 22978 3566 29898 37718
27655 4317 26765 20105 17690 51495 44887 23863 52270 28066
50117 10266 43145 3538 43964 48714 38678 6588 3286 46064
34553 26911 616 1674 38203 35120 43452 50882 52269 3100
26953 26200 52687 7342 25739 25811 7350 48288 27368 27474
11426 50029 14761 31187 13097 6853 19272 23376 3474 24564
22183 29421 25098 10745 17866 25534 35147 24932 13898 2322
63 37276 44349 18397 26730 44944 41131 25615 53157 34706
17979 10486 4025 37988 14415 21576 2521 27069 18187 1031
1701 2715 28255 13093 21507 11040 32479 32814 33908 26479
4522 2872 45206 3519 45613 29735 28167 50139 49485 12779
42784 36006 50885 38558 12473 41130 901 35443 18427 15351
18228 51873 9038 16756 26116 29174 2617 31915 10183 29818
24846 44129 44584 19780 25026 39826 26299 36583 41330 38159
45529 19640 49370 44532 36376 14568 51818 43602 44317 16236
15996 19397 5818 1963 192 46445 41857 16953 21431 16818
38831 2872 14548 44798 30358 44962 46951 15072 31324 19491
14270 19370 29526 25409 3691 38720 40602 17875 33303 35662
40753 35843 37998 409 24879 8323 20435 32285 8422 26167
53220 35642 27023 37249 41583 52885 41619 36189 13386 32987
4095 14316 48971 47988 13769 7269 11776 38258 40442 42632
14658 50552 10267 45735 25634 1202 19041 48945 13017 47103
51324 23767 6562 33473 15420 3709 8546 18385 39956 15513
11067 40030 27458 33831 25966 22794 32077 43556 45757 29929
14562 10880 10624 18116 5043 26618 36804 36144 3581 12455
10178 12751 10798 25754 24334 46779 34397 7166 44629 17971
10302 28958 7399 19650 41684 22404 881 2302 4020 13868
18972 42554 47841 40645 40980 48238 3938 18671 10969 11706
47401 6415 15137 31813 15792 42619 18016 18063 8766 40541
6549 16596 33595 24058 42126 32535 37814 41736 17653 39011
30269 32341 22018 38029 19903 11561 34240 22913 33845 41226
4097 33583 7188 33814 27640 17476 50466 22165 20287 36050
19873 1551 37147 49043 51765 37151 6395 4851 33380 23349
2138 26102 21918 20626 7512 8407 53132 18990 22108 6019
16876 35248 1448 35403 24815 14993 26846 2394 10749 45825
35001 40864 22463 8470 2519 3528 33286 28351 50126 9730
30441 9031 25904 28972 8713 17895 34307 33511 36864 34202
QPS: 380.90Peak RES memory usage: 131.91 MB
