50768 34013 28186 36548 46445 192 12576 52269 5993 48010
20831 43662 46492 46356 29962 2955 31190 47939 1995 4691
17991 8380 28527 18292 29309 35051 3672 37536 8574 8336
3133 9963 52680 9025 32099 51935 1009 3038 2413 53288
7906 43171 394 19875 41195 645 42548 41462 3313 42041
26228 25633 8085 12460 17556 12919 26921 34216 6773 12331
1801 16042 39898 25455 3233 11159 15103 53016 7459 15887
31021 7219 45872 45015 1055 16785 26065 52548 20641 36273
8061 36118 25421 20013 10037 48554 19090 15317 36892 16251
41061 31481 16801 6109 15924 9894 40866 30447 36722 368
18612 7132 10907 17371 11622 37428 9869 16061 12414 31956
35476 23850 46122 5849 44746 16196 18855 27850 3762 41461
30852 47345 41401 2060 7240 43544 22993 23279 13972 24205
593 42246 18676 45057 26266 5797 3650 37853 12457 33166
5961 44451 1762 47387 21891 10543 11620 3541 1024 7625
719 9244 44036 47468 49619 5859 45903 48620 17372 52895
47791 41343 3826 6153 14959 22279 8129 34175 48339 47946
6700 20095 52810 20420 35728 33499 8728 43229 19072 10693
20380 50512 30551 22884 19466 3098 24779 39469 8719 17540
43805 17853 14978 43743 31951 45786 10395 810 17688 21718
31496 52807 244 5586 23015 52259 14240 13682 23325 50514
20948 16058 9336 17676 9353 43588 49756 43904 30568 22620
2610 24924 34075 7014 7111 42358 14344 40742 17369 569
12917 41791 51112 21423 37109 11702 28479 5227 12564 20396
8063 34957 21015 35339 2508 6203 48144 4952 23567 19625
17011 51520 18012 2294 39706 51158 3597 17174 11864 48585
30649 17377 48677 31803 12845 5654 8199 5782 52522 1661
12999 45030 26108 4700 21670 19471 36341 57 16902 26706
3366 50304 7665 7587 31046 45305 2248 24250 50955 9923
30733 51726 29 12387 15956 48585 39329 24233 38899 50214
32986 33906 30847 5078 4967 13951 34803 13274 15255 4990
11805 30249 36258 11590 20969 37804 23957 49540 47803 18517
47175 30040 32709 43172 39191 20495 49877 14757 16398 44437
46406 37937 22147 2595 10356 47539 46439 29729 2330 39731
52648 28602 14493 8110 18059 26576 42174 40389 28593 5455
26266 37853 593 22410 9747 3650 49559 39337 27965 3106
19594 18984 14388 23461 34309 38407 15795 10307 35136 44949
42268 1337 52286 43363 11375 18718 18336 36977 22089 347
44528 2709 13196 35325 47392 24991 8082 3829 5067 45074
9990 6588 34659 43145 2153 7076 44215 14652 642 51217
31073 22235 9520 21987 47831 22584 14489 6065 6077 19290
34527 21362 25478 4384 9117 40795 49760 49174 41295 290
19321 8582 45619 4140 16273 45149 30373 41499 19543 9501
24365 35768 9306 21077 37241 28861 50801 24595 52532 26118
45029 17028 23675 40016 13847 41059 45011 1239 35645 3216
24085 48671 14405 39639 26725 45531 24984 37476 31638 2750
35743 5741 30585 25133 9703 3286 13825 36313 42504 14370
52073 24463 33393 13768 40647 34608 38841 20616 10092 19626
16880 6294 9918 29971 11310 45641 29080 42239 1176 51248
23957 15242 30818 45617 36458 47803 13667 43275 38173 49540
46371 19564 52477 38436 8276 24899 24729 5982 39781 36781
35703 29418 14609 11323 41249 594 43283 51096 40774 40990
14990 32597 7954 12027 31773 14339 15499 33721 48595 17444
7187 4588 32933 11202 13838 53136 50846 14969 40248 35345
1259 53380 13416 19634 23703 3044 47702 13300 14522 5316
26688 45923 47320 34991 41689 3606 10360 7498 46956 51031
2666 4768 36389 15432 19376 31596 38429 38917 26372 29601
3153 25775 49691 28181 12156 8957 7129 27148 13689 31731
33463 45917 3748 44651 39324 43585 38202 45651 35074 34772
7781 488 14928 31795 27255 41061 19516 37615 14997 16307
8751 29948 48282 10396 29900 460 12264 13550 15725 29501
22412 13484 12829 23095 50033 21621 4964 41231 1339 7889
7425 39129 12859 22417 49107 7165 24616 23524 13772 34169
19228 11631 23290 26439 25645 16060 23098 31955 44291 282
10057 10279 11558 18134 24374 26291 17170 35830 7789 8607
1586 44279 48783 16540 17430 27877 49047 47868 6484 12404
24382 5973 7608 18995 36644 20206 21512 32670 8661 10271
45773 38370 19754 25072 22782 46632 36970 37609 19758 23146
24033 44146 23424 4666 1734 830 47978 27174 51945 15464
5863 40484 47685 14114 18739 8635 26270 13602 470 45732
12995 49471 42432 38945 19387 32841 4120 22256 8649 40838
15120 26763 29699 29710 48511 42170 34523 37209 16962 38919
14901 7852 18927 4775 32675 2485 35145 6765 53362 32075
23854 34877 15448 50880 12724 44983 43112 46151 35916 30876
30323 96 9926 48142 52744 28251 335 42852 4717 14090
44534 29592 39869 2901 42016 36293 52472 25923 27432 6858
11481 41323 23815 16046 13621 11643 42247 23019 3408 4159
7924 131 4001 22968 51341 6343 40738 28732 16920 919
38044 14461 749 14112 19038 8302 29191 25668 515 22856
8152 43662 38920 732 28868 10476 50860 47939 343 34658
28637 33107 5895 16974 6515 6810 18073 8380 9901 29785
6125 42286 41299 20282 17264 2575 11721 25416 9027 23496
28497 40837 12333 5941 51464 47973 13013 22526 34157 13814
51722 51395 53212 511 53103 23909 11622 26439 36211 37369
3205 51444 34097 33313 48797 10091 27984 16744 43409 13792
21782 44668 19801 16458 18643 1088 14771 25301 34387 3388
16565 44396 906 9015 18173 22954 24355 21012 18646 10806
26602 1223 8740 15390 15812 43619 5742 29017 48762 25683
22276 16569 36575 34756 32242 18475 9849 32754 20640 24567
26705 43032 15883 10311 49528 17464 12479 2954 9688 11108
36412 50346 19500 45719 52794 14323 4745 3855 2531 26615
4792 36061 46732 18763 10044 580 31538 22789 6945 5649
38195 50084 17042 6957 49953 51136 1234 17853 14978 13705
277 24001 14156 43285 1680 43132 40298 32129 40515 46884
2584 47959 30387 229 32598 15075 24265 38277 38439 5688
13321 50185 16290 6512 11852 40192 28645 8812 897 14651
25012 7781 11919 17984 48479 44905 9973 6435 7684 6768
15063 29697 1725 13783 49899 48618 46916 51404 22265 9256
18161 41023 47513 32955 16002 21351 8706 15318 15784 3682
3581 26618 36144 10624 49978 38909 28400 44323 4810 5937
49540 11590 28048 16025 47803 2122 19768 30249 18517 32868
17367 37568 4489 21110 24252 45822 4268 2083 8165 47208
41229 14381 8163 7608 20683 6474 51178 9673 50131 10130
18458 26211 52145 49527 5012 21876 41079 41301 51673 12942
13089 31904 34565 51089 20467 14870 41174 12355 20340 46697
4230 51629 43367 22161 29237 17385 18662 15404 5162 50309
2493 20863 43042 50992 2820 7151 49850 23451 7724 6428
19093 26189 40157 39668 37414 34750 43259 2310 21947 27138
11425 15190 22601 3391 49642 47352 24216 40576 18175 47404
4718 37076 13048 46025 5110 27543 52022 23869 43967 35911
8740 18298 52525 33772 14532 10478 4469 51516 8055 1223
14746 33687 40818 1252 22888 40564 53313 40003 26052 18209
36950 51245 12699 42754 22539 12698 14184 28053 32848 13356
39518 16743 50235 7318 34568 32555 5929 34836 48604 2528
41270 8751 460 32327 15002 13090 48238 18671 29728 31514
47933 36750 46993 19514 11802 7586 36838 36351 48122 32737
19614 23452 31463 37132 28460 624 38782 11357 33517 13835
23638 22902 11663 4745 17448 35548 27055 52515 21174 38757
26206 35776 860 32567 29008 18021 10655 14204 1793 49533
26361 19355 44086 27445 10988 22000 9091 3898 49551 10247
9833 1756 50187 20001 35787 5749 6475 4722 37817 18060
44760 42607 44346 36569 45916 1597 15165 2974 32165 24459
19910 4336 13427 10551 13061 19048 10731 15586 33859 39875
25498 34935 9792 9798 3067 19513 18435 52830 13759 49102
15321 13559 14240 31329 13389 12355 13089 33835 51288 5586
4129 41616 7430 7854 18607 53022 987 13571 50344 6186
44522 4667 50488 19409 20964 51903 15001 49487 29518 7896
16540 1910 8182 20199 47868 28766 9320 27877 50287 22138
5761 22099 9 33453 24014 8139 24286 25786 47448 8911
7044 19006 21968 9480 17049 46905 26773 30695 44776 52439
11887 13713 16974 3672 47816 51768 45542 25650 49179 1016
35446 51975 50710 46188 9758 45464 13415 48912 24074 3847
52003 12881 32336 16448 8470 50644 2626 3784 14665 11937
52012 26008 44124 23920 5594 22249 42628 20467 10435 34646
8479 10694 49370 35368 36465 13695 24152 12273 1179 46174
1897 25916 49617 29292 12713 29262 52091 16831 8642 27649
48339 517 32654 19792 16811 27919 13396 24184 41151 46043
43904 20948 6912 24121 2261 17020 5757 17676 22620 16058
9639 37387 48863 18079 26003 11843 5587 42589 19368 50071
21893 8856 19632 13072 24419 11749 19067 41013 8662 8189
6379 41574 33832 18693 21540 39995 21892 39764 7732 48828
23801 11252 8677 39733 5558 2241 6521 43035 226 30994
12624 48259 19748 43854 7266 4160 50844 28414 13258 36388
34620 48484 51403 3297 415 48385 40229 112 49273 9015
14133 22940 889 31913 14434 3513 46440 28854 43673 29613
1768 8766 51469 7517 16702 50866 49344 34889 16544 3915
45406 16228 41869 337 38333 16612 9764 19680 40122 35085
14909 39387 33282 36804 34270 30118 34588 52852 18116 52452
22383 3327 47974 1403 39918 22793 8653 18597 16660 10214
5124 52193 48453 23513 32264 45931 22425 26169 42754 8798
29033 46140 1679 9753 27739 27214 10680 50030 12837 4169
23868 13336 8693 15319 43646 47534 25456 16476 43552 5390
46710 53272 29182 28511 13303 8242 9096 13882 4434 13754
10299 24002 1476 41308 14456 9987 12875 37524 36903 23272
11749 15658 1104 10602 12768 25517 6636 6616 49549 18941
19288 45675 18816 28080 35744 47601 42855 53112 45275 46238
18873 52954 14858 515 10540 28467 27021 22856 14112 42006
12483 51315 44685 22080 3877 20316 41788 16852 19738 4256
33964 6846 7542 25179 48846 34210 34451 18585 13438 21895
36271 5806 29907 2719 28009 51577 11618 53268 51148 28512
46245 16706 4459 24376 18196 19662 10716 25365 7313 11127
43937 6306 35323 44501 49143 48423 19151 35134 50904 50457
33891 31539 30201 10295 7154 31442 26005 1721 23786 20149
9354 31204 10980 9349 862 8237 22978 3566 29898 37718
27655 4317 26765 20105 17690 23863 20050 3756 28099 21026
50117 10266 43145 3538 43964 48714 38678 6588 3286 46064
34553 26911 616 1674 38203 35120 43452 50882 52269 3100
26953 26200 52687 7342 25739 25811 7350 48288 27368 27474
11426 50029 14761 31187 13097 6853 19272 23376 3474 24564
22183 29421 25098 10745 17866 25534 35147 24932 13898 2322
63 37276 44349 18397 26730 44944 41131 25615 53157 34706
17979 10486 4025 37988 14415 2521 27069 18187 1031 1977
1701 2715 28255 13093 21507 32479 32814 33908 41705 16241
4522 2872 45206 3519 29735 28167 50139 49485 12779 2596
42784 36006 50885 38558 12473 901 35443 18427 15351 40412
18228 51873 9038 16756 26116 29174 2617 31915 10183 29818
24846 44129 44584 19780 25026 39826 26299 36583 41330 38159
45529 19640 44532 36376 14568 51818 43602 44317 16236 43640
15996 19397 5818 1963 192 46445 41857 16953 21431 16818
38831 2872 44798 30358 46951 4462 23768 1032 660 7402
19370 29526 25409 3691 40602 17875 33303 35662 52140 10516
40753 35843 37998 409 24879 8323 20435 32285 8422 26167
53220 27023 37249 41583 52885 41619 36189 13386 32987 45278
4095 14316 48971 47988 13769 11776 38258 13312 24562 21612
14658 50552 10267 45735 25634 1202 19041 48945 13017 47103
51324 23767 6562 33473 15420 3709 8546 18385 39956 15513
11067 40030 25966 32077 31642 1016 13878 1924 21679 13713
14562 10880 10624 18116 5043 26618 36804 36144 3581 12455
10178 12751 10798 25754 24334 34397 7166 38443 13341 21966
10302 28958 7399 19650 41684 22404 881 2302 4020 13868
18972 42554 47841 40645 40980 48238 3938 18671 11706 45750
47401 6415 15137 31813 15792 42619 18016 18063 8766 40541
6549 16596 33595 24058 42126 32535 37814 41736 17653 36190
30269 32341 22018 38029 19903 11561 34240 22913 33845 41226
4097 33583 7188 33814 27640 17476 50466 22165 20287 40066
19873 1551 37147 49043 51765 37151 6395 4851 33380 23349
2138 21918 20626 7512 8407 53132 18990 22108 6019 5750
16876 1448 35403 26846 2394 10749 45825 31681 9837 19493
35001 40864 22463 8470 2519 3528 33286 28351 50126 9730
30441 9031 25904 28972 8713 17895 34307 33511 36864 34202
QPS: 99.34Peak RES memory usage: 131.90 MB
