50768 39175 34013 30869 28186 44763 36548 46445 192 12411
20831 43662 46492 46356 29962 2955 31190 47939 1995 4691
17991 8380 28527 18292 29309 35051 3672 37536 8574 8336
3133 9963 52680 9025 6618 32099 49834 51935 52161 1009
7906 43171 394 19875 41195 645 34363 42548 41462 3313
26228 25633 8085 12460 26248 17556 12919 26921 34216 43299
1801 16042 39898 25455 3233 11159 15103 53016 7459 15887
31021 7219 45872 36986 14369 45015 1055 40008 41794 27946
8061 36118 25421 20013 20185 10037 45545 48554 19090 15317
41061 31481 16801 6109 551 15924 9894 18524 40866 30447
18612 7132 10907 17371 11622 22448 37629 25877 19587 37428
35476 23850 46122 5849 44746 16196 30943 18855 27850 35962
30852 47345 41401 2060 7240 43544 22993 23279 13972 46376
593 32390 42246 18676 45057 26266 5797 3650 37853 12457
5961 44451 1762 47387 21891 10543 11620 3541 1024 7625
719 9244 44036 47468 49619 5859 27956 45903 48620 53314
33370 47791 41343 3826 6153 14959 22279 8129 34175 25119
6700 20095 52810 20420 35728 33499 9254 21633 8728 43229
20380 50512 30551 22884 19466 3098 24779 39469 8719 45602
43805 17853 14978 43743 31951 45786 10395 810 17688 21718
9746 21864 40539 30229 6140 31496 52807 244 15232 21104
20948 16058 9336 8437 17676 9353 31410 52406 43588 38127
2610 24924 34075 7014 7111 42358 14344 40742 25050 37031
19517 12917 41791 51112 21423 40510 38645 37328 784 39283
8063 29912 34957 21015 35339 22474 2508 6203 48144 45320
17011 51520 18012 2294 39706 51158 3597 17174 11864 33593
30649 17377 48677 31803 12845 5654 42733 8199 39905 21211
12999 45030 26108 4700 21670 19471 36341 57 16902 26706
26087 32044 3366 44218 50304 48882 15909 38159 21434 7665
30733 51726 29 12387 15956 48585 39329 24345 24233 38899
32986 35914 33906 12442 30847 7532 5078 4967 43289 51931
11805 30249 36258 11590 20969 37804 23957 49540 47803 18517
47175 30040 48667 32709 43172 39191 20495 49877 14757 16398
46406 37937 22147 2595 10356 47539 46439 41499 34781 29729
52648 28602 14493 8110 18059 26576 42174 40389 46014 28593
26266 37853 593 22410 18452 9747 32390 3650 49559 39337
19594 18984 14388 23461 34309 38407 15795 10307 35136 44949
42268 1337 45169 49662 50942 52286 43363 31668 11375 18718
44528 2709 13196 10621 35325 39792 47392 40887 24991 34733
17665 9990 20972 28267 6588 34659 30519 43145 34593 2153
49088 31073 49193 5733 46276 47212 34868 13199 7539 2752
34527 21362 25478 4384 9117 40795 49760 43744 49174 41295
19321 8582 45619 4140 16273 45149 37310 41206 30373 41499
19865 36430 24365 36991 46945 13842 20023 51197 13377 23362
45029 17028 23675 40016 13847 41059 26008 45011 1239 53107
37171 22434 50725 8790 26168 24085 10990 25111 48671 14405
35743 5741 30585 25133 9703 3286 46220 13825 19381 36313
52073 24463 33393 13768 40647 34608 38841 20616 10092 19626
16880 6294 18903 5158 9918 11043 29971 11310 45641 29080
23957 15242 30818 45617 36458 47803 13667 43275 38173 49540
46371 19564 52477 51406 38436 44324 8276 39683 24899 24729
23391 4666 35703 29418 14609 11323 50650 41249 33124 594
14990 25998 26284 32957 32597 44392 7954 12027 51126 51111
7187 4588 32933 11202 13838 53136 50846 14969 40248 35345
1259 28695 14575 17650 25755 46020 53380 3727 13416 49476
26688 45923 47320 21708 34991 41689 3606 10360 7498 46956
2666 4768 36389 15432 19376 31596 38429 38917 26372 29601
3153 25775 50366 36966 49691 33871 28181 40418 12156 8957
33463 45917 3748 44651 39324 43585 38202 45651 35074 34772
7781 48567 488 11919 14928 31795 27255 41061 29883 19516
41270 8751 41810 29948 36000 48282 32327 10396 29900 460
22412 13484 12829 23095 50033 21621 4964 41231 1339 7889
7425 39129 12859 22417 51665 25015 49107 5264 15990 50726
19228 11631 23290 26439 25645 16060 23098 31955 25406 44291
10057 10279 11558 18134 24374 26291 17170 35830 7789 8607
1586 44279 48783 16540 17430 27877 25639 20199 49047 47868
24382 5973 7608 18004 2122 18995 2232 45200 36644 20206
45773 38370 19754 25072 22782 46632 36970 37609 19758 23146
24033 7070 44146 29418 52200 23642 14609 23424 5421 46399
5863 40484 47685 14114 18739 8635 44937 26270 13602 470
12995 49471 42432 38945 19387 4772 32841 4120 22256 3906
15120 26763 29699 35713 29710 48511 42170 34523 37209 16962
14901 7852 14639 18927 18871 4775 32675 2485 23596 35145
23854 51048 34877 15448 50880 53103 51126 16671 12724 44983
30323 96 9926 48142 52744 28251 335 42852 4717 14090
44534 29592 39869 2901 42016 36293 52472 25923 27432 30816
11481 41323 31141 23815 3744 16046 13621 51922 25547 11643
7924 131 4001 22968 51341 6343 40738 28732 17098 16920
38044 14461 749 14112 19038 8302 29191 25668 515 45385
8152 43662 38920 732 28868 10476 50860 47939 343 34658
28637 30420 33107 35240 494 5895 42976 16974 6515 23643
6125 42286 41299 39796 20282 52984 17264 2575 47297 11721
28497 18154 40837 12333 5941 51464 46072 13357 47973 13013
41474 51722 51395 53212 8726 511 9194 11631 53103 32431
3205 51444 34097 5658 39761 52209 33313 20184 48797 33044
21782 44668 19801 16458 18643 5096 40135 20689 1088 14771
16565 44396 906 9015 18173 22954 24355 21012 18646 10806
26602 38226 1223 8740 15390 15812 43619 53342 5742 29017
22276 16569 36575 34756 32242 18475 9849 32754 20640 24567
26705 43032 15883 644 25900 10311 49528 17464 12479 8226
36412 49301 50346 36723 46894 19500 45719 52794 14331 23656
4792 36061 46732 18763 10044 580 31538 22789 6945 5649
38195 50084 17042 6957 49953 51136 1234 17853 14978 13705
277 24001 14156 43285 1680 43132 40298 32129 40515 46884
2584 47959 30387 229 32598 15075 24265 38277 38439 5688
13321 50185 16290 32883 6512 11852 40192 28645 8812 897
25012 7781 11919 17984 48479 44905 9973 6435 7684 6768
15063 29697 1725 13783 49899 48618 46916 20248 51404 22265
18161 41023 47513 32955 16002 21351 12795 8706 15318 15784
3581 26618 33058 36144 10624 48974 49978 38909 28400 44323
49540 11590 14778 28048 23347 47650 16025 47803 2122 19768
25575 17367 37568 3943 4489 21110 41867 45229 24252 40014
41229 14381 8163 42781 7608 20683 7135 6474 51178 9673
19255 18458 26211 35331 52145 45229 49527 3943 5012 15658
13089 31904 38465 49537 34565 24687 40002 51089 16331 20467
4230 51629 43367 45708 22161 29237 32279 17385 18662 15404
2493 20863 43042 50992 2820 7151 49850 50463 2637 23451
19093 26189 40157 39668 37414 34750 43259 2310 21947 27138
11425 25083 15190 22601 32415 43910 11974 20150 3391 49642
4718 37076 13048 46025 5110 27543 52022 23869 17419 43967
8740 37070 18298 52525 36612 33772 14532 10478 4469 26490
28811 14746 33687 40818 1252 22888 34570 40564 53313 40003
36950 51245 12699 42754 22539 12698 14184 28053 33900 32848
39518 16743 50235 7318 34568 32555 5929 43290 53312 34836
41270 8751 29948 460 32327 41810 4759 29501 17858 42014
47933 36750 46993 12894 19514 11802 7586 36838 36351 48122
29256 19614 23452 8410 45734 31463 37132 17012 28460 30728
23638 22902 11663 4745 17448 35548 23587 27055 5442 52515
26206 35776 860 32567 29008 18021 10655 14204 1793 49533
26361 19355 44086 27445 395 16521 10988 22000 9091 13453
9833 1756 50187 20001 26846 29865 35787 5749 50562 6475
44760 42607 44346 36569 45916 1597 15165 2974 32165 24459
19910 4336 13427 10551 13061 19048 10731 20895 18326 11749
25498 34935 9792 9798 3067 19513 50784 11743 18435 52830
24368 28455 15321 13559 47446 14240 31329 13389 36988 27146
4129 19769 41616 7430 7854 49676 15752 18607 53022 987
44522 4667 50488 19409 20964 5723 51903 13918 15001 49487
17738 20162 45000 27979 51133 35656 16540 1910 8182 20199
5761 22099 9 33453 24014 8139 24286 25786 47448 8911
7044 19006 21968 9480 25927 17049 46905 26773 30695 45990
11887 13713 16974 3672 47816 51768 45542 25650 49179 19730
35446 51975 40068 9148 29273 49081 41876 5103 18253 50733
52003 12881 32336 8904 23586 12395 17468 16448 8470 50644
52012 26896 26008 44124 23920 5594 22249 42628 20467 10435
8479 38005 10694 49370 35368 36465 13695 24152 12273 1179
1897 25916 49617 29292 12713 29262 52091 16831 46818 8642
48339 517 32654 19792 22279 16811 1385 27919 13396 24184
43904 20948 9353 6912 24121 2261 17020 5757 48622 17676
9639 37387 48863 15863 47802 26457 18079 26003 11843 10161
21893 8856 19632 13072 24419 9242 11749 19067 27056 41013
10059 6379 41574 33832 18693 29774 21540 39995 21892 18362
23801 11252 8677 39733 5558 2241 6521 43035 226 30994
12624 48259 19748 43854 7266 4160 50844 28414 13258 36388
34620 48484 51403 3297 415 48385 40229 112 49273 9015
14133 22940 889 31913 14434 35305 3513 46440 28854 43673
13967 23593 1768 23557 8766 51469 42064 23436 37382 18359
45406 26393 40469 16228 41869 337 43910 38333 7711 16612
14909 39387 33282 36804 34270 30118 34588 52852 18116 52452
22383 3327 47974 1403 39918 22793 8653 18597 1322 16660
5124 52193 48453 23513 32264 45931 22425 26169 42754 8798
29033 46140 1679 9753 27739 27214 10680 50030 19583 12837
23868 13336 8693 15319 43646 47534 23115 25456 16476 43552
46710 53272 29182 1461 1498 28511 1688 13303 8242 9096
10299 24002 1476 41308 14456 9987 8888 36060 12875 37524
11749 15658 1104 10602 12768 25517 6636 49869 6616 45654
19288 45675 18816 28080 35744 47601 42855 53112 47381 45275
18873 43213 52954 14858 20918 30640 8772 515 10540 36406
12483 51315 44685 51709 21255 22080 3877 46497 20316 23820
33964 6846 7542 52001 18431 25179 48846 34210 42741 34451
33305 36271 5806 12433 11279 25177 29907 21324 49121 2719
37576 39267 22731 24037 49382 3244 46245 16706 45866 42345
43937 6306 35323 44501 49143 48423 19151 35134 50904 50457
45117 27179 33891 22526 31539 14477 42219 38271 30201 34128
9354 31204 10980 9349 862 8237 22978 3566 29898 37718
27655 4317 26765 20105 17690 51495 44887 23863 52270 28066
50117 10266 19608 43145 7619 4320 51975 3538 21629 43964
34553 26911 616 1674 38203 35120 43452 50882 52269 3100
26953 26200 52687 7342 25739 25811 7350 48288 27368 27474
11426 50029 14761 31187 13097 6853 19272 23376 3474 24564
22183 27993 29421 25098 10745 17866 25534 35147 24932 13898
63 37276 44349 18397 26730 44944 41131 25615 53157 34706
17979 10486 37272 4025 37988 14415 21576 2521 27069 18187
1701 2715 28255 13093 3435 21507 11040 32479 32814 33908
4522 2872 45206 3519 45613 29735 28167 50139 49485 12779
42784 52132 27053 36006 50885 52727 38558 12473 41130 901
18228 51873 9038 16756 37904 26116 29174 42218 2617 31915
24846 44129 44584 19780 25026 39826 26299 36583 41330 38159
45529 19640 37214 49370 44532 36376 14568 51818 43602 44317
15996 19397 5818 1963 192 46445 41857 16953 21431 16818
38831 2872 14548 44798 30358 44962 46951 34059 15072 31324
14270 24236 28769 19370 29526 35223 25409 3691 38720 40602
40753 35843 37998 409 24879 8323 20435 32285 8422 26167
53220 35642 22207 27023 37249 41583 52885 41619 21567 50013
4095 14316 48971 47988 13769 38608 623 7269 11776 11359
39853 14658 50552 10267 45735 25634 1202 19041 48945 13017
51324 23767 6562 33473 15420 3709 8546 18385 39956 15513
33977 11067 40030 27458 33831 25966 22794 32077 20512 43556
14562 10880 10624 18116 5043 26618 7878 36804 19552 36144
10178 43130 12751 10798 25754 24334 46779 34397 7166 44629
10302 28958 7399 19650 41684 22404 881 2302 4020 13868
18972 42554 47841 35988 40645 40980 51600 48238 19419 3938
47401 6415 15137 31813 15792 42619 18016 18063 8766 40541
6549 16596 33595 24058 42126 32535 37814 41736 17653 39011
30269 32341 22018 38029 19903 11561 24898 49606 34240 45857
4097 33583 7188 33814 27640 17476 50466 22165 20287 36050
19873 1551 37147 9180 49043 47117 51765 37151 6395 4851
2138 26102 21918 20626 7512 8407 53132 18990 22108 6019
16876 35248 1448 35403 24815 14993 26846 2394 42529 10749
35001 40864 22463 8470 2519 3528 33286 28351 50126 9730
30441 9031 25904 28972 8713 17895 34307 33511 36864 34202
QPS: 489.59Peak RES memory usage: 132.04 MB
