19213 41905 8352 12445 610 13031 47823 17546 43475 30996
42303 39909 24911 5164 23178 20622 17359 9186 51274 4754
47823 46389 46174 633 17546 27474 19213 43903 16476 47164
36422 2889 39052 50036 49530 12178 2604 15642 47049 17335
2103 5229 34757 20202 6181 10821 3087 5697 10338 13730
47780 25070 5229 5697 20428 22059 49209 7564 20552 9150
10128 49019 24867 43081 23178 35339 17486 6140 17496 24911
47029 39052 49530 50036 2889 12178 4679 26634 15642 35234
28249 18132 44676 3087 2103 17261 17167 7930 6181 4801
6112 43336 35713 46925 512 29735 37 32806 1624 44699
43376 6698 13386 1739 36256 8352 47836 13031 27020 4652
14935 46246 13767 4931 49935 44583 23219 15080 46936 39565
13031 47836 49274 12478 27020 1739 8352 51125 4652 13386
18676 2614 38311 26282 13182 2082 24807 15597 4679 17167
4801 17261 46389 18132 9144 49117 3087 7930 28249 10365
52895 44583 46246 14935 21654 9768 15080 51028 44348 44129
10821 20202 30034 10338 15692 14392 37182 23723 52920
52174 52810 52421 3994 15247 48598 10317 14628 32016 22471
7014 37762 7507 4417 37423 43187 27722 48540 3972 38564
40591 11603 33271 45962 15491 51338 33122 12465 49385 33919
29735 232 512 16246 37 16049 35005 22872 11708 35713
39920 35755 37170 14446 18254 37334 212 46107 19660 30071
7014 26677 32343 37762 27722 20720 3972 7507 48823 36066
12445 19213 11754 9144 25586 18210 43475 47823 30996 17546
35339 3832 6140 19445 10128 22293 43081 27493 20733 49019
36346 23526 35322 37042 8241 47323 30674 42824 21243
17485 19213 43475 30996 12445 9144 17546 47823 41905 11754
13031 21859 18965 4679 2614 28077 26461 9363 10659 2889
14935 33392 15080 6449 52895 4931 212 13767 9768 52759
43891 47323 36346 26634 9363 47029 4679 10016 30674
9186 10128 27730 6140 45651 17359 28166 47874 19620 41943
3315 26941 16162 29400 16009 14392 4535 27696 35427 17370
52895 15080 52759 49530 50036 39052 35234 38618 7185 9065
15080 14935 6449 3329 4931 17485 52895 9768 33392 52759
2614 46389 46174 27648 26282 633 38311 18676 6619 16476
26282 2614 2082 18676 38311 13182 610 17332 39753 53133
42469 23897 50663 37762 8180 7310 32343 20720 7507 16263
39920 37170 14725 212 46107 43376 14373 18254 36256 19660
21770 45753 19620 36178 37940 47081 41943 40675 19234 17407
5161 14008 25216 6698 10899 1624 6736 36789 36500 46723
17485 22236 24260 10789 45958 36781 35600 16043 29588 20153
10128 25070 35339 49019 41565 20428 22059 14040 5229 5697
14935 10649 46246 4163 6449 44348 11754 44583 9144 52895
36781 45099 22236 17485 2741 7331 5250 35600 45958 29588
28077 2889 21859 36422 12178 4679 47029 9363 10659 47049
2604 36422 47049 16371 15642 29041 26461 41753 12478 2889
3286 17691 46723 36759 9705 752 10899 25938 27651 4453
471 23219 2058 16457 45994 32021 34911 45055 15010 39565
14373 51454 41120 39252 33153 47233 16135 40086 8800 15003
29400 16162 26941 3315 17219 14267 6048 27696 1276 33118
37837 36781 20153 10899 46723 7331 45099 45958 35600 18694
46936 31849 2058 23788 15010 18250 44796 5372 3727 33281
11708 10587 24898 23788 31849 50352 212 34911 2058 45055
23909 16049 50855 17089 8680 3727 3665 3746 22298 14110
23909 3329 50855 15010 6352 32806 14725 22298 967 6112
46389 633 6619 27648 46174 16476 47823 19213 44250 43903
8180 23897 42469 50663 13826 7310 8577 17300 34581 15256
43376 13386 6698 36256 48956 6736 40535 10433 48172 12601
45651 41943 47081 45753 19620 5164 27730 28166 17359 9186
512 24196 34664 3832 51601 5957 23700 29714 37 232
36759 17691 4558 27651 4535 40535 4643 6736 40979 12601
4801 47780 17261 10365 7930 26290 49209 49117 9144 35348
50352 45055 24898 34911 38555 45994 21252 48598 13342 52810
1378 3858 36256 8352 14110 48956 4337 8414 43376 16049
425 35339 26386 43081 10128 49019 6140 24867 141 17496
35741 47966 53133 43708 40708 20552 7930 5697 42858 13182
10789 4535 29439 36154 16043 3972 42738 7856 10144 51909
14267 6048 16162 1276 48577 10187 29400 28716 3315 8577
45753 47081 41943 19620 48598 45651 28492 52421 52810 27730
49274 12465 16295 15491 39086 40591 33271 51125 51338 52872
16246 29735 19445 20733 7084 44699 27493 35005 11708 512
51601 6552 35343 512 38698 23700 5957 10189 16049 34664
19234 49019 10128 21770 22293 37940 5164 40675 6140 36178
12025 14008 610 38962 5161 17332 12445 47966 53133 6698
20202 10821 30034 15256 34757 10338 13826 2103 5229 14392
5957 6552 512 23700 10189 44019 51601 16049 35343 3746
43187 10463 7296 15514 7507 48540 3087 38564 4417 9150
23700 10189 5957 35343 51601 40675 512 36178 37940 21770
41359 48265 52954 42006 15003 42738 20673 10789 4643 3972
42303 24911 39909 17359 5164 51274 23178 20622 4754 9186
41613 49530 15642 39052 50036 2889 35234 15080 17335 7185
30318 41359 48265 20673 3315 16162 29400 52954 4643 26941
53134 25070 22059 20428 41198 49971 41565 11754 18210 5161
16135 23909 48956 17089 36256 50855 8680 43376 22298 6698
18676 13182 12445 232 37957 38311 2614 2082 29735 512
34757 20202 10338 10821 30034 14628 5229 2103 1952 14392
8241 43891 26634 47029 42824 9363 23526 4679 35322 21243
20428 22059 11754 9150 25070 53134 9144 41565 7564 43842
42303 4754 39909 51274 17359 20622 24911 23178 5164 47874
36066 37762 20720 16263 32343 4535 29439 36154 51909 15785
45286 49846 22059 20428 25070 14040 9150 13342 41565 11754
35533 11603 41568 30294 47784 49846 50189 49385 45286 12556
45962 11603 35533 33271 30294 13035 52575 40591 51338 33919
23897 50663 42469 8180 13826 17300 34581 7310 36896 8577
8180 13826 42469 24504 50663 23897 6048 10187 14267 17219
2103 3087 17261 28249 18132 6181 4801 5697 49117 10365
3832 35339 36178 37940 43081 3842 10128 40675 41874 17407
47823 46389 43903 633 19213 17546 46174 6619 44250 16476
14935 44583 15080 44348 46246 6449 52759 33392 52895 49935
31849 4163 10649 23788 44796 19620 212 10463 41943 45753
16162 3315 26941 36210 1276 33118 11603 50189 14392 35427
13182 42858 5697 43708 47780 232 16246 11708 25216 40708
1624 25216 17359 4558 10899 36500 36789 44866 47874 9186
5161 17359 6698 10899 9186 14008 6736 40979 53046 48172
41753 15010 29041 23219 48217 33281 16371 36422 2889 26461
23700 512 51601 10189 35343 38698 43336 35713 3832 5957
41359 4643 48265 29400 4558 26941 3315 30318 15003 20673
21654 6352 44583 51028 44129 47836 44348 7185 15414 6449
43708 47780 5229 42858 20552 5697 25216 40708 1624 14040
41120 20673 47233 752 4453 8800 40086 14373 47405 41359
49846 6449 43842 45286 41198 11754 14935 4931 13767 38996
19213 43475 52895 12445 47823 47164 17546 30996 13730 2361
47323 43891 36346 26634 9363 4679 47029 10016 30674
15247 22471 52174 52421 32954 52810 30976 8671 3994 48598
48265 41359 25216 1624 4558 4643 20673 15003 15692 30318
23219 39565 2058 32021 33281 33392 15010 16457 471 46936
17485 26290 9150 7564 9144 4801 12025 28249 35348 44676
26290 25070 20428 22059 14040 13342 5229 49117 5697 9150
47780 43708 25070 20552 5697 14040 5229 20428 13342 7930
10789 36154 3972 7856 4535 29439 51909 10144 16043 10589
14040 20428 22059 25070 5229 2103 14628 41565 34757 9150
42303 39909 51274 24911 20622 23178 17359 4754 5164 17486
44796 23788 31849 212 18250 52421 5372 48598 10433 52810
47823 19213 47164 2614 30606 2082 4417 12445 17546 15597
16049 3727 15010 6112 6352 32806 3746 14725 3796
49530 24836 8241 50036 39052 15080 38618 48655 9065 18231
14392 10821 26982 20202 30034 10338 43920 6788 1276 10144
53133 5161 3858 47966 14008 1378 610 6736 6698 17332
51601 35343 23700 38698 10189 5957 512 11708 6552 18250
37042 23526 36346 8241 35322 30674 42824 47323 21243
52895 15080 50036 49530 39052 35234 14935 15642 7185 52759
10789 3972 4535 36154 29439 10144 51909 7856 42738 3286
7507 23449 8352 13031 27020 44596 47836 31826 15414 12478
12178 18465 36422 43237 2889 37423 4417 28711 24217 9363
27648 26282 46174 46389 2614 16476 633 6619 2361 18676
40591 15491 36692 12465 16295 49274 51338 39086 51125 52467
37182 15692 33270 1952 14432 23723 52920
35755 36256 43376 212 14373 14446 37334 48956 3329 10433
26982 43920 23723 37182 14392 1276 10144 6788 15692 52920
11754 18024 12445 49497 25586 9144 49971 19213 17546 41905
41874 3842 40675 36178 37940 19445 3832 27493 16246 17407
13031 2889 28028 36422 28077 21859 47049 15642 26148 10016
34911 45994 45055 471 24898 16457 2058 23219 38555 13342
18965 9363 10659 4679 47029 13031 2889 36422 21859 28077
17691 27651 39453 20673 41359 48265 36759 30318 25938 19558
6698 43376 5161 14008 36256 40535 6736 10433 48172 12601
27651 4558 36759 17691 25938 39453 4535 29439 9186 51909
28166 27730 19620 45651 41943 47081 45753 17359 9186 47874
24898 50352 22059 34911 38555 45055 21252 25070 14040 20428
47029 26634 9363 4679 43891 8241 23526 15597 35322 42824
18132 28249 3087 44676 4801 35348 17261 46389 6181 43903
23219 16476 27474 15010 39565 27648 44250 46174 15642 633
2103 5229 34757 14008 5161 14628 7856 6698 29439 4535
8241 37042 35322 23526 37423 18465 28711 38564 15414 9065
45286 49846 11754 9150 53134 41198 43842 7564 18210 9144
3315 26941 16162 27696 29400 35427 33118 17370 36210 10187
41359 52954 4643 42006 48265 20673 30318 43920 4558 19558
8352 13031 13386 49274 27020 36692 12478 47836 15414 13969
10128 49019 37940 43081 40675 22293 19234 3832 6140 36178
13182 36154 3972 232 12601 4535 40535 29439 10789 10144
44583 15080 14935 44129 6449 9768 46246 44348 49935 21654
37940 3832 43081 40675 35339 19234 49019 10128 3842 21770
25070 13342 20428 22059 14040 9150 14008 6698 7564 5161
37940 19234 21770 40675 17407 5372 44796 36178 31849 23788
5697 7930 47780 47966 43708 12025 49209 53133 40708 5229
36500 3286 18694 25216 1624 44866 46723 10899 16135 3746
18676 12445 19213 13182 38311 14110 30996 41905 2614 2082
633 23219 27474 2604 16457 34261 32021 43903 15642 16371
31849 19620 23788 45753 45651 44796 41943 212 47081 18250
13826 8180 23897 15256 50663 30034 8577 42469 10821 7310
43891 26634 47323 36346 9363 4679 47029 10016 30674
24504 4535 48577 19825 6048 10789 14267 36154 4196 17219
39086 51338 45962 33271 15491 33122 40591 52872 49385 12465
29735 7084 16246 43336 20733 27493 512 35713 19445 11708
13826 17300 24472 15256 14392 20202 8577 36896 10821 1639
4490 3003 32343 16295 23449 7507 44596 16263 37762 9065
44129 42590 49935 4931 9768 6449 51028 44583 6973 13767
17332 49209 610 12445 13182 5697 7930 47780 5161 42858
19213 633 43903 47823 46389 27648 4801 46174 27474 43475
18254 212 19660 1624 46107 35755 14373 3665 14446 7084
36210 16162 33118 3315 14392 10187 26941 27696 1276 17370
23909 50855 39252 51454 33153 17089 8680 16135 14725 22298
13386 6698 43376 51125 36256 49274 36692 48956 6788 10433
26982 1276 37182 1952 10144 7161 43920 6788 14392 23723
43376 13386 13969 36256 36692 49274 51125 6698 48956 6788
36346 47323 28028 26148 25009 10016 30674
7507 7185 9065 4490 27020 31826 23449 44596 47836 15414
19620 44796 27730 23788 31849 41943 18250 45651 47081 212
18676 2082 26282 13182 2614 38311 4679 37957 30606 38175
26290 14040 25070 20428 13342 22059 17261 9144 10365 4801
15003 20673 41359 10789 48265 30318 4643 42738 3972 52954
47966 5161 13182 17332 12445 12025 53133 610 38962 6736
37423 47029 9363 38564 4679 43237 18465 28711 15597 26634
31849 23788 22059 25070 44796 20428 41565 14040 471 3727
14040 26290 20428 25070 2103 9150 4801 17261 13342 22059
36422 2889 2604 12178 39052 50036 15642 49530 28077 16371
16049 52895 33392 52759 18231 24836 3665 48655 47724 14110
35348 9144 610 4801 10365 12025 26290 5161 17261 38962
13386 51125 49274 8352 13031 27020 1739 47836 12478 15414
42469 50663 37762 23897 8180 32343 4196 7310 20720 7014
QPS: 498.08Peak RES memory usage: 132.05 MB
