6619 19213 41905 8352 12445 27648 25586 610 18024 13031
24867 42303 39909 49019 24911 5164 23178 20622 17359 10128
36422 47823 46389 39052 46174 633 2889 17546 18132 52895
36422 2889 39052 50036 47029 17546 18231 47164 49530 27474
2103 5229 34757 20428 47780 9150 17219 7564 28249 23283
47780 25070 26290 5229 5697 17261 10365 20428 22059 2103
10128 49019 24867 26386 43081 23178 35339 17486 6140 19234
47029 39052 36422 49530 17546 50036 43237 2889 47823 47164
28249 18132 44676 3087 2103 17261 46389 17167 38311 7930
6112 43336 16049 35713 15010 46925 512 29735 12445 5957
43376 1378 6698 13386 38996 1739 7507 36256 43475 41905
14935 46246 13767 4931 49935 26290 44583 52895 31849 41198
43376 35234 43475 44250 11754 13031 49530 47836 7507 49497
18676 7930 2614 38311 26282 13182 46389 47823 2082 4801
4801 17261 46389 18132 9144 49117 3087 7930 28249 45994
52895 35348 44583 46246 17485 14935 43903 35234 4801 21654
10821 36789 26982 22059 34757 20202 20428 1624 30034 9150
52174 52810 11754 12025 35348 52421 53134 5161 26290 9144
7014 37170 37762 7507 17089 4417 37423 43187 14446 27722
40591 11603 33271 45962 15491 49274 51338 33122 23449 12465
29735 232 5957 6140 13182 512 16246 25216 5697 42858
39920 35755 37170 6352 47836 49530 39252 17335 15080 14446
7014 26677 32343 37762 27722 20720 3972 7507 50663 42469
17485 4801 12445 19213 11754 9144 26290 25586 17332 35348
35339 3832 6140 40675 19445 10128 22293 43081 27493 24196
36346 23526 25009 35322 37042 43891 8241 48655 26148 28028
17485 19213 43475 30996 12445 4801 9144 49530 49971 27648
13031 21859 18965 4679 46174 2614 28077 26461 9363 10659
14935 33392 17485 44583 46246 49530 15080 35755 23219 6449
43891 47323 36346 26634 18231 10659 48655 26148 9363 12178
24867 36178 17496 41874 14432 4558 9186 19445 10128 27730
3315 26941 16162 30108 29400 42858 38242 14628 43708 40708
44583 52895 15080 52759 49530 50036 21654 43475 51028 28711
44583 15080 49530 35234 14935 6352 6449 17335 49935 3329
47823 2614 46389 46174 36422 27648 21859 26282 633 38311
26282 2614 7930 46389 21859 2082 49209 18676 38311 13182
42469 23897 50663 37762 8180 41660 43187 7310 24217 38284
43336 35713 39920 35755 37170 23909 23219 14725 212 39252
21770 45753 19620 36178 37940 23788 31849 5372 49019 46936
53134 5161 52174 38996 14008 36154 49846 20428 52810 25216
43475 17485 19213 9150 38996 18210 30996 52895 14446 11754
53134 10587 38555 11708 10128 43708 25070 50352 35339 49019
14935 10649 46246 48956 35348 4163 36256 41198 212 6449
21252 36781 967 45099 43708 34911 38555 10128 20428 14040
28077 2889 21859 36422 12178 2614 4679 47029 18231 9363
49530 27474 2604 39052 46174 633 43903 36422 47049 44250
3286 20673 17691 49846 41120 46723 36759 48265 9705 25216
471 23219 2058 16457 45994 32021 27493 34911 16476 45055
14373 51454 41120 39252 33153 6698 47233 212 18254 18210
29400 16162 26941 3315 17219 14267 40708 6048 27696 610
37837 36781 20153 52421 49846 10899 35146 46723 20428 9150
46936 24898 31849 2058 23788 33392 15010 18250 22236 44796
11708 10587 5957 53134 19445 29735 24898 49019 12445 9144
23909 16049 50855 37170 17089 37334 51454 35755 48956 1378
23909 47724 3727 3329 4163 35343 38698 35755 16049 33281
46389 633 6619 25586 27648 46174 16476 47823 19213 44250
8180 23897 42469 50663 13826 6048 30318 7310 8577 10187
43376 13386 38996 43475 610 41905 8680 15925 19213 8352
45651 41943 47081 45753 19620 49019 5164 49846 35146 24911
512 24196 34664 3832 51601 5957 23700 40675 29714 37
36759 17691 5229 25216 20552 20428 25070 48265 6698 22059
4801 47780 17261 10365 7930 25070 26290 49209 18676 49117
18250 50352 23788 35146 45055 24898 22236 49117 9144 34911
1378 12025 3858 36256 53133 4163 5161 28249 16476 8352
425 35339 26386 43081 10128 49019 6140 11708 19445 24867
35741 47966 53133 43708 40708 20552 7930 5697 42858 13182
41359 17691 10789 4535 19825 14267 50370 27651 36759 48577
14267 6048 16162 34581 1276 24472 48577 10187 29400 28716
21770 45753 23788 47081 41943 24898 19620 31849 35146 48598
23449 49274 12465 16295 15491 39086 40591 33271 51125 51338
16246 29735 19445 20733 6140 7084 49019 26386 44699 425
35713 51601 6552 35343 43336 29735 512 38698 23700 23219
47081 19234 41943 45651 49019 10128 45753 21770 24911 22293
12025 22059 20428 14008 610 13342 9144 2103 17485 38962
20202 10821 30034 23283 3550 15256 10708 34757 17300 30108
5957 6552 232 512 23700 29735 10189 44019 6140 13182
43187 37762 52895 28249 10463 7296 15514 32343 18132 44676
23700 41943 47081 10189 5957 35343 51601 22293 24898 40675
41359 25928 48265 47233 52954 42006 15003 37182 47405 19660
42303 24911 39909 17359 5164 51274 45651 23178 20622 24867
41613 49530 17546 36422 44250 15642 47029 27474 39052 50036
30318 41359 48265 20673 6048 48577 3315 14267 6788 16162
53134 49846 10587 25070 22059 49019 11708 19445 20428 45286
1378 41660 16135 23909 4163 48956 16353 10649 17089 12025
18676 13182 12445 232 37957 38311 2614 2082 29735 512
33270 34757 20202 10338 10821 10317 30034 29588 28166 20428
8241 43891 26634 47029 18231 47323 36346 48655 18965 24836
20428 22059 11754 17485 35348 9150 49846 25070 26290 45286
42303 4754 39909 51274 17359 20622 24911 23178 5164 24867
38996 17485 26290 7507 10789 4801 18210 9150 28249 36066
45286 49846 22059 43842 20428 25070 14040 22236 4931 41198
35533 11603 41568 30294 32717 49729 33271 27651 47784 38242
45962 11603 35533 33271 16162 30294 13035 3315 52575 40591
23897 50663 42469 8180 13826 17300 51338 34581 7310 43187
8180 17167 13826 42469 38175 24504 50663 23897 6048 14110
2103 3087 7930 17261 28249 18132 6181 47780 4801 46389
3832 35339 36178 37940 43081 3842 10128 40675 41874 24196
47823 46389 36422 43903 633 19213 17546 28249 44676 46174
14935 44583 15080 35234 23219 44348 46246 6449 52759 33392
31849 3727 46936 4163 10649 23788 24898 49846 45286 14935
16162 3315 6048 14267 51338 27651 45962 17300 24472 26941
53134 13182 12445 42858 5697 29735 43708 47780 49971 49019
22293 36759 20552 1624 25216 25070 43708 47780 20428 49019
49846 53134 49019 20428 11708 25216 1624 16246 22059 49971
41753 15010 29041 23219 48217 16476 46174 33281 27474 16371
23700 512 51601 40675 10189 35343 38698 43336 35713 27493
41359 4643 47874 48265 29400 10187 4558 30108 19825 26941
21654 49530 43475 44596 35234 11754 43237 6352 17546 44583
25070 43708 47780 53134 20428 5229 42858 49117 26290 20552
41120 20673 47233 16135 752 4453 51125 8800 42738 8680
49846 6449 43842 45286 41198 11754 14935 4931 46246 42590
19213 13880 17485 26290 28249 11754 43475 9144 52895 2741
47323 43891 36346 2889 26634 12178 18231 9363 4679 28077
15247 22471 52174 52421 32954 52810 30976 17546 19213 28249
36759 48265 41359 48577 25216 20552 17691 5229 27651 19825
23219 46246 39565 27474 14935 2058 32021 9144 33281 49935
22059 20428 17485 26290 9150 25070 7564 12445 11754 9144
26290 25070 20428 22059 14040 13342 47780 5229 49117 5697
47780 43708 25070 38555 20552 17261 5697 14040 2103 5229
10789 44676 6181 20428 28249 2103 13342 18132 7296 22236
50352 14040 20428 22059 53134 25070 10821 5229 38555 2103
42303 39909 51274 24911 20622 23178 17359 4754 5164 45651
49846 45286 44796 22059 19234 20428 18694 24898 23788 17485
18676 47823 19213 47164 2614 30606 2082 4417 28249 37423
47724 16049 3727 40675 2058 35343 33281 15010 38698 35755
49530 24836 8241 47029 50036 37042 39052 17546 44583 15080
31546 14628 14392 33118 10821 26982 20202 15514 16162 7296
53133 5161 3858 40708 47966 12025 13386 14008 5229 2103
51601 35343 23700 38698 29735 34911 43336 10189 5957 512
37042 25009 23526 36346 8241 38618 35322 50036 26148 28028
52895 44583 15080 50036 49530 39052 35234 27474 43475 17546
41359 10789 20720 15003 48265 17691 24472 752 16263 36759
7507 44348 43187 35234 21654 52895 17546 1378 8414 43475
12178 18465 36422 18231 43237 2889 37423 47029 4417 28711
27648 26282 46174 46389 2614 16476 633 47823 6619 12445
40591 15491 36692 12465 16295 49274 51338 39086 51125 52467
37182 47874 19558 30034 1624 15692 41359 20673 22059 33270
35755 39920 29735 35713 36256 43376 37170 212 47836 23909
15514 30996 26982 2847 48540 6181 4417 13182 3665 49117
11754 17485 18024 12445 49497 25586 16476 46246 35348 9144
41874 3842 40675 29735 36178 512 44796 35343 37940 19445
13031 2889 44250 28028 46174 36422 27020 28077 21859 2361
34911 45994 45055 471 24898 16457 2058 9144 49209 5697
18965 9363 10659 4679 47029 13031 47323 2889 36422 21859
17691 27651 48577 39453 20673 16135 752 49846 10789 41359
49971 6698 610 43376 18210 5161 13386 25216 1739 25586
27651 19825 34757 2103 4558 36759 10789 20428 17691 36781
28166 27730 19620 45651 41943 35146 47081 45753 34757 17359
23788 24898 50352 31849 22059 34911 22293 38555 45055 49019
18231 47029 36422 26634 2889 9363 12178 37423 47164 17546
18132 28249 3087 44676 4801 35348 17261 46389 6181 43903
23219 16476 29041 27474 49497 26461 12478 15010 49530 39565
2103 5229 34757 52467 9150 33122 16353 51338 14008 51125
8241 50036 37042 52895 18231 35322 23526 37423 24836 44583
45286 22059 49846 11754 17485 20428 21654 25070 26290 4931
3315 26941 16162 27696 30108 29400 35427 33118 14392 6048
41359 52954 4643 42006 30108 14267 48265 27651 48577 14392
8352 43376 1378 13031 7507 11754 13386 8414 38618 35234
10128 19445 49019 27493 37940 43081 40675 11708 22293 24898
6698 47966 13182 36154 18676 3972 25216 24504 2847 3315
44583 15080 35234 49530 14935 7185 44129 43376 6449 9768
37940 3832 43081 40675 27493 35339 19234 17486 49019 10128
25070 13342 20428 22059 14040 26290 18210 17485 5229 49846
37940 19234 21770 45753 40675 49019 27493 17407 5372 44796
5697 7930 49117 2103 47780 6181 17261 28249 47966 43708
36500 3286 18694 5957 25216 1624 50536 37170 20428 13342
18676 12445 19213 13182 38311 42858 14110 30996 41905 17332
633 23219 27474 2604 16457 45994 34261 32021 43903 15642
31849 19620 23788 27493 11708 24898 35343 19445 49019 45753
13826 30318 8180 27696 6048 23897 17300 14267 15256 52467
43891 26634 47323 18231 36346 12178 9363 10659 2889 48655
24504 48271 4535 48577 19825 6048 10789 20552 20720 36759
39086 51338 45962 33271 49274 15491 51125 33122 40591 52872
29735 7084 16246 43336 20733 27493 512 40675 35713 19660
13826 17300 24472 3550 27651 30108 15256 14267 23283 10708
4490 3003 32343 16295 38618 23449 7507 44596 52872 8414
44129 42590 49935 4931 9768 6449 51028 44583 6973 13767
18676 26282 10365 17332 46389 49209 610 12445 13182 25586
19213 633 43903 28249 44676 47823 46389 27648 4801 2604
18254 212 19660 6449 31148 1624 44348 4931 17485 49935
36210 16162 33118 3315 6048 14267 49274 14392 8577 51338
23909 50855 39252 51454 33153 17089 35755 10189 37334 35713
51454 13386 6698 41120 43376 16135 51125 36256 33153 49274
26982 17485 19213 30996 1276 15925 16162 38996 37182 1952
43376 13386 13969 1378 8352 610 36256 6736 11754 5161
36346 47323 48655 28028 2889 18231 26148 12178 16371 25009
7507 44348 7185 35234 38618 44583 15080 9065 52895 27474
19620 44019 21252 22236 3727 10128 44796 35343 36178 38698
18676 2082 26282 13182 17332 12445 2614 38311 41905 27648
26290 14040 41198 25070 50352 20428 13342 22059 45055 38555
15003 20673 20720 41359 752 10789 33153 16135 3746 4558
53134 35741 42858 47966 5161 13182 25216 18676 17332 38311
36422 17546 37423 12178 47029 9363 38564 30606 18231 4679
31849 24898 23788 46936 45286 22059 33392 49846 4931 25070
14040 26290 20428 25070 2103 9150 4801 17261 5229 22236
36422 2889 2604 18231 12178 633 47823 27474 39052 46174
16049 47164 52895 28249 17485 47823 18132 16476 4801 49117
35348 9144 610 14008 4801 10365 12025 26290 45994 25586
13386 51125 49274 4196 8352 6698 26677 43376 13803 19213
42469 50663 37762 23897 8180 32343 38284 38175 17167 13826
QPS: 520.56Peak RES memory usage: 132.09 MB
