19213 41905 8352 12445 610 13031 47823 17546 4679 43475
24867 42303 39909 49019 24911 5164 23178 20622 17359 10128
36422 47823 46389 46174 633 2889 17546 27474 19213 43903
36422 2889 39052 50036 18231 49530 12178 2604 15642 47049
2103 5229 34757 9150 7564 20202 6181 10821 3087 10463
47780 25070 26290 5229 5697 17261 10365 20428 22059 2103
10128 49019 24867 43081 23178 35339 17486 6140 17496 24911
47029 39052 36422 49530 50036 2889 18965 47049 12178 13031
28249 18132 44676 3087 2103 17261 17167 7930 6181 4801
6112 43336 16049 35713 46925 512 29735 5957 37 32806
43376 6698 13386 1739 36256 8352 47836 13031 27020 49274
14935 46246 13767 4931 49935 44583 52895 33392 23219 15080
43376 13031 47836 36256 49274 12478 27020 1739 8352 51125
18676 7930 2614 38311 26282 13182 2082 4801 17332 6619
4801 17261 46389 18132 9144 49117 3087 7930 28249 10365
52895 35348 44583 46246 14935 4801 21654 9768 15080 51028
10821 20202 30034 33270 10338 15692 14392 37182 23723 1952
52174 52810 11754 52421 53134 18024 14008 3994 15247 25586
7014 37762 7507 4417 37423 43187 27722 38175 48540 3972
40591 11603 33271 45962 15491 49274 51338 33122 12465 49385
29735 232 5957 512 16246 37 16049 23700 35005 44019
39920 35755 37170 39252 14446 18254 37334 212 46107 19660
7014 26677 32343 37762 27722 20720 3972 7507 48823 36066
4801 12445 19213 11754 9144 26290 25586 35348 18210 43475
35339 3832 6140 40675 19445 10128 22293 43081 27493 20733
36346 23526 25009 35322 37042 8241 26148 28028 47323 30674
17485 19213 43475 30996 12445 9144 49971 17546 47823 41905
13031 21859 18965 4679 2614 28077 26461 9363 10659 2889
14935 33392 44583 46246 15080 6449 52895 6352 49935 4931
43891 47323 36346 26634 26148 9363 47029 4679 28028 10016
14432 9186 10128 27730 6140 45651 17359 28166 47874 9150
3315 26941 16162 29400 16009 5161 14267 14392 17219 6048
44583 52895 15080 52759 49530 50036 21654 51028 14935 39052
15080 14935 6352 6449 3329 4931 17485 52895 9768 33392
2614 46389 46174 27648 26282 633 38311 18676 6619 16476
26282 2614 2082 18676 38311 13182 610 17332 39753 12445
42469 23897 50663 37762 8180 7310 32343 20720 7507 16263
39920 37170 23909 14725 212 46107 43376 14373 18254 36256
21770 45753 19620 36178 37940 23788 31849 5372 47081 44796
5161 52174 14008 25216 6698 10899 1624 3994 6736 32016
43475 17485 19213 30996 11754 22236 12445 9144 17546 47823
10128 25070 35339 49019 41565 20428 22059 14040 5229 5697
14935 10649 46246 4163 212 6449 44348 11754 44583 9144
36781 45099 22236 17485 2741 7331 5250 35600 45958 40535
28077 2889 21859 36422 12178 2614 4679 47029 9363 10659
2604 36422 47049 16371 15642 29041 26461 41753 12478 2889
3286 17691 41120 46723 36759 9705 752 10899 25938 27651
471 23219 2058 16457 45994 32021 27493 34911 45055 15010
14373 51454 41120 39252 33153 47233 16135 3972 40086 8800
29400 16162 26941 3315 17219 14267 6048 27696 1276 33118
37837 36781 20153 52421 10899 46723 7331 45099 52810 48598
46936 31849 2058 23788 15010 18250 44796 6352 5372 3727
11708 10587 5957 24898 23788 16246 31849 50352 212 34911
23909 16049 50855 17089 47724 3329 8680 18231 3727 48655
23909 3329 50855 44796 15010 6352 32806 14725 31849 212
46389 633 6619 27648 46174 16476 47823 19213 44250 43903
8180 23897 42469 50663 13826 6048 7310 8577 10187 14267
43376 13386 6698 36256 14008 5161 49274 48956 51125 6736
45651 41943 47081 45753 19620 5164 23788 27730 31849 28166
512 24196 34664 3832 51601 5957 23700 40675 29714 37
36759 17691 48265 6698 4558 41359 27651 20673 5161 14008
4801 47780 17261 10365 7930 26290 49209 49117 17332 9144
50352 45055 24898 34911 14040 22059 38555 20428 25070 45994
1378 12025 3858 36256 53133 5161 8352 12445 14110 48956
425 35339 26386 43081 10128 49019 6140 19445 24867 141
35741 47966 53133 43708 40708 20552 7930 5697 42858 13182
17691 10789 4535 27651 36759 15003 29439 36154 16043 3972
14267 6048 16162 1276 48577 10187 29400 28716 3315 8577
45753 47081 41943 19620 48598 10317 45651 52174 28492 52421
49274 12465 16295 15491 39086 40591 33271 51125 51338 52872
16246 29735 19445 20733 6140 7084 49019 44699 425 27493
35713 51601 6552 35343 43336 29735 512 38698 23700 5957
19234 49019 10128 21770 22293 5372 18250 23788 37940 5164
12025 14008 610 2103 17485 38962 5161 17332 12445 13730
20202 10821 30034 23283 3550 15256 10708 34757 30108 10338
5957 6552 512 23700 10189 44019 51601 16049 14110 35343
43187 37762 10463 7296 15514 32343 7507 48540 3087 38564
23700 10189 5957 35343 51601 40675 16049 512 36178 37940
41359 48265 52954 42006 15003 42738 20673 10789 4643 29964
42303 24911 39909 17359 5164 51274 45651 23178 20622 4754
41613 49530 17546 15642 39052 50036 2889 47823 35234 47164
30318 41359 48265 20673 6048 48577 3315 14267 16162 29400
53134 25070 22059 20428 41198 49971 41565 11754 18210 5161
1378 16135 23909 48956 17089 36256 8352 50855 8680 43376
18676 13182 12445 232 37957 38311 2614 2082 29735 512
34757 20202 10338 10821 30034 28166 14628 27730 5229 2103
8241 43891 26634 47029 42824 9363 25009 23526 4679 26148
20428 22059 11754 17485 9150 25070 53134 9144 41565 7564
42303 4754 39909 51274 17359 20622 24911 23178 5164 24867
26290 4801 28249 36066 2103 10365 37762 9144 20720 44676
45286 49846 22059 43842 20428 25070 14040 41198 9150 13342
35533 11603 41568 30294 27651 47784 6416 49846 50189 17691
45962 11603 35533 33271 16162 30294 13035 3315 52575 40591
23897 50663 42469 8180 13826 17300 34581 7310 36896 8577
8180 17167 13826 42469 38175 24504 50663 23897 6048 10187
2103 3087 7930 17261 28249 18132 6181 47780 4801 5697
3832 35339 36178 37940 43081 3842 10128 40675 41874 17407
47823 46389 43903 633 19213 17546 46174 6619 44250 16476
14935 44583 15080 44348 46246 6449 52759 33392 52895 49935
31849 4163 10649 23788 44796 19620 22236 212 17485 10463
16162 3315 27651 26941 36210 1276 33118 11603 50189 17691
13182 42858 5697 43708 47780 232 16246 11708 10587 25216
1624 25216 17359 4558 10899 10128 6140 36500 36789 44866
46723 5161 17359 141 6698 10899 9186 14008 6736 40979
41753 15010 29041 23219 48217 33281 16371 36422 2889 26461
23700 512 51601 40675 10189 35343 38698 43336 35713 3832
41359 4643 48265 29400 10187 4558 26941 3315 30318 15003
21654 49530 35234 6352 44583 51028 44129 15080 47836 44348
25070 43708 47780 20428 5229 42858 20552 22059 5697 25216
41120 20673 47233 752 4453 8800 40086 14373 49846 47405
49846 6449 43842 45286 41198 11754 14935 4931 46246 42590
19213 43475 52895 12445 47823 47164 17546 30996 13730 2361
47323 43891 36346 2889 26634 12178 9363 4679 28077 36422
15247 22471 52174 52421 32954 52810 30976 17546 19213 47823
48265 41359 25216 1624 4558 4643 20673 10899 40535 15003
23219 46246 39565 14935 2058 32021 9144 33281 49935 33392
17485 26290 9150 7564 9144 4801 12025 28249 35348 44676
26290 25070 20428 22059 14040 13342 5229 49117 5697 9150
47780 43708 25070 20552 17261 5697 14040 2103 5229 26290
10789 7296 16353 10463 9150 10484 4163 7564 10649 36154
14040 20428 22059 25070 5229 2103 33270 14628 41565 34757
42303 39909 51274 24911 20622 23178 17359 4754 5164 24867
44796 18694 23788 31849 212 18250 52421 5372 48598 46723
18676 47823 19213 47164 2614 30606 2082 4417 38311 12445
47724 16049 3727 15010 6112 24836 6352 32806 6717 3746
49530 24836 8241 50036 37042 39052 15080 38618 48655 9065
31546 14628 14392 10821 26982 20202 10317 30034 10338 15247
53133 5161 3858 47966 14008 13182 1378 610 8352 6736
51601 35343 23700 38698 34911 10189 5957 512 471 45055
37042 25009 23526 36346 8241 35322 26148 28028 30674 42824
52895 44583 15080 50036 49530 39052 35234 14935 44348 46246
10789 17691 36759 3972 27651 4535 36154 39453 29439 10144
7507 1378 8414 23449 8352 13031 27020 44596 3858 47836
12178 18465 36422 43237 2889 37423 47029 4417 28711 24217
27648 26282 46174 46389 2614 16476 633 6619 12445 2361
40591 15491 36692 12465 16295 49274 51338 39086 51125 52467
37182 19558 15692 41359 20673 33270 48265 30318 1952 14392
35755 39920 36256 43376 37170 212 14373 14725 14446 37334
26982 43920 30034 20202 23723 10821 37182 14392 1276 10144
11754 18024 12445 49497 25586 46246 9144 13767 49971 19213
41874 3842 40675 36178 37940 19445 3832 27493 16246 32806
13031 2889 28028 36422 28077 21859 47049 15642 47029 26148
34911 45994 45055 471 24898 16457 2058 9144 5697 49117
18965 9363 10659 4679 47029 13031 2889 36422 21859 28077
17691 27651 39453 20673 10789 41359 48265 42738 36759 30318
49971 6698 610 43376 18210 5161 25586 45211 11754 41198
27651 4558 36759 17691 36781 25938 39453 4535 29439 9186
28166 27730 19620 45651 41943 47081 45753 17359 5164 23788
24898 50352 22059 34911 38555 45055 21252 47081 45651 25070
47029 26634 9363 37423 38564 4679 43891 43237 18465 8241
18132 28249 3087 44676 4801 35348 17261 46389 6181 43903
23219 16476 29041 27474 26461 12478 15010 39565 27648 44250
2103 5229 34757 14008 5161 27651 25938 6181 14628 36759
8241 50036 37042 35322 23526 37423 18465 28711 38564 15080
45286 49846 11754 17485 4931 9150 53134 41198 43842 13767
3315 26941 16162 27696 30108 29400 35427 33118 14392 17370
41359 52954 4643 42006 48265 14392 20673 10789 30318 42738
8352 43376 1378 13031 13386 8414 49274 27020 36692 12478
10128 19445 49019 27493 37940 43081 40675 22293 19234 16246
13182 36154 3972 232 12601 15003 4535 40535 29439 10789
44583 15080 35234 49530 14935 7185 44129 6449 9768 46246
37940 3832 43081 40675 27493 35339 19234 49019 10128 3842
25070 13342 20428 22059 14040 9150 14008 6698 7564 5161
37940 19234 21770 40675 27493 17407 5372 44796 36178 31849
5697 7930 49117 47780 6181 17261 28249 47966 43708 18132
36500 3286 18694 25216 1624 10789 36154 44866 46723 29439
18676 12445 19213 13182 38311 14110 30996 41905 2614 2082
633 23219 27474 2604 16457 34261 32021 43903 15642 16371
31849 19620 23788 27493 19445 45753 45651 16246 44796 41943
13826 8180 23897 17300 15256 24472 50663 30034 8577 42469
43891 26634 47323 36346 9363 4679 47029 23526 10016 8241
24504 4535 48577 19825 6048 10789 14267 36154 4196 17219
39086 51338 45962 33271 15491 33122 40591 52872 49385 12465
29735 7084 16246 43336 20733 27493 512 35713 19445 11708
13826 17300 24472 15256 14267 6048 19825 3315 17219 16162
4490 3003 32343 16295 23449 7507 44596 16263 37762 27020
44129 42590 49935 4931 9768 6449 51028 44583 6973 13767
18676 26282 10365 17332 49209 610 12445 13182 5697 38311
19213 633 43903 47823 46389 27648 4801 46174 27474 43475
18254 212 19660 6449 31148 1624 44348 4931 49935 6352
36210 16162 33118 3315 14392 8577 10187 26941 27696 13826
23909 50855 39252 51454 33153 17089 35755 37334 8680 16135
13386 6698 41120 43376 51125 36256 49274 36692 6736 48956
26982 17485 1276 37182 1952 10144 7161 22236 31246 43920
43376 13386 13969 1378 8352 36256 6736 5161 3858 36692
36346 47323 28028 2889 26148 12178 16371 25009 47049 28077
7507 7185 35234 38618 15080 9065 50036 17335 49530 15642
19620 44019 44796 35343 38698 27730 23788 31849 23700 41943
18676 2082 26282 13182 12445 2614 38311 41905 4679 47823
26290 14040 25070 50352 20428 13342 22059 45055 38555 17261
15003 20673 41359 10789 16135 3746 4558 48265 33695 30318
35741 42858 47966 5161 13182 17332 12445 43708 40708 12025
36422 37423 12178 47029 9363 38564 4679 43237 18465 2889
31849 23788 22059 25070 44796 20428 22236 17485 9150 41565
14040 26290 20428 25070 2103 9150 4801 17261 5229 13342
36422 2889 2604 12178 39052 50036 15642 37423 49530 28077
16049 52895 28249 18132 4801 49117 9144 6181 44676 35348
35348 9144 610 14008 4801 10365 12025 26290 25586 5161
13386 51125 49274 8352 6698 43376 13031 3972 27020 1739
42469 50663 37762 23897 8180 32343 4196 7310 20720 7014
QPS: 513.46Peak RES memory usage: 132.07 MB
