6619 19213 41905 8352 12445 27648 610 13031 46174 47823
24867 42303 39909 49019 24911 5164 23178 20622 17359 10128
36422 47823 46389 46174 633 2889 17546 52895 27474 19213
36422 2889 39052 50036 18231 49530 12178 2604 15642 47049
2103 5229 34757 9150 7564 28249 20202 6181 26290 10821
47780 25070 26290 5229 5697 17261 10365 20428 22059 2103
10128 49019 24867 26386 43081 23178 35339 17486 6140 17496
47029 39052 36422 49530 50036 2889 18965 47049 12178 13031
28249 18132 44676 3087 2103 17261 17167 7930 6181 4801
6112 43336 16049 35713 46925 512 29735 5957 37 51601
43376 6698 13386 1739 36256 8352 47836 13031 39920 27020
14935 46246 13767 4931 49935 44583 52895 33392 23219 15080
43376 11754 13031 47836 49497 49971 25586 36256 49274 12478
18676 7930 2614 38311 26282 13182 2082 4801 17332 40708
4801 17261 46389 18132 9144 49117 3087 7930 28249 10365
52895 35348 44583 46246 14935 4801 21654 9768 15080 51028
10821 26982 20202 30034 33270 10338 15692 14392 37182 43920
52174 52810 11754 12025 35348 52421 53134 5161 26290 9144
7014 37170 37762 7507 4417 37423 43187 14446 27722 38175
40591 11603 33271 45962 15491 49274 51338 33122 12465 49385
29735 232 5957 13182 512 16246 25216 37 16049 23700
39920 35755 37170 47836 39252 14446 18254 37334 212 46107
7014 26677 32343 37762 27722 20720 3972 7507 50663 42469
17485 4801 12445 19213 11754 9144 26290 25586 35348 18210
35339 3832 6140 40675 19445 10128 22293 43081 27493 20733
36346 23526 25009 35322 37042 8241 26148 28028 47323 30674
17485 19213 43475 30996 12445 9144 49971 17546 47823 41905
13031 21859 18965 4679 46174 2614 28077 26461 9363 10659
14935 33392 44583 46246 15080 23219 6449 52895 6352 49935
43891 47323 36346 26634 10659 26148 9363 12178 47029 4679
24867 17496 14432 9186 10128 27730 49019 6140 45651 17359
3315 26941 16162 29400 16009 5161 14267 14392 17219 6048
44583 52895 15080 52759 49530 50036 21654 51028 28711 14935
44583 15080 14935 6352 6449 49935 3329 4931 44348 46246
2614 46389 46174 36422 27648 21859 26282 633 38311 18676
26282 2614 7930 2082 49209 18676 38311 13182 6619 610
42469 23897 50663 37762 8180 41660 43187 7310 24217 38284
39920 35755 37170 23909 14725 212 46107 43376 14373 18254
21770 45753 19620 36178 37940 23788 31849 5372 47081 44796
5161 52174 14008 36154 25216 6698 10899 1624 3994 6736
43475 17485 19213 30996 14446 11754 22236 12445 37170 9144
10587 38555 11708 10128 25070 50352 35339 49019 41565 20428
14935 10649 46246 4163 212 6449 44348 11754 44583 9144
36781 967 45099 22236 17485 2741 7331 5250 14432 35600
28077 2889 21859 36422 12178 2614 4679 47029 9363 10659
49530 2604 39052 36422 47049 16371 15080 50036 15642 29041
3286 17691 49846 41120 46723 36759 9705 752 10899 45286
471 23219 2058 16457 45994 32021 27493 34911 45055 43336
14373 51454 41120 39252 33153 47233 51125 16135 3972 40086
29400 16162 26941 3315 17219 14267 6048 27696 610 1276
37837 36781 20153 52421 10899 46723 7331 45099 52810 51909
46936 31849 2058 23788 33392 15010 18250 44796 6352 5372
11708 10587 5957 19445 24898 23788 16246 31849 50352 27493
23909 16049 50855 17089 48956 47724 3329 8680 18231 3727
23909 3329 35755 50855 44796 15010 6352 37334 32806 14725
46389 633 6619 27648 46174 16476 47823 19213 44250 43903
8180 23897 42469 50663 13826 6048 7310 8577 10187 14267
43376 13386 610 6698 38962 36256 47966 14008 12445 12025
45651 41943 47081 45753 19620 5164 23788 27730 20428 22059
512 24196 34664 3832 51601 5957 23700 40675 29714 37
36759 17691 48265 6698 4558 41359 27651 36154 20673 5161
4801 47780 17261 10365 7930 26290 49209 49117 17332 9144
18250 50352 23788 45055 24898 34911 14040 22059 38555 31849
1378 12025 3858 36256 53133 5161 8352 12445 14110 13386
425 35339 26386 43081 10128 49019 6140 19445 24867 141
35741 47966 53133 43708 40708 20552 7930 5697 42858 13182
17691 10789 4535 19825 14267 50370 27651 36759 48577 15003
14267 6048 16162 34581 1276 24472 48577 10187 29400 28716
45753 23788 47081 41943 19620 31849 48598 5372 10317 45651
23449 49274 12465 16295 15491 39086 40591 33271 51125 51338
16246 29735 19445 20733 6140 7084 49019 26386 44699 425
35713 51601 6552 35343 43336 29735 512 38698 23700 5957
47081 19234 41943 45651 49019 10128 45753 21770 22293 5372
12025 14008 610 9144 2103 17485 38962 26290 4801 5161
20202 10821 30034 23283 3550 15256 10708 34757 17300 30108
5957 6552 512 23700 10189 44019 51601 16049 14110 25216
43187 37762 28249 10463 7296 15514 32343 18132 44676 7507
23700 10189 5957 35343 51601 40675 18250 16049 512 23788
41359 48265 47233 52954 42006 15003 47405 42738 8800 20673
42303 24911 39909 17359 5164 51274 45651 23178 20622 24867
41613 49530 17546 36422 15642 39052 50036 2889 47823 35234
30318 41359 48265 20673 6048 48577 3315 14267 6788 16162
53134 10587 25070 22059 49019 20428 41198 49971 41565 11754
1378 16135 23909 48956 17089 36256 8352 50855 8680 43376
18676 13182 12445 232 37957 38311 2614 2082 29735 512
34757 20202 10338 10821 30034 28166 14628 14040 27730 5229
8241 43891 26634 47029 47323 36346 42824 9363 25009 23526
20428 22059 11754 17485 9150 25070 53134 9144 41565 7296
42303 4754 39909 51274 17359 20622 24911 23178 5164 24867
38996 26290 7507 4801 18210 28249 36066 2103 10365 37762
45286 49846 22059 43842 20428 25070 14040 41198 9150 13342
35533 11603 41568 30294 32717 49729 27651 47784 38242 6416
45962 11603 35533 33271 16162 30294 13035 3315 52575 40591
23897 50663 42469 8180 13826 17300 34581 7310 6048 14267
8180 17167 13826 42469 38175 24504 50663 23897 6048 10187
2103 3087 7930 17261 28249 18132 6181 47780 4801 5697
3832 35339 36178 37940 43081 3842 10128 40675 41874 17407
47823 46389 43903 633 19213 17546 28249 44676 46174 6619
14935 44583 15080 35234 44348 46246 6449 52759 33392 52895
31849 3727 4163 10649 23788 44796 19620 22236 212 17485
16162 3315 27651 17300 24472 26941 36210 1276 33118 11603
13182 12445 42858 5697 29735 43708 47780 232 16246 11708
1624 25216 25070 20428 22059 17359 13342 4558 10899 10128
25216 1624 46723 10128 5161 17359 141 6140 6698 10899
41753 15010 29041 23219 48217 33281 16371 36422 2889 26461
23700 512 51601 40675 10189 35343 38698 43336 35713 3832
41359 4643 48265 29400 10187 4558 19825 26941 14267 48577
21654 49530 44596 35234 6352 44583 51028 44129 15080 7507
25070 43708 47780 20428 5229 42858 20552 22059 5161 5697
41120 20673 47233 16135 752 4453 8800 8680 40086 14373
49846 6449 43842 45286 41198 11754 14935 4931 46246 42590
19213 26290 28249 43475 9144 52895 2741 12445 47823 47164
47323 43891 36346 2889 26634 12178 9363 4679 28077 36422
15247 22471 52174 52421 32954 52810 30976 17546 19213 47823
36759 48265 41359 25216 17691 27651 1624 4558 4643 20673
23219 46246 39565 14935 2058 32021 9144 33281 49935 33392
22059 20428 17485 26290 9150 25070 7564 11754 9144 4801
26290 25070 20428 22059 14040 13342 5229 49117 5697 9150
47780 43708 25070 38555 20552 17261 5697 14040 2103 5229
10789 6181 2103 7296 16353 10463 9150 10484 13730 36781
14040 20428 22059 25070 5229 2103 33270 43708 5161 47780
42303 39909 51274 24911 20622 23178 17359 4754 5164 45651
44796 19234 18694 23788 31849 212 37940 26175 18250 40675
18676 47823 19213 47164 2614 30606 2082 4417 37423 38311
47724 16049 3727 15010 6112 24836 6352 32806 44796 10189
49530 24836 8241 50036 37042 39052 15080 38618 48655 37423
31546 14628 14392 10821 26982 20202 10317 34757 30034 10338
53133 5161 3858 47966 12025 14008 5229 2103 13182 1378
51601 35343 23700 38698 34911 10189 5957 512 27493 471
37042 25009 23526 36346 8241 38618 35322 50036 26148 28028
52895 44583 15080 50036 49530 39052 35234 14935 44348 46246
10789 15003 17691 36759 3972 4558 27651 4535 36154 39453
7507 1378 8414 23449 7185 49274 8352 13031 27020 44596
12178 18465 36422 43237 2889 37423 47029 4417 28711 50036
27648 26282 46174 46389 2614 16476 633 6619 12445 2361
40591 15491 36692 12465 16295 49274 51338 39086 51125 52467
37182 19558 15692 41359 20673 33270 10821 48265 30318 26982
35755 39920 36256 43376 37170 212 23909 14373 14725 14446
26982 3665 43920 14110 30034 20202 23723 14628 10821 16049
11754 17485 18024 12445 49497 25586 46246 9144 13767 49971
41874 3842 40675 29735 36178 512 37940 19445 3832 27493
13031 2889 44250 28028 46174 36422 28077 21859 47049 15642
34911 45994 45055 471 24898 16457 2058 9144 49209 5697
18965 9363 10659 4679 47029 13031 47323 2889 36422 21859
17691 27651 39453 20673 49846 10789 41359 45286 48265 42738
49971 6698 610 43376 18210 5161 25586 45211 11754 41198
27651 4558 36759 17691 36781 25938 39453 41359 4535 29439
28166 27730 19620 45651 41943 47081 45753 17359 22059 5164
23788 24898 50352 31849 22059 34911 38555 45055 21252 47081
47029 36422 26634 2889 9363 12178 37423 38564 4679 43891
18132 28249 3087 44676 4801 35348 17261 46389 6181 43903
23219 16476 29041 27474 26461 12478 15010 39565 27648 44250
2103 5229 34757 14008 5161 27651 24504 25938 17219 6181
8241 50036 37042 18231 35322 23526 37423 24836 18465 28711
45286 22059 49846 11754 17485 20428 25070 4931 9150 53134
3315 26941 16162 27696 30108 29400 35427 33118 14392 6048
41359 52954 4643 42006 14267 48265 48577 14392 20673 13826
8352 43376 1378 13031 7507 13386 8414 49274 44596 16295
10128 19445 49019 27493 37940 43081 40675 11708 22293 19234
47966 13182 36154 3972 17332 5161 232 14267 610 6048
44583 15080 35234 49530 14935 7185 44129 6449 9768 46246
37940 3832 43081 40675 27493 35339 19234 49019 10128 3842
25070 13342 20428 22059 14040 5229 9150 14008 36781 6698
37940 19234 21770 40675 49019 27493 17407 5372 44796 36178
5697 7930 49117 2103 47780 6181 17261 28249 47966 43708
36500 3286 18694 25216 1624 50536 37170 18254 10789 36154
18676 12445 19213 13182 38311 14110 30996 41905 17332 2614
633 23219 27474 2604 16457 34261 32021 43903 15642 16371
31849 19620 23788 27493 35343 19445 45753 45651 16246 44796
13826 8180 27696 23897 17300 15256 3315 10187 16162 24472
43891 26634 47323 36346 12178 9363 10659 2889 4679 26148
24504 4535 48577 19825 6048 10789 14267 12601 36154 4196
39086 51338 45962 33271 15491 33122 40591 52872 49385 12465
29735 7084 16246 43336 20733 27493 512 35713 19660 212
13826 17300 24472 3550 30108 15256 14267 23283 10708 6048
4490 3003 32343 16295 23449 7507 44596 16263 37762 27020
44129 42590 49935 4931 9768 6449 51028 44583 6973 13767
18676 26282 10365 17332 49209 610 12445 13182 5697 38311
19213 633 43903 28249 44676 47823 46389 27648 4801 46174
18254 212 19660 6449 31148 1624 44348 4931 49935 6352
36210 16162 33118 3315 6048 14267 14392 8577 10187 26941
23909 50855 39252 51454 33153 17089 35755 37334 8680 32806
51454 13386 6698 41120 43376 16135 51125 36256 33153 49274
26982 17485 19213 30996 1276 37182 1952 17546 10144 12445
43376 13386 13969 1378 8352 36256 6736 11754 5161 38996
36346 47323 28028 2889 26148 12178 16371 25009 43891 47049
7507 7185 35234 38618 15080 9065 50036 17335 49530 15642
19620 44019 44796 35343 38698 27730 23788 19445 31849 23700
18676 2082 26282 13182 17332 12445 2614 38311 41905 4679
26290 14040 41198 25070 50352 20428 13342 22059 45055 38555
15003 20673 41359 10789 16135 3746 4558 39453 48265 33695
35741 42858 47966 5161 13182 25216 17332 12445 43708 40708
36422 37423 12178 47029 9363 38564 4679 43237 18465 2889
31849 24898 23788 22059 25070 44796 20428 22236 17485 9150
14040 26290 20428 25070 2103 9150 4801 17261 5229 13342
36422 2889 2604 12178 633 27474 39052 46174 50036 15642
16049 52895 28249 18132 4801 49117 9144 6181 44676 35348
35348 9144 610 14008 4801 10365 12025 26290 45994 25586
13386 51125 49274 4196 8352 6698 26677 43376 36066 13031
42469 50663 37762 23897 8180 32343 13826 4196 7310 8577
QPS: 513.61Peak RES memory usage: 132.07 MB
