12675 12109 12343 47576 50768 45282 46956 8938 38126 11566
41117 3508 50523 31982 40055 37140 20732 20434 34425 12808
39615 1172 444 408 8380 29309 7498 32545 16953 16305
37147 12901 49043 10172 43244 36348 8380 19873 7474 16785
34669 16690 32959 10460 52502 33673 20097 33809 32157 25118
22290 22886 22006 52470 34533 27173 42234 26228 15268 50918
290 45316 14500 39898 30998 25046 18049 11924 5350 44831
30255 1677 27694 16689 11209 52837 14519 29492 28969 27405
38192 12202 8061 19582 1501 11349 4675 8701 40276 20013
3819 13389 45070 8059 32860 49871 8290 39846 18908 6250
36833 29402 13173 52136 49498 52722 11684 33795 8697 19402
47812 8582 35476 12847 30373 48354 45360 44788 10343 43233
11342 49589 22221 21003 15902 44467 2310 38139 43259 15029
3454 27984 43714 28616 2343 27068 15343 1663 593 24811
28645 20035 5666 38714 24980 38586 23131 23748 37932 11620
34170 4561 25497 27662 45805 47468 9477 23818 42528 43549
25695 2688 20865 29325 48059 38351 3826 24487 6153 4208
4467 19581 20095 38207 46681 53316 24946 30237 28472 48139
23512 21020 50521 50512 20611 31949 53124 48124 37437 50397
8134 23284 2855 34587 10603 14978 31840 40591 15079 28949
25069 1629 45784 43434 7348 37651 22328 15312 47099 18409
48090 16504 42268 38983 5109 48296 17676 16172 11454 43588
19850 20678 10577 6472 44274 7113 14159 47388 25003 36676
17962 41406 48415 12917 38347 11581 4985 8199 16089 32565
571 46128 24955 45068 51250 3302 18057 42002 468 13438
28357 30388 41808 38887 29139 27366 6451 16112 50708 30566
37641 19219 13788 4985 42336 35068 32565 35369 7147 37212
7485 23259 35974 19077 31576 45875 9055 10459 20579 5601
47699 51254 13884 14604 14935 50650 30285 50304 5 20130
30733 23101 2336 48240 43891 4867 14765 41254 46400 53128
6621 10058 2258 53185 50950 50523 1027 48803 13812 6464
16772 26054 21473 16983 38153 23046 39916 45037 42519 19244
19834 51768 8681 5391 52248 17372 30040 31784 15401 17785
17905 29392 14190 10356 31901 8554 13251 18584 8681 15401
52648 40553 5601 14493 38182 41567 27628 23403 11594 13759
31577 1370 29849 26266 5679 3454 37853 6267 27984 26493
30758 8713 32221 53029 25953 12600 27402 2574 40353 11790
20764 16754 42268 558 716 741 27083 38780 5189 34968
38105 8866 52200 9376 15608 11405 26698 28554 10222 15397
9990 14662 8308 17443 7015 14977 43145 34805 52011 41216
21075 22964 19190 38645 32175 45494 40442 47510 20388 34225
18134 25478 10207 14442 30225 43781 20004 24239 14150 15722
50629 19321 10884 8582 8188 7665 28778 51254 14935 5458
15629 19564 9983 34247 8985 24548 17678 25941 3059 30777
5520 53115 16526 13356 44341 6119 2494 20881 21874 26450
48835 34775 6685 15616 53273 19471 18367 42111 6362 53018
41353 16759 2232 18560 4832 32830 10114 5741 19637 7817
34865 2161 24463 11515 34608 11832 14494 36515 21867 38841
31948 37362 46731 26728 33252 12954 43895 10554 10068 2050
7418 7031 49062 17141 29644 22765 8939 15242 13895 43499
2953 36034 41423 29068 10515 19564 20237 35349 30953 11101
44195 50437 3230 18878 15061 28445 40887 9287 24453 51865
7912 34879 10587 28996 39660 14310 16688 28783 17814 36225
7187 10935 12148 14064 16022 45007 44326 22769 50612 4878
14064 8299 31318 17410 7087 36358 30479 22769 24888 710
46687 44223 11145 26688 38211 18557 1450 38584 41689 24356
8641 23864 5027 27180 29776 31178 52294 21915 229 17281
16853 38080 35991 11975 25775 49498 37963 37085 29402 36833
3364 15464 40369 34985 6071 7408 22347 10367 6405 18538
39115 51629 42466 571 28951 50309 28694 12015 31795 11763
2232 10114 31202 6652 29637 11995 29948 48282 2704 2752
8692 46274 34689 42908 9927 43846 3773 24980 20035 34533
30259 32636 5790 25539 28076 51721 32068 48369 15791 42352
49897 51133 46908 41858 16376 22013 34189 9585 5470 32095
18049 20004 25046 6987 39898 30998 18134 42691 11924 35663
17831 25489 15254 31561 37504 1453 14886 34810 42980 44555
11303 52855 38640 20595 4074 30320 6823 12274 42420 45827
20515 18382 17279 13895 6720 7031 38370 30145 13671 45202
5482 34115 44617 4649 18538 35275 44323 10927 1117 36316
1935 44093 23521 45423 14055 37155 41705 40484 47685 24119
47992 16246 42432 41140 10234 37157 49413 20375 38945 4769
7365 52986 37107 3819 42404 29302 13487 11763 42801 18408
28154 41763 7852 7574 12808 28442 19234 31333 20847 19156
36286 498 47520 13157 45237 23854 35403 7129 924 12264
40322 28701 22693 45436 16824 48142 43872 38008 440 48515
18541 52419 47099 35793 31639 10457 24505 44534 32666 1629
27307 31806 3058 5622 41323 25438 819 29916 23815 16046
7924 38398 23338 49365 28147 23006 15076 38910 50896 31838
28885 3486 15134 42050 14444 3157 31583 43055 17996 2093
40055 8152 16346 37140 20787 39521 32165 21789 7437 44018
1293 40688 28637 32362 7832 37548 38108 17212 984 9307
31134 37870 18697 34084 2232 20154 18483 38779 51535 3486
39107 13921 28497 51272 34870 37521 12333 50964 11764 16725
35824 29233 20632 51722 44540 44326 22666 16406 8932 24888
31964 21087 18409 18003 2019 26952 34729 13661 17205 51271
16426 46024 30997 24542 37595 17388 6353 24487 2468 45053
43449 4089 15857 39360 36537 47247 4207 39091 105 23513
8563 33800 7513 34152 22578 16861 24257 35617 32490 1744
22623 22276 20772 43066 42261 4305 47282 14849 51772 14006
2752 26361 27445 5842 15883 21189 14281 4431 48912 10311
5503 11868 13567 45286 412 49846 30454 49614 47628 3676
11824 20422 45833 35887 18390 40215 52976 36061 27834 33438
18563 37099 17128 34299 22818 6315 16871 17276 49116 25889
8641 35147 20850 24001 29776 23726 17023 4271 25442 52294
29291 9149 4519 26614 15734 43880 52049 31533 50525 31775
47821 12202 12613 13340 15822 1501 19582 6972 33741 50185
12507 12348 37440 6083 32787 39162 35277 3832 44501 21094
50784 24356 5534 1725 5035 12901 18557 13759 11594 408
14935 15401 32568 41202 10356 12067 44583 506 23551 3762
45815 37245 11798 15493 46009 7332 53020 12653 12044 3581
45037 42519 35933 45568 16097 40603 45202 21473 21826 51535
43889 16027 10341 11863 31183 41877 22197 50333 2289 20610
8668 2234 31305 38988 41888 38607 34805 20381 6474 49770
1444 12333 40422 50624 12255 13921 31305 50880 12447 4178
4455 2549 9167 34902 31126 20289 16797 34775 8727 39864
32024 4230 45373 42404 32111 27967 38398 25484 40759 9797
26808 2305 41299 32901 20863 8595 12843 32533 42527 18671
24155 8438 9392 276 49186 26189 42733 53159 8975 20421
45364 27755 6716 25021 47143 34533 20610 46643 5101 46944
5741 14348 33553 19304 48731 35858 33295 29989 14829 53111
5698 46758 43596 13784 49846 3676 3289 33675 28106 52805
11180 13987 19833 38694 16827 42465 19331 40361 46991 15200
21752 4867 17086 2494 30590 16450 22945 46400 6119 13400
36941 28653 35684 39518 18872 19012 29901 29698 45694 17260
6652 11995 2232 13540 48334 8668 48738 22025 12843 41299
44235 13433 41326 22607 21867 2014 8844 48354 50815 4177
40682 19517 22235 19614 27950 51328 38645 1295 13402 31463
33583 17476 22902 21185 24944 11113 1721 36872 48416 44900
44880 22146 20633 5749 39684 26792 13607 26206 21621 15342
44577 18995 6234 48912 44557 11211 26361 2752 2704 1066
12074 44214 52469 32415 30997 50187 1544 7846 2193 25015
8152 53250 505 7390 3237 45865 14212 29995 22373 41083
31476 52906 22186 42063 46268 41521 5381 17557 30981 13061
27401 37212 50433 31879 34935 5722 25037 10038 32163 50724
25518 27358 36735 4494 12706 7253 49257 39846 15321 38814
12668 8401 12031 15949 19869 38285 3482 36060 39371 14940
38225 25988 48323 31478 25425 8129 4667 29325 50488 19409
4086 19289 21785 32563 7203 2168 34624 19633 44840 4852
53070 16339 37107 51757 36999 18408 7662 35834 38398 19867
29139 26533 1773 47492 4485 1643 23490 30388 7044 36673
15401 11887 22859 31784 19834 28939 50518 27356 52895 16940
35224 1859 10114 7500 10311 51975 18995 15883 46082 24461
46301 35132 43277 33787 29225 48739 276 36087 43259 38585
27178 52005 28489 875 37467 24219 44124 20266 37869 14556
36397 24715 43510 12437 15749 953 27648 21670 52648 7862
40592 31434 45080 49617 11013 11458 40555 40591 26745 6575
9557 52008 8329 42589 20403 15407 26839 35149 31617 9056
38983 11454 8768 11661 26439 558 41873 21558 51830 19402
39204 37387 14316 42478 40023 3420 8329 37475 30088 19770
34858 11754 9815 11581 33869 5302 22663 42826 11801 8809
44104 28045 41574 15797 29616 9809 27749 15869 48908 18693
41986 11252 50946 14067 16171 8677 45813 37633 38259 38270
13442 51098 47974 36225 53162 43854 7266 14494 6000 30877
17057 18965 41964 10459 8871 15561 35346 26236 30590 10659
25668 48118 2232 14133 51231 35763 34301 47180 2954 8661
14282 41821 6120 6698 28766 8766 11291 1809 18353 23299
19399 44557 37272 34539 45254 51320 46328 7190 10528 17053
33749 8605 37826 3364 17201 10367 22347 46623 29934 7408
22383 19706 25204 34418 51721 19024 9661 45177 29453 19903
30650 52193 48623 6715 16596 7344 23513 21118 37814 46502
39990 42421 1679 4675 27739 45468 5666 24844 38368 20607
6059 13916 33223 12003 44065 8693 8652 51037 51981 47534
14120 26361 1600 40283 27445 16932 8672 26406 28132 32157
13284 51223 23760 20980 6060 44404 7333 14940 7907 28039
40937 45286 37902 51858 32490 24257 35617 43596 34927 33556
21473 45675 44241 35933 42519 38153 22629 47220 32992 7418
6106 2093 2978 30843 48516 32079 12029 34084 7739 15002
12483 44685 12414 3090 43972 22080 16544 37493 35001 39786
46716 5141 11223 42883 38726 33964 27453 49278 25213 6846
25508 1809 1189 15329 40956 46797 11437 13905 11841 18995
17905 8554 39729 44583 10620 2569 4351 38025 7112 4773
3302 9635 45068 20230 10382 10237 25813 44501 52216 9534
7762 36158 1066 5326 42189 33864 40773 25070 25024 34205
38766 25408 8866 27218 10222 52200 15608 1465 14024 862
52626 19293 48507 40230 11363 43984 13343 10289 17016 15822
41831 19674 26822 21321 27680 30 19254 50117 22458 25366
19751 13201 26952 13905 18054 31879 12109 17971 27401 5722
35863 47940 52306 14376 51138 46989 2864 39112 26347 16202
11798 25261 5488 33960 34612 47922 48629 46009 49759 8316
14611 8767 5352 6423 24001 35773 47330 50975 29776 23864
41254 4867 17086 46400 14765 23101 33947 13400 26754 43891
15329 2704 18995 31252 22816 13273 31843 20414 33036 7304
15079 43091 23521 13965 34029 17150 19664 20402 15969 6417
33636 52135 2872 43584 42729 47992 52233 45413 34670 42432
15431 36726 20523 10377 8836 2536 25364 917 2186 5300
16828 52432 49199 23137 53226 46509 9570 21563 14077 6155
43503 13548 12101 24846 3457 40112 14532 44584 9227 34502
9060 37236 32458 2520 19640 47910 44003 52690 22197 10184
24356 38031 19397 50927 5534 31043 8052 1963 53313 33339
7812 33951 14952 212 40246 39269 34917 5109 7035 2872
18185 47484 37870 3692 40488 40503 46632 1272 19370 13914
11607 22769 45835 30983 14983 7187 16851 25688 9972 7087
30464 25775 35917 17504 39700 46115 25978 16853 17182 52722
18606 5137 14316 6985 36522 48971 52155 13769 30149 28266
35991 39786 16544 43972 44345 12414 37963 38080 16461 25775
1303 51888 6562 52495 33473 42284 30588 11830 45459 46404
3225 41784 5472 38585 50644 29225 48739 276 17720 2627
1063 3360 45343 42940 28791 4217 526 22783 27963 39004
18354 33313 38366 38203 41241 18054 5722 49228 49934 22811
7154 12338 33583 4648 46946 20866 31525 5749 1721 47271
44296 46082 47841 3988 12296 340 15003 51061 40645 27470
49047 41366 51317 6415 24031 15137 9735 34624 44983 30704
17413 44551 16596 25701 19546 42022 18110 1013 6715 18430
30269 49557 22018 23439 26467 4810 52100 19903 6805 22835
40773 9962 7154 5701 48416 25351 30280 8451 20866 19237
39639 42876 53052 46172 53018 1725 16785 47583 51068 1987
37736 52478 40382 38894 10413 18543 41015 14998 2965 48776
16169 42919 47376 23430 35403 50599 43846 24980 15234 1250
35408 17817 49105 35001 8805 31834 751 16701 22463 17734
5886 2574 30758 27707 10883 42305 27794 41452 37765 48008
QPS: 517.84Peak RES memory usage: 132.09 MB
