12675 27572 28477 12109 12343 50768 50654 3745 45282 33496
38622 14992 41117 29329 15487 23209 17202 39828 35228 41530
39615 17502 42782 19129 52922 1551 20443 408 36257 8380
50367 5895 16700 19827 3133 12901 49043 10172 38498 17941
46707 34669 14651 5487 16690 28151 52502 4067 2103 39455
22290 22006 23689 47780 34533 2422 16703 19087 32910 37567
10278 30361 16042 290 24374 50904 40801 40537 14500 51188
39885 10931 3830 45554 43244 31114 47029 31021 28115 6243
591 12202 45758 17423 30180 19582 19875 27533 47972 1501
41841 45017 9405 3819 21456 31430 20411 10227 27807 33350
24881 13477 36833 34856 29402 13173 25608 1147 35869 30167
47812 40512 1357 10863 38867 20042 24552 20441 15979 11802
48560 11342 35039 19524 33720 22221 42327 33927 41401 26325
34967 46392 47064 49550 50184 15570 38290 27068 49379 51951
28645 19530 36209 14410 5511 11852 1882 24980 38586 35029
45619 43546 30288 33603 26037 34170 11218 14555 48331 1351
43827 5245 39511 43108 22087 805 5988 19095 25695 2688
4467 34486 51512 52174 50163 34095 34809 20095 20087 29336
4136 16905 26198 51152 52875 50512 35761 20611 9130 31249
26392 43805 23284 17625 3274 6172 42508 2855 461 34587
33044 8165 15066 9746 955 21334 1629 28945 45784 43434
20948 2757 16504 8443 38572 40949 49875 8849 27185 14530
48403 8406 19850 4698 21517 20678 9525 2039 48186 39249
48677 49958 27950 22235 17474 4070 18209 40564 36041 38347
7230 27110 41419 19010 34847 571 10055 28699 29912 1271
12853 1265 465 47648 17011 48928 19312 4913 30388 23540
7000 37759 37641 41001 12647 19219 7831 13788 17485 4985
2252 39041 49959 12999 37345 35974 34105 2062 27462 12481
15798 26087 12596 3631 41035 23768 4140 5813 4327 16086
2336 2875 47457 40146 48240 14821 36797 45899 4867 32035
32986 35914 45401 23190 6046 36972 23960 9019 50096 36215
49163 35067 11805 16533 868 10390 45657 45275 38153 3315
45542 19834 8681 19439 11299 12848 32383 26489 18161 25800
46406 50008 49348 24452 17905 19869 37576 49382 22147 5255
52648 40553 53033 43636 37473 27635 25260 15829 38799 15475
13829 45688 13448 1370 7229 29849 26266 28374 37977 13695
18984 24755 8713 7835 17607 45625 32221 50659 47497 24417
11270 33962 20764 13499 409 41807 35210 16754 16427 43844
16122 44528 8866 52200 39528 18678 8395 35145 2151 24912
16807 18129 36969 9990 20972 45515 13297 22020 8163 14662
44377 48087 12293 21075 15883 33234 41533 23313 12959 36924
39386 31037 21362 1745 10207 39693 51530 38966 48680 33935
50629 51904 42080 25491 1223 11239 19321 31633 45619 10157
15629 35144 16495 19564 48260 1383 45775 8634 34247 8985
20391 5520 16344 45029 53115 17028 42684 25458 18459 13356
10660 48835 33591 12047 6685 25205 43840 41881 37151 44655
38881 41353 31016 4832 20952 12998 24413 32830 52703 36644
19748 3506 2161 27398 24463 14664 33393 10451 29679 30810
37362 38689 27570 24878 50129 14877 33252 42048 52025 1143
5301 14915 7031 45520 49062 36790 49161 14244 53360 26999
2953 40449 36034 42073 41423 50277 18163 37268 19564 39600
28878 18878 15061 28445 30413 40887 40528 34470 26193 22730
42741 34879 14990 44957 27152 15915 34866 22497 50693 4736
37998 10935 19446 16022 23560 45007 38163 16452 44326 44466
44819 53073 8299 52480 14021 48974 31318 32042 44499 22531
49205 44223 33095 38184 50580 2024 24605 22037 47320 43089
8641 49371 25157 3422 798 31380 5027 5253 53336 4768
16853 43264 11975 25608 10590 37963 32857 52754 43972 46401
3364 15464 40369 49444 6071 7408 33463 48869 47618 13134
39115 41419 43780 47170 512 30511 7781 42466 571 48567
47463 41908 51301 42756 32103 12727 39581 39076 7608 6652
27682 2422 22412 46274 52578 34051 42908 9927 13484 28123
11646 18250 6393 47900 14670 39129 12859 30259 1246 14037
44497 51133 9086 18860 46908 24572 12149 41858 5486 16376
18049 12459 39955 28044 10057 38256 20004 25046 28436 43946
3876 12452 1586 17831 27114 25489 49114 46151 37730 50503
52855 38640 20595 34675 34282 41810 4074 38048 32420 50733
51596 16821 14915 53360 6720 7031 30677 9895 24005 16770
3565 42467 44617 42903 24033 7286 18538 29418 22897 47392
938 51911 1935 4885 44093 23521 45423 27213 19481 9135
39995 39674 47992 10316 19468 147 42432 15555 10234 17804
33453 15120 19762 44495 4269 37107 26763 40600 29699 3263
16710 28154 34713 7521 47013 20688 25179 11451 41721 5421
37793 32482 498 36291 21908 50541 9482 24546 47248 47520
33490 32829 21038 96 21463 28701 17240 8615 37238 9926
18541 14949 12199 15232 21225 8511 47099 14927 50514 9026
9340 27307 31806 25552 19525 22899 35199 11481 19386 33660
16909 28230 15309 23338 39599 35382 49365 41611 29445 48512
34438 385 38044 14461 41445 35482 45246 30652 749 14444
27830 48346 7683 8152 2974 48413 36150 29154 16346 43662
47766 16933 50203 25341 28356 30420 39929 36418 31660 30061
31134 26752 18697 34084 25294 31016 31197 53184 18483 6125
48465 22690 39107 1038 3721 33485 18154 42361 34870 5045
39548 35824 20632 23560 37636 19313 28857 15446 8179 41858
48305 15425 9344 31964 7403 45268 28909 21087 8655 29152
53102 37655 30963 4365 16426 12470 9969 8729 29378 44297
43449 1843 3822 4089 50162 15857 15393 36537 46279 4207
18437 41044 8531 24364 40502 8563 41126 45258 20087 8305
22623 34801 20525 20772 29110 33549 32571 43066 42261 4305
11621 45117 26705 30923 36923 37218 6636 43032 22634 12041
9546 1104 5503 6653 40527 14701 7057 8305 26604 16291
25443 43962 31109 26345 29171 18165 51683 22194 35887 51582
45307 21056 18563 31327 38195 13047 17345 7277 34299 31334
277 8641 52153 34043 25157 19847 32094 12347 38961 3422
2584 4519 19851 36085 20026 26614 47523 17007 52818 43880
47821 12776 2556 4693 12202 12613 16217 6020 27349 15822
10164 19602 37440 23052 28943 29289 36524 4319 46131 20811
25944 15657 18769 30561 22396 49641 1173 12901 27140 18557
17262 35354 36549 23768 50955 18161 31710 27439 8026 41499
22511 5018 41896 11426 14025 36929 45815 28695 37245 8541
44147 46238 33887 45568 6407 8796 44797 53271 45275 13040
10741 20372 21334 25575 10341 31574 39375 17367 20600 37858
18293 7592 32387 8668 49582 29961 39581 496 4659 50825
1635 31665 11075 8523 21005 2917 19255 16573 25180 29961
49884 37117 2549 5312 10802 9167 43064 13089 36599 5379
8064 32024 18784 34085 1710 45373 42404 30772 35382 28408
26808 47313 14955 40410 16505 53184 11494 2305 35441 43522
7572 15380 43544 52295 33720 31522 26325 24155 8438 9392
9282 44304 51183 27755 19235 7477 6716 33986 1466 34533
4718 23043 47611 12516 33553 6075 46640 48731 30520 35858
12891 26604 5698 41400 43596 8305 29205 29395 23658 36723
37131 52492 11180 26465 5997 46191 23170 13987 44390 33160
2875 47457 4867 17028 1547 2494 13124 36950 47889 51245
36941 42649 14081 35684 38414 7213 47838 29901 29698 28702
32103 6652 39076 11995 12727 7608 47463 41908 50733 39581
49264 14205 13433 28502 33709 41326 39370 5316 6022 2014
19629 34871 30201 29256 30823 37003 26921 22235 797 25589
14824 43813 10302 17476 22902 27848 24944 26005 31442 30300
48692 44880 22146 22076 4396 18670 20743 20633 39684 26792
12041 28854 8963 36923 30096 44577 1854 26705 33345 46651
9833 3259 1756 12074 35877 44753 25642 47065 34462 52469
23000 8152 8386 53250 44760 44360 1191 22118 4714 42607
15801 32952 40235 40883 52906 22186 52327 42063 13205 49952
33813 27401 45065 45318 29540 34935 35683 5722 44167 20191
25518 27358 24368 38269 47724 36735 49969 11857 28455 39294
36589 22158 4129 12668 48927 7430 12031 26769 14390 16428
21337 9872 41709 812 24766 25988 44522 16954 48855 6910
29571 51991 6692 39559 29733 13043 20904 1934 22413 3176
52899 41442 35159 22465 45991 14946 37107 43367 51757 3723
1265 26533 21945 28194 12853 4913 8083 1773 47492 10167
32076 25800 11887 23080 27832 31358 36740 19834 26065 6834
35224 26004 39895 26705 39002 11571 12727 18128 30107 16959
26202 46301 43277 42859 9794 42821 33787 31528 32336 29225
15769 10919 9493 27178 20691 18133 28489 52012 21018 9803
38878 36397 43510 22977 43089 49370 12437 51323 15829 8110
1897 45455 25916 46360 31253 49543 50828 45080 49617 13130
23774 19018 29111 39511 14955 9706 15064 38918 36449 9776
20764 20948 23379 35210 9353 11270 11454 6912 34548 33962
51674 49447 14090 11979 21337 24415 33703 24473 51793 9639
15072 654 27393 9815 11581 5531 21893 27224 4501 32507
38844 45770 44104 5441 28045 4522 12882 26652 50309 41874
41986 12492 23801 50946 14067 38050 21854 43134 16171 8677
17752 12624 13442 34954 30668 51788 19748 6444 36225 53162
19902 47889 51225 34620 48484 4700 717 42477 26108 51245
10453 39002 14133 26139 45433 337 52138 50346 33607 36263
26916 43410 45141 4250 42144 33292 32063 23792 6580 2993
19992 30013 44557 31153 9737 34539 1008 45254 12246 51320
10651 26484 53345 30375 48869 41133 37826 1224 3364 47618
22383 13469 19706 5264 50014 25204 34418 29161 42745 19359
9124 5124 30650 32629 6696 48453 5643 23513 45744 2765
27533 42421 22356 29033 34325 46140 34129 25619 41668 20082
6059 39299 23868 13916 51375 40912 28471 34442 8367 52246
46580 18075 23374 28597 45817 15714 14618 685 29476 45058
17583 39224 37496 20980 38049 6060 7394 10299 620 7333
49193 45286 13456 41126 11749 37902 27506 51858 32490 18131
17302 45657 19950 3315 1420 45590 23568 10464 16822 6728
18873 43578 44899 45895 36827 6106 29996 13801 2093 10971
12483 30349 49689 42821 44685 23341 29634 42859 12033 51628
15340 20359 5141 11223 42883 50597 31359 9297 27453 27787
7094 28071 51970 26916 1809 17706 13540 33305 5570 4835
17905 16107 49348 17135 37576 3211 38323 23463 11152 22354
12345 43937 9635 45068 15931 40257 20230 10382 41952 41939
38367 26705 20238 16671 36158 5706 6639 1066 7454 40502
21150 14411 27999 18678 38766 12608 8866 35145 31204 32792
1726 16392 33202 52626 6235 19293 43886 38765 35181 52169
36500 26822 21321 30 31094 46181 14846 18645 28496 17108
34097 43223 13201 28909 26911 26952 50654 34050 51444 23008
36765 8074 53307 49133 35863 8558 37920 18045 1735 42093
45716 15429 11499 11426 11798 29879 1537 11711 36929 38255
43777 5249 34043 45573 14611 5352 43356 42671 10572 13986
2875 47457 14184 18887 41254 47889 4867 41634 46400 2765
32973 10969 29765 33672 36459 12433 45631 47463 40171 23848
1701 23580 38130 40250 16816 3441 43091 32735 23521 22451
21401 33636 2500 37156 4522 15460 52135 1325 39507 4562
15431 5723 15975 3954 36726 34971 31497 52512 42784 24299
16828 37138 27544 52432 49199 17787 51417 30493 23137 50837
13548 4437 51917 26289 44129 31158 19918 40112 33073 27733
24502 8716 45678 33635 20951 4970 45822 53235 44628 37236
30880 1173 172 30561 2665 7674 23793 24637 6471 16727
38831 44148 7812 33951 12369 3705 6544 35107 30761 212
18823 47484 5576 47280 3692 39619 4767 46351 23241 35636
44466 11607 22769 30983 16275 31000 37998 14727 16452 14021
53220 42688 52465 41286 7107 17504 46115 23947 25978 8388
15071 35320 4171 39623 4095 43807 31076 2095 18606 36707
31067 29356 23341 12239 30349 9573 43972 47754 21856 8388
51324 23767 50535 27949 1887 45377 15016 1547 51888 2194
47827 47033 25081 42217 26265 23108 50644 39087 16220 16706
3360 14562 22332 44168 10880 37173 21960 45343 51410 32189
51005 51444 45502 25431 50199 23418 28235 43623 18822 53252
7154 1246 10302 12338 26005 30421 49533 35934 27640 28958
20882 41494 44296 46082 42554 47841 45940 3898 7280 52063
49296 49047 48744 28865 47401 51317 46982 6415 24031 19070
6549 20659 17413 19546 30148 39384 35889 38666 37591 18430
30269 31849 50997 2857 19380 22018 22411 1002 23439 26467
43131 19616 20549 46658 9962 12052 7154 45825 8461 48416
13110 36090 39639 26855 39717 1009 36422 42876 2889 32581
7086 29950 27112 39218 52975 37536 47429 1527 40382 12664
42172 25262 42919 35248 21242 47575 35108 47376 5095 25137
4033 5570 50305 6506 32676 16338 22991 52025 49105 46728
5886 20825 24622 2574 24417 11469 17607 7835 38277 46884
QPS: 438.02Peak RES memory usage: 132.10 MB
