28232 37727 8795 27572 16050 28477 12109 47852 12343 47576
10029 38622 14992 40051 41117 47426 29329 44985 22877 9495
39615 1172 17879 46442 17502 42782 19129 52922 444 30678
50367 5895 16700 45819 37147 19827 12901 49043 10172 38498
26538 46707 34669 28728 14651 16690 32959 28151 52502 27437
22290 42385 22886 22006 23689 52470 46415 34533 2422 16703
1801 10278 30361 16042 28256 8813 24374 45316 49570 50904
10931 45554 43244 31114 47029 48720 31021 48020 28115 6243
38192 24560 1974 12202 49026 45758 47197 13321 42846 17423
13245 32279 45017 9405 948 3819 30965 18313 13389 10227
37735 13477 10805 36833 29402 25608 1147 43376 52722 47204
8582 1357 10863 38289 35476 38867 20042 24552 12847 20441
48560 30852 11342 32708 35039 19524 33720 49589 22221 42327
3454 27984 43714 16131 28616 12751 34967 2343 16614 31279
28645 19530 31421 36209 12739 42462 42559 5961 14410 38938
6446 30288 37407 26037 8580 33515 34170 4561 11218 18289
43827 15407 3930 51421 43108 22087 805 5988 19095 25695
4467 34486 19581 6700 43123 51512 52174 50163 34095 34809
20380 24992 288 4136 26198 892 804 51152 52875 21020
26392 43805 18547 8134 43382 23284 17625 20930 42049 9485
33044 8165 25069 15066 9746 19055 15992 955 21334 30773
2757 16504 8443 38572 40949 53065 49875 8849 16058 42268
8406 19850 4698 20678 9525 28740 35784 48186 51599 418
31011 48677 17962 27950 19517 22235 41406 17474 4070 18209
45462 7230 8063 19010 34847 49182 10055 28699 29912 2904
12853 1265 28357 2593 17011 48928 19312 27411 26158 14047
43782 7000 11709 5408 37759 43751 37641 9942 14091 12647
35326 40766 36119 42608 46879 2252 39041 49959 12999 37345
15798 26087 47699 51254 3631 36423 32044 41035 49 29942
30733 23101 2336 2875 40146 51726 48240 14821 3790 26877
27574 32986 35914 42728 13524 45401 37200 6046 36972 12302
16772 49163 18962 30903 11805 16533 26054 868 10390 21473
45542 19834 51768 34638 1164 31827 11299 12848 13666 40163
46406 8858 13930 10552 24452 32112 40702 9101 19869 37576
52648 40553 38338 43636 28602 43263 27635 25260 21088 38799
13829 45688 13448 48700 47785 31577 1370 8304 1222 3105
19594 30758 41861 29968 34727 24755 21929 8713 17607 45625
33962 41063 41807 35210 35504 52500 16754 43844 42268 16359
23642 16122 44528 38105 52200 46457 9376 39528 33668 11506
16807 12766 18129 36969 8552 48429 17665 3660 20465 9990
21075 15883 4015 50227 27273 2936 12959 36924 6126 11912
39386 31037 34527 21362 18134 3798 16847 52508 25478 1745
50629 51904 16108 42080 19104 25491 40175 29942 1223 50459
13111 15629 38456 19865 35144 3213 22912 16495 46824 38852
5520 16344 45029 53115 17028 31790 20329 42684 12372 52870
10660 24312 48835 15834 34775 12047 12159 6685 43840 41881
35743 14453 41353 6793 16759 31016 2232 10381 34185 20952
1341 19748 3506 2161 52073 19097 27398 835 24463 33393
48751 31948 37362 27570 18815 46731 40393 6917 26728 14877
38579 7418 38549 14915 7031 49062 30251 36790 17141 49161
42052 2953 46371 40449 36034 42073 50277 31923 18163 6196
52768 3230 42739 18878 23391 15061 28445 9519 51451 40528
24261 31313 11708 17663 7912 23112 34879 14990 44957 15915
37998 50365 23909 12148 19446 14064 16022 23560 45007 43026
2433 44819 4468 32741 14064 52480 14021 48974 31318 44499
49205 15050 44223 9079 33095 11145 7520 38184 26688 50580
23697 3065 2666 17866 783 4553 24493 49371 25157 3422
16853 43264 11975 25608 38563 10590 2421 36241 37085 46970
3364 15464 23144 40369 40621 49444 34985 28111 6071 40809
43780 9564 44897 47170 33034 51814 51629 30511 8063 42466
47463 11933 2232 20296 47461 12727 8829 31202 39581 11007
24454 27682 2422 14830 8692 22412 46274 52578 34051 42908
24678 8884 45042 11646 12509 51244 1618 47346 29936 18250
49897 51133 27510 29576 9086 48688 18860 51602 24572 12149
2738 18049 39070 17730 38256 20004 25046 46736 10279 28256
46965 3876 21849 12452 17831 16781 27114 30864 37201 22495
52855 38640 20595 14468 34675 32121 34282 11355 4074 25913
45241 20515 34687 19085 18382 17279 17852 42960 22021 13895
3565 5482 34115 44617 4649 7070 7286 52824 45690 18538
938 8264 1935 4885 24873 44093 23521 16262 45423 9135
16629 39995 12995 35259 17609 39674 29677 10316 25768 27447
33453 15120 19762 44495 4269 4658 11375 12102 14852 26763
32681 16710 28154 14302 36267 7521 14901 47013 20688 25179
5308 36286 32482 12409 9988 36231 18063 36291 21908 21284
13390 30323 21038 96 40322 28701 17240 8615 1960 37238
12199 13398 22627 21225 31169 8511 47099 14927 50514 9026
13234 42721 3426 27307 39289 31806 25552 3058 22899 19386
7924 4251 16909 28230 33324 33397 15309 38398 23338 39599
34438 8195 385 3249 38044 3486 14461 26429 19588 15134
42424 27830 48346 10029 7683 43668 48413 16346 18351 43662
1293 46887 42606 28637 50203 32362 25341 18888 28356 30420
37020 51781 34185 22785 26752 37870 18697 7151 34084 14003
34543 26692 15658 40588 3667 39107 36363 1038 13921 34076
29233 23560 37636 41474 17655 15446 8179 51722 41858 38163
48305 31964 7403 22590 10625 21087 29706 8655 29468 29152
30963 40018 4365 16426 46024 30997 12470 24967 24542 5502
15142 1843 39329 24716 4089 50162 21173 49195 11540 39360
18437 2747 41044 8531 35806 5525 25504 18446 1268 40502
22623 21105 3725 22276 20525 36111 20772 33549 32571 43066
11621 167 16978 9957 2752 26705 43022 30923 36923 37218
9546 5503 18113 38928 6653 40527 46758 14701 7057 44365
25443 19580 31109 49837 29171 40745 20422 17928 18165 35533
14280 45307 21056 46309 18563 37099 17128 38195 13047 17345
277 48013 52153 34043 25157 19847 35147 20850 9436 24001
29291 52445 47959 4519 36085 24583 44410 51025 26614 47523
38183 12776 2556 4693 37683 12202 36892 12613 6746 16217
10164 38466 12507 2390 3947 12348 47688 37440 23052 28943
21810 4162 50784 6810 15657 18769 41093 24356 5534 15063
35354 36549 39644 19477 14935 15401 32044 50955 23743 18161
22511 41896 11426 36929 38773 45815 2354 28695 37245 8541
44147 45037 46238 42519 901 35933 45549 11237 35102 6407
11931 18945 10741 20372 28606 21334 43889 16027 25575 40509
7592 32387 8668 30202 49582 29961 39581 30546 496 4659
1444 14086 11075 8523 41955 12333 40422 19255 16573 34654
49884 9533 2549 17961 5312 10802 9167 36599 5379 50091
47446 8064 18784 34085 4230 1710 42404 2269 8911 5862
47313 23300 40410 47138 53184 2305 46865 43522 30346 41299
7572 29255 15380 3400 43544 33720 16168 31522 24018 37337
9282 47613 44304 27052 45229 51183 26658 27755 37568 13246
12916 4718 23043 47611 20983 401 12516 14348 33553 9448
12891 26604 5698 41400 23656 46758 43596 8305 37070 8198
13800 37131 52492 31808 11180 26465 5997 46191 23170 13987
12372 2875 21752 47932 4867 17028 1547 2494 51726 47889
36941 42649 14518 14081 35684 39518 24372 18872 19012 1470
11933 6652 39076 12727 47461 7608 47463 8829 50733 39581
44235 11939 13433 28502 33709 41326 39711 20250 39370 22607
19629 40682 30201 19517 20149 30823 26921 22235 797 43498
33583 32214 14824 43813 10302 17476 20454 27848 24944 26005
48692 44880 22146 22076 13441 43609 22554 18670 20743 26707
4378 28854 18220 5573 8963 51847 45406 36923 30096 44577
9833 3259 12243 1756 30846 44214 38072 35877 28731 44753
40177 27675 23000 37860 21555 53250 44760 37806 910 22118
32952 31476 40883 36267 35667 47789 52906 35986 19910 22186
33813 25498 19630 43088 27099 37212 29540 50433 31879 45189
25518 35467 24368 38269 47724 1430 4494 49969 17707 18411
36589 35685 22749 22158 4784 50318 4129 12668 8401 29122
38225 21337 9872 41709 26003 12979 24766 25988 16954 26091
29571 16713 51991 17738 6692 39559 29576 47664 50609 13867
52570 41442 35159 53070 22465 45991 16339 14946 5761 11117
1265 29139 26533 21945 12853 8083 1773 47492 4485 26363
32076 15401 47539 17509 17783 27832 40163 22859 31358 8706
35224 4957 39895 51847 26705 35446 39002 38333 11571 12727
52003 26202 25321 46301 27615 35132 43277 42859 33639 20407
6373 12178 10421 39575 15769 9493 27178 52005 20691 20819
10386 3404 48717 38878 36397 8479 37534 24715 38005 43510
1897 45455 22128 25916 46360 31253 31434 20316 45080 21507
48339 42743 517 32434 9189 25472 19018 20879 17873 34447
41063 43904 35210 38983 9353 47501 49684 38636 11454 15222
51674 49447 10639 14090 21337 23925 24415 536 33703 24473
34858 15072 11754 25347 654 16581 27393 11581 3261 5531
45770 44104 5441 28045 1180 40266 43039 2582 26652 11055
41986 17435 37586 23801 2548 11252 26302 3759 50946 14067
17752 12624 13442 51098 16835 34954 48259 51788 19748 6444
19902 29092 17057 40346 47889 51225 34620 12699 48484 18965
42405 31694 2232 39002 24528 35085 14133 45433 337 52138
31017 26916 37687 43410 45141 4250 14282 7699 42144 41821
30013 5775 44557 31153 9737 17957 34539 45254 12246 51320
20591 17178 33749 8605 14909 11850 53345 30375 13278 48869
21618 19706 42400 50014 25204 25743 34418 29161 42745 41110
9124 5124 30650 52193 6696 36940 48623 48453 6715 5643
39990 29304 3715 11624 1590 24560 45008 42421 13321 22356
6059 23868 13916 16381 19353 33223 51375 40912 9509 34442
46580 13067 19637 46710 14120 1168 28597 45817 53272 14100
13284 17583 27636 51223 23760 39224 41305 37496 31325 53037
40937 49193 45286 36363 13456 11749 37902 27506 21167 25051
19668 17302 45657 19288 19950 21473 51199 25912 21333 3315
18873 43578 22785 37020 44899 45895 36827 6106 29996 38868
12483 51315 30349 19578 10825 28989 33007 49689 42821 44685
47026 34314 5141 11223 42883 25358 19552 38726 50597 31359
7094 28071 42889 25508 43193 51970 26916 37125 44347 17706
10552 8858 16107 13930 17135 8554 37576 32112 3211 3713
12345 3302 43937 9635 46755 6306 45068 15931 40257 20230
24780 26705 20238 16671 50505 7762 36158 27445 5706 7454
21150 14411 33668 27999 18678 38766 43656 9151 12608 9354
1726 4331 16392 52884 27655 40578 33202 6235 2911 48507
8048 36500 19674 26822 21321 27680 30 31094 46181 14846
34553 34097 19751 28035 13201 26911 36577 26952 13905 17956
21059 36765 53307 49133 35863 37920 1735 27321 43912 42093
45716 15429 38773 12774 11499 11426 11798 31773 50029 2354
6087 21162 34043 14611 8767 5352 39098 24001 10572 51389
2875 42754 28848 18887 41254 47889 4867 17851 47932 46400
15329 32973 2704 23766 10969 47851 18995 33672 36459 33816
1701 23580 15079 38130 40250 16816 3441 43091 44801 23521
21401 33636 37156 15460 36997 11079 23581 33691 52135 2872
38685 15431 5723 31266 15975 36726 34971 31497 44647 7144
16828 38736 20915 27544 52432 49199 9978 17787 30493 53226
11602 43503 13548 48176 52518 12101 34288 51917 26289 37094
9060 8716 45529 5405 20951 17215 45822 44628 32985 40576
30880 1173 172 2665 24356 7674 27187 38031 19473 15996
627 18254 44148 7812 27723 12369 21971 3705 36642 6544
18823 21354 42955 47484 5456 37870 14270 5576 47280 3692
25599 44466 52944 42300 11607 23909 40753 44919 35843 45835
53220 46233 42688 52465 11192 17772 5257 41286 7107 11877
15071 35320 39623 18079 7900 44024 21496 11501 43807 31076
29356 36421 12239 52529 20551 30349 38222 9573 39786 16544
22252 17570 26238 51324 23767 50535 52888 27949 1887 45377
3225 41784 5472 31196 25081 42217 11204 32409 26265 12084
1063 2667 9902 7752 3360 17305 22332 30847 44168 10880
19453 51005 3989 33313 17130 34553 38366 6689 25431 28145
7154 1246 10302 33583 26005 11925 4648 48660 49533 37439
48583 20882 45544 44296 29602 46082 37978 50306 47841 3988
49296 48744 20514 47401 51317 6415 24031 33894 21678 27639
22101 45761 6549 37935 16596 33595 19546 30792 30148 39384
21325 31849 22819 32341 50997 49557 39942 2857 35128 19380
20157 40773 43131 19616 46658 9962 1780 7154 387 27365
13110 31060 36090 26855 4375 21793 33592 39717 37476 53094
37736 27018 7086 29950 35856 27112 39218 52478 52975 37536
42172 19182 16169 25262 42919 35248 9221 34829 5840 21242
35408 51852 14027 29609 41105 2340 50305 6506 32676 37616
5886 20825 24622 2574 24417 41861 32424 11469 17607 26609
QPS: 392.16Peak RES memory usage: 132.10 MB
