12675 28232 37727 8795 27572 16050 28477 12109 12343 47576
10029 38622 49607 14992 40051 41117 47426 29329 22877 29649
39615 1172 17879 40087 46442 17502 42782 19129 52922 444
50367 5895 16700 37147 19827 3133 12901 9963 49043 10172
18035 26538 46707 34669 28728 46568 14651 28174 21083 5487
22290 42385 22886 22006 23689 47780 14380 52470 34533 2422
1801 50457 10278 30361 16042 28256 290 8813 24374 45316
39885 3830 45554 47029 31021 48020 6243 18514 5579 44935
38192 24560 591 1974 12202 49026 47197 8061 13321 42846
41841 41061 13245 32279 45017 9405 948 3819 30965 21456
24881 37735 13477 10805 36833 34856 29402 13173 52136 25608
47812 46753 8582 1357 10863 38289 35476 20042 24552 12847
48560 30852 11342 32708 35039 19524 33720 49589 22221 42327
3454 27984 43714 16131 28616 12751 34967 2343 16614 31279
28645 19530 11972 36209 12739 42462 47002 42559 20035 8344
45619 6446 30288 37407 33603 26037 8580 34170 4561 11218
3930 51421 39511 43108 22087 805 5988 25695 2688 23591
4467 34486 19581 6700 43123 51512 52174 50163 34095 34809
20380 24992 288 4136 46819 16905 26198 23512 804 21020
26392 43805 18547 8134 43382 23284 17625 5772 20930 42049
8165 25069 15066 19055 15992 955 21334 30773 1629 45784
48090 20948 16504 38572 40949 49875 8849 16058 42268 27185
48403 8406 19850 21517 20678 20791 9525 28740 35784 2039
48677 49958 17962 41406 17474 4070 18209 42626 40564 48415
488 45462 7230 27110 8063 38419 19010 34847 571 36643
12853 1265 15423 28357 26491 2593 465 47648 17011 48928
43782 7000 19522 11709 5408 22440 37759 43751 37641 41001
35326 40766 36119 19886 42608 7485 46879 23259 2252 39041
12596 47699 51254 3631 36423 14707 29942 13884 4140 14604
30733 37276 23101 2336 2875 47457 40146 50239 51726 48240
27574 32986 42728 13524 23190 6046 1160 12302 50096 6621
16772 49163 18962 30903 35067 11805 16533 26054 868 10390
45542 19834 51768 8681 34638 1164 19439 5391 31827 11299
46406 50008 49348 13930 10552 24452 17905 40702 9101 37937
52648 40553 24724 53033 38338 43636 28602 43263 37473 27635
13829 45688 13448 48700 47785 31577 1370 8304 1222 3105
19594 30758 41861 29968 34727 18984 18508 24755 21929 8713
11270 33962 20764 41063 13499 13998 9913 52500 16754 16427
23642 16122 44528 38105 8866 52200 9376 39528 33668 11506
16807 36969 3660 20465 9990 41958 45515 32118 13297 22020
44377 48087 21075 4015 50227 27273 41533 2936 12959 6126
39386 31037 34527 21362 18134 3798 16847 52508 25478 1745
50629 1937 38546 16108 42080 29942 1223 11239 19321 45540
13111 15629 34610 22912 7096 16495 46824 38852 19564 9772
20391 5520 16344 45029 53115 17028 31790 20329 42684 12372
10660 48835 33591 28377 34775 12159 6685 25205 43840 766
35743 14453 47888 18376 38881 41353 6793 16759 31974 2232
1341 34865 19748 3506 2161 52073 19097 27398 835 24463
48751 31948 37362 38689 46731 40393 6917 26728 24878 50129
38579 5301 7418 8281 38549 14915 7031 45520 49062 30251
42052 2953 46371 40449 36034 42073 41423 50277 18163 6196
52768 44195 50437 32815 3230 15061 18675 28445 30413 40887
31313 11708 11945 17663 7912 42741 34879 14990 44957 15915
37998 7187 50365 10935 23909 12148 19446 14064 16022 23560
2433 44819 4468 32741 53073 14064 8299 52480 14021 31318
46687 45021 49205 15050 44223 9079 18379 5455 11145 7520
23697 3065 2666 10473 17866 783 4553 8641 24493 49371
3153 16853 38080 35991 11975 25775 25608 38563 10590 2421
3364 15464 23144 40369 40621 49444 34985 28111 6071 40809
6459 39115 41419 43780 9564 44897 47170 33034 51814 51629
11933 41908 2232 51301 20296 47461 42756 10114 12727 8829
24454 27682 2422 14830 8692 46274 52578 34051 34689 42908
24678 45042 14362 12509 1618 47346 6393 1187 7425 39129
44497 49897 51133 27510 9086 20162 48688 18860 51602 46908
2738 18049 12459 39955 39070 17730 28044 10057 38256 20004
46965 51525 3876 18016 32179 21849 12452 6158 1586 17831
11303 52855 38640 20595 14468 34675 32121 34282 11355 4074
45241 51596 13641 20515 16821 34687 19085 18382 40049 17279
3565 5482 42467 34115 44617 4649 42903 24033 7286 52824
938 51911 8264 5863 1935 4885 24873 44093 23521 16262
16629 39995 12995 35259 17609 39674 29677 21514 47992 10316
7365 51553 33453 15120 19762 44495 52986 4269 4658 37107
28154 14302 36267 34713 7521 14901 25179 11451 5421 18759
5308 36286 32482 12409 498 18063 36291 21908 21284 41475
33490 13390 30323 27514 32829 21038 96 21463 40322 28701
18541 14949 12199 52419 13398 15232 22627 21225 31169 47099
13234 3699 9340 42721 3426 27307 39289 31806 25552 19525
7924 4251 16909 28230 29598 33324 33397 15309 38398 23338
34438 5932 28885 385 3249 38044 3486 14461 26429 19588
42424 27830 40055 48346 10029 7683 30435 8152 43668 2974
1293 40688 28637 47766 16933 32362 50664 28356 36543 1047
37020 31134 24380 51781 34185 22785 26752 37870 20675 18697
48465 22690 34543 26692 15658 3667 39107 44409 36363 33464
39548 33955 35824 29233 20632 23560 4296 37636 15446 8179
48305 15425 9344 31964 22590 10625 45268 28909 21087 29706
37655 30963 4365 16426 46024 30997 12263 24542 5502 9969
15142 43449 1843 41561 3822 39329 24716 50162 21173 15857
18437 2747 41044 8531 35806 5525 18446 1268 40502 8563
22623 34801 21105 3725 22276 20525 36111 20772 29110 33549
11621 7090 16978 9957 45117 2752 26705 26361 30923 36923
9546 1104 5503 18113 6653 40527 14701 7057 28372 44365
25443 19580 11824 43962 31109 49837 26345 29171 40745 20422
14280 48582 45307 21056 46309 45302 18563 37099 17128 31327
277 8641 48013 52153 34043 25157 48313 19847 35147 32094
29291 2584 41042 52445 14102 47959 39117 9149 4519 19851
47821 38183 12776 2556 4693 37683 12202 36892 12613 6746
10164 38466 12507 2390 19602 3947 12348 47688 37440 23052
21810 4162 50784 6810 37975 15657 18769 41093 24356 5534
17262 35354 36549 39644 19477 33979 14935 15401 50996 50955
22511 5018 41896 11426 14025 36929 38773 45815 2354 28695
34885 44147 45037 46238 42519 35933 33887 11237 45568 35102
11931 10741 28606 43889 16027 22338 40509 10341 31574 39375
18293 7592 32387 8668 29961 30546 496 460 22344 44483
1635 31665 1444 14086 11075 8523 12333 40422 16573 25083
37117 4455 9533 2549 10802 9167 43064 33718 13089 5379
47446 8064 32024 41061 18784 34085 4230 1710 45373 42404
26808 47313 14955 23300 40410 47138 15803 16505 53184 11494
7572 29255 15380 3400 43544 52295 33720 16168 31522 26325
9282 47613 44304 22338 45364 27755 37568 13246 7477 11425
5741 12916 4718 23043 47611 20983 401 12516 14348 33553
12891 5698 23656 46758 43596 8305 8740 8198 13220 13784
13800 37131 52492 31808 11180 5997 50243 13987 39235 4918
12372 2875 21752 47457 47932 4867 17086 17028 1547 13124
36941 42649 14518 28653 14081 35684 39518 24372 18872 19012
11933 6652 39076 11995 7608 8829 50733 8481 41270 35363
49264 11939 14205 13433 28502 33709 41326 39711 20250 39370
19629 40682 34871 19517 37003 22235 797 25589 19614 27950
23638 33583 32214 14824 43813 10302 48670 17476 22902 21185
48692 44880 22146 22076 34755 13441 43609 49363 22554 4396
4378 12041 50710 5573 36923 44577 1854 584 26705 46651
31271 9833 1756 12074 30846 44214 38072 17611 10306 35877
40177 27675 23000 8152 8386 37860 21555 53250 505 16975
40235 31476 40883 35667 52906 19910 22186 42063 13205 27313
25498 49499 43088 27099 27401 45065 37212 45318 29540 2964
25518 27358 1430 36735 4494 11857 18411 26134 12706 39294
36589 22158 3556 4129 12668 8401 29122 41616 48927 7430
38225 39428 21337 9872 41709 26003 25988 44522 16954 6910
29571 16713 51991 6692 29576 50609 13867 15585 13043 20904
52570 52899 41442 35159 53070 22465 45991 16339 14946 5761
1265 29139 26533 13419 21945 28194 12853 25017 4913 8083
16002 32076 15401 47539 25800 17509 11887 20482 17783 23080
35224 4957 26705 35446 1859 11571 12727 16959 844 4378
52003 26202 46301 35132 43277 25966 33639 12881 8364 33787
6373 26332 24670 12178 10421 13034 15769 10919 9493 27178
10386 3404 48717 18059 38878 36397 8479 37534 24715 43510
1897 45455 29324 40592 22128 25916 46360 31253 49543 31434
7170 48339 23774 42743 517 32434 9189 25472 29111 33489
50526 41063 43904 20948 38983 11270 49684 38636 14539 11454
51674 49447 10639 31332 21337 23925 24415 536 33703 24473
34858 15072 11754 25347 654 16581 27393 9815 3261 5531
38844 45770 44104 5441 13720 28045 1180 4522 43039 12882
41986 17435 18523 37586 12492 23801 2548 11252 26302 3759
17752 12624 13442 51098 16835 34954 38001 48259 30668 51788
37522 19902 29092 17057 40346 47889 51225 34620 12699 48484
25668 48118 10453 42405 31694 2232 39002 24528 8372 35085
31017 37687 43410 31731 4250 7042 14282 7699 41821 16207
19992 19399 49566 30013 5775 44557 31153 9737 17957 37272
10651 20591 17178 33749 8605 14909 11850 26484 53345 30375
21618 22383 13469 19706 42400 5264 50014 25204 34418 29161
9124 5124 30650 32629 52193 6696 41131 36940 48623 48453
39990 29304 3715 11624 1590 24560 45008 27533 42421 13321
6059 23868 13916 16381 33223 51375 40912 28471 9509 8367
3487 46580 13067 46710 14120 26361 14917 53272 14100 1600
13284 17583 27636 51223 23760 19832 39224 41305 37496 31325
40937 49193 45286 36363 13456 11749 37902 51858 21167 32490
19668 17302 45657 19288 19950 26541 21473 51199 2006 6977
18873 43578 22785 37020 44899 3654 6106 38868 2093 14641
19809 23336 12483 51315 30349 19578 10825 28989 49689 44685
47026 46716 15340 5141 11223 42883 38726 50597 33964 9494
7094 28071 25508 51970 1809 37125 44347 4835 16916 1189
10552 17905 49348 13930 37937 8554 39729 11152 22354 36556
12345 3302 43937 9635 46755 6306 45068 15931 44401 11416
20238 16671 7762 36158 26602 6639 1066 7454 47578 36237
21150 14411 33668 27999 18678 52629 38766 43656 9151 12608
1726 4331 16392 52884 27655 40578 52626 6235 19293 2911
41831 8048 36500 19674 26822 21321 27680 30 19254 31094
34553 34097 19751 28035 43223 13201 28909 26911 36577 26952
21059 36765 8074 53307 49133 35863 8558 37920 18045 1735
45716 15429 38773 12774 11499 11426 11798 31773 50029 2354
6087 21162 43777 5249 34043 22671 45573 14611 8767 5352
2875 42754 47457 14184 28848 18887 41254 50239 47889 4867
15329 32973 9758 2704 23766 10969 47851 29765 18995 19893
19664 47685 14925 23069 43639 2806 16463 40933 21292 53067
33636 2500 4522 15460 11079 23581 33691 30685 52135 2872
38685 15431 5723 15975 3954 36726 7144 42784 44631 24299
16828 37138 38736 20915 27544 52432 49199 9978 17787 51417
11602 43503 13548 4437 48176 52518 12101 24846 34288 51917
9060 24502 8716 45529 33635 17215 4970 45822 44628 32985
24885 30880 1173 172 24523 2665 24356 7674 27187 20649
627 38831 18254 44148 7812 33951 1553 10304 21971 3705
18823 18185 42955 47484 37870 47280 3692 39619 40275 27611
25599 44466 52944 42300 11607 22769 23909 40753 44919 35843
30464 53220 46233 25775 42688 52465 35917 11192 5257 7107
15071 4171 39623 4095 18079 11501 11843 2095 23925 18606
25978 22080 37187 30477 37256 38186 39377 35468 53212 19759
1303 22252 14550 26238 51324 23767 50535 12252 52888 27949
47827 3225 41784 2796 47033 5472 25081 42217 11204 40132
1063 2667 9902 7752 14134 44157 3360 17305 14562 22332
18354 19453 51005 51444 3989 33313 45502 17130 38366 6689
7154 1246 10302 12338 33583 26005 35548 11925 30421 4648
20882 45544 44296 29602 46082 37978 18972 42554 47841 3988
49296 49047 48744 20514 28865 41366 47401 51317 46982 50328
22101 45761 6549 20659 17413 45931 44551 37935 16596 25701
30269 21325 31849 22819 32341 50997 49557 39942 2857 35128
20157 6495 40773 43131 19616 46658 9962 12878 1780 12052
13110 31060 39639 26855 4375 21793 37476 1009 53094 36422
37736 27018 7086 35856 27112 29194 39218 37073 52478 52975
16876 16169 42919 9221 34829 47575 47376 12715 25137 1448
4033 35408 51852 14027 29609 41105 5570 17817 50305 6506
5886 20825 24622 2574 24417 41861 32424 19658 11469 17607
QPS: 468.05Peak RES memory usage: 132.11 MB
