3745 18733 38833 36548 40149 51897 48010 19362 22942 35683
23000 20434 23620 44360 11364 42786 18000 28375 24867 26356
42782 19129 51608 408 8380 14405 28527 18292 25505 32545
43625 39081 15746 16797 52243 50900 14364 9045 37553 2878
34690 2566 32157 46860 12801 30103 28278 38421 6041 52847
22886 23689 47780 19087 32910 37567 26636 26228 15268 12829
49570 35030 40537 21226 18593 49284 8607 43946 52621 32594
3830 45554 48720 31021 48020 6243 7245 11209 44562 45872
45758 17423 25547 50030 40276 39298 48772 19774 27192 50185
41061 47413 49820 45070 42487 27327 39217 368 52635 34176
10805 52136 25608 4017 41481 36241 32809 52131 25662 28933
38289 35476 38867 20141 44788 34468 32386 48072 48538 37273
48560 11342 33720 22221 42327 47345 21003 39818 16061 28478
10523 13369 42407 11618 30683 1458 6142 34810 42278 8349
31421 31762 47387 28690 38271 23808 17322 32167 47731 38183
24902 28664 18148 51650 11643 25495 7997 6986 52895 48748
51421 2688 322 34492 18264 40916 29897 33530 12868 12313
4467 52174 20087 50165 51580 52810 16489 35668 23309 30042
20380 24992 288 16905 51933 9130 53124 3098 38417 22172
26392 43805 461 41850 29998 52346 45786 5023 28705 19440
8165 15066 21334 32956 1629 43434 31475 44453 15312 30222
38636 37580 9353 51045 1621 16605 24907 1715 49188 28046
8406 20678 39466 2610 51857 21263 46819 18768 12523 22767
48677 41406 51182 14350 17088 32475 16089 34981 15697 32565
7230 34847 3302 20098 18057 468 13438 51797 7343 6450
1265 15423 48928 5602 28194 29139 33460 31464 12365 8459
43782 5408 22440 43751 37641 9942 22584 12647 17485 42336
35326 40766 2062 45030 17004 38112 42579 45094 20579 4143
4140 5813 44794 5 60 50282 47539 8681 18104 8381
14821 3790 17851 43891 10345 46400 29 53128 8049 48385
2766 37305 13434 43627 12110 36430 50537 41027 26353 2980
11805 2006 45657 19288 3315 4771 48741 30249 1385 50369
32383 43814 12377 43514 37576 45580 16026 1330 32709 6881
13930 33923 23817 39644 11825 4299 50851 2330 43514 38874
37473 27142 40389 40655 3106 694 2894 37638 36397 46108
47785 36177 34967 30154 25860 42292 27965 3106 40655 7303
19594 34727 50659 24417 34509 27721 5508 44461 28043 28972
20764 9913 6599 38309 17802 1491 6980 24582 29428 14408
46457 2151 39396 28554 2709 3076 52734 14361 14761 8450
20465 20972 14300 45524 34805 34593 8757 16623 15448 51217
12959 32175 20388 21987 16478 13306 46445 46803 37786 8208
10207 24042 38966 30225 33935 17754 8607 9991 20600 5209
42080 19321 10884 8582 51118 10157 52475 8407 47257 23658
13111 3213 46824 918 6279 13578 36291 36781 46452 49874
53115 20329 18459 6119 13847 41059 11360 17629 25566 38168
10660 25205 766 34526 7778 506 30338 2330 13930 2141
18376 38881 6793 18560 20952 13125 379 35209 4194 2862
6444 19626 7197 3319 33942 23219 35071 49961 46942 3529
14877 19270 2050 6079 42802 22686 31943 8559 14373 26221
14915 30251 17141 19775 33061 17279 50114 33222 52821 30886

36062 45328 39942 24649 9720 22835 11180 14569 15375 41388
23112 27152 15915 50693 18945 37631 53080 11070 6625 12027
7187 19446 16022 45007 16452 44326 22769 50612 511 11011
2433 53073 36358 35624 22769 1541 7253 36437 45999 16452
9079 22037 43089 21708 44814 16404 41689 42512 32851 8144
14388 38961 10745 19376 38429 41773 6644 27402 46030 28937
25775 25608 36241 52754 10805 37530 45551 52136 32942 41481
23144 23744 38115 25329 43292 3748 27620 24092 50731 16360
39115 44897 7781 41171 24196 417 11919 45380 45966 31176
47461 41437 889 41100 26364 9764 16121 48738 17470 8035
24454 5231 43846 17894 4002 14252 44567 27173 50033 31615
47346 39129 16152 24733 13469 35184 31925 25690 15791 1614
51133 9086 24572 16713 41858 52832 9879 39597 1847 271
19025 31597 22847 20043 47142 23825 3798 34957 32761 12587
1586 39887 30864 49114 50503 37504 1453 7490 4323 14886
11303 11355 38048 44382 7040 7397 46307 51187 17593 15329
34687 53360 45773 2025 38549 38579 34819 52140 13334 36436
44617 4649 44146 22189 6405 51807 34318 4403 15057 45753
44093 24119 7948 789 14525 37797 17236 5808 47981 7909
25768 25069 8178 31490 29735 15194 47347 51708 17333 34670
7365 51553 26763 50405 29699 22465 36982 2768 29591 29710
5421 21137 28442 8044 18861 3076 33151 5048 46421 48275
47520 18153 43293 16999 27931 48795 28615 31787 11985 5557
28701 37238 9926 26511 15328 28785 7518 52744 16954 26796
13398 27323 1261 31639 1868 17770 46807 44257 9069 13765
36862 48780 48745 23815 16046 51720 6820 35682 8732 35357
29445 11662 38910 22566 36284 15240 31838 10458 41051 10457
8195 28885 19185 45246 9864 18078 26425 43055 50733 52013
27830 52783 14212 12352 9893 35228 11778 48317 4898 8386
46887 47766 50203 25341 50664 6328 37548 43979 39425 35240
20675 16590 53184 6571 51963 41810 18253 28495 44241 32227
4697 42627 10602 13618 11730 7556 29961 31841 12579 15234
39548 44326 33079 52268 45007 13838 4273 9482 52042 30771
29706 13661 10341 35502 42999 232 12928 7200 35368 7977
30997 12263 44753 2264 45053 19801 7547 1972 16676 27560
43449 36537 140 41599 13931 30733 52272 14765 5124 16244
8563 32475 33630 45665 49301 8226 16903 32490 1744 47876
34801 20525 29110 43066 47282 40938 2347 18048 28545 28987

14701 940 13567 46308 5698 22557 23656 37422 20628 2531
20422 31817 41923 16018 30473 40794 4218 31334 337 3716
24735 33601 44990 31649 29192 34978 24679 33916 10801 27213
4271 43285 5215 32129 45625 26818 20208 32307 28350 24473
52445 47523 52442 31533 10473 29421 17281 229 11274 11834
33741 2142 7617 51868 16313 39464 18257 44022 26935 44969
10164 12348 6083 4319 25012 29816 50400 42175 41645 35286
4162 6810 37975 41093 5534 8786 38338 5035 7460 408
44583 47513 2190 50769 1641 26489 1937 21351 4756 4605
11798 34285 12044 38088 53223 15524 50029 49759 45687 5528
6374 7179 47803 41369 26210 46339 17764 25233 7151 34869
2917 50333 5173 6643 23205 8885 10091 24744 26405 34533
38607 20381 7849 21950 50131 48334 51610 32946 22535 17355
1635 13791 44483 46018 497 26211 50880 7077 24343 52145
41046 26243 44780 10598 9530 5864 20115 17329 14553 43843
45373 8911 38398 28408 948 24014 10882 45067 2390 18100
47138 46865 43522 35463 38713 32901 6982 7972 34244 2820
31522 8438 9392 30852 19093 29241 25493 52871 31581 28362
22338 13246 6716 25021 14377 16671 28606 15190 11835 23203
23043 46640 29989 53111 17772 7656 13048 2890 5794 19859
8740 41779 3611 16793 38928 6291 49846 12625 8632 7375
50243 13987 19833 11243 7476 52549 1252 37109 10611 17228
2875 47932 4867 22909 33030 53107 3370 28053 39537 24475
36941 28653 10014 29698 13506 27485 11896 38267 9750 22799
7182 25680 11918 3871 52101 44914 15448 27021 7129 3813
28502 48354 25636 29347 22505 42520 4401 46993 11802 36464
19629 40682 797 6648 33742 37132 44774 1721 5632 7762
32214 20454 11113 6163 52921 32152 4179 27640 28562 20750
49363 18670 26707 23538 24880 27173 13351 2589 50705 49642
1854 46651 31356 2752 3484 4025 5622 34569 19184 17311
3259 12074 44214 52469 25015 3811 3824 43515 1338 40150
42424 46356 35885 37579 2891 28868 45868 38795 52650 6383
32952 35667 6305 13545 1766 15915 13427 11070 42043 19508
33538 26762 30417 23255 34277 47901 51444 38855 8803 19649
45372 5991 31900 3496 38814 11448 8443 12279 36320 10074
35685 4129 29122 48927 17132 40207 899 103 40163 20349
41709 812 44522 6910 31478 36375 17573 43793 43075 31804
17738 20162 39559 18860 32252 13569 85 21825 36411 44497
16339 27839 47448 586 24261 25876 27464 20528 6525 4983
1265 29139 28194 4485 43041 1643 23490 12365 45676 33431
16002 6834 46084 9804 17744 45580 28005 15396 30072 13753
38333 7500 38441 41908 28854 16066 40156 47463 45433 40589
26972 9079 564 43259 5660 5475 8470 38896 36298 50644
6373 24670 20819 28489 220 46903 43460 18465 23266 34900
53008 47489 20818 38799 28145 4980 34674 42183 20614 46219
31253 31434 1935 46722 34220 2715 564 53071 7751 9020
48339 9189 37555 8329 175 39403 39274 42777 33658 32324
20764 41873 21558 38562 6980 20557 4014 17802 30761 6599
51674 11979 51793 9639 4012 5232 47678 20964 20879 25436
39959 41013 8189 2147 11718 46122 16656 36363 14566 3222
26652 34726 15869 48908 1884 52018 30961 39424 42256 15842
41986 23801 50946 33062 36391 8543 16163 38270 46157 38743
19748 48616 13974 49092 32375 7688 41922 7635 31040 6296
4582 4089 4207 11443 35260 5856 34332 25888 40419 49036
14133 35763 19248 22940 35117 20546 44103 5535 19350 29900
16207 8006 27529 6698 50507 1809 28009 5645 11116 9571
1008 39002 37355 13550 16010 29637 23077 26139 44321 6581
39387 17201 5931 15135 46623 6405 31957 44213 5080 18116
29161 41110 28416 45177 29453 19903 2015 12830 3596 25015
30650 41131 6715 45744 7019 9015 24648 12673 8798 37885
25949 33826 48554 628 16984 53262 46544 8061 7372 53314
28471 32891 43912 30805 27846 39410 45988 52189 47880 22033
23374 38057 39464 8398 5229 10453 16313 53265 47720 5435
41305 53037 20980 38049 1634 620 44404 15176 28599 23438
11384 41919 52358 42803 8740 16287 2694 4818 44238 6447
8402 42519 3381 53271 22629 36479 18816 28889 7418 2020
43578 36827 29442 6654 50733 23857 11995 945 36220 22856
19809 12033 46601 5475 31067 29454 12239 38509 45780 8470
15340 20359 11223 38726 16658 46236 7542 41747 52001 39801
3871 9541 10328 4957 10969 21567 52101 1740 3166 10340
11152 11928 48906 6050 48045 52802 13878 8787 33656 27832
15931 7542 29424 9534 49143 47494 19151 2029 36419 4822
37422 51901 13096 13921 37468 49818 14701 8816 9282 19599
20895 41165 47789 14037 26750 30583 567 16789 4779 32587
1726 4331 43886 37426 49719 14726 6020 17690 32723 42462
42860 9435 13460 15674 43964 10186 45146 3484 4063 9748
34553 28909 17956 3745 2719 18314 11702 3337 35683 23904
21059 8074 35863 18045 27321 2864 7191 3960 41945 13024
11426 31773 1537 14391 38255 42257 14926 34837 6853 40478
21162 8767 13986 22183 30820 45145 6675 41836 19542 29958
41254 41634 23101 38386 21118 24716 32001 26730 42477 37763
47851 19893 12433 47463 40171 15760 11927 38155 47965 8533
22451 49949 13965 17150 1065 51887 9757 15969 38110 25664
27229 13756 16629 21751 4769 15383 5803 34825 6822 21044
5723 3954 42784 8518 10377 36847 8836 40618 12611 43166
16828 37138 17787 51417 53226 25671 7025 25681 4824 33172
44129 19918 1791 33073 11999 53337 15046 21387 31581 39752
40576 2520 36808 28322 1318 52724 5140 29403 12404 6952
1173 19473 25074 45342 46916 40408 38490 7809 20529 51404
6544 30761 12204 33248 19400 51705 50322 42709 14936 34794
18185 47280 3692 27611 40488 13080 21963 35004 46632 19370
42300 31000 37998 32328 39845 40915 51003 41188 20435 27790
11192 19402 33585 3130 27234 4870 46543 30085 27570 20900
38762 26982 52155 36567 9951 308 47678 9933 13850 2822
29356 43972 50264 14658 49689 8517 17952 37963 9382 10267
6562 42284 27209 3709 13519 45791 43774 47779 52842 5839
41784 12084 37303 11067 2239 14185 8929 16972 21860 27458
21960 22 7385 46303 23470 11358 5043 50438 52769 36144
17130 3574 19302 15567 4161 45318 47576 14488 25710 46438
35548 49533 4745 1721 17751 17208 22902 30280 24222 20238
20882 29602 50306 27642 52063 1184 2250 43547 11264 8825
21678 39868 38328 15725 15254 36460 45473 21104 35103 1839
44551 30792 39384 18110 37591 19835 46428 49214 41149 6350
30269 22411 1002 26467 4810 50428 19903 6805 35077 10793
9962 48416 20567 48670 32272 13529 10302 27715 33739 32186
26855 11398 19281 6229 19827 1725 47583 34526 28115 37147
27018 27112 40382 7380 24095 1594 9822 16049 2965 40185
42919 5840 47575 12715 5095 25137 23430 24980 43930 407
4033 50305 32676 35396 46292 8517 44503 30750 36841 33922
45625 5215 7202 32129 4271 32307 43285 217 37886 20208
QPS: 508.51Peak RES memory usage: 132.12 MB
