44268 16415 1286 10275 24985 34009 33927 3606 23948 5537
20732 30435 21737 7018 1191 26027 24052 12728 16767 21732
408 8380 7512 33666 51908 6834 6229 36547 7604 12815
50958 20266 36273 21696 43060 19743 39054 14660 17629 37732
28174 38028 21988 15483 50315 7982 21746 22146 7617 21254
37567 7010 31615 13845 50982 21635 17227 3618 5798 24412
32274 17679 50750 6748 45288 43420 28503 18134 7684 29346
40077 33010 46870 31836 25979 16389 34431 1970 19483 9025
32828 20287 1 2859 1876 1908 13639 2156 1905 14831
27807 11993 32860 25423 46641 30053 23152 20566 20809 24584
24881 37735 1147 30167 13777 12342 15751 47103 10275 40212
45360 14757 32802 42027 4377 31098 27662 36750 41160 5203
49589 49516 51459 52060 36854 8554 21995 42079 37874 12033
14874 6055 23737 6415 33400 49289 18610
11852 6989 47025 27349 44340 27528 35531 13543 38271 17612
13881 35924 51720 3209 4151 39191 819 36272 49416 52868
30047 50070 9854 15606 46563 16130 16737 48121 52730 42777
43123 16489 29397 2367 33997 42629 23427 32475 4272 37309
4481 14610 1673
45786 42105 34141 10662 33271 8642 15951 44675 47063 37780
25069 12305 52620 49500 15966 49194 12828 24505 46939 32572
49875 37580 33525 23413 12369 43904 28370 32112 27129 11661
50512 3588 12567 31005 47001 6284 51247 3058 16342 47808
30411 39111 25074 44320 3907 34944 17594 37212 27223 6636
22293 26207 20078 25210 32990 0 21499
51520 28636 38789 39706 21821 45419 15411 48585 48774 3062
14091 30649 42733 26284 18608 32559 14350 24934 13454 2836
35326 40902 10459 40037 39226 46697 29096 41432 18288 33418
17326 28210 9692 12152 34480 30514 8856 29091 7086 34170
36797 12387 7434 18887 32240 48353 3063 34893 40482 21128
53185 37305 7532 30962 13812 27939 1844 7962 51414 28092
30903 45675 44802 21879 49358 28100 42572 27318 41670 32227
1164 7233 24997 9422 46253 20535 31857 45757 980 47513
6933 43514 41680 34465 36848 14583 3795 46500 15909 3784
53033 27149 52017 11794 40280 761 42696 19688 21664 35919
16642 42810 32441 25860 21006 156 40734 23233 17834 11000
34309 44246 28880 26230 43057 5699 10496 29601 33681 7202
39034 2799 16888 36254 5655 2279 42997 52891 40393 7562
8866 13286 28554 13474 2613 10621 24850 35308 16834 25342
24400 27556 7076 43655 15876 49077 40684 11975 5100 9166
17518 13788 16066 41406 21167 52358 5539 26727 36980 31180
4795 4396 50976 852 482 36681 40316 23042 44671 42844
7797 44746 16734 31852 3848 52479 33058 14548 31071 20643
13821 9262 46086 36991 2465 46945 31880 19217 10515 35768
3272 684 35346 38216 38097 5641 8878 31185 50543 19873
38498 23693 52161 22058 42696 11735 31060 6963 758 47564
14453 6793 31321 2862 31202 23250 15625 9688 44652 3950
47406 17937 52686 35009 16477 30113 4219 52687 39441 30471
3312 24797 14373 50075 50567 36644 26590 38731 22043 47919
31524 35981 38788 22021 35067 9892 24930 32820 36711 52034
28990 145 18901 3649 21268 22550 13005 7553 53164 41666
28878 51451 11323 28659 5669 44235 34468 11549 14819 37706
27464 13061 5188 47937 10322 14339 4125 3477 29611 15499
44466 52474 27790 46387 24750 37064 9581 34566 39017 52496
25599 8323 302 23865 21960 27835 51733 1419 3727 29066
43510 30235 28602 2501 45878 1691 50321 46391 35198 53069
34716 27757 29968 24417 47497 3964 14552 37438 48290 42516
29402 10267 41481 22666 40418 47248 25007 37187 12409 48206
45917 39324 29934 6970 42500 35268 15916 10286 5381 46244
41154 24196 16390 13276 8419 29150 44721 45613 18812 34094
26364 49139 24926 50880 41475 7716 25168 22207 29984 28615
27682 23095 32167 53048 4371 33575 38552 2085 26405 32910
32415 11180 19755 19122 2302 47207 50014 23788 51033 20023
462 13867 3869 22617 271 47605 6024 43293 18834 49302
41485 8117 11676 23340 425 8427 18182 33913 12008 47142
25489 49114 31561 37504 42980 25639 25720 35916 15137 36181
34282 32420 47463 22456 31752 46295 39678 7150 31952 13540
14915 16647 38859 37572 37686 5538 23146 25893 53305 48960
33278 2527 43978 45753 10742 40417 38582 34712 25393 11705
26270 39897 52953 46586 9531 7232 16831 33312 20747 32775
27447 32502 37013 24884 45426 34808 40700 21892 52390 8376
52986 4269 34632 52943 21773 19554 2905 11667 13358 32101
14302 7852 47732 24092 32064 34272 12326 11600 10222 30563
36291 47520 23735 1578 22107 41437 39482 19431 15522 13470
34910 26531 50953 48880 15027 23612 27875 14496 41408 19389
8511 9026 18199 44735 17770 955 32766 1433 48073 10902
12223 41142 10512 2731 50110 25219 35890 25067 26904 7748
23338 23112 8911 10458 42175 3723 34536 6865 24213 15590
14955 44095 44695 22856 37352 30200 2990 33885 32327 38096
20787 52783 24956 17202 26775 48317 22895 44230 12808 35672
50203 34623 12901 494 15507 5105 47583 44092 14708 4591
22785 14003 31197 10012 24759 46238 39750 12158 42519 28495
15658 39208 23132 13450 46072 29947 50880 38210 52402 5264
9482 36036 1069 28737 46970 29870 4511 23105 9717 44259
8655 10864 23777 51271 37456 8457 22338 5743 42999 52304
36796 4694 27227 2934 7885 2355
40357 46503 9217 38748 13677 41597 19773 16244 23476 37814
15497 32475 7513 38869 11868 53256 37834 17088 17538 36412
16554 36575 36250 53055 43313 47124 2087 2891 20015 10326
12522 10311 3426 9915 6760 23350 18188 8489 19991 47284
33089 35617 5319 42833 49333 23313 2405 42665 40726 9540
18390 34665 16977 35879 22480 42371 29584 18747 11920 22151
46309 17345 25889 14925 18890 46554 16367 38699 45590 16462
9436 38961 38407 39117 22381 41647 7546 14102 39423 37082
229 2290 40298 15115 5787 45998 35496 31178 13609 10745
6746 33741 42761 27192 42968 20035 38522 45699 16251 32745
47688 8181 20243 52740 34172 30563 13328 6735 20694 7576
15657 9243 38031 34490 10611 3404 28527 40553 4375 49288
5568 2248 9402 16806 25023 22595 7773 29087 35874 45779
53139 11448 19380 50427 44204 16721 15688 50078 14037 47975
33887 6894 42855 35305 44241 35586 34767 31538 50943 6397
22338 50333 13792 50771 14762 5743 6643 1778 23205 48101
30546 40470 36399 31305 11974 11335 14278 47709 30962 14347
14086 50624 34090 12447 1776 41437 47825 43096 676 25508
12036 19129 22638 43636 45260 6252 22853 31125 52016 50854
2269 37513 47189 8063 46766 17765 53082 35834 38011 1262
26782 52977 24960 17833 27534 9102 8519 13879 19214 30170
9392 13755 455 10898 25493 40157 34750 50569 2569 24435
47359 39701 29075 43910 19406 14233 42035 47158 22146 37208
25844 40776 22141 16234 38252 29722 14877 4270 29834 27054
23656 41371 44145 15146 16116 6065 12956 49922 3575 25051
11180 10611 18540 30688 8714 26052 28244 51922 8980 44529
17086 49880 48385 36195 27209 10345 8987 46711 16902 51249
38848 47949 1604 15247 27371 23666 7326 22748 7818 8138
8829 38717 36057 21823 11946 20638 18280 3354 46177 36704
48354 18275 22800 10471 47279 8896 33596 21561 51308 36601
23452 38645 20396 18586 26292 13961 33517 10039 25100 21476
52921 36872 1250 34363 49367 24594 12338 39812 48719 27884
6716 37326 14380 24028 14855 49433 48689 1526 44304 18060
42774 4957 13296 14974 1799 6518 12331 15446 16217 27715
3824 14223 3164 9221 51482 32400 14696 30716 45258 41179
505 42607 23855 37008 20958 27379 24036 28284 18000 737
6305 13427 47982 19508 42732 33721 7574 36203 11085 2744
10640 52269 42199 29474 12443 21966 43009 6941 47600 30743
18411 31059 42314 32259 122 1259 35279 12363 40507 13240
4129 49877 11299 52572 29537 39371 30255 42345 32575 20938
41709 812 45848 1684 5456 14276 38318 16777 50925 38612
29576 27979 53133 23294 23843 21634 48688 30477 9332 40622
22145 15444 49908 8139 40481 10902 19901 12663 31916 30315
23490 45676 6380 48641 25927 47256 32257 45971 20631 45526
21696 6565 23743 9556 3490 15080 31611 16151 4134 42118
8398 48349 37910 3486 30204 14161 15158 27390 48596 45587
50732 6607 960 12732 11021 30114 29502
18465 40849 2876 36422 49191 33936 14870 40270 10220 47638
22977 21664 53033 13796 44515 49238 52017 36574 593 18379
40591 977 51532 8031 37707 7984 24205 41459 29686 49287
15064 52792 3739 53184 15538 18782 4850 36598 35363 4012
41063 23379 41873 24121 34968 24381 13887 12658 51681 33795
37387 46852 18051 31269 13850 23494 29325 12563 25189 26928
11801 36625 50749 8662 8189 40805 13319 20812 25517 28761
5441 40266 17828 53229 7234 27229 42729 22109 41989 3156
25879 43857 10984 5839 9083 7308 37831 31265 502 46642
6444 6117 43141 16218 36967 22206 43165 34641 4736 18275
8871 30718 45371 17336 41131 40106 41545 32463 26212 49903
7424 13304 35117 29501 14370 48441 48068 40068 14398 451
7699 49971 31741 35389 52105 25618 7793 47623 16702 44352
49566 31215 8371 49324 121 7526 33607 7937 21965 19365
21495 45387 6513 31124 52365 52734 26468 17034 21620 43361
12830 12027 2265 26986 4396 45716 42844 24352 2984 29451
9015 17221 27385 28448 5138 13546 27831 26883 5357 11209
29304 27533 22356 25949 43690 21839 12837 19183 50110 12223
33223 8367 47534 15937 32531 28808 13724 7435 4035 208
7358 8672 16690 22857 52203 21742 4819 7268 4690 15696
10299 52198 2034 46161 32389 5304 49713 37941 17372 2117
50901 42627 45471 8279 1038 36962 32879 32405 22134 2643
3315 35086 35004 52977 36392 51919 34734 29436 27534 17833
25168 33445 7716 15421 51915 47313 2012 8371 26743 11494
28989 29634 22304 30167 18188 39786 45780 46353 45740 38905
15638 49278 10128 7542 41889 14346 36267 51177 19901 18154
5570 22604 33943 35290 4250 38768 44914 10527 40581 17325
42080 17468 42928 24376 35564 33371 41673 921 11887 26462
47494 9810 44441 46236 43072 40537 35134 25515 3832 27617
30096 45258 3164 1288 14696 32152 3824 50486 24602 26361
13196 27215 24651 11405 36357 15914 8265 29805 2442 16199
46531 16126 49706 36839 43432 3040 6487 9802 25278 50308
25366 51131 49290 45660 16113 39408 1556 43964 4777 5573
26282 52 1794 11470 34303 42685 24454 44632 51316 50563
19315 47564 7342 2395 25581 26153 21426 14205 32471 29231
9257 37015 16717 45074 52665 3748 34985 28203 32720 16589
22671 51389 12679 50975 30210 29421 31775 2293 783 10473
14184 7819 24475 3297 45899 20344 12699 31536 22945 24764
37988 11211 49517 50494 2188 34819 16978 28612 13254 15302
43091 21215 50522 41072 53071 14424 17431 43731 24537 19440
52135 43584 4562 32926 51543 29735 36647 17965 44568 4416
25364 17046 34910 51915 19807 27875 34667 2794 48326 10464
41541 11147 3154 46230 22039 24821 48791 7679 53306 6938
14532 49354 34067 15535 14963 25090 4975 46705 25828 39668
17215 31658 42832 49370 40184 28412 52724 27258 13512 13831
3703 8786 7372 49218 45713 37993 21431 6810 34991 38943
27681 28786 50452 50824 5416 23899 8633 2137 40583 8555
35102 31263 25643 28508 4116 44253 22288 43628 25311 13334
42300 41057 12148 14064 24879 53136 33384 11228 1231 17867
19187 18213 9914 14028 49443 4732
49070 1399 13311 11709 8084 18209 19190 45943 6950 5243
12239 38222 17967 51709 43898 35001 51953 51614 33663 52371
17570 10015 24191 27355 11281 52548 31572 48585 29104 25231
25081 12084 6757 30167 5823 39564 46353 47735 23584 52683
10880 27963 7385 29132 15135 49136 29710 35834 1731 6331
15972 41241 29109 28128 49175 43345 927 14173 8014 46213
18444 29379 21774 21174 32634 2179 23638 3855 992 25642
41494 3898 45771 31425 10988 5103 939 1188 48810 5339
31056 20019 37343 25766 27015 40898 45364 38209 41941 22512
32535 23266 48213 45470 24344 37250 22833 46940 23657 40827
26483 4733 32392 4510 33532 5495 44882 44004 28188 9565
20549 32152 50774 18741 36050 16013 32292 35727 9221 49336
4375 28527 32517 14526 28886 42003 34490 15657 23440 14464
43612 18552 23502 26146 40797 50955 5406 47009 46720 14334
5180 17758 24144 20057 32088 45825 20035 9912 5743 816
10153 2519 8826 44171 10600 53108 18403 20258 22957 5510
52341 30749 15994 16907 277 45618 27902 50977 25878 46030
QPS: 513.17Peak RES memory usage: 132.13 MB
