44268 10275 33927 23948 5537 2821 49988 48721 24245 40237
20732 30435 21737 7018 1191 26027 24052 12728 16767 21732
408 8380 7512 33666 6834 6229 36547 7604 12815 42240
50958 36273 21696 43060 19743 14660 17629 37732 44275 11086
28174 38028 50315 7982 21746 7617 21254 26928 16413 41414
37567 7010 31615 13845 50982 21635 17227 3618 5798 24412
32274 17679 50750 6748 45288 43420 28503 18134 7684 29346
40077 33010 46870 25979 16389 34431 1970 19483 9025 14879
32828 20287 1 2859 1876 1905
27807 11993 32860 25423 46641 30053 23152 20566 46827 6085
24881 37735 1147 30167 13777 12342 15751 47103 10275 40212
45360 14757 32802 42027 4377 31098 27662 36750 41160 5203
49589 49516 51459 36854 21995 12033 37770 50735 126 30909
14874 6055 6415 33400 49289
11852 6989 47025 27349 44340 27528 35531 13543 38271 17612
13881 35924 3209 4151 39191 819 36272 49416 52868 3672
30047 50070 9854 15606 46563 16130 16737 48121 52730 42777
43123 16489 29397 2367 33997 32475 4272 37309 45524 53256
4481 14610 1673
45786 42105 34141 10662 33271 8642 15951 44675 47063 37780
25069 52620 49500 15966 24505 46939 8926 6830 23141 24213
49875 37580 23413 12369 43904 28370 32112 11661 21510 18724
50512 12567 31005 47001 6284 51247 3058 16342 18344 356
30411 39111 25074 34944 17594 37212 27223 6636 34870 47929
22293 26207 20078 32990 0
51520 28636 38789 39706 21821 45419 15411 48585 48774 3062
14091 30649 26284 18608 14350 24934 13454 2836 15072 20646
35326 40902 10459 40037 39226 46697 29096 41432 18288 33418
17326 9692 34480 30514 29091 7086 34170 41700 19331 33009
36797 12387 7434 18887 32240 48353 3063 34893 40482 21128
53185 37305 13812 27939 1844 7962 51414 28092 20244 8316
30903 45675 44802 21879 49358 28100 42572 27318 41670 32227
1164 7233 24997 9422 46253 20535 31857 45757 980 47513
6933 43514 34465 36848 14583 46500 28211 51768 16369 49668
53033 52017 11794 40280 761 42696 21664 593 27664 18379
16642 42810 25860 21006 156 23233 17834 11000 15203 5241
34309 44246 28880 26230 43057 5699 10496 29601 33681 7202
2799 16888 36254 5655 2279 42997 52891 7562 1591 21942
8866 13286 28554 13474 2613 24850 35308 16834 25342 5669
27556 7076 43655 15876 49077 11975 5100 9166 11241 7669
17518 13788 52358 5539 26727 36980 9851 25346 5227 8143
4795 4396 852 482 40316 23042 44671 24352 18458 50960
44746 16734 14548 31071 20643 5807 31075 45536 29392 13534
13821 46086 31880 19217 10515 35768 3323 4293 47515 47582
3272 684 35346 38216 38097 5641 8878 31185 50543 19873
23693 52161 22058 11735 31060 6963 758 172 19295 20468
14453 6793 31321 2862 31202 23250 15625 9688 44652 3950
47406 17937 52686 35009 30113 4219 39441 30471 34911 32856
3312 24797 14373 50075 36644 26590 22043 47919 30081 5887
31524 35981 38788 22021 35067 9892 24930 32820 36711 52034
28990 18901 3649 21268 13005 7553 9170 21313 26395 18001
28878 51451 11323 28659 44235 11549 14819 37706 26929 28376
27464 13061 47937 10322 14339 4125 3477 29611 15499 15399
44466 52474 27790 46387 24750 37064 9581 34566 39017 52496
25599 8323 23865 21960 27835 51733 1419 28018 51593 20445
43510 30235 28602 2501 45878 1691 50321 46391 35198 53069
34716 27757 29968 24417 47497 3964 14552 37438 48290 42516
29402 10267 41481 22666 40418 47248 25007 37187 12409 47660
45917 39324 29934 6970 42500 35268 15916 10286 5381 46244
41154 24196 16390 13276 8419 29150 44721 18812 34094 19459
26364 24926 50880 41475 7716 25168 22207 29984 28615 27311
27682 23095 32167 53048 4371 33575 38552 2085 26405 32910
32415 11180 19755 19122 2302 47207 50014 20023 21998 3596
462 13867 3869 271 47605 6024 43293 18834 49302 30876
41485 8117 11676 23340 425 8427 18182 33913 12008 47142
25489 49114 31561 37504 42980 25639 25720 35916 15137 36181
34282 32420 47463 22456 46295 39678 13540 52088 52138 5806
14915 16647 38859 37572 37686 5538 23146 25893 53305 48960
2527 43978 45753 10742 40417 34712 25393 39320 31819 18526
26270 39897 46586 9531 7232 16831 20747 5094 26508 9741
27447 32502 37013 45426 34808 40700 21892 52390 8376 49962
52986 4269 34632 52943 21773 19554 2905 11667 13358 32101
14302 7852 47732 32064 34272 12326 11600 10222 30563 20694
36291 47520 23735 1578 41437 39482 19431 13470 5100 7076
34910 26531 50953 48880 15027 23612 27875 14496 41408 19389
9026 44735 17770 955 32766 1433 48073 10902 22566 29581
12223 10512 2731 50110 25219 25067 26904 7748 7296 9561
23338 23112 8911 10458 42175 3723 34536 6865 24213 15590
14955 44095 44695 22856 37352 30200 32327 38096 30843 49982
20787 52783 24956 17202 26775 48317 22895 44230 12808 35672
50203 34623 12901 15507 5105 47583 14708 4591 43009 8019
22785 14003 31197 10012 46238 39750 12158 42519 28495 12107
15658 39208 23132 13450 46072 29947 38210 52402 5264 51669
9482 36036 46970 29870 4511 23105 9717 22746 49897 258
8655 10864 23777 51271 37456 8457 5743 42999 23590 1778
36796 2934 7885 2355
40357 46503 9217 38748 13677 41597 19773 16244 23476 37814
15497 32475 7513 38869 11868 53256 37834 17538 36412 27623
16554 36575 36250 53055 43313 47124 2087 2891 20015 10326
12522 10311 3426 9915 6760 8489 19991 47284 18208 32272
33089 35617 5319 42833 49333 23313 2405 42665 40726 9540
18390 34665 16977 35879 22480 42371 18747 11920 9380 9728
46309 17345 25889 14925 18890 46554 16367 38699 45590 16462
9436 38961 38407 39117 22381 41647 7546 14102 39423 37082
229 2290 40298 15115 5787 45998 35496 31178 13609 10745
6746 33741 42761 27192 42968 20035 38522 45699 16251 32745
47688 8181 20243 52740 34172 30563 13328 6735 20694 7576
15657 9243 38031 34490 10611 3404 28527 40553 49288 19631
5568 2248 9402 16806 25023 22595 7773 29087 35874 45779
53139 11448 19380 16721 15688 14037 47975 16643 51380 10213
33887 6894 42855 44241 31538 12049 7031 3441 16649 6950
22338 50333 13792 50771 14762 6643 1778 23205 34533 23898
30546 40470 36399 31305 11974 3596 25216 21594 48668 28666
14086 50624 12447 41437 47825 43096 25508 50347 37025 6226
12036 22638 52016 50854 39687
2269 37513 47189 46766 17765 53082 35834 38011 1262 34579
52977 17833 27534 9102 8519 13879 19214 8828 46342 35086
9392 13755 455 10898 25493 40157 34750 2569 24435 11311
47359 39701 43910 19406 14233 42035 47158 22146 37208 13037
25844 40776 22141 29722 4270 29834 27054 1920 22336 42833
23656 41371 44145 15146 16116 6065 12956 49922 3575 25051
11180 10611 30688 8714 26052 28244 8980 44529 9243 14325
17086 49880 48385 36195 27209 10345 8987 46711 16902 51249
38848 47949 1604 15247 27371 7326 7818 8138 32954 19397
8829 38717 36057 11946 20638 3354 367 25177 44914 39751
48354 18275 22800 10471 47279 8896 33596 21561 51308 36601
23452 38645 18586 13961 33517 10039 25100 21476 43402 15124
52921 36872 1250 34363 49367 24594 12338 39812 48719 27884
6716 37326 14380 24028 14855 49433 48689 1526 44304 18060
42774 4957 1799 6518 51940 32764 12120 52927 45583 30653
3824 14223 3164 9221 51482 32400 14696 41179 1744 43290
505 42607 23855 37008 20958 27379 24036 28284 18000 737
6305 13427 47982 19508 33721 2744 21533 25693 32871 8098
10640 52269 42199 12443 21966 43009 6941 47600 1663 2154
18411 42314 32259 122 1259 12363 13240 18053 20433 33557
4129 49877 11299 52572 39371 30255 42345 20938 29184 10410
41709 812 45848 38318 16777 50925 38612 2122 50947 9339
29576 27979 53133 23294 23843 21634 48688 9332 25614 29534
22145 15444 49908 8139 40481 10902 19901 12663 31916 30315
23490 45676 6380 48641 25927 47256 32257 45971 20631 45526
21696 6565 23743 9556 3490 15080 31611 16151 4134 12309
8398 48349 37910 30204 14161 15158 27390 48596 45587 4905
50732 6607 960 12732 11021 29502
18465 2876 36422 49191 33936 14870 40270 10220 47638 39011
21664 53033 13796 44515 49238 52017 593 18379 42696 6952
40591 977 51532 8031 37707 7984 24205 41459 29686 49287
15064 3739 53184 18782 4850 36598 35363 4012 48089 48456
41063 23379 41873 24121 34968 24381 13887 33795 28388 47531
37387 46852 13850 29325 12563 26781 36290 123 22516 38004
11801 36625 50749 8662 8189 40805 13319 20812 25517 28761
5441 40266 17828 53229 7234 27229 22109 41989 3156 42472
25879 10984 5839 9083 7308 37831 502 8437 3423 38829
6444 6117 43141 16218 36967 22206 43165 34641 4736 18275
8871 30718 45371 17336 41131 40106 41545 32463 49903 18115
13304 35117 29501 14370 48441 48068 40068 14398 451 15216
7699 49971 31741 35389 52105 25618 7793 16702 44352 47905
49566 31215 8371 49324 121 33607 21965 19365 53296 29984
21495 45387 6513 31124 52365 52734 26468 17034 21620 43361
12830 12027 2265 26986 4396 42844 24352 2984 29451 36681
9015 17221 27385 28448 5138 27831 26883 5357 11209 35904
29304 27533 22356 25949 43690 21839 12837 19183 12223 31186
33223 8367 47534 15937 32531 28808 7435 4035 208 51089
7358 8672 16690 22857 21742 4819 7268 15696 11171 16612
10299 52198 2034 46161 32389 5304 37941 2117 38525 16278
50901 42627 45471 8279 1038 32879 32405 2643 37310 43498
3315 35086 35004 52977 51919 34734 29436 27534 17833 35072
33445 7716 15421 47313 2012 8371 11494 8231 33998 23086
28989 22304 30167 18188 39786 45780 46353 45740 38905 12084
15638 49278 10128 7542 41889 14346 36267 51177 18154 50457
33943 35290 4250 44914 44259 915 7977 43032 25874 24343
17468 42928 24376 35564 33371 41673 921 26462 19589 8334
47494 9810 44441 46236 43072 40537 35134 25515 3832 27617
3164 1288 14696 3824 50486 24602 26361 24051 1744 42678
13196 27215 24651 11405 36357 15914 8265 29805 2442 16199
46531 16126 49706 36839 43432 3040 6487 9802 25278 50308
25366 49290 16113 1556 43964 4777 5573 3286 41273 5752
26282 52 1794 11470 42685 44632 51316 748 39551 25077
19315 47564 7342 2395 25581 26153 21426 14205 32471 29231
9257 16717 45074 52665 3748 34985 28203 32720 16589 52662
22671 51389 12679 50975 30210 29421 31775 2293 783 10473
14184 7819 24475 3297 45899 20344 12699 22945 24764 1843
37988 11211 49517 50494 2188 34819 16978 28612 13254 15302
43091 21215 50522 41072 53071 14424 17431 43731 24537 19440
52135 43584 4562 32926 51543 29735 36647 17965 44568 4416
25364 17046 34910 51915 27875 2794 10464 6821 7526 9861
41541 11147 3154 46230 22039 24821 48791 53306 6938 41230
14532 49354 34067 15535 14963 25090 4975 46705 25828 39668
17215 31658 42832 49370 40184 28412 52724 27258 13512 13831
3703 8786 7372 49218 45713 21431 6810 34991 38943 51908
27681 28786 50452 50824 5416 23899 2137 40583 8555 10579
35102 28508 4116 22288 25311 13334 39578 9891 26541 17006
42300 41057 12148 14064 24879 53136 33384 11228 1231 17867
19187 18213 9914 14028
49070 13311 19190 6950 33349 15580 34651 20121 51973 447
12239 38222 17967 51709 43898 35001 51953 51614 33663 52371
17570 10015 24191 27355 11281 31572 48585 29104 25231 11182
25081 12084 6757 30167 5823 46353 47735 23584 28303 53178
10880 27963 7385 29132 15135 49136 29710 35834 1731 6331
15972 41241 29109 28128 49175 43345 927 14173 8014 46213
18444 29379 21774 21174 32634 2179 23638 3855 992 25642
41494 3898 45771 31425 5103 48810 5339 31002 37405 3473
31056 20019 37343 25766 27015 40898 45364 38209 41941 22512
32535 23266 48213 45470 24344 37250 22833 46940 23657 40827
26483 4733 4510 33532 5495 44882 44004 40204 6326 19190
20549 32152 50774 18741 36050 16013 32292 35727 9221 33208
4375 32517 14526 28886 42003 15657 23440 14464 29282 36751
43612 18552 23502 26146 40797 50955 5406 47009 46720 14334
5180 17758 24144 20057 32088 45825 20035 9912 5743 816
10153 2519 8826 44171 10600 53108 20258 22957 28086 35132
52341 30749 15994 16907 277 45618 27902 50977 25878 46030
QPS: 524.30Peak RES memory usage: 132.13 MB
