44268 10275 33927 23948 5537 2821 49988 48721 24245 40237
20732 30435 7018 1191 26027 24052 12728 16767 21732 20683
408 8380 7512 33666 6834 36547 7604 12815 42240 26798
36273 21696 43060 19743 14660 17629 37732 11086 2236 14970
28174 7982 21746 7617 26928 16413 41414 8369 12563 14637
37567 7010 31615 13845 50982 21635 28322 52803 48401 20833
32274 17679 50750 6748 45288 28503 18134 7684 29346 6063
33010 46870 25979 34431 1970 19483 14653 5474 6275 50483
32828 20287 1 2859 1905
27807 11993 32860 46641 46827 1432 19342 43159 8234 32124
24881 37735 1147 30167 12342 15751 10275 40212 46353 12084
45360 14757 32802 42027 4377 31098 36750 41160 5203 12301
49589 49516 51459 36854 21995 12033 37770 50735 30909 27197
14874 6055 6415 49289
11852 6989 47025 27349 44340 27528 13543 38271 17612 5170
13881 4151 39191 36272 49416 52868 3672 12990 25930 8383
30047 50070 9854 15606 46563 16130 16737 48121 52730 42777
43123 29397 2367 33997 45524 2451 38169 40194 1170 33318
4481 14610 1673
45786 42105 34141 10662 33271 8642 15951 44675 47063 37780
25069 52620 15966 46939 8926 6830 23141 6759 27050 3142
49875 37580 12369 43904 32112 11661 21510 18724 27868 2301
50512 12567 31005 47001 6284 51247 3058 16342 18344 356
30411 39111 25074 37212 27223 6636 34870 47929 37364 41331
22293 32990 0
51520 28636 38789 39706 21821 45419 15411 48585 48774 11369
14091 30649 18608 14350 24934 13454 2836 15072 20646 52993
35326 40902 10459 40037 39226 46697 29096 41432 18288 33418
34480 30514 29091 7086 41700 19331 18675 27597 25093 35261
36797 12387 7434 18887 32240 48353 3063 34893 40482 21128
53185 37305 13812 27939 1844 7962 51414 28092 20244 8316
30903 45675 44802 21879 49358 28100 42572 27318 41670 32227
1164 7233 24997 9422 46253 20535 31857 45757 980 26312
6933 43514 34465 14583 46500 51768 16369 49668 5 49696
53033 52017 11794 42696 21664 593 27664 18379 13796 6818
16642 42810 25860 21006 156 23233 17834 11000 15203 5241
34309 44246 28880 26230 43057 5699 10496 29601 33681 7202
2799 16888 36254 5655 2279 42997 52891 7562 1591 15282
8866 13286 28554 13474 2613 24850 16834 5669 4649 2980
7076 11975 5100 9166 11241 30229 4956 15840 22458 7517
52358 5539 26727 50911 589 13817 3147 13180 29456 26340
4795 4396 852 482 40316 23042 44671 24352 50960 26986
44746 16734 14548 31071 20643 5807 31075 45536 29392 13534
13821 46086 31880 19217 10515 35768 3323 4293 47515 47582
3272 684 35346 38216 38097 5641 8878 31185 50543 19873
22058 31060 19295 18147 4455 47880 2447 35919 27946 17947
14453 6793 31321 2862 31202 23250 15625 9688 44652 22088
47406 17937 52686 35009 30113 4219 39441 30471 34911 32856
3312 24797 14373 50075 26590 47919 5887 18531 17808 16281
31524 35981 38788 22021 35067 9892 24930 32820 36711 52034
3649 21268 13005 7553 26395 51619 13779 46355 3371 12574
11323 28659 44235 11549 14819 37706 26929 28376 24177 27742
13061 47937 10322 14339 4125 3477 29611 15499 15399 21525
44466 52474 27790 24750 37064 9581 34566 39017 52496 14565
25599 8323 23865 51733 20445 15405 36947 40248 7903 31000
43510 30235 28602 2501 45878 1691 46391 35198 53069 50298
34716 27757 29968 24417 47497 3964 14552 37438 48290 42516
29402 10267 41481 22666 47248 25007 37187 12409 47660 22438
45917 39324 29934 6970 42500 35268 15916 10286 46244 4990
41154 24196 16390 13276 8419 29150 44721 18812 34094 19459
26364 24926 50880 41475 7716 25168 22207 29984 28615 8371
27682 23095 32167 53048 4371 33575 38552 2085 26405 32910
11180 2302 47207 20023 3596 16688 48259 50802 1429 181
462 13867 3869 271 47605 6024 18834 49302 17222 52384
41485 8117 11676 23340 425 8427 18182 33913 12008 47142
25489 49114 31561 37504 42980 25720 35916 15137 36181 41243
34282 32420 47463 22456 52088 52138 5806 6760 53150 7972
14915 16647 38859 37572 37686 5538 23146 25893 53305 48960
2527 43978 45753 10742 40417 34712 25393 39320 18526 16682
26270 39897 46586 9531 7232 16831 20747 26508 9741 6026
27447 32502 37013 45426 40700 21892 52390 8376 49962 51392
52986 4269 34632 52943 21773 19554 2905 11667 13358 9
14302 7852 32064 34272 12326 10222 30563 20694 6118 9944
36291 47520 23735 1578 41437 39482 19431 5100 7076 11975
34910 26531 50953 48880 15027 23612 27875 14496 41408 19389
9026 44735 17770 955 32766 1433 48073 10902 22566 29581
12223 10512 2731 50110 25219 25067 26904 7748 7296 9561
23338 23112 8911 10458 42175 3723 34536 6865 24213 15590
14955 44095 44695 22856 37352 30200 32327 38096 30843 53053
20787 52783 24956 17202 26775 48317 22895 44230 12808 35672
12901 15507 5105 47583 14708 4591 8019 12513 6243 6848
22785 31197 10012 46238 12158 42519 28495 12107 15509 38999
15658 39208 23132 13450 29947 38210 52402 5264 51669 14036
9482 36036 46970 29870 4511 23105 9717 6800 11389 25608
8655 10864 23777 51271 37456 8457 5743 42999 1778 26379
36796 2355
40357 46503 9217 38748 13677 41597 19773 16244 23476 37814
15497 32475 7513 11868 53256 37834 17538 36412 27623 36363
16554 36575 36250 53055 43313 47124 2087 2891 20015 10326
10311 6760 47284 47463 977 39238 28292 18220 7984 41155
33089 5319 42833 49333 2405 42665 40726 9540 10686 42819
18390 34665 16977 35879 42371 18747 11920 9728 32379 13532
46309 17345 25889 14925 18890 46554 16367 38699 16462 11547
9436 38961 38407 39117 22381 41647 7546 14102 39423 37082
229 2290 40298 15115 5787 45998 31178 13609 10745 12287
6746 33741 42761 27192 42968 20035 38522 16251 32745 31720
47688 8181 20243 52740 30563 13328 6735 20694 7576 22405
15657 9243 38031 34490 10611 3404 28527 40553 49288 19631
5568 2248 9402 16806 25023 22595 29087 35874 45779 2140
53139 11448 19380 16721 15688 14037 16643 51380 33689 33562
33887 6894 42855 44241 31538 12049 7031 16649 6950 41087
22338 50333 13792 50771 14762 6643 1778 23205 34533 23898
30546 40470 31305 11974 25216 21594 48668 28666 26729 30878
14086 50624 12447 41437 47825 43096 25508 50347 37025 6226
12036 22638 52016 50854
2269 37513 47189 46766 53082 35834 1262 36992 29710 15869
52977 17833 27534 9102 8519 13879 19214 46342 35086 37404
9392 13755 455 10898 25493 40157 34750 2569 24435 11311
39701 19406 14233 42035 22146 37208 13037 52410 38206 1968
25844 40776 22141 29722 4270 29834 27054 1920 6080 2104
23656 41371 44145 15146 16116 12956 3575 14331 22632 51516
11180 10611 30688 8714 26052 28244 8980 44529 9243 14325
17086 48385 27209 10345 8987 16902 48064 18522 52888 26877
47949 1604 15247 27371 7326 7818 8138 32954 43736 12334
8829 38717 36057 11946 20638 3354 367 25177 39751 4188
48354 18275 22800 10471 47279 8896 33596 21561 51308 26666
23452 38645 18586 33517 10039 25100 43402 27077 22863 3466
52921 36872 1250 34363 49367 24594 12338 48719 27884 18947
6716 37326 14380 24028 14855 48689 1526 44304 18060 22412
42774 4957 6518 51940 52927 45583 49554 6932 20055 41966
3824 14223 3164 9221 51482 32400 14696 41179 1744 43290
505 42607 23855 37008 20958 27379 24036 28284 18000 737
13427 47982 19508 33721 2744 25693 32871 8098 35721 17124
10640 52269 42199 12443 43009 6941 47600 50637 13201 21355
18411 122 1259 12363 13240 43033 39285 8463 13582 6076
4129 49877 39371 30255 42345 20938 18852 53338 10231 52908
41709 45848 16777 50925 38612 2122 50947 9339 34211 28498
29576 53133 23294 23843 9332 25614 29534 18567 38208 17831
22145 15444 49908 8139 10902 19901 12663 30315 16267 16159
23490 45676 6380 47256 20631 45526 14838 9835 2427 51881
21696 6565 23743 9556 3490 15080 31611 16151 4134 12309
8398 14161 15158 48596 45587 12913
50732 6607 960 12732 11021 29502
18465 2876 36422 49191 33936 14870 40270 10220 47638 39011
21664 53033 13796 49238 52017 593 18379 42696 6952 6818
40591 977 51532 8031 37707 7984 24205 41459 29686 49287
15064 18782 4850 36598 4012 48089 48456 51283 16223 10009
41063 41873 24121 34968 24381 13887 33795 28388 47531 37601
37387 46852 13850 26781 36290 38004 21170 25428 23472 20578
11801 36625 50749 8662 8189 40805 13319 25517 28761 49549
5441 17828 53229 7234 27229 22109 3156 42472 27500 18477
25879 10984 5839 7308 37831 502 3423 38829 11018
6444 6117 43141 16218 36967 22206 43165 34641 4736 18275
8871 30718 45371 17336 41131 40106 41545 32463 49903 18115
13304 35117 29501 14370 48441 48068 40068 451 15216 7358
7699 31741 25618 7793 16702 44352 52722 30464 3885 25775
49566 31215 8371 49324 121 33607 19365 53296 29984 14100
21495 45387 6513 31124 52365 52734 26468 17034 21620 43361
12830 12027 2265 26986 4396 42844 24352 2984 36681 50960
9015 17221 27385 28448 5138 27831 26883 5357 11209 35904
29304 27533 22356 25949 43690 21839 12837 19183 12223 31186
33223 8367 47534 32531 28808 7435 208 44970 28561 1172
7358 8672 16690 22857 21742 4819 7268 15696 16612 7772
10299 52198 2034 46161 32389 37941 2117 16278 3097 13158
50901 42627 8279 1038 32879 32405 2643 37310 43498 36372
3315 35086 35004 52977 51919 34734 29436 27534 17833 35072
33445 15421 47313 2012 8371 11494 23086 26062 27311 15049
28989 22304 30167 18188 39786 45780 46353 45740 38905 12084
49278 10128 7542 14346 36267 51177 18154 50457 24799 43599
33943 35290 4250 44914 44259 7977 43032 24343 26705 51092
17468 42928 24376 41673 921 19589 23648 7675 12101 53274
47494 9810 44441 46236 43072 40537 35134 25515 3832 27617
3164 1288 14696 3824 50486 24602 24051 1744 42678 7057
13196 27215 24651 11405 36357 2442 16199 47924 8841 48581
46531 16126 49706 36839 43432 3040 6487 9802 25278 50308
25366 49290 16113 1556 43964 4777 3286 41273 5752 8852
26282 52 1794 42685 51316 748 39551 25077
19315 47564 7342 2395 25581 26153 21426 14205 32471 29231
9257 16717 45074 52665 3748 34985 28203 32720 16589 49403
22671 51389 12679 50975 30210 29421 31775 2293 783 10473
14184 7819 24475 3297 45899 20344 12699 22945 24764 1843
37988 11211 49517 50494 2188 34819 16978 28612 13254 15302
43091 21215 50522 41072 53071 14424 17431 43731 24537 19440
52135 43584 4562 32926 51543 29735 36647 17965 44568 4416
25364 17046 34910 27875 2794 6821 7526 52148 50953 14601
41541 11147 3154 46230 22039 24821 48791 53306 6938 41230
14532 49354 34067 15535 14963 25090 4975 46705 25828 39668
17215 31658 42832 28412 52724 27258 13831 12404 8974 32081
3703 8786 7372 49218 45713 21431 6810 34991 19230 25606
27681 28786 50452 5416 18112 35755 28074 17961 39970 3119
35102 28508 4116 25311 13334 39578 9891 26541 17006 33794
42300 41057 12148 14064 24879 53136 11228 1231 17867 51395
19187 9914 14028
49070 13311 6950 33349 15580 34651 20121 31332 9629 17756
12239 38222 17967 51709 43898 35001 51953 51614 33663 52371
17570 10015 24191 27355 11281 48585 29104 25231 20957 45932
25081 12084 6757 30167 5823 46353 14390 2285 9195 21740
10880 27963 29132 15135 49136 1731 6331 50741 4967 940
15972 41241 29109 28128 49175 43345 927 8014 11096 26605
18444 29379 21774 21174 32634 2179 23638 3855 992 25642
3898 45771 31425 5103 48810 5339 31002 37405 9711 34372
31056 20019 40898 38209 27 36655 34304 8699 1019 15749
32535 23266 48213 45470 24344 37250 22833 46940 23657 27191
26483 4733 4510 33532 5495 44882 44004 40204 6326 32213
32152 50774 18741 16013 32292 35727 9221 33208 44421 50486
4375 32517 14526 28886 42003 23440 14464 29282 36751 4252
43612 18552 23502 26146 40797 50955 5406 14334 20482 10472
5180 45825 20035 5743 25100 31720 8451 30689 10020 11596
10153 2519 8826 44171 10600 53108 20258 22957 28086 35132
52341 30749 15994 16907 277 45618 27902 25878 46030 38619
QPS: 521.22Peak RES memory usage: 132.13 MB
