34508 6069 41093 2310 47036 17147 16727 3659 11702 10523
10029 47426 37140 37806 18000 10324 8475 30767 11012 42009
7460 16818 15681 7380 31548 9822 15494 8759 18236 28770
26388 14870 40163 36273 1725 48293 36740 376 16729 15546
18035 20783 44048 41349 30462 49336 15822 18667 21526 21782
38503 12460 22412 24182 10604 24467 1780 25193 45698 25128
25663 6953 11159 48418 23042 6151 37451 53340 14241 16944
10479 25848 52704 12357 33341 42549 13936 20834 49214 46765
29404 39298 263 3296 11481 52166 23808 46418 44329 46051
41841 11094 47689 38104 30178 32460 47014 14622 50839 45966
4017 38662 14695 13147 28933 47660 19423 33927 19926 2285
20141 2014 5979 16196 10202 8844 15375 2274 8565 21984
19809 37770 44786 35922 43642 37678 5847 23717 13893 6611
30304 21006 43345 21966 253 49993 3887 25299 38668 35459
5511 37598 19823 9756 8466 45795 48288 33504 24142 42846
52742 41425 51752
22087 36572 1314 6576 19340 165 35524 39568 48880 11158
34486 51580 38620 44128 41383 16455 21165 17260 15586 48598
804 40754 28291 25003 4808 8886 46285 45547 16348 49787
28949 8968 1938 51694 22451 41646 31737 40484 20731 28109
45784 37651 34136 47099 21456 7149 28951 18541 368 40982
24907 42138 18718 35124 23996 14522 39164 4805 33951 34903
36013 32109 16882 44389 31530 41916 1859 15729 43931 21114
24581 31841 53256 31004 26762 6555 32405 7589 5733 2662
45068 34957 5294 23054 41367 23752 16629 8612 28056 33146
17280 34936 17583
30649 42336 4151 1674 32862 21278 9501 15746 1924 49569
42623 40106 12511 4700 45371 46172 49523 2614 37638 33204
3366 2190 13881 11848 3683 31071 37708 4456 49534 31427
19205 31003 52610 42580 53107 32089 10567 22954 17725 22223
13812 3428 20244 52734 41111 16847 26097 43595 30537 53345
23046 11590 17006 6428 33328 36479 38472 49933 12117 216
51575 40593 9782 27356 19490 16002 3652 39644 46204 25274
24452 12067 25540 5515 31827 32028 23075 25241 23551 12248
4849 41567 27068 41720 28616 17555 5099 48266 12457 18056
50040 43714 50353 17330 7438 50760 41536 37236 28128 38443
5215 33534 3781 13171 26057 4768 48693 31935 14433 42410
16754 16427 6599 23379 347 12922 5396 15259 3705 30841
18678 52629 19620 13103 39324 3711 35297 36203 1238 25270
41958 23293 41216 16623 8048 42967 5161 45239 2845 47445
3011 6827 24892 49973 11715 53009 8660 9441 25943 13194
14048 30090 14706 32728 28443
1937 51118 21677 12152 46246 36227 15665 4818 13655 6903
918 498 6711 36682 45494 166 41199 10401 12678 2215
9993 13356 44341 41484 35645 28799 16594 18730 39092 6562
19471 48671 20728 3310 46173 2062 11398 38727 28799 37476
17691 47567 22940 20894 11717 39136 15430 27524 32772 4590
20616 3072 19015 47031 35071 30723 2058 6582 19514 43115
19270 37076 30106 10850 34739 8229 8528 39414 4718 16068
53360 20100 28510 47803 2693 52034 35674 30706 134 10989
36034 10515 37487 20280 36755 23936 19559 35154 5681 14452
18878 38239 43283 2274 2554 48442 50887 20141 2014 43215
7912 53080 36225 52747 30651 43146 30981 40291 29611 46757
37998 44466 4588 38851 27790 26843 49800 37948 37369 47000
7087 7253 26385 15609 27958 32328 14780 409 13038 7187
34362 633 48790 15814 285 24006 51175 24933 1418 34490
41890 33619 1680 52362 4817 9788 38040 36445 13708 44246
44540 51666 21558 45210 19289 36340 3877 20699 11302 12583
3364 33463 43292 19763 4353 51380 2912 33749 45112 15916
50309 45023 29889 1757 19978 45397 3299 52669 2352 20583
2232 16066 46328 18773 5775 36286 34624 184 19279 11137
12715 22510 10618 25100 1572 39433 8824 49802 1762 667
20871 12356 13626 34257 34104 42741 32564 38199 3553 28414
18860 32281 31535 52278 36851 46703 37053 33863 6663 6589
41485 11676 40537 21362 9582 2608 5052 40890 26669 17782
15989 18951 1453 27885 13343 25187 51684 15137 25677 36775
6760 34463 53025
13895 31537 10993 49161 17181 31379 9892 41369 30251 24793
44617 51807 31798 25670 13134 9519 6551 17412 18901 28295
27137 17150 43629 30256 34274 44484 2680 26150
17609 43849 45413 28167 21465 21122 45093 661 46350 37819
7365 15120 44495 52669 15389 6798 9405 22099 39545 1562
14302 11451 49832 49019 50340 19137 15397 10324 9252 29528
4660 26013 43602 31912 31539 3813 19431 18422 50321 30876
24138 29952 5498 12646 46860 40269 30509 10575 34792
18541 47099 9069 16343 42397 15533 38499 44721 34198 22921
13621 35682 16484 10050 31356 4159 22258 11105 24336 4624
49365 25923 6467 19901 41051 52056 12573 17799 27972 48824
42050 50628 48281 37352 41598 108 40178 40980 1184 15858
18351 27379 12241 2891 19547 4127 15626 46430 48335 10963
50664 31660 18852 51068 13070 14708 24103 30720 17203 12501
18517 35662 42286 18962 53053 16983 45520 17307 25838 4623
50964 45719 32131 13673 27523 15635 36372 5012 4359 373
33955 29866 28181 25320 19264 23764 6912 14697 24863 48054
8339 7522 3989 9938 18059 15888 49228 31224 40389 51827
21782 33584 49336 48009 27436 4110 30462 26021 22216 12543
9217 7019 42754 36507 22967 37935 12420 23691 20926 48505
1268 17538 8660 4469 49860 26420 25070 48558 35573 12269
34426 45160 42193 44018 12594 34217 37554 50627 37896 37265
50502 10396 42701 18220 48067 9758 21407 19419 6612 23745
3676 13814 7787 7937 33630 16521 26962 22257 48670 27951
46200 3184 28564 37712 24234 27386 50990 22143 8944 29078
7736 20080 52091 11787 4154 712 11029 52080 12136 48842
25157 23711 25878 31596 5352 34709 32129 5699 45573 35994
52818 34016 49371 28600 21915 7835 50044 16766 27757 39190
525 50026 26527 20813 36209 48554 11048 42479 24305 49111
40537 135 16288 51250 37421 23085 7351 21362 15966 5188
32851 47748 4734 48319 33600 16305 22455 36571 34583 46976
41499 552 1840 2878
46337 19496 11711 6513 26913 40617 11413 21608 49557 29132
49955 37179 22041 49358 36436 11183 47134 41043 26541 49951
41234 27346 43160 10186 12210 2496 52427 46074 32770 36435
8668 44483 36094 14381 51971 5252 9430 38 20127 12259
2078 11103 34479 45395 26082 52145 5941 12942 37125 19339
13089 8206 31143 12036 48747 22841 15507 38156 47811 11857
35263 23670 53365 446 9955 7337 30844 12981 44871 31169
11933 30570 18253 50175 28977 17890 48738 15150 32895 26054
26189 36854 42327 45727 11229 9242 222 15046 28792 48667
7477 19988 10701 53027 45137 25657 7566 22507 42497 7556
24335 13048 29971 26721 21546 16846 50817 44801 24939 752
44371 51047 14103 18437 13818 3129 41919 7675 3005 2137
855 12840 43136 8827 8208 30040 4761 41382 13788 19834
13124 16450 7434 47295 41335 15331 10412 3262 1887 33617
35684 12214 44885 22935 25881 14619 24999 26563 845 51540
20638 25680 30345 5103 1624 36910 7822 7581 52915 14395
36561 19514 47031 20616 43115 3072 10863 1400 12582 51013
33130 43607 27239 11357 44687 1907 4257 7000 29485 9742
7154 28509 48719 13037 47626 44517 13397 51401 5701 9795
13607 21621 48660 7555 37122 24958 32385 41058 12919 48689
48912 25703 19195 30675 23143 336 46397 280 14866 34388
2320 10588 22076 7154 9337 44517 14188 6771 14803 16690
40292 47619 1995 30562 9456 32571 25563 12584 9393 27150
40883 1766 8028 11233 45605 36440 32871 15477 32815 21232
49499 31879 31832 14542 4531 913 5791 1023 20165 32418
9413 552 11375 46349 19964 23433 26227 16368 22426 17491
2852 876 1164 12048 10231 19236 13703 38824 48114 246
9785 32793 50070 7518 49022 48676 17554 2122 30034 23984
6692 50609 2267 7203 36329 31802 19633 36411 46171 51084
22161 1057 42357 20584 42547 48066 15309 16159 29357 23338
37481 16145 9158 18356 5248 5627 16400 38201 12286 43651
22859 29495 18161 5298 45580 26489 52998 52959 20495 9556
10969 18995 40589 21545 2704 11437 254 31240 2292 49925
33639 8364 1418 46540 11937 32369 46601 10782 43544 36026
1009 11417 26856 2448 2876 36422 29373 6094 30114 23667
37598 51116 35538 50580 5722 21481 9756 5511 48288 41945
12367 28949 31737 4210 36826 15434 23465 21765 28109 31027
30654 42777 11831 20462 3257 44615 32777 46635 15413 44209
12921 43375 48566 2164 16769 36189 15850 24406 45179 17662
21675 38225 18222 40450 859 36191 49070 48735 15708 52787
34672 11801 5555 40208 6737 13319 25439 25185 41338 2570
1613 40904 5900 46335 25605 14457 16246 43608 8621 15056
41986 40106 17329 46172 13810 42719 32581 20276 14527 51821
42844 52907 31989 40957 985 45994 25940 33765 34686 50966
26108 49959 47817 4252 10567 52610 22954 28434 7064 13031
39716 19350 29745 37290 31547 22247 8519 16228 51358 16070
18612 5865 26589 41728 23682 5161 17241 31293 1849 24926
15398 26139 844 44321 47283 29613 11933 6507 46984 31782
8605 16118 10255 44333 42537 43978 10286 39442 19361 51088
25204 19359 24295 25015 1705 31570 6296 12993 12027 14910
6696 13598 19546 12372 34456 53066 15393 14941 22446 4241
4381 20607 36892 20218 4978 12837 8545 6054 22037 22424
33223 8367 34281 48492 20932 14642 46993 7993 33596 52476
9957 28278 11048 31117 37845 36553 7704 8484 51206 43820
13284 18505 3482 11777 14463 52960 32562 15556 14750 38635
26503 1104 12768 40336 9520 5319 27156 27224 8410 9815
41519 26941 8128 41263 34885 1113 6456 33937 38579 4184
6106 2093 7252 23857 26808 8519 10664 36057 2250 12836
44685 5971 27649 41220 35400 17923 15898 51282 9046 50872
47026 46421 44905 28346 42422 7183 7459 11919 12219 50004
46797 15833 10091 15227 4640 38556 50894 3337 41475 1447
32955 20723 17468 13299 14363 10165 47468 31277 24376 2201
20230 35145 23052 4209 3117 18806 35781 45462 19234 15103
7762 30421 21774 4396 25351 8451 14783 20058 29654 4316

19293 43984 46934 39243 24028 1071 44279 41838 1250 39406
22458 9435 24904 16393 35749 15674 4777 14321 22020 42206
18922 37936 16446 1795 17075 28669 41688 2120 24321 40771
41145 12089 10803 9931 13161 6368 41531
50260 12350 48727 22332 42228 28422 45687 24377 1322 4906
34043 42671 10572 35773 29421 16783 41647 15584 13117 37438
51726 23101 13400 1547 37462 9542 38860 9767 26305 16148
21479 339 26171 48614 11621 23589 34656 50256 29802 8847
40250 10861 51132 43092 4471 4677 29262 26659 3985 9609
14677 46655 30914 42515 53339 42002 15555 43336 10650 16801
17945 8836 16583 39570 50643 12970 13323 47650 53050 21162
5143 11147 3500 32452 27841 15156 46577 29042 44311 8677
33073 27733 4389 51022 2216 43945 38159 30948 11097 44504
22197 49339 42163 41243 423 7605 13290 7864 48689 4393
36371 19027 30065 14308 8786 49834 34631 35369 39305 41857
12289 51705 4462 21611 28388 5011 2687 5152 556 29725
35933 9824 11237 38370 48395 19775 4647 17065 32992 6374
16106 24879 50942 51003 5753 15560 27046 50145 13152 20311
5836 1202 5686 35922 43350 43844 19809 13893 39377 23717
37182 13312 3707 20879 51903 36598 8729 4012 7563 33262
36421 48945 14016 36241 3860 25007 9554 4962 35406 24391
22252 26678 34850 47779 4974 14580 39505 9045 43252 45276
47827 276 7407 2094 31642 9035 1924 3703 31435 32045
22200 1747 3581 8272 20090 46244 34285 46861 33749 8529
18822 53252 20490 7910 52648 28909 35907 27781 3106 2614
4648 26290 31878 46494 24944 39918 31165 37430 2179 36237
39340 46614 31517 23915 2498 27151 28672 29811 9864 13540
16632 34810 23715 35055 47966 39290 34023 763 46851 11321
39135 32669 2210 11074 31244 20855 13472 47029 21229 22945
18158 50349 35527 412 43084 52906 10471 19508 44198 10235
37422 7982 23786 39914 1094 42665 39962 1744 47578 52664
32581 46172 22259 42719 44845 21721 15616 8380 4668 26985
38894 41015 15396 20862 28195 33174 8955 7233 44659 14334
38381 20351 40446 4240 37932 42462 2193 2982 37132 51287
14027 16338 28032 757 34681 35562 45732 4283 40592 41459
7835 30441 50044 31284 16766 25514 40411 14873 49371 39423
QPS: 512.18Peak RES memory usage: 132.13 MB
