34508 6069 41093 2310 47036 17147 16727 3659 11702 10523
10029 47426 37140 37806 18000 12302 10324 8475 30767 11012
7460 16818 15681 34526 7380 4252 31548 9822 15494 8759
26388 14870 39517 41325 5843 40163 36273 1725 48293 36740
18035 20783 44048 41349 30462 49336 15822 19163 26865 18667
38503 12460 22412 24182 10604 24467 1780 25193 45698 25128
25663 6953 11159 48418 23042 6151 37451 53340 14241 16944
10479 25848 52704 12357 33341 42549 13936 20834 49214 46765
39205 29404 39298 263 3296 11481 52166 23808 24977 46418
41841 19554 1430 11094 47689 34632 38104 34715 30178 23405
4017 38662 14695 13147 28933 47660 19423 26807 33927 19926
20141 34468 2014 5979 16196 10202 8844 30835 15375 2274
19809 37770 44786 39077 1202 32817 33869 5836 13788 37922
46219 30304 40553 43263 21006 43345 21966 41332 32898 253
5511 37598 19823 9756 33844 1417 8466 45795 48288 33504
52742 41425 36314 12244 51752 30611 2812 14441
43827 22087 36572 1314 6576 19340 165 35524 11166 39568
34486 51580 1886 38391 47357 38620 44128 12269 49735 654
804 40754 28291 25003 4808 8886 46285 45547 16348 14217
28949 8968 1938 51694 22451 41646 31737 40484 20731 15434
9746 45784 37651 12442 34136 47099 21456 30229 7149 28951
24907 23413 37156 28370 30299 276 42138 1924 26141 18718
36013 32109 16882 44389 31530 41916 1859 15729 43931 21114
22235 46896 24581 31841 4801 53256 27198 31004 34991 26762
45068 34957 5294 23054 41367 23752 16629 8612 28056 33146
17280 36039 34936 31349 3075 36710 12568 17892 17583 4786
30649 42336 4151 1674 32862 21278 9501 15746 1924 49569
42623 40106 12511 4700 45371 46172 49523 2614 3216 4415
3366 27549 20613 2190 35023 13881 11596 11848 12253 14091
19205 31003 52610 42580 53107 32089 10567 22954 17725 22223
36972 9019 13812 8392 43289 34001 3428 20244 52734 41111
23046 11590 17006 6428 33328 36479 38472 49933 12117 8581
39935 51575 40593 9782 27356 19490 16002 3652 39644 46204
24452 12067 25540 30470 5515 31827 32028 23075 25241 23551
47823 4849 41567 27068 39730 41720 28616 17555 5099 48266
50040 43714 50353 17330 44317 7438 50760 41536 37236 28128
5215 33534 3781 13171 26057 4768 48693 31935 14433 42410
16754 16427 6599 23379 27868 347 11225 40182 16851 12922
18678 52629 19620 13103 39324 3711 19272 42618 35297 36203
41958 20972 23293 41216 16623 8048 50620 42967 5161 48205
3011 6827 43457 24892 42221 3703 51572 42336 14604 4151
39375 14048 42179 22497 30090 14706 6427 6658 14901 32728
1937 51118 7264 45700 21677 12152 5 46246 36227 7797
918 498 6711 40813 46305 40340 36682 45494 25827 41657
9993 13356 44341 41484 35645 28799 16594 18730 22068 39092
42724 18879 19471 21246 48671 35141 33860 285 20728 19512
17691 13593 47567 22940 45330 20894 11717 31514 39136 10030
20616 3072 19015 47031 35071 30723 2058 6582 19514 43115
19270 37076 5584 30106 10850 34739 8229 8528 3484 39414
53360 20100 28510 47803 2693 52034 35674 30706 134 10989
36034 10515 37487 43901 20280 36755 42288 23936 19559 21413
18878 38239 43283 34468 2274 2554 48442 50887 5951 20141
7912 53080 36225 52747 30651 43146 30981 40291 29611 46757
37998 44466 4588 38851 27790 26843 49800 37948 37369 47000
7087 7253 26385 15609 27958 32328 14780 32494 3939 36679
34362 633 48790 15814 285 24006 51175 24933 1418 34490
41890 33619 1680 52362 4817 9788 38040 36445 13708 44246
36966 44540 15553 51666 21558 50785 33791 45210 10262 9912
3364 33463 43292 19763 4353 51380 2912 33749 45112 15916
50309 2390 45023 29889 1757 31481 51695 19978 45397 3299
2232 1066 39197 44086 16066 41955 12333 6969 48334 46328
12715 22510 10618 38765 25100 1572 23959 39433 8824 49802
39918 20871 16901 12356 13626 5264 34257 4648 21232 16849
18860 32281 31535 52278 36851 46703 37053 33863 6663 6589
41485 11676 40537 21362 9582 2608 5052 40890 26669 17782
15989 18951 1453 27885 13343 31056 25187 51684 15137 25677
6760 43892 24059 19399 34463 36349 53025 23374 43286
13895 31537 10993 49161 17181 31379 9892 41369 30251 24793
44617 51807 31798 6182 25670 13134 38582 9519 6551 17412
27137 17150 43629 30256 34274 15107 951 6546 34283 44484
17609 43849 45413 28167 15194 21465 21122 25316 45093 4286
7365 15120 44495 52669 15389 6798 9405 23550 25867 22099
14302 11451 49832 45651 49019 11600 50340 23144 52263 12455
4660 26013 43602 31912 31539 3813 5557 19431 18422 33130
24138 29952 5498 14450 12646 34399 46860 40269 22602 31194
18541 47099 9069 16343 42397 15533 38499 7149 48389 44721
13621 35682 16484 37189 10050 31356 4159 24412 49223 22258
49365 25923 6467 40615 19901 41051 52056 12573 17799 27972
42050 50628 48281 18470 37352 41598 108 40178 40980 1184
18351 27379 12241 2891 19547 4127 15626 46430 41169 48335
50664 31660 18852 51068 13070 33971 14708 24103 30720 43009
43949 1683 22548 18517 47180 35662 42286 18962 53053 16983
50964 45719 32131 13673 27523 15635 36372 5012 4359 373
33955 29866 28181 35055 25320 19264 11942 23764 6912 14697
17971 45142 8339 7522 32355 3989 9938 18485 18059 15888
21782 814 34698 16676 33584 49336 48009 27436 11894 4110
9217 7019 42754 36507 22967 37935 12420 23691 20926 4356
1268 17538 8660 4469 49860 26420 25070 48558 38715 3975
34426 45160 42193 44018 12594 34217 37554 50627 37896 37265
12375 26149 50502 20628 6133 50645 4533 11243 32485 48046
3676 13814 42627 7787 7937 21013 33630 12301 16521 26962
46200 3184 35808 20724 28564 37712 27037 24234 27386 50990
50470 7736 20080 48218 52091 11787 4154 712 11029 52080
25157 23711 25878 31596 5352 34709 32129 5699 45573 35994
52818 34016 49371 28600 21915 7835 50044 16766 27757 39190
525 50026 26527 20813 36209 48554 11048 42479 46531 28127
40537 135 16288 51250 37421 45926 40853 23085 7351 21362
32851 47748 4734 48319 33600 16305 22455 36571 34583 46976
41499 27832 552 36331 38498 25029 8531 27475 15406 1840
34663 46337 16842 19496 22826 11711 6513 26913 10089 40617
49955 21762 27033 25376 37179 22041 917 49358 36436 11183
41234 17259 8953 27346 5424 9763 43160 24910 8653 34146
8668 44483 36094 51183 14381 45229 47815 51971 36237 2179
2078 18249 45684 11103 34479 45395 26082 52145 5941 15190
13089 8206 31143 12036 48747 22841 28773 15507 38156 47811
35263 31355 23670 53365 23966 446 9955 7337 36812 30844
11933 30570 18253 50175 28977 17890 48738 15150 50722 32895
26189 36854 42327 45727 11860 11229 9242 222 15046 28792
7477 19988 10701 18277 53027 45137 25657 7566 41963 15276
24335 13048 29971 26721 21251 31712 21546 16846 50817 44801
44371 51047 14103 18437 13818 3129 41919 45431 7675 3005
855 45601 12840 43136 8827 9910 32445 17446 40276 8208
13124 16450 45789 46570 7868 7434 46756 47295 41335 15331
35684 12214 44885 22935 25881 19949 14619 24999 47197 26563
42756 20638 39642 25680 30345 5103 10076 25095 16632 49783
36561 19514 47031 20616 43115 15026 3072 10863 2377 1400
30823 33130 43607 26292 27239 11357 44687 42678 1907 44811
7154 28509 48719 13037 47626 44517 13397 51401 5701 9795
13607 21621 48660 7555 37122 24958 32385 41058 12919 33228
48912 25703 19195 50427 30675 35867 23143 336 46397 18208
12333 2320 10588 22076 7154 2153 22443 9337 44517 14188
40292 47619 1995 30562 9456 32571 25563 12584 9393 27150
40883 28442 1766 8028 18585 11233 34939 45605 1304 46003
49499 31879 31832 26379 14542 18676 4531 37673 913 5791
48873 9413 552 37255 11375 46349 35426 19964 23433 26227
2852 34717 876 49648 1164 12048 10231 37941 19236 50072
9785 32793 50070 7518 49022 48676 17554 24240 50173 5765
6692 50609 22413 2267 7203 36329 31802 19633 41815 36411
22161 1057 42357 20584 42547 48066 15309 16159 29357 23338
37481 48666 16145 9158 18356 5248 5627 2830 20426 3861
22859 29495 18161 5298 45580 26489 52998 52959 20495 9556
41908 10969 18995 31913 40589 21545 2704 15871 29273 42367
33639 8364 1418 46540 11937 32369 46601 10782 43544 36026
1009 11417 26856 2448 2876 36422 29373 6094 30114 23667
37598 51116 5182 35538 45011 50580 5722 33844 21481 9756
21589 12367 28949 31737 46577 4210 36826 15434 23465 34891
30654 42777 4189 51613 11831 52413 48238 20462 16777 3257
12921 43375 48566 20074 2164 16769 36189 15850 24406 45179
21675 1190 38225 43211 32114 5995 8698 18222 18776 50467
34672 11801 5555 40208 6737 51706 13319 25439 25185 43379
1613 40904 348 21706 12015 5900 46335 4955 25605 14457
41986 40106 17329 46172 13810 42719 32581 20276 14527 51821
42844 52907 31989 40957 985 45994 25940 33765 34686 50966
26108 49959 47817 4252 10567 27135 52610 22954 28434 7064
39716 19350 29745 37290 12836 31547 22247 15666 8519 16228
29563 18612 28516 27294 37382 5865 26589 965 39470 15680
15398 26139 844 44321 47283 29613 11933 6507 46984 31782
8605 16118 10255 44333 42537 43978 10286 39442 19361 51088
25204 19359 24295 25015 1705 31570 6296 1322 12993 12027
6696 13598 19546 12372 34456 26657 53066 15393 14941 22446
4381 20607 36892 20218 4978 12837 8545 6054 22037 22424
33223 8367 34281 48492 4872 20932 14642 46993 7993 8657
9957 1461 18221 28278 11201 11048 31117 29021 37845 50675
13284 47934 40207 18505 3482 41912 36060 11777 14463 22595
36412 26503 10478 1104 12768 40336 9520 5319 40442 27156
41519 26941 8128 41263 34885 1113 6456 33937 38579 4184
6106 2093 7252 24253 23857 26808 32774 16228 8519 51816
44685 5971 27649 41220 40626 15564 35400 9195 37530 17923
47026 39801 41277 46421 44905 28346 42422 7183 7459 45369
5145 46797 15833 12433 10091 38970 26459 15227 4640 42238
52959 1696 32955 20723 17468 13299 14363 29495 10165 47468
20230 35145 23052 4209 3117 18806 35781 45462 19234 15103
7762 30421 21774 4396 26700 25351 43846 8451 14783 20058
44492 7341
19293 43984 29976 2556 46934 39243 24028 38286 14410 1071
22458 9435 24904 16393 35749 15674 19268 4777 14321 22020
43130 18922 37936 16446 24502 1795 17075 11921 28669 41688
41145 23115 12089 8582 25932 10803 17379 46714 13321 9931
50260 12350 48727 11662 22332 39072 42228 28422 45687 24377
34043 42671 10572 35773 29421 16783 41647 15584 13117 12104
51726 23101 13400 1547 37462 9542 38860 9767 28997 26305
21479 339 26171 48614 11621 3487 23589 40898 34656 26203
40250 10861 44356 50242 51132 43092 4471 4677 29262 19363
36997 14677 46655 18520 30914 42515 36624 53339 42002 15555
31266 17945 8836 18280 8835 16583 39570 50643 12970 13323
5143 11147 3500 32452 27841 15156 46577 29042 44311 8677
33073 27733 4389 51022 2216 36096 43945 38159 30948 11097
20951 22197 49339 30216 4105 44167 33313 42163 41243 23233
30561 36371 19027 30065 21393 14308 8786 49834 34631 35369
12289 51705 42921 23818 36488 18389 4462 21611 34705 4628
12446 35933 9824 11237 38370 50885 48395 29375 19775 4647
16106 24879 50942 51003 5753 15560 27046 50145 13152 20311
44040 45370 45604 5836 1202 5686 35922 43350 43844 19809
48456 19822 38126 36289 9538 42632 624 37182 13312 3707
36421 48945 14016 36241 4504 3860 11510 25007 9554 4962
22252 26678 34850 47779 4974 14580 39505 9045 43252 45276
47827 276 22794 7407 2094 31642 9035 1924 3703 1987
22200 1747 3581 8272 20090 46244 34285 46861 35596 37180
18822 53252 20490 7910 52648 28909 28444 35907 27781 3106
4648 26290 31878 46494 24944 39918 31165 37430 2179 36237
18128 39340 46614 32668 7525 31517 19265 23915 2498 27151
16632 17319 34810 22601 23715 11592 35055 47966 39290 34023
39135 35237 32669 2210 11074 21088 31244 20855 13472 47029
18158 50349 24720 35527 412 43084 52906 10471 19508 44198
37422 7982 23786 39914 1094 42665 11400 45058 39962 1744
39717 32581 46172 22259 42719 10026 44845 21721 15616 39921
38894 41015 15396 20862 28195 33174 8955 52504 41790 7233
21552 38381 20351 40446 36063 33711 4240 13921 37932 26983
14027 16338 28032 757 34681 35562 45732 18403 4481 4283
7835 30441 50044 31284 16766 25514 40411 14873 49371 39423
QPS: 528.85Peak RES memory usage: 132.15 MB
