8795 50654 3745 41013 1418 33787 52576 18733 40567 23590
20434 44618 42648 289 51772 14163 44018 44614 40201 37032
444 10353 38437 9243 41567 30097 7604 12815 12901 4161
14405 39976 41649 26388 26725 39639 8790 41162 42008 8839
13303 4345 28511 39592 36368 4434 1356 29182 26307 1688
23689 2422 41159 22845 47158 52428 4372 31615 7007 13352
50457 50904 3111 23888 44848 44785 17730 28044 52918 43781
5579 28886 31244 28005 32073 24050 35758 13546 11821 42094
46544 6972 6020 40362 23255 33741 34279 18725 52166 38714
31430 28519 42857 8794 22339 9980 27958 47873 46925 16047
18612 7132 10907 17371 11622 37428 9869 16061 12414 31956
25105 15426 4377 49264 10384 13433 3788 3683 25759 51103
44467 4483 4457 42733 22984 41214 56 46909 45248 40170
23777 13908 13796 37813 19302 45688 15596 12216 2894 40280
23131 8545 41397 12776 22740 4169 9596 11438 10764 9989
4131 47310 136 35460 10996 50518 1015 12780 51186 47219
15106 658 3637 10511 381 29897 30785 15606 6576 28251
19581 35921 36730 19442 49532 9458 40247 7743 40097 5964
4136 23512 21020 29014 18428 16179 4277 584 2418 31486
42049 2855 17374 30595 21125 53067 10662 22451 24679 46840
28767 52620 7281 19535 15966 34729 16016 21465 5862 43246
20986 47698 15222 16427 23593 17373 16687 3586 8934 7812
39249 10577 30734 14159 41447 25804 31530 41916 37762 10101
41406 18209 40564 40818 46961 14746 34413 22364 11737 8809
41143 51797 4479 12886 39798 28943 25046 34359 34398 43849
26491 11191 16112 47436 34595 24337 45676 19458 31070 12875
22584 32565 17147 30271 32862 41040 18480 13199 22235 11581
49959 44688 31576 29374 2463 40037 21089 2602 30354 8908
52486 9782 17379 14394 11239 12050 2190 44350 27112 25175
23101 41634 53128 25852 3370 2737 1249 52083 36537 3063
13524 50096 36430 41027 37986 51523 52245 38223 52221 15135
49163 30903 24465 45657 39916 44147 44241 19668 14314 11649
40593 37576 42345 7840 9804 503 50769 48798 28589 28796
8554 18584 13724 37197 14363 37199 5420 51768 45172 1121
4105 23403 49641 4734 11088 14054 26798 42474 14542 1172
1370 1685 8373 30154 19663 21037 12659 17330 15467 156
53029 28043 48246 41553 1944 38064 5886 52362 19088 518
2768 6357 660 17565 34968 16888 16057 37601 2279 9920
15608 39396 9030 45620 24721 44836 27109 5436 27218 24202
16853 15484 496 16745 3135 11241 39418 37316 42037 3864
27273 19190 17485 41114 4818 37197 28861 592 35943 21783
42401 11978 48223 4725 22536 33219 25486 13890 12549 3164
11239 34673 49086 50848 52486 1521 37933 44962 19331 2531
48260 8634 918 24929 35766 15929 773 34395 15506 12761
45029 17028 23675 40016 13847 41059 45011 1239 35645 3216
10660 6685 25205 19471 23268 34606 3310 27476 3702 17401
18560 10114 14113 4094 2862 38441 37355 1026 1008 34391
52073 24463 33393 13768 40647 34608 38841 20616 10092 19626
48751 38689 26728 2841 30532 45370 179 13748 4879 29989
17006 53360 36562 10383 33222 33692 13334 6489 24930 339
42052 45156 21440 11077 12691 9451 22912 21268 23936 33304
30413 40887 48122 12792 7586 32737 42063 52584 46936 50736
31313 4697 28996 53080 10214 33719 40485 30651 47974 3477
43026 50292 8448 53323 27955 26295 49519 17949 48119 37734
17410 36358 39021 4494 16452 50300 41057 26134 1430 33143
44223 11145 22037 18557 15333 47989 18292 36416 31186 8257
17866 48246 35147 10745 29421 34709 25098 14102 25534 24932
3041 19264 2164 38662 28462 9554 5011 5836 17929 16566
49444 22347 11850 25343 6513 4649 33134 29105 8605 15068
28694 11763 15797 12491 464 36651 42747 6027 2303 9797
11933 20296 5321 24528 21823 36759 9688 10311 45168 42076
52578 42529 35020 1448 7175 32081 21453 44774 9104 44737
11267 48369 3465 38165 9661 20449 17164 18658 12467 27604
41858 42704 9585 7203 5870 14088 52278 19677 11064 44724
2738 28436 8261 11924 8255 11676 27122 30361 18593 45316
51525 3876 1132 34810 35242 27885 25243 28621 46468 26173
32420 19357 7816 41866 50628 5165 12324 7307 38993 35528
45773 38370 19754 25072 22782 46632 36970 37609 19758 23146
42467 44617 22897 10927 7408 5795 39108 40369 14002 47465
37155 31744 45780 26675 27137 51532 46270 18954 19606 34814
47992 2500 53229 3678 15438 21597 40848 14826 15719 34670
33910 23182 29302 44518 33347 36429 42100 8708 2793 36230
41763 30822 28442 14346 26698 13902 11589 6118 10120 19275
3217 35403 7129 15154 38170 47507 20299 17690 19493 18826
28701 33098 30362 49022 48851 45848 11739 21383 30205 41333
17056 32666 4182 25590 6552 22861 22567 30222 25198 39899
3699 27307 819 43187 4394 24290 53299 9112 50110 30044
41611 37905 39634 4965 1397 38011 37513 25210 28116 34713
28885 26429 43055 25726 23451 25855 3439 46528 51894 5219
4714 25229 43811 9495 9681 29525 28375 30694 39909 36575
50664 28356 31660 20823 53049 47634 15878 20906 51068 2665
35363 31197 21778 53184 15694 37949 33445 42519 29026 27767
39107 13921 34076 38350 38551 25983 19359 47815 36276 22127
20710 37948 28181 2721 49691 27732 14136 39042 11525 15893
15425 29152 1179 10765 36577 1795 17956 49370 35097 15776
30997 30205 2264 22231 43438 11739 35157 9724 44481 33953
15142 39537 50556 7019 34893 6237 9400 46410 21468 49269
49817 26343 16861 16903 52717 37902 11868 39904 51550 9520
22623 43066 27619 19985 26775 24592 42193 24499 21789 30553
26361 27445 3348 19355 1535 45009 37055 10247 35783 47399
5503 14910 29503 33464 12244 5698 50349 1890 5525 1022
19126 38195 43558 13705 38574 33466 34597 18500 34578 31951
40843 9670 25889 17980 5772 17625 13006 51132 3235 25160
277 24001 14156 43285 1680 43132 40298 32129 40515 46884
52818 49306 6675 17895 3422 27992 36864 45998 9031 25904
36892 15317 8061 25421 19183 19090 29522 14073 48554 10037
4319 29816 30970 52048 28402 6498 43072 47042 24621 15869
8786 7460 11736 16641 32566 7980 9538 30065 14308 17502
50996 41680 20324 5568 44794 10031 32364 11887 1121 23185
15493 14430 53139 39882 1117 35268 45129 51033 41125 1836
17264 42414 13914 20282 21333 18711 30405 9027 49286 7499
9218 13792 36808 33044 32985 52724 10091 44003 14669 39243
22344 2234 34805 49770 13791 43242 20416 13205 25216 44049
18458 26211 52145 49527 5012 21876 41079 41301 51673 12942
9167 43064 5379 24056 5895 20002 36176 51999 8293 7036
47446 4319 37513 41786 52807 28116 51553 11667 2905 37815
53184 35363 27416 14356 4643 10989 14428 14864 21778 19800
7572 42748 38150 38862 13313 11052 16706 27034 48890 35039
28606 42014 4759 423 51142 19406 50448 45137 11338 14278
12916 48731 5205 29971 5911 33243 50382 50817 42239 29080
49846 12625 51841 15274 8624 13409 2435 53256 16869 33612
50243 13071 53061 2777 18365 2173 12815 9965 21969 40903
36950 51245 12699 42754 22539 12698 14184 28053 32848 13356
27859 9110 2949 12214 13215 46681 25881 28237 37689 45891
12843 11946 41359 17914 41888 340 32533 6 27311 34185
50815 2274 29177 44063 20441 48002 50847 17651 46169 52055
29841 6648 33742 51182 7556 9221 41246 20069 47009 21347
14824 48416 46946 31681 44774 31878 25696 45249 43630 45825
44880 30703 13352 7555 9290 9802 667 23203 19237 23689
1188 35109 35988 47841 10969 42554 19419 254 15288 10396
35877 22946 23538 18781 9221 881 35720 41044 826 24333
37860 37806 43668 14212 22373 40041 32237 51171 29649 21775
36343 19508 20301 11233 12021 25743 53139 27657 20902 25742
20540 52682 4076 50766 18734 42226 14299 36289 12515 40190
15609 11448 142 2304 8361 27193 27257 42308 14921 7998
51854 10173 46332 10287 42094 3482 19743 29862 5579 26854
45881 33676 3771 36191 10314 9710 3420 51070 2688 28158
29571 3800 34624 5427 7023 13754 23294 21284 27931 51525
16339 43212 41727 23470 23701 1710 47317 22352 18122 50408
465 26158 4306 50728 28357 38177 24015 1718 6662 31684
26065 21720 9804 46070 23551 15396 51617 50769 52273 37576
11927 31565 51465 52257 52354 42420 34201 9292 46729 49925
46301 51898 16641 29174 44775 9857 27786 16061 24018 45306
52012 26008 44124 23920 5594 22249 42628 20467 10435 34646
8479 10694 49370 35368 36465 13695 24152 12273 1179 46174
45080 38312 17519 29631 14055 15491 4210 10756 41826 51634
9706 38918 9056 26262 32203 28601 1102 24789 33661 44920
38983 31823 16605 19402 8932 4572 24391 43375 28388 18724
9639 37387 48863 18079 26003 11843 5587 42589 19368 50071
11581 27224 32507 32565 52717 22803 22632 1763 29947 895
1180 14928 42432 20008 47569 13542 7709 25012 36048 18477
38050 51655 46157 25817 20255 19471 19295 49031 12999 14422
28819 7688 16186 25922 43141 614 7101 24474 24394 31061
36119 14186 41177 39643 3089 50483 26621 8436 6135 25305
25668 39002 46984 51231 5395 844 35117 14112 47859 9957
37687 43410 7699 11541 4033 18353 37040 32252 13777 42285
11927 14133 24150 10132 28854 46729 52656 9505 43966 22940
41133 47618 17201 13134 27625 15135 16118 7408 21495 40369
5264 21416 37261 18511 25015 42794 27753 17906 7970 28731
6696 36236 20659 15359 34932 45841 46850 50483 39643 8725
1590 13225 24844 21878 4978 1589 48243 22300 19375 48941
6059 8367 44476 4165 45988 30069 49654 24006 9145 50248
14917 11302 26758 9912 2103 34669 30613 4819 41005 39858
39224 37496 6060 40302 31310 17017 2315 31031 11777 22444
11749 15658 1104 10602 12768 25517 6636 6616 49549 18941
19668 45657 30903 45590 44241 8128 3381 14314 44147 39916
44899 14641 51964 1946 42637 38778 51201 16075 24748 5346
29356 46353 36690 29988 43264 5971 564 37181 15963 1477
9494 37408 37207 45068 28301 12493 45290 9354 8237 3711
7094 15329 44086 27316 49551 25496 5852 4489 4268 4513
37937 19543 46406 11167 30470 1812 10356 42928 2201 22345
7343 10237 3947 9810 44441 43635 41645 37899 11572 16513
42189 20157 7129 14824 16521 46946 45229 15658 48416 42665
9151 32792 14024 50340 1438 16834 34785 27215 16640 24912
52884 50503 15511 32385 6165 47239 36839 18670 13498 17080
30 31094 2652 49638 24904 26676 49290 16113 28197 36009
28035 1342 4460 31792 35252 12445 7522 45678 18074 35178
33596 40922 10598 26631 41160 6471 23219 42184 45358 7211
12774 50260 14926 10166 35660 50137 50533 30636 45605 23608
5352 50975 45145 29927 5456 7986 23697 48313 28937 41042
13677 19773 27385 8753 45744 2336 42103 14821 5919 18115
47851 33816 40171 21685 22002 24298 7465 34569 40143 2752
3441 32735 48674 39477 34762 19424 42455 12176 20773 38699
25537 3839 41277 51708 51392 25595 47268 4416 42808 2206
36726 44631 13471 5300 4530 13653 6448 31593 557 24596
6155 41541 47380 49050 23820 46964 32343 28480 49553 29085
4437 12101 16791 24054 27423 12911 6568 41291 46617 23648
29478 23466 49339 5241 4460 48889 38597 28542 1071 3773
7674 42886 33339 21486 27802 20529 28602 15396 31179 5455
6544 44446 2788 29223 43894 32000 48204 34437 36550 39164
3692 35636 8797 33061 50925 31896 26010 8828 17279 16162
45835 16452 41057 40915 9567 9647 2967 19913 12132 7859
53220 27023 37249 41583 52885 41619 36189 13386 32987 45278
37805 13151 30149 25047 12836 14682 38670 51793 1952 15101
8517 2230 51709 13873 16461 51953 22080 8876 10805 43376
2194 1542 47950 27579 1885 15015 34006 4556 31167 29450
42217 37303 29225 49221 52777 43119 7719 679 26469 51739
14134 50133 526 38898 22745 6886 10714 45722 41166 49482
10178 12751 10798 25754 24334 34397 7166 38443 13341 21966
46946 5749 14824 42665 31878 48416 37850 45825 31681 14040
45544 12296 12907 30784 27691 9425 3929 46614 23857 41123
50328 30586 52932 37799 38646 38208 43293 47892 36460 12137
35889 27326 19835 44769 7344 3145 41545 11001 41149 11580
23439 5739 43643 35298 16514 46738 40911 16998 37465 50877
20157 45825 48416 31681 20567 46946 16521 27715 14040 28404
21793 46172 10353 43775 34526 7289 12901 17745 39353 48020
41799 24095 828 9326 28195 21677 49534 33174 29843 5704
27280 42149 13484 23095 3956 4533 3811 309 12829 3910
41105 751 757 8517 8876 29498 42418 31048 42168 25340
20825 24622 17607 36952 23195 44246 30758 29348 42305 15115
QPS: 524.59Peak RES memory usage: 132.15 MB
