8795 50654 3745 41013 1418 33787 52576 18733 40567 23590
20434 44618 42648 289 19489 51772 14163 44018 44614 40201
444 10353 38437 9243 41567 30097 34526 7604 12815 12901
14405 39976 41649 26388 26725 39639 8790 41162 42008 8839
13303 4345 28511 39592 36368 4434 1356 29182 26307 1688
23689 2422 41159 22845 47158 52428 4372 31615 7007 13352
50457 50904 3111 23888 44848 44785 17730 28044 52918 43781
43244 5579 28886 31244 4998 28005 32073 24050 35758 13546
19875 46544 6972 6020 40362 23255 33741 34279 18725 52166
31430 28519 25423 42857 8794 22339 9980 20566 13136 12438
18612 7132 10907 17371 11622 22448 37428 9869 16061 12414
25105 15426 4550 4377 6903 49264 10384 13433 43029 3788
44467 4483 4457 42733 22984 17500 41214 56 46909 45248
23777 13908 13796 37813 19302 45688 15596 12216 10764 2894
23131 8545 41397 12776 22740 4169 9596 11438 10764 9989
43546 32071 4131 47310 14827 136 35460 39209 10996 50518
15106 658 27080 3637 10511 381 29897 30785 15606 6576
19581 35921 40841 18437 36730 19442 7793 10274 49532 9458
4136 23512 21020 29014 18428 16179 4277 23702 584 2418
42049 2855 17374 30595 21125 53067 10662 22451 24679 46840
28767 52620 19459 7281 19535 15966 34729 16016 10842 21465
12363 20986 47698 15222 26958 16427 23593 17373 16687 3586
39249 10577 30734 14159 41447 18895 25804 50417 31530 41916
31011 41406 18209 40564 35044 40818 46961 14746 34413 22364
41143 51797 4479 12886 39798 28943 25046 34359 34398 43849
26491 11191 16112 31108 47436 34595 24337 45676 19458 39855
22584 32565 49088 17147 30271 32862 41040 39904 18480 13199
49959 44688 31576 29374 2463 40037 21089 2602 30354 37522
34673 52486 9782 17379 43943 28662 14394 11239 12050 44962
23101 41634 53128 25852 3370 2737 1249 52083 36537 3063
13524 50096 36430 41027 37986 4760 51523 52245 38223 8958
49163 30903 24465 45657 39916 44147 44241 19668 51963 14314
40593 37576 6230 42345 7840 9804 503 50769 48798 28589
8554 38636 18584 13724 37197 14363 37199 5420 8387 51768
4105 23403 43446 49641 42343 4734 11088 14054 26798 42474
1370 1685 46271 8373 30154 19663 21037 12659 17330 15467
53029 28043 48246 41553 1944 38064 5886 52362 19088 518
2768 6357 660 17565 34968 16888 16057 37601 2279 9920
15608 39396 21710 9030 45620 24721 44836 27109 5436 27218
34486 39585 16853 8303 15484 27616 52174 12913 496 16745
27273 19190 17485 16081 41114 4818 37197 28861 592 49958
42401 11978 48223 4725 22536 286 33219 25486 13890 12549
11239 34673 49086 50848 33437 52486 1521 37933 44962 19331
12569 48260 8634 918 1397 1576 24929 35766 15929 21672
45029 17028 23675 40016 13847 41059 45011 1239 35645 3216
10660 6685 25205 19471 35141 23268 34606 3310 27476 3702
18560 10114 14113 4094 2862 38441 37355 1026 1008 34391
52073 24463 33393 13768 40647 34608 38841 20616 10092 19626
48751 38689 26728 2841 11437 30532 33035 26114 45370 179
17006 53360 36562 10383 33222 33692 13334 6489 24930 339
42052 45156 21440 11077 12691 9451 22912 21268 23936 33304
30413 40887 48122 12792 7586 32737 42063 52584 46936 50736
31313 4697 28996 53080 10214 6625 33719 40485 30651 47974
43026 50292 8448 53323 27955 36415 26295 44275 49519 17949
17410 36358 36437 39021 4494 16452 6824 50300 9410 41057
44223 11145 22037 18557 15333 47989 18292 36416 31186 8257
17866 48246 35147 10745 29421 34709 25098 14102 25534 24932
3041 19264 2164 32053 39786 38662 49470 28462 9554 5011
49444 22347 11850 25343 6513 4649 33134 29105 47732 8605
20243 28694 11763 12348 12005 12493 15797 12491 464 36651
11933 20296 5321 24528 21823 36759 9688 10311 45168 42076
52578 42529 35020 1448 7175 32081 21453 44774 9104 44737
47900 11267 36091 48369 3465 33583 37856 27640 38165 9661
41858 42704 9585 7203 5870 14088 52278 19677 11064 44724
2738 28436 8261 11924 8255 11676 27122 30361 18593 45316
51525 3876 1132 34810 35242 34624 27885 21672 25243 28621
32420 19357 47461 7816 41866 31088 50628 8651 30408 5165
45773 38370 19754 25072 22782 46632 36970 37609 19758 23146
42467 44617 22897 10927 7408 5795 39108 40369 14002 47465
37155 31744 45780 26675 27137 51532 46270 18954 19606 34814
47992 25768 2500 53229 3678 15438 21597 40848 14826 15719
33910 51543 23182 29302 44518 50115 33347 36429 42100 8708
16710 41763 42043 30822 28442 14346 13507 26698 13902 11589
3217 35403 7129 15154 38170 47507 691 49869 20299 17690
28701 33098 30362 49022 48851 45848 11739 21383 30205 41333
17056 32666 4182 25590 6552 22861 22567 30222 25198 39899
3699 27307 819 43187 4394 24290 53299 46285 9112 50110
41611 37905 39634 4965 1397 38011 37513 25210 28116 34713
28885 26429 43055 25726 23451 25855 3439 46528 51894 5219
4714 25229 43811 9495 9681 29525 28375 30694 39909 36575
50664 28356 31660 20823 53049 47634 15878 36547 20906 51068
35363 31197 21778 53184 15694 35305 37949 33445 42519 29026
39107 13921 34076 47825 38350 38551 9430 45395 25983 19359
20710 23517 37948 28181 2721 49691 39597 2267 24266 44497
15425 29152 1179 10765 36577 1795 17956 49370 35097 15776
30997 30205 2264 22231 46623 43438 11739 37729 35157 9724
15142 39537 50556 7019 34893 6237 9400 46410 21468 49269
49817 26343 22235 16861 16903 52717 37902 11868 39904 37623
22623 43066 27619 19985 26775 24592 42193 24499 21789 30553
26361 27445 3348 19355 1535 45009 37055 10247 691 35783
5503 14910 29503 33464 42803 12244 5698 50349 1890 5525
19126 38195 43558 13705 38574 29983 33466 34597 18500 34578
40843 9670 25889 17980 5772 17625 13006 51132 3235 25160
277 24001 14156 43285 1680 43132 40298 32129 40515 46884
52818 49306 6675 17895 3422 27992 36864 45998 9031 25904
36892 15317 8061 25421 19183 1021 19090 29522 14073 48554
4319 29816 30970 52048 28402 41419 6498 43072 47042 24621
8786 7460 32995 11736 16641 32566 7980 9538 30065 14308
50996 41680 20324 5568 44794 10031 32364 11887 1121 23185
15493 34663 14430 53139 39882 1117 35268 45129 51033 41125
39796 17264 42414 13914 20282 28383 22040 21333 18711 30405
4614 9218 13792 36808 33044 32985 52724 10091 44003 14669
22344 2234 34805 11994 49770 13791 33421 43242 20416 13205
18458 26211 52145 49527 5012 21876 41079 41301 51673 12942
9167 43064 5379 10227 24056 5895 20002 13998 36176 51999
47446 4319 37513 41786 52807 28116 51553 11667 2905 37815
53184 35363 20263 27416 14356 4643 10989 14428 14864 21778
7572 42748 38150 38862 13313 28594 11052 16706 27034 21736
19235 23493 28606 42014 4759 423 47815 51142 19406 44517
12916 48731 5205 29971 5911 33243 50382 50817 42239 29080
23658 49846 12625 27503 51841 15274 27874 42709 8624 13409
50243 13071 53061 2777 18365 2173 12815 9965 21969 40903
36950 51245 12699 42754 22539 12698 14184 28053 33900 32848
27859 9110 2949 12214 13215 46681 25881 28237 37689 45891
12843 11946 41359 17914 41888 340 32533 6 27311 34185
50815 2274 29177 44063 20441 48002 50847 17651 46169 52055
29841 6648 33742 51182 7556 9221 41246 20069 47009 21347
14824 48416 46946 31681 44774 31878 25696 45249 43630 45825
44880 30703 13352 7555 9290 9802 667 23203 19237 23689
26956 11155 1188 21476 35109 39778 35988 47841 25438 10969
35877 22946 23538 18781 9221 881 65 35720 41044 826
37860 37806 43668 14212 22373 40041 32237 51171 29649 21775
36343 19508 29813 20301 11233 12021 25743 53139 27657 20902
26952 20540 26379 52682 18412 4076 50766 18734 42226 14299
49969 15609 11448 142 2304 8361 29675 39068 27193 27257
35685 51854 10173 46332 10287 42094 3482 19743 29862 5579
45881 33676 3771 36191 10314 9710 3420 51070 2688 29994
29571 52418 3800 34624 5427 7023 24572 13754 46754 23294
16339 43212 41727 23470 23701 1710 47317 22352 18122 50408
465 26158 4306 50728 28357 38177 24015 1718 6662 31684
26065 21720 9804 46070 23551 15396 51617 50769 52273 37576
28854 31913 14133 11927 22940 31565 51465 52257 52354 42420
46301 32995 51898 16641 29174 23613 44775 9857 27786 16061
52012 26896 26008 44124 23920 5594 22249 42628 20467 10435
8479 10694 49370 35368 36465 13695 24152 12273 1179 46174
45080 38312 49391 17519 20164 29631 14055 15491 4210 10756
19018 9706 38918 16874 9056 12158 26262 32203 28601 1102
38983 31823 3974 16605 19402 8932 4572 24391 43375 28388
9639 37387 48863 15863 47802 26457 18079 26003 11843 10161
11581 27224 32507 32565 52717 22803 22632 1763 29947 895
1180 14928 47183 41989 42432 35638 20008 45790 21706 50548
38050 51655 46157 25817 20255 19471 19295 49031 12999 14422
28819 7688 16186 25922 43141 614 7101 24474 24394 31061
36119 14186 41177 39643 3089 50483 26621 8436 6135 25305
25668 39002 46984 51231 5395 844 35117 14112 47859 9957
37687 43410 7699 11817 46871 52366 11541 7200 4033 18353
11927 14133 24150 10132 28854 46452 46729 52656 3265 9505
41133 47618 17201 13134 27625 15135 16118 7408 21495 40369
5264 21416 37261 18511 25015 42794 27753 17906 7970 28731
6696 36236 20659 15359 34932 45841 46850 50483 39643 8725
1590 13225 24844 21878 4978 1589 48243 22300 19375 48941
6059 8367 44476 4165 45988 30069 49654 24006 9145 50248
14917 19680 11302 35085 26758 29745 9912 33539 41869 189
39224 37496 6060 40302 31310 17017 2315 31031 11777 22444
11749 15658 1104 10602 12768 25517 6636 49869 6616 49549
19668 45657 30903 45590 44241 8128 3381 14314 44147 39916
44899 14641 51964 38640 1946 42637 38778 17541 40936 51201
29356 46353 36690 29988 43264 5971 564 37181 15963 1477
9494 37408 37207 45068 28301 12493 31750 45290 9354 8237
7094 15329 44086 27316 1184 49551 25496 5852 4489 4268
37937 19543 46406 11167 30470 1812 10356 48045 9487 17429
7343 10237 3947 9810 44441 43635 41645 37899 11572 16513
27445 42189 20157 7129 14824 16521 46946 45229 15658 48416
9151 32792 14024 50340 1438 16834 34785 27215 16640 24912
52884 33202 50503 2556 15511 32385 6165 17805 47239 36839
30 31094 2652 49638 24904 26676 49290 16113 32170 47463
28035 1342 4460 31792 35252 12445 7522 45678 18074 35178
33596 40922 10598 26631 41160 6471 23219 42184 45358 7211
12774 50260 14926 10166 35660 50137 50533 30636 45605 23608
5352 50975 45145 29927 25872 5456 7986 23697 48313 28937
13677 19773 27385 8753 17763 45744 2336 42103 14821 5919
47851 33816 40171 21685 22002 24298 7465 34569 40143 2752
3441 32735 48674 39477 34762 19424 42455 12176 20773 38699
25537 3839 41277 17819 51708 51392 25595 47268 4416 13528
36726 44631 13471 38729 5300 4530 13653 6448 31593 557
6155 41541 47380 49050 23820 46964 32343 28480 49553 29085
4437 12101 16791 24054 27423 12911 6568 41291 46617 23648
29478 23466 49339 5241 4460 48889 38597 12883 28542 1071
7674 42886 33339 21486 27802 47257 20529 28602 15396 31179
6544 44446 28778 2788 40370 23818 29223 43894 1223 11090
3692 35636 8797 33061 50925 31896 26010 8828 17279 16162
45835 16452 41057 40915 9567 9647 2967 19913 12132 7859
53220 35642 27023 37249 41583 52885 41619 36189 13386 32987
35320 37805 13151 30149 25047 50413 17485 12836 14682 38670
8517 2230 51709 13873 16461 51953 22080 21255 8876 10805
2194 1542 47950 27579 1885 15015 21874 34006 4556 31167
42217 26265 37303 29225 35238 22859 39225 30498 49221 44790
14134 50133 526 38898 22745 6886 10714 45722 41166 49482
10178 12751 10798 25754 24334 46779 34397 7166 44629 17971
46946 5749 14824 42665 31878 48416 37850 29335 45825 31681
45544 12296 12907 30784 27691 40847 9425 3929 46614 23857
50328 30586 52932 37799 38646 38208 43293 47892 36460 12137
35889 27326 19835 44769 7344 3145 41545 11001 41149 11580
23439 5739 43643 35298 16514 46738 40911 16998 37465 50877
20157 45825 48416 31681 20567 46946 17641 16521 395 27715
21793 46172 10353 43775 34526 7289 12901 17745 39353 48020
41799 24095 2027 11095 828 9326 28195 50752 29133 21677
27280 42149 13484 23095 3956 4533 3811 309 48762 12829
41105 751 757 8517 8876 29498 42418 31048 42168 25340
20825 24622 17607 36952 23195 44246 30758 29348 42305 15115
QPS: 529.56Peak RES memory usage: 132.15 MB
