51897 20184 37121 46618 53325 48739 38385 40653 2679 6910
22895 31154 38038
51538 24446 28573 10176 48732 37253 17203
9005 3598 40832 25593
35999 24905 30151 33098 25121 18447 15929 17393 21261 4368
32268 7195 28349 30125 6325 7618 30653 37060 32323 17439
15562 5567 22238 46130
35054 39921 33444 974 45526 43953
8676 33842 22035 43640 17446 49654 16999
23084 22137 7081 10000 49537 8462 42894
4598 41402 44943 49588 7967 8634 32897
26052 39103 46260 12821 19562 39675 52146 4187 23220 49073
1441 8736 53110 26650 16359 23194 24657 11013 23464 2077
8504 34901 40169 23047 7049 10586
28395 46643 2894 41440 5530 34480 32597 29276
3173 35760 22182 2394 42904 52741 51170 21937 14203
51796 26262 25589 40210 5314 47428 53279 48746 25103 19952
17798 18683 7914 46806 39401 44966 6968 40894 4248
13314 15860 34791 30538 32250 5804 5362 26589 8057 43940
10146
14209 39869 19562 31127 25609
5416 53059 28380 30288 38599 42963 28165
51257 47304 32403 5563 5955 37558 21003 45925
9912 27968 52220 29404 5579 9579 31415 11724 30470 35183
23626 6233 50179 44725 10674 35135 53011 50074 30690
47956 5895 32974 37624 15897
39847 42512 34453 6555 41187 14917 22345 19321 27599 10709
42067 27635 49737 6341 37678 44541 21042 12696 11205
11167 13767 11561 22777 4777
10567 12332 45846 40302 4306 15579 15172 20415 20212 10115
9796 21195 6970 33332 212 9752 9909
36093 39118 34647 11523 2250 295 41089 45543 31953
35561 14475 21278 27652 2692 1791 2559 10861 4470 32585
3867 38323 44369 6069 25510 10904 28329
29810 16818 14334 1963 13687 5818 20510 14845 48494 1428
8504 34901 40169 23047 7049 14310
30305 12138 23386 12796 10866
10344 51733 41134 43995 40992 5847 6851 51633 39355 41783
2554 33526 38856 47702 4753 33477
46072 1721 35898 29986 18667 43116 33584 32670 42727
6758 16793 34156 47007
24049 18736 44279 11614 40481 29497 39419 29315 22720
48696 11220 28207 18623 44451 10295 19619 50484
566 35013 40067 44836 23250
25260 29420 1327 44013
24452 30649 1467 42525 931 44525 36361 53234
1291 230 49004 8924 17572
13916 41546 40340 30981 21623 35712 15391 29527
6205 12550 41180 2502 50104 52359 22677 12944 16432
4669 40603 31199 29322 39501 10314
33304 27866 9033 10129 1257 22007 12685 5371 6751
45443 35550 4575
2070 5706 33283 10465 33056 32606 34839 19148 45461 18595
10994 16615 12434 41538 20162 10196
10060 5254 45500 44019 44144 52982
22771 47980 8412 2614 1101 49666 33411 41247 47680 9993
14915 26852 22864 15134 36057 10833 22551 26349 29003 49116
37236 21423 36587 39193 47395
19620 33233 881 48713 38881 6864 38508 39478 45119
49763 43146 24898 35840 2100 13984
13540 33237 12409 26076 20627 13984 20314 3134 17626
52489 51019 1360 49406 42326 8864
48223 23587 4423 32337 5726 25177 34792
4734 18257 27507 21194 33799
7388 6151 31362 19552 5985
22648 2422 51172 40813 1025 33816 20999 9266 31908 50701
7150 6906 25147 21753
43961 16889 7699
11699 35927 38691 45818 51719 3607
32401 49689 23485 7806 23044 7561 36450 49402 14295 45823
32605 46162 16661 37859 9021 49351 41257 40490
14767 28628 27152 28568 42266 36820 38678 14123
52621 7081 22137 10000 22020 8471 8462 40632 12569 36941
24594 14053 33739 37925 15604 37428 44162 5342 46901 1513
30362 35157 29924 7104 11022 8773
13425 5855 30830 38900
13807 15588 39233
48066 20103 43368 13068 23872 53191
40878 41661 19636 18294
16266 29814 52102 39219 27169 33420
19213 12166 43229 36204 5306 25682
47917 34016 11979 24636 41475 29897
15772 32686 24926 7703 46578
44544
31548 31411 1527 35459 871 28725 6707 26993
13180 46874 29342 36438 45616 3722 1073
39183 18093 36530 53275 33280 41582 4581 48763
13079 24951 20343 22147 4603 40318 34008
7390 26714 9697
22387 5614 14625 13470 11766 44732 15488 37722 1594 1639
3656 29623 41499 32131 10934 13859 7417 37937 45515
36224 31580 5261 3287 46058
50686 20341 23798 23839 10216 24713 43439 24455 27264 3813
38407 17402 7359 38654 9562 29558 22248 43494 22091 13143
4504 20726 26248 33976 9518 22499 39770
39079 18960 10875 1221 27961 29965 49611
43770 2529 12373 25672 16945 15685
24714 45554 13236 12251 4452 35434 40757 38933
21075 5419
18641 38445 11105 30360 8488 44066 50518 31292
51644 13100 1090 39345 39732 12648 31370 31379 1724 6747
52221 50723 27482 44985 5042 52387
8853 36339
44137 20996 44225 18318
48417 26624 16164 27043
17385 11223 48143 35128 38087 8273
48738 39553 18376 5196 45002 33459 51040
8964 16369 24180 31268 47748 18314 30811
2566 44532 17088 797 4550 15254
18052 11819 22122 17734 14672 1835 1756 35304 22419
46698
9337 27181 26146 16784 24006 34226 27878 38072 50384 47111
19475 40397 4901 51944 45728 5874 34547 29137
26229 46242 7997 6353 40137 41615 45333
1082 20149 50853 49634 48643
50107 18464 36592 24190 15634 14774 43513 5053
13490 779 31990 50014 37721 8479 16175
42879 685 46687 4735 29016 12665
48940 45699 32258 4450 18567
42367 22793 4436 22855 33180 15263
21888 44483 27854
7769 10001 11941
37092 39971 23652 21833
3845 21257 37358 52632 5442 40399 22015 48431 51304
27327 40685 19686 39760 50847 46960 6296 7719
49530 31358 35628 7265 35400 9315
26003 34044 44724 27437 2655 37450 23046 42565 36789 51305
49691 43023 32522 38310
12027 22024 30133 7954 8675 26237
15521 7677 28589 36246 43713
48433 30948 5917 40306 12284 31242
8331 2988 14787 6401 1883
29785 14527 53168 49239 36731 3869
506 35968 24249 48942 26755 17694
40771 12757 2657 14509 37189 42549 10139 10699 979 37814
46987
19340 45166 16144 3537
17463 31708 3807 5324 7195 1498
11122 1259 28872 32360 21301 25218 5146
10889 49525 46758 52544 11120 34980 21024 31807 315 22697
38852 9749 9054 1157 13770
16524 2336 2272 18 36113
32046 23594 2165 19592 11863
13686 22316 9418 41404 33972 25323 42128 45186 13462
38656 33071 48349 33647 35762 42309 11659 13126 14561
15208 21885 30345 22963 19171 9017 13830
8002 28835 28007 43897 39177 9619 9925 9486
28270 13919 45148
50146 4371 42974 33736 33154 30641
40630 5639 14260 32251 47017 33022 26858 43037 8304 48750
33826 27635 11378 30159 44541 21042 6341 12696 11205
33280 48763 4581 41582 22880 36530 25 5899 36689
15001 19633 16899 22080 1252
1970 5213 16117 46745 19685 21098 53280 30355 33171
27172 42978 21379 37050 37559
27912 52711 49682 31345 10153
53118 26050 35799 39363
22568 45210 7100 46098 23797 37971 13305 48057
30736 39282 50574 26699 12016
336 40314 52884 42271 21512 10884 29529
40108 6395 2132 21918 21312
33980 6560 31169 19596
17129 15964 11371 16287 37150 14414 6805 46762 43156
2646 19303 24521 35815 34156
28127 12928 42685 3529
19157 53195 19279 2845 26610 30143 33960 10544
43328 50413 40898 44286 30484
33979 50657 25444 15188 8014 10283 46671 9476 48113
20012 12667 3207 3962 3901 8972 46545 11673
25436 51391 19557 43499 2661
9418 13686 22316 33972 41404 52449 42128 13462 45186 5647
23123 17902 47869 52565 15434 2797 4487 22393 14105 18802
19768 42290 42669 16747 23921 46619 18229
53339 25515 2036 11737 17742 10119 33475 7934
21685 783 28023 3256
32469 46026 13703 48381
30595 41207 26715 30750
12924 39954 47966 11806 51724 11503 37148 42130 2565 7686
42569 49138 45500 19243 37569 14675 10060 40875
37792 49562 31133 8348 7878 18272 42743 16402
45499 48436 45080 41258 7339 33530 53108 7644 35882
35394 5283 23861 10007
38116 5024 371 7094 11940
49070 36916 12837 16458 32751 37918 18239
17625 12341 11756 45231
46670 37171 31638
21154 17744 30412 22896 11644 40613 38563 9044 33833 23061
44387 40221 45754 25919
47684 46219 11273 46132 31716 42832 13972 3172 34969 31265
25895 24953 17955 48902 12677 16691 17544 5482
2246 29765 41150
44176 9964 9586 1288 42215 18946 27276 34186 6557
5579 24147 4195 2019
7556 17753 50899 2576 15931 1844 32082 47926 14481 5407
46537 11561
17879 14369 12501 30271 44339 40995 21736 46653 23262 19803
23120 950 18284 32535 6969 36269 36225 46289 22121 14206
5614 33814 41055 13470 14625 37722 23186 7846 53069 11766
16133 25999 2534 36502 3780 46282 51321 53028 48244
7113 20439 11037 31816 45683 45144 17946 14699 47161 1683
QPS: 503.52Peak RES memory usage: 132.18 MB
