51897 48739
22895
51538 24446

33098 17393

15562
35054 974 43953
8676 33842 17446
10000 49537

4187
8736 53110 23464
34901
28395 5530
3173
26262 40210 5314 53279
17798 39401 6968 40894


14209
5416
51257 47304
9912 35183
23626 6233

39847 6555 27599
42067 6341
11167 13767
10567 12332 4306
6970
11523
14475
3867
16818 13687 5818
8504
30305
10344 40992
38856
29986 42727
34156
24049 11614
11220 28207

25260
42525 44525

13916 41546 40340

4669 40603
33304 27866

5706 33283 10465 33056

5254
22771 47980 8412 21203
22864
36587
19620
49763
12409 20627 20314
52489 51019
23587
33799
7388 6151 31362
22648 2422
6906

35927
49689 7806
32605
28628 27152 36820

14053 15604 46901
30362 35157

39233
48066 20103


12166 43229





39183 18093 53275
20343
7390
15488 32873
29623
36224

38407

39079 10875 1221

24714

11105
51644 13100 39345 12648
50723


48417
17385
48738

44532
22122
46698
26146 47111

46242
1082
36592 24190
13490 779
685
48940 45699
15263
21888

39971
3845
27327
49530 31358 35628 7265
26003

22024
15521 7677
40306

14527 49239

40771
46987

31708

10889 46758

16524
11863
13686 9418
33071 48349 35762 13126
15208 19171



40630 26858
33826 27635 11378 30159


5213 16117
37050

53118 39363


336
2132

15964 6805
24521
28127 12928
19157

15188
20012
25436 51391
33972
2797
19768 42290 23921
53339



12924 39954 47966 11806
49138 37569
8348 7878 16402

35394
5024
49070 16458
45231

21154 30412 22896 11644
45754
47684 31716 4687
25895 24953 17955

9964 9586



12501 21736
14206
5614 13470 14625 37722 7846 11766 22387
16133 3780
7113 17946
QPS: 456.97Peak RES memory usage: 132.15 MB
