51897 20184 53325 48739 2679
22895 31154
51538 24446 28573 10176

35999 24905 33098 18447 15929 17393
32268
15562
35054 974 43953
8676 33842 17446
10000 49537
41402 44943
26052 46260 39675 4187
1441 8736 53110 16359 23194 23464 2077 3401
8504 34901
28395 46643 5530 32597 29276
3173 22182 2394 52741
51796 26262 40210 5314 53279 19952 10265 28197
17798 18683 39401 6968 40894 4248
32250 8057
10146
14209 39869
5416 53059
51257 47304 32403 5563 37558
9912 52220 29404 5579 35183
23626 6233 50179 44725

39847 6555 41187 27599
42067 27635 49737 6341 44541 12696
11167 13767 11561
10567 12332 45846 40302 4306 15172 10115
9796 6970
39118 11523 295
35561 14475 1791
3867 44369 28329
29810 16818 1963 13687 5818
8504 34901
30305 12138
10344 40992 5847 39355
2554 33526 38856 4753
29986 32670 42727
16793 34156
24049 18736 11614 40481 39419
48696 11220 28207 19619 50484
566
25260 29420
24452 1467 42525 931 44525

13916 41546 40340 21623 29527

4669 40603 31199 29322 39501
33304 27866 5371
4575
2070 5706 33283 10465 33056 34839 19148

10060 5254
22771 47980 8412 1101 49666 33411 21203
14915 26852 22864 22551
37236 36587
19620 881 48713 6864 38508 39478
49763
13540 12409 26076 20627 20314 17626
52489 51019 42326
48223 23587 4423
33799
7388 6151 31362 19552
22648 2422 51172 1025 31908
7150 6906
7699
35927 51719 3607
49689 7806 12933 15576
32605 16661 41257 40490
28628 27152 36820
7081 22137 8471 12569
24594 14053 33739 15604 46901 1513
30362 35157 29924
13425
13807 39233
48066 20103 43368 13068
41661 19636
29814 52102
19213 12166 43229
47917 34016
15772 24926 7703 46578
44544
31548 871 6707
13180 36438
39183 18093 53275
13079 20343 22147
7390
22387 5614 14625 13470 11766 15488 37722 32873
3656 29623 32131 37937
36224 5261 3287
20341 23839 24455
38407 22091
4504 39770
39079 10875 1221
43770 2529 12373 25672
24714 13236 40757

11105 8488
51644 13100 1090 39345 39732 12648 31379 6747 31690
50723 27482

20996 18318
48417 27043
17385 11223 48143 38087
48738 33459
16369 30811
2566 44532 15254
11819 22122 1756
46698
9337 27181 26146 16784 47111 8396 47058
19475 40397
46242 6353
1082 49634 48643
50107 18464 36592 24190 15634 14774
13490 779 31990 50014
685
48940 45699 32258 4450
4436 22855 15263
21888

39971
3845 21257 52632 5442 40399
27327 39760 50847 46960
49530 31358 35628 7265
26003 34044 27437
43023
12027 22024 30133 7954
15521 7677
48433 30948 40306 12284
14787 1883
14527 49239 36731 3869
35968 24249
40771 10139
46987
3537
31708 3807 5324
11122 32360
10889 49525 46758
9749
16524 2336 2272 18 36113
32046 2165 11863
13686 9418 33972
38656 33071 48349 35762 42309 13126 14561
15208 21885 22963 19171 9017
28007 43897

50146 30641
40630 5639 32251 47017 33022 26858 43037
33826 27635 11378 30159
4581 36689
15001 1252
1970 5213 16117 19685 53280
37050
27912 52711 49682
53118 39363
45210 46098
50574
336 52884
40108 2132 21918
6560 31169 19596
17129 15964 6805 46762
2646 24521
28127 12928
19157 53195
43328
33979 50657 15188
20012 12667 3962 3901
25436 51391 43499
9418 13686 33972
23123 17902 47869 15434 2797
19768 42290 23921 46619 18229
53339 2036 33475
21685 28023 3256
46026 13703
30595 41207
12924 39954 47966 11806 51724 11503 42130
49138 45500 37569
49562 8348 7878 18272 16402
7644
35394 5283
38116 5024 7094
49070 36916 12837 16458
12341 45231
46670
21154 30412 22896 11644 38563
44387 45754
47684 11273 46132 31716 4687 43479
25895 24953 17955 12677

9964 9586 1288 34186 6557
4195 2019
7556 17753 14481
46537
17879 14369 12501 21736 23262
950 18284 14206
5614 13470 14625 37722 23186 7846 11766 22387 21845
16133 3780 51321
7113 20439 11037 45683 17946
QPS: 500.62Peak RES memory usage: 132.17 MB
