51897 20184 37121 53325 48739 2679
22895 31154
51538 24446 28573 10176 48732 17203
3598 40832
35999 24905 33098 25121 18447 15929 17393 21261
32268 7195 28349 6325 7618 30653 37060 13250
15562 5567 22238
35054 974 43953
8676 33842 17446 49654
10000 49537 8462 42894
41402 44943 49588 7967 8634
26052 39103 46260 12821 39675 4187 23220 49073
1441 8736 53110 26650 16359 23194 23464 2077 53306 3401
8504 34901 40169 23047 7049
28395 46643 5530 32597 29276
3173 22182 2394 52741 51170 21937
51796 26262 40210 5314 47428 53279 19952 10265 28197
17798 18683 39401 6968 40894 4248
30538 32250 5362 26589 8057 43940
10146
14209 39869 19562
5416 53059 30288
51257 47304 32403 5563 5955 37558
9912 27968 52220 29404 5579 9579 30470 35183
23626 6233 50179 44725 35135
5895 32974 37624
39847 42512 6555 41187 22345 19321 27599 10709
42067 27635 49737 6341 37678 44541 12696 11205
11167 13767 11561 22777
10567 12332 45846 40302 4306 15579 15172 20415 20212 10115
9796 21195 6970 33332 212
36093 39118 34647 11523 2250 295 31953
35561 14475 2692 1791 4470 32585
3867 38323 44369 6069 10904 28329
29810 16818 14334 1963 13687 5818 14845
8504 34901 40169 23047 7049
30305 12138 23386
10344 51733 41134 40992 5847 51633 39355 41783
2554 33526 38856 4753 33477
1721 29986 32670 42727
6758 16793 34156 47007
24049 18736 11614 40481 39419
48696 11220 28207 44451 19619 50484
566 44836
25260 29420
24452 30649 1467 42525 931 44525 36361
1291 230 49004 17572
13916 41546 40340 21623 29527
50104 16432
4669 40603 31199 29322 39501 10314
33304 27866 9033 1257 5371 6751
35550 4575
2070 5706 33283 10465 33056 34839 19148 45461
10994 10196
10060 5254 44019 44144
22771 47980 8412 2614 1101 49666 33411 9993 21203
14915 26852 22864 15134 22551 26349 29003
37236 21423 36587 47395
19620 881 48713 6864 38508 39478 45119
49763 43146 24898 13984
13540 12409 26076 20627 20314 3134 17626
52489 51019 1360 49406 42326
48223 23587 4423 32337 5726 25177
33799
7388 6151 31362 19552 5985
22648 2422 51172 1025 20999 31908 15314
7150 6906 25147 21753
43961 16889 7699
35927 45818 51719 3607
32401 49689 7806 23044 36450 49402 45823 12933 15576
32605 16661 41257 40490
14767 28628 27152 28568 36820
7081 22137 10000 22020 8471 12569
24594 14053 33739 15604 37428 5342 46901 1513
30362 35157 29924 7104
13425 30830
13807 39233
48066 20103 43368 13068
40878 41661 19636
16266 29814 52102
19213 12166 43229 36204 5306
47917 34016
15772 24926 7703 46578
44544
31548 871 28725 6707
13180 46874 36438 3722
39183 18093 53275 41582 48763
13079 20343 22147
7390 26714 9697
22387 5614 14625 13470 11766 44732 15488 37722 32873
3656 29623 41499 32131 10934 13859 7417 37937
36224 31580 5261 3287
50686 20341 23839 10216 24455
38407 17402 7359 38654 29558 22091
4504 33976 9518 39770
39079 18960 10875 1221 29965 49611
43770 2529 12373 25672
24714 45554 13236 35434 40757
21075
18641 38445 11105 8488 50518
51644 13100 1090 39345 39732 12648 31379 6747 31690
52221 50723 27482
8853
44137 20996 18318
48417 26624 27043
17385 11223 48143 38087
48738 18376 5196 45002 33459 51040
16369 31268 47748 18314 30811
2566 44532 15254
11819 22122 17734 1835 1756 22419
46698
9337 27181 26146 16784 24006 27878 47111 8396 47058
19475 40397 4901 51944 45728 5874 34547
26229 46242 7997 6353 40137 41615
1082 49634 48643
50107 18464 36592 24190 15634 14774 5053
13490 779 31990 50014 37721 16175
42879 685 4735 29016
48940 45699 32258 4450 18567
42367 4436 22855 15263
21888 27854
7769 11941
37092 39971 21833
3845 21257 52632 5442 40399 51304
27327 40685 39760 50847 46960 6296
49530 31358 35628 7265 35400 9315
26003 34044 27437 37450 23046 42565 51305
49691 43023
12027 22024 30133 7954
15521 7677
48433 30948 5917 40306 12284 31242
14787 6401 1883
29785 14527 53168 49239 36731 3869
506 35968 24249 17694
40771 14509 37189 10139 979 23860
46987
19340 45166 16144 3537
31708 3807 5324
11122 1259 32360 21301 25218
10889 49525 46758 52544 11120 34980 21024
9749 9054 1157
16524 2336 2272 18 36113
32046 2165 19592 11863
13686 22316 9418 33972 45186
38656 33071 48349 35762 42309 11659 13126 14561
15208 21885 30345 22963 19171 9017 13830
28007 43897 39177 9925
28270
50146 4371 30641
40630 5639 32251 47017 33022 26858 43037 8304
33826 27635 11378 30159 44541
48763 4581 41582 22880 36689
15001 22080 1252
1970 5213 16117 46745 19685 53280 30355 33171
37050
27912 52711 49682 31345
53118 26050 35799 39363
45210 46098 23797 37971 13305 48057
50574
336 52884 42271 10884
40108 2132 21918 21312
6560 31169 19596
17129 15964 11371 16287 6805 46762
2646 19303 24521 35815
28127 12928
19157 53195 33960 10544
43328 30484
33979 50657 25444 15188 10283 9476
20012 12667 3962 3901 46545
25436 51391 43499 2661
9418 13686 33972 52449 13462
23123 17902 47869 15434 2797 22393 14105 18802 12026
19768 42290 23921 46619 18229
53339 25515 2036 17742 33475
21685 28023 3256
32469 46026 13703 48381
30595 41207 26715 30750
12924 39954 47966 11806 51724 11503 42130
42569 49138 45500 37569 14675 40875
49562 8348 7878 18272 42743 16402
48436 41258 7339 33530 53108 7644
35394 5283
38116 5024 7094
49070 36916 12837 16458 32751 18239
17625 12341 11756 45231
46670 31638
21154 17744 30412 22896 11644 40613 38563 9044 23061 44506
44387 40221 45754
47684 46219 11273 46132 31716 42832 13972 3172 34969 31265
25895 24953 17955 12677
2246 29765
44176 9964 9586 1288 18946 34186 6557
5579 24147 4195 2019
7556 17753 1844 32082 14481
46537
17879 14369 12501 30271 21736 46653 23262
23120 950 18284 36269 46289 22121 14206
5614 33814 13470 14625 37722 23186 7846 53069 11766 22387
16133 25999 2534 3780 46282 51321 48244
7113 20439 11037 45683 17946 14699
QPS: 502.46Peak RES memory usage: 132.18 MB
