51897 20184 37121 46618 53325 48739 20551 34645 21666 38385
22895 31154 42497 27815 21954 38038 13358 7112 3782
51538 24446 28573 10176 35550 2494 48732 37253 45443 5540
49089 42415 9005 3598 40832 25593 39659 5366
35999 24905 30151 33098 2623 25121 18447 15929 5263 17393
32268 7195 28349 30125 6325 7618 30653 38679 25689 37060
15562 5567 22238 46064 46130 48097 51996 3176 44101
35054 39921 33444 13281 974 12941 45526 43953 9866 32823
8676 33842 22035 43640 17446 49654 9668 16999 28280 28188
23084 22137 7081 10000 49537 15390 8462 11218 29479 22020
4598 28691 41402 44943 25402 49588 7967 8634 5855 32897
26052 39103 46260 12821 19562 39675 52146 4187 23220 38488
1441 8736 22746 53110 26650 16359 23194 24657 11013 41542
8504 34901 40169 23047 7049 19738 4915 51899 14310 10586
28395 46643 2894 41440 5530 34480 32597 36365 18088 29276
3173 35760 22182 2394 42904 52741 19344 28728 18865 51170
51796 26262 23177 25589 9371 40210 5314 47428 53279 48746
17798 18683 7914 46806 28507 39401 26865 44966 12289 6968
7980 13314 37928 15860 34791 30538 11713 32250 5804 22450
28576 33067 35132 42405 10146 5983
14209 39869 19562 30161 4655 31127 49073 13643 25609
5416 53059 28380 42173 30288 38599 16968 42963 7928 28165
51257 47304 32403 45910 51930 5563 5955 37558 21003 15317
9912 27968 52220 29404 5579 9579 31415 45463 11724 30470
23626 6233 50179 44725 10674 35135 33635 53011 50074 30690
47956 5895 28527 32974 37624 40912 15897 6447 39601 37133
39847 42512 34453 6555 41187 45065 41603 14917 22345 19321
42067 27635 49737 6341 37678 44541 21042 12696 11205 39711
11167 13767 11561 42147 22777 4777
10567 12332 45846 40302 4306 15579 15172 20415 20212 10115
9796 21195 6970 17319 33332 16574 212 9752 9909
36093 39118 34647 15801 11523 2250 295 29930 41089 45543
35561 14475 21278 40185 3369 12568 27652 2692 11966 1791
3867 38323 44369 6069 25510 2850 11147 10904 36073 6176
29810 16818 14334 1963 13687 5818 20510 14845 34858 48494
8504 34901 40169 23047 7049 19738 51899 14310 10586
30305 12138 23386 27854 21888 14828 9319 12796 10866
10344 51733 41134 43995 40992 5847 6851 12856 51633 39355
2554 33526 38856 47702 4753 33477 8399 24607 6603
46072 1721 35898 30760 26139 29986 18667 31381 37757 43116
31338 6758 16793 37856 25804 5718 46229 34156 44782 22965
24049 18736 44279 11614 40481 29497 39419 16394 29315 50259
48696 11220 28207 18623 44451 2320 10295 9048 19619 50484
566 13491 18179 35013 40067 44836 23250
25260 29420 1327 20306 39015 43795 21271 49979 44013 6278
24452 30649 1467 28249 42525 43944 19423 931 44525 5387
1291 230 36660 36318 49004 8924 45387 17572
13916 41546 40340 30981 13993 36030 21623 49305 35712 15391
6205 12550 41180 2502 50104 52359 22677 12944 41823 16432
4669 40603 44242 23948 31199 29322 39501 10314 49549 16858
33304 27866 9033 10129 1257 9914 48529 42752 16292 22007
45443 28573 35550 24446 35316 4575
2070 5706 33283 10465 33056 32606 48088 31848 35827 29301
10994 16615 12434 41538 20162 45447 10196 50629 36770
10060 5254 21062 45500 44019 39616 44144 52395 18453 52982
22771 47980 8412 2614 1101 49666 33411 41247 12613 47680
14915 26852 22864 15134 41733 42659 36057 10833 22551 26349
37236 21423 36587 51519 1128 45777 15993 39193 10920 48239
19620 33233 881 44806 48713 38881 6864 3487 38508 39478
49763 43146 24898 8565 12409 35840 1063 2100 31187 20627
13540 33237 12409 26076 52855 20627 35840 13984 30502 20314
52489 51019 1360 49406 42326 26370 7630 8864
48223 23587 47469 4423 19833 53151 3464 32337 25145 40759
4734 18257 27507 21194 32858 21949 730 33799 13382 21501
7388 6151 31362 19552 42630 12317 5985
22648 2422 51172 21665 40813 1025 33816 20999 9266 31908
7150 6906 25147 43087 21753 8093 10273 24582
43961 19692 45433 52729 16889 3754 33035 31485 7699
11699 35927 38691 40269 19237 33789 45818 51719 3607 6247
32401 49689 23485 7806 34384 23044 7561 7460 36450 49402
32605 46162 16661 37859 9021 14154 8687 49351 41257 40490
14767 28628 27152 2327 41716 28568 42266 36820 37318 38678
52621 7081 22137 10000 15390 22020 8471 8462 40632 12569
24594 14053 33739 37925 15604 43941 37428 44162 45952 38098
30362 35157 29924 7104 11022 8773
1666 39932 13425 8369 27551 12074 5855 30830 1577 38900
13807 7833 15588 20191 52618 39233 38429 15432
48066 20103 43368 13068 23872 10178 13871 53191 24467
40878 49926 41661 19636 18294 847 41419
16266 29814 25021 52102 39219 49650 27169 14842 48272 32052
19213 12166 43229 36204 5306 25682 21598 49943 13911 3926
47917 34016 11979 24636 41475 47968 29897 17457 5058 50198
15772 32686 24926 31634 7703 15865 46578 37433
29968 19522 48131 19665 44544
31548 31411 47603 1527 35459 42874 871 26023 32338 28725
39492 13180 46874 36931 29342 36438 34564 44995 45616 3722
39183 18093 36530 53275 33280 41582 4581 5899 48763 33967
13079 24951 20343 22147 4603 40318 34008
7390 3448 26714 14452 37004 9697 16787 43443
22387 5614 14625 13470 11766 44732 53069 15488 7846 37722
3656 29623 41499 32131 10934 13859 32949 7417 37937 35413
6616 36224 32601 31580 5261 14261 7794 3287 46058
50686 20341 23798 23839 10216 24713 43439 44849 24455 28919
38407 17402 7359 38654 9562 29558 22248 43494 4887 22091
4504 20726 26248 33976 9518 28612 22499 39770 25633 5259
39079 18960 10875 1221 27393 11802 36665 27961 46293 30859
43770 2529 12373 25672 27128 16945 53081 42028 8239 37014
24714 45554 13236 45688 12251 4452 35434 40757 11406 38933
36268 21075 3766 5419 27727 53232
18641 38445 35770 37465 11105 30360 8488 25024 44066 50518
51644 13100 1090 39345 39732 12648 31370 31379 7301 1724
52221 50723 27482 19663 44985 30515 7525 5042 52387
8853 36339 33527 13875 29383 27856
44137 20996 26939 43248 9297 45320 49552 30152 44225 18318
48417 9139 48890 26624 16164 13417 27043
17385 11223 48143 35128 38087 26522 16194 38805 8273 14387
48738 39553 18376 5196 22076 12778 15985 45002 33459 51040
8964 16369 24180 31268 47748 15753 18314 32981 47480 30811
2566 44532 17088 797 43602 20675 3755 4550 15254 49211
18052 11819 22122 32367 17734 14672 1835 1756 35304 8957
46698 43771 25709 35231 3443 25881
9337 27181 26146 16784 24006 34226 27878 38072 23771 50384
19475 40397 4901 51944 45728 26296 5874 34547 20646 29137
26229 46242 7997 6353 13901 47322 40137 51818 41615 45333
1082 18517 20149 30341 50853 23107 35395 6840 17913 49634
50107 18464 36592 24190 43684 15634 7126 14774 48526 43513
13490 779 31990 50014 37721 8479 16175
42879 685 46687 4735 29016 12577 12665
48940 45699 32258 10829 45282 4450 18567 12898
42367 22793 4436 22855 33180 34857 15263 41433
21888 44483 31546 43693 12650 27854 22021
9007 7769 10001 14682 10527 19128 25971 22606 11941 29024
23200 37092 39971 23652 30392 21833 1587
3845 21257 37358 52632 5442 16825 40399 30618 22015 48431
27327 40685 19686 39760 35918 50847 46960 6296 35429 4346
49530 31358 35628 7265 35400 49647 42133 9315 52613
26003 34044 44724 27437 2655 37450 23046 42565 32126 36789
49691 43023 32522 45881 38310 40575 44322
12027 22024 30133 7954 49407 8675 43707 26237 2361 37928
15521 7677 51608 28589 36246 43713 7766 25244 10977 23907
48433 30948 5917 40306 12284 42765 36662 50841 12172 3617
8331 16013 2988 13270 14787 6401 5959 1883 39824
29785 14527 53168 49239 36731 3869
506 35968 24249 48942 26755 17694 1256 25555 46833 9783
40771 12757 2657 14509 37189 42549 24370 10139 10699 979
46987 10857 36738 53043 46880 13142 47093 45506
19340 20933 45166 35259 5645 22996 16144 28111 3537 38063
17463 31708 48815 3807 41004 32323 5324 6325 19178 12655
11122 41567 1259 28872 32360 21301 22188 25218 5146
10889 49525 46758 26285 52544 11120 26265 34980 21024 31807
38852 29056 12894 9749 9054 1157 24175 3554 13770 30936
16524 36180 2336 2272 16605 21542 18 52481 25027 7513
32046 23594 39628 2165 19592 5267 11863 12653
13686 22316 9418 41404 33972 25323 42128 52449 45186 41306
38656 33071 48349 33647 35762 42309 49724 11659 13126 14561
15208 21885 33348 30345 22963 19171 9017 23781 13830
8002 10829 28835 28007 48940 43897 39177 9619 18567 45699
28270 13919 45148 28963 29310 2895
50146 4371 18437 9965 42625 42974 33736 33154 13277 30641
40630 5639 14260 32251 47017 29344 33022 26858 43037 8304
33826 27635 11378 30159 44541 21042 6341 42067 12696 11205
33280 48763 4581 41582 22880 36530 25 5899 36689 4183
15001 19633 16899 6728 22080 1252 31785 11976 32238 1625
1970 5213 16117 46745 855 19685 21098 53280 19845 25227
497 43854 27172 42978 4589 21379 37050 21060 15810 10280
27912 52711 49682 31345 10153 14483 20672 6465
53118 26050 35799 27480 38513 39363 8366
22568 45210 7100 46098 7335 23797 36142 37971 13305 50881
30736 39282 30035 50574 46608 26699 12016 29581
336 40314 52884 42271 21512 31712 10884 50672 3361 29529
40108 6395 2132 42465 21918 21312 46308 46422 10546 5221
33980 6560 32744 21301 2776 31169 19596 31104 39075 1583
17129 15964 11371 47708 16287 37150 14414 6805 45707 46762
2646 19303 17877 16793 24521 35815 34156
28127 12928 42685 2704 35233 36860 20558 3529 6750 818
19157 53195 19279 2845 43847 26610 30143 19890 33960 10544
43328 49410 50413 49915 49643 42705 40898 44286 548 14502
33979 50657 25444 15188 8014 10283 33910 38443 46671 4149
20012 12667 18851 3207 3962 3901 25736 8972 46545 11673
25436 51391 19557 43499 2661 37682 13067 15908 366 18315
9418 13686 22316 33972 41404 52449 42128 13462 5218 45186
23123 23299 17902 47869 18035 14834 29281 52565 15434 2797
19768 42290 42669 16747 23921 10612 46619 15729 13629 18229
53339 25515 2036 11737 17742 10119 33475 13959 7934
21685 783 28023 35027 8886 3256 1329 4539 10897 18952
32469 46026 13703 48381 22223 26408 13306 6431
30595 41207 2096 26715 16962 33377 30750
12924 39954 47966 11806 51724 11503 37148 42130 2565 7686
42569 49138 45500 19243 37569 14675 10060 40875 18453 5254
37792 49562 31133 3244 32862 8348 7878 15717 18272 41260
45499 48436 42692 45080 41258 7339 33530 12500 10328 53108
35394 29843 5283 14087 2191 31316 23861 10007 5948
38116 5024 25655 371 7094 44000 11940
49070 36916 28817 12837 16458 32751 37918 18239 18893
17625 28680 12341 11756 45231 25432 24966 21990 52516 31428
46670 37171 18515 19421 31638 25248 45082 445 39046
21154 17744 30412 22896 6618 11644 52358 40613 20570 38563
19500 17667 44387 48155 40221 45754 50485 24839 47250 25919
47684 46219 11273 46132 31716 42832 13972 3172 34969 4383
25895 24953 17955 2248 48902 12677 16691 17544 5482
2246 13582 29765 11048 32932 41150 45887 23723 6556
44176 9964 9586 1288 42215 52136 18946 27276 34186 6918
5579 24147 4195 29404 2019 2586 52220 21295
7556 17753 50899 2576 36638 16795 15931 11890 1844 32082
46537 50586 11167 13767 32711 13229 11561 18835 24589 22777
17879 14369 52825 12501 30271 14939 23748 44339 40995 21736
23120 950 18284 26893 32535 6969 36269 36225 46289 22121
5614 33814 41055 13470 14625 37722 23186 7846 53069 11766
16133 25999 2534 36502 3780 44083 46282 12739 51321 53028
7113 20439 11037 31816 45683 45144 17946 14699 47161 1683
QPS: 486.34Peak RES memory usage: 132.18 MB
