18132

38175
18231 23526
15692
10587
3727
25009 21654 2082



46936 50352
13969

30606

10899
14040 32016
7014 37334


31246
34581

19234
2847 42590
45211 34261 2741 3796
48217 16049
5957
39052 28956
24867 23700 17486
10899

43376 35142
36301 14328
6181

16246
16353
14040 32016
29588 20153 1276
10128
2361
48271
48217 16049
4940

23219 7084 43475
4535
6788 29439 13934
7331
14040
43081
14373
8680
39052 28956
26677
36154 49846 24260
44796 23723
5229
2103 7564 17359 29400 8577


3994
425


20720 39086 52954 42006
22059 47164 33281
47405
21770


42858
30318 5229 36759
5957
24217 51909 27759
17089

21770 20428
47049

35348 3727

18676 42348

30071
15080 16009

44676 6416
33392 26632
141

11215




42348
17485 11754
15256

22059
212 45994
14110
32021
10821 47405
19213
20428
15491
29439 6788 43769
24260 43708 7185
37042
47164
10899
13342
17485 11754


7161
15514
1624 23788 37
6352
36031
17089
2361
36210
6698




18210 18465 14392
15785

38284
10128
1378 44699

29819
35005
967
47780 6552
29041 52895
41120 49385
11708
35600
10128
51601
35348 3727
3329 3746
8671
42348
6973

38996 20202 51909
50370 20590
14008 29041

29714
45286 8414

50352
47081
2103 7564 43842
3972

38962

23897

41359 20673
10589
3842


31148 10649
27474 52421 48956
9768

38242 8800

7507 37170 7856
12445
16009
28711 51384
32343 15925
38698
36301 14328
34676
15256

4801 15642
24867 34676

3329 3746
6181

37762
50370
QPS: 510.40Peak RES memory usage: 132.20 MB
