


18231

10587





46936
13969




32016
7014





19234

45211 2741
48217


24867



36301




32016
29588 20153
10128


48217


23219 7084

6788
7331



8680
28956


44796





425









5229
5957
24217



47049



18676




44676









17485


22059

14110



20428

43769


47164
10899
13342
17485 11754






36031



6698











29819
35005

47780
29041


35600









50370







2103
3972



23897



3842


31148






12445



38698
14328
34676


15642



6181

37762
50370
QPS: 513.67Peak RES memory usage: 132.20 MB
