

38175
18231 23526

10587

25009 2082



46936 50352
13969

30606

10899
14040 32016
7014 37334


31246
34581

19234

45211 34261 2741
48217 16049

39052 28956
24867 23700
10899

43376 35142
36301 14328
6181

16246

14040 32016
29588 20153 1276
10128

48271
48217 16049


23219 7084

6788 29439
7331

43081
14373
8680
28956
26677
36154 24260
44796

2103 7564 17359 8577



425


20720 39086 52954 42006
47164 33281
47405
21770


42858
30318 5229 36759
5957
24217 51909


21770 20428
47049

3727

18676


15080

44676









17485
15256

22059

14110
32021
10821
19213
20428
15491
6788 43769
24260
37042
47164
10899
13342
17485 11754



15514
1624

36031

2361
36210
6698




18465



10128
44699

29819
35005
967
47780 6552
29041
41120 49385
11708
35600
10128
51601




6973

20202 51909
50370 20590
14008




50352
47081
2103 7564
3972



23897


10589
3842


31148 10649
27474


8800

7507 37170 7856
12445

28711 51384
32343 15925
38698
36301 14328
34676
15256

4801 15642



6181

37762
50370
QPS: 519.51Peak RES memory usage: 132.20 MB
