

38175
18231

10587





46936
13969

30606


32016
7014



34581

19234

45211 34261 2741
48217

39052
24867
10899


36301 14328
6181

16246

14040 32016
29588 20153 1276
10128

48271
48217 16049


23219 7084

6788 29439
7331

43081
14373
8680
28956
26677
36154
44796

7564 8577



425


20720
33281
47405
21770


42858
5229 36759
5957
24217


20428
47049



18676




44676









17485
15256

22059

14110

10821
19213
20428

43769
24260
37042
47164
10899
13342
17485 11754



15514
1624

36031


36210
6698




18465






29819
35005
967
47780
29041
41120
11708
35600
10128





6973

20202 51909
50370
14008





47081
2103 7564
3972



23897



3842


31148
27474


8800

7856
12445

28711

38698
36301 14328
34676
15256

15642



6181

37762
50370
QPS: 513.22Peak RES memory usage: 132.20 MB
