52989 49589 39772 11436

22424 11359 27882
43244 19579 16684 47229 51784
49336 11493 24777 6153
22197 40674 13631 8236 12074
5052 14286
12371 18029 2878 26651
38271 20393 35982 11063
13487 8266
28363
9923 6345 37389 51844
43389 34633 44298
38203 41588 6873
47025 624 33504 31463 33592 38192 26719
26604 178 34857 22125 46653
966 28701
48598 48817
14851 13817
3883 47144
34729 24359 11674
48777 29691
2770 47434
39407 5769 36065 38458
52122 688
44074
34935 5503 21336 37794
7080 21084
5 1327 25331
4488 51597 15541 32128
8328 11762 15180
43499 29707
5709
24929 40271 6717
47940 20334 17205 12393
9309 19334 38300
17897
38536 25036 20298 10053
35966 14310 49136 12336
8308 13486 26064
20280 6330
14735 15276 5567 50043 5129
28939 2555 11461
47510 28288 38645
44944 47371 16814 1742
31053 1365 12538
17871 11523
546 22033 7165 182 16688 15143
22654 4453 31934
20154 6456 30292 24241
29068 459
25546 29064 26086 42266
2743
8932
9059 33336 6278 24066 12538
44202 12897 11573 36321
32221
9845

45784 49331 3572 43819
41366 42075 22365 35113 11207
13340 46934 13981 36906 3087
25771 18511 32763 50192
45967 291
25763 38188 43450 12303
34810 46468
36644 5842 23601 20117
47525 978
4654 6327
20608 13627
20288 43567 15249 3125 43434
1707
5188 1486 16767 7560 21737 44501 46690
37236 5061
17070
26092 12034 6348
5378 869 897 17017 6472
5672
36644
3376 20785

13540 21673 9425 15436 13622 3640
51272 22059 1398 47849 3824 46741 4694
20308
37253 38443 741
14501
12673 9228
46758 33583 16725 1544 47900 37856 8821 49996 40993
3237 31305 12447
52541 16843
25402 12074 8236 40674 13631 37403
35804 20195 2629
7901 5480
39234 20523
18573 17836 5145 233
25118 27739 3758 13383 11171 16064 44595
571 23042 6987 5672
5534 32253 34730 14376 9402 52231 28014 23304 26087 25454
52509 10369 22475 47067 47121
21232 24251 14406 33749 14277
33268
25021 9324 12006 14842 24633 42531 47447
8668
21785 49535
38475 9413 516 15673 36809
3282 4982 46560 13212
14011 40610 12325 8362 33177 1125
21857 13011 43203
4371 11297 8170 42988
6223 31921 32651
48761 9574 48330 39697
43612 8688 23805 6907 11184
41254 52324 43239 27366
18183 19378 36129 29381 11657
52011 1411 15197 27954
14569 12910
1907 43715 44832 50936
1169
48103 9019 48351
14194
51196 4371 8170 17388 11297
3376 20785
17869 32647 9387
28268 1300 16164 11261 33587 12314
2202 29302 24117 47769 40196 26142
38285 1406 4174 34711 2392

50880 14182 282 17332
18528 13958 23827
14581 24745 8869
25404 48929 38671 31348
41866 12121 25894 10528 10786 30050 23905
32077 40164 494
16460 46116 17358 68
2894 40419 12825 9812 46721 8389
7783 15032 7909
39278 39823
16239 10591
50704 40559 1881 36878
2555 30411 19362 52340 31640 23647 6286
30558 41854
31316 3198
33241 12777 350
1365
28493
17795 10910 6646
28762 45793
26913
11039 11552
43239
28460 20031
18273 7558 46088 4329
10528 26794 12121 23905 10786
49648 37869 13931 25656
50901 12338 47362
6106 50672
33197 40980
656 3469 49076 12042
46701 23081
6314
48043 30494 29583 10978
32787 17296 38014 30135
46946 26580 28404 21869 49511
7574 44768 5043 3477 18559
986 15342 46643 42234 17332 14182 22831
30474 3308 11557
35227 5409 9583
33223 15998 11832 34865 14519 2361 7980
30398 8841 26616
26372 5238 7518 39228 15462 1753 39989 10496
3765 15243
25893 39432 13379 31266 45490 8045 19383
7514 24549


31436 5311 24046

29008 36446 39793 11230
11063 48010 43452 842
5828 10234 43917
26946
45007 18732
48436 8697
37773 23847 13968
22124 2564 49120
49066 17725 18522 22487
9333 14743
21820 42 19970 26995 11034
44318 7914 40036 38455 45389 35161
7593 33741 22059 4694 3824 46544 1398 47849 24639
33730 32651 11043
7471
39135 52991 24217
52100 19706 26921 50304 14887 650
35787 40386 52822 32745 20533
19251
7665 43056 9651 22131 4651 24984
6745 13369 47459
49186 43277 29868
29601 28880 29244 5663
QPS: 489.80Peak RES memory usage: 132.20 MB
