45396 52989 49589 25677 23639 16524 40230 33529 7513 30601
51489 30536 25576 28420 33476 28406 7614 11567 32914 51708
6186 22424 1295 3956 28947 11359 27882 18687 50169 44124
43244 15480 19579 2073 43543 40775 29278 16684 47229 29794
49336 19163 11493 18257 43600 34303 36158 34248 24777 47656
22197 40674 13631 8236 25586 15749 4675 4524 12074 29687
5052 14286 22383 42451 16674 42398 12463 50858 25717 22570
7840 19471 12371 33339 33125 28683 503 18029 52970 8458
8707 38271 43452 26991 17080 20393 80 22900 4559 35982
13487 47746 29889 47160 19362 30411 35986 8266 8670 27558
11156 38035 1118 1310 28363 5629 41387 41573 15981
9923 6345 37389 33659 51844 1798 20000 28286 14379 21293
52923 2325 43389 43320 24283 23299 34633 26764 53113 15783
38203 41588 25651 36839 11430 14972 13069 52910 42421 19397
47025 624 33504 31463 34089 46944 38500 17448 33592 33673
38440 32565 5491 26604 178 23748 11868 24908 34857 22125
966 20532 28701 40271 8884 36451 52030 52525 4474 15371
49244 33769 40740 46991 24842 24844 48598 6146 51868 44370
20632 28960 31352 14851 8118 16803 15905 2007 51038 198
3883 47144 6889 6932 40727 8602 5 32172 26948 28696
34729 10697 35740 30704 35834 24359 11674 1839 27943 25343
28947 48777 29691 31184 11359 20456 4773 9644 11134 52691
2770 47434 17959 1477 33244 35221 23690 50770
51182 23594 5966 16071 38070 21347 51255 39407 19941 5769
52122 688 22206 4366 3643 27420 20732 34104 926 21001
44074 20680 25864 50112 44341 28711 43172 43926 2827 2178
48394 34935 35476 7498 14929 24010 35483 31871 23382 5503
49970 5155 7080 21084 5845 23176 46199 3019 37786 12846
5 33883 1327 40727 37043 52950 12840 6889 36871 40305
4488 51597 15541 26621 4472 34915 39855 3993 36060 53288
8328 45874 6600 11762 7690 3080 15180 34455 2289 50340
43499 8783 15908 42039 38486 19557 41196 31122 29707 39204
48667 39662 5709 4137 5710 46213 12825 25088 48404 7676
28778 34238 24929 40271 37786 14569 36833 46199 6717 12846
50890 53115 47940 24308 42876 20334 4412 18082 40195 14962
9309 10184 17660 19334 43606 38300 47293 9326 12004 53162
17897 18637 19448 5107 28641 27205 30632 8004 13806 11211
38536 25036 22078 12823 20298 37129 38512 9011 13157 10053
35966 14310 21895 49136 14883 40617 27432 31927 12336 38169
8308 47876 26761 38348 44431 43152 14590 44540 6184 13486
12293 23313 1348 1400 16484 34189 48362 20280 6330 12290
14735 15276 5567 49244 24467 50043 5129 24842 33769 20011
37722 28939 2555 28690 11766 52340 1827 13745 31640 35991
28490 47510 48101 28288 7762 38645 43146 1063 29908 19330
38182 44944 37467 30208 17555 47371 15918 45106 16814 51229
1327 12840 22771 37334 40305 5 31053 1365 33883 7100
3988 17871 5764 22755 8579 30972 11523 33097 31607 6819
546 22033 7165 182 16528 3222 16688 47179 22201 53251
26000 21875 17779 22654 6612 50001 11674 4453 4644 4466
20154 6456 30292 24241 25187 11841 42964 43820 26779 48025
29068 50911 2300 41507 5104 8294 45177 50379 21374 4712
25546 38923 29064 50911 8294 29126 13188 17947 50379 5104
23761 2743 23660 5326 2577 42632 7273 11722 18134 8621
8932 5152 11577 52989 35175 16524 25255 23887 8059 6236
25331 5 33883 28470 1327 9059 33336 37334 1514 36871
5601 44202 12897 23876 41536 10535 51468 3275 26257 17241
32221 30642 47397 32109 39937 14115 41920 2521 32521 19837
29789 9845 15131 7139 28271 15807 7354 2782 43577 36874
20428 52581 50899 25024 47686 12168 30998 28978 8488 8148
45784 49331 3572 5904 43819 17937 1663 22507 28616 9837
49309 39987 7614 41366 42075 41216 28456 22365 35113 7871
13340 46934 39290 13981 15620 36906 2343 3087 15244 31725
25771 52906 18511 32763 36004 30067 21398 15234 4561 50192
45967 291 13577 32565 27923 38440 23748 24636 20013 31876
25763 38188 10245 43450 52172 38759 965 36681 12303 41301
34810 46468 6355 36054 7912 31414 52204 41821 14266 4125
36644 39839 5842 35858 2682 5286 40131 40984 22007 23601
24630 47525 978 30149 23430 44308 49198 36752 23278 39751
4654 51033 48099 6327 7765 14429 21867 28899 42616 30474
23820 24054 20608 5648 22312 13627 25051 37628 7515 12244
20288 43567 9654 15249 482 28045 3125 43434 28582 49759
7220 38983 34670 1707 40367 7152 40798 10920 49548 29462
21932 5188 1486 34115 16767 7560 13812 21737 32415 22018
37236 12917 5061 15233 43596 22666 19402 29599 7152 49711
17070 6417 19250 23146 30860 9283 32313 23482 40802
26092 49511 34763 16246 50562 7 12034 25824 6348 34146
5378 39676 18728 869 48358 18137 20866 897 17017 6472
16063 23042 571 5672 49183 42827 31102 10666 6987 5322
35858 36644 5416 40984 5286 40131 18853 45413 40181 51918
29934 3376 8925 20785 42097 33864 20973 39162 43745 30437
42733 39639 43648 44077 20000 8938 52005 28286 44467 14379
28397 13540 19221 21673 15134 9425 37475 48960 52855 15436
51272 22059 10058 1398 47849 3824 27067 7593 46741 4694
5177 37443 20848 20308 21916 31639 8033 28103 377
16089 27592 7862 37253 38443 38347 741 31061 34423 51538
50588 29887 14501 17712 659 50918 25941 16919 40544 26067
12673 16059 22702 9228 9307 48301 38964 9057 593 6389
46758 33583 16725 1544 47900 39503 37856 20035 8821 34156
3237 31305 46150 12447 21923 37243 7877 14338 11223 32767
43715 1907 52541 31027 30364 16843 51858 10906 44832 1444
25402 2788 43309 12074 8236 28761 30830 10373 49557 40674
35804 20195 4530 45905 33430 14114 25333 27211 6378 2629
32879 20858 7901 5480 6985 41810 49991 53091 13921 22834
39234 20523 5311 24070 44307 32157 7238 11287 15651 43346
18573 17836 5145 42390 233 42412 41087 9830 9169 44334
25118 27739 30572 42039 3758 18277 13383 13343 11171 31577
571 23042 49183 6987 5672 31102 42827 10666 5322 15649
5534 52226 46974 21482 32253 34730 14376 816 52985 9402
24037 13429 18559 14612 27643 11581 9520 52509 10369 1183
21232 24251 23470 17012 40748 32068 14406 33749 34089 14277
8147 34301 1668 33609 11565 50193 5741 8363 36260 1245
25021 24474 9324 51369 3469 34418 12006 4350 18982 7243
8668 466 48719 19747 41002 26206 6846 33798 27297 45513
42678 13362 34873 1729 50913 27249 18917 21785 31248 28119
6931 38475 44275 9413 516 15673 29647 39145 36809 32568
3282 7707 19019 15940 53085 15010 4982 46560 25638 25482
45254 22247 14011 46797 43786 10870 40610 12325 8362 30964
21857 16940 13011 43203 3300 51272 47164 27367 38110 22039
4371 32245 51927 51196 50502 46797 11297 10274 45254 22247
6223 31921 7362 11043 42459 31383 11108 10652 2762 17140
40442 15117 48761 9574 28630 48330 14547 37245 16914 16827
49765 43612 8688 23805 11801 12847 11594 6907 10642 5495
41254 16785 14493 52324 43239 47604 3310 28773 19152 38150
18183 14604 19378 36129 1450 29381 15763 50898 41007 36509
34795 9259 13822 36448 50675 11357 11394 21307 52011 42028
14569 28778 12910 51516 12846 50857 49970 39873 40271 34238
1907 51858 30364 19143 1444 10249 43715 10906 33712 45647
5168 12870 44571 37736 10575 22235 27726 20610 37623 42443
48103 22404 350 31860 5596 33758 33241 13308 9019 6580
45494 31202 34557 14816 19518 14194 44200 29157 19710 19354
51196 51927 4371 8170 32245 10274 10848 17388 26213 52436
3376 20785 29934 8925 42097 33864 30437 35851 20973 32869
11223 20388 38805 17869 37721 32767 3382 32647 9387
20999 28268 24577 1300 32403 27476 16164 51172 11261 15317
20130 2202 40300 33942 29302 36351 24117 47769 11495 46766
38285 19834 5391 30072 1406 11182 4174 33520 34711 42224
46650 39503 14611 16097 20663 6666 8713 28729 107 16270
50880 40379 27430 14182 46643 51328 24977 282 12825 1066
18528 15620 13981 13958 37440 30367 15722 23827 40529 36522
14581 24745 8869 15878 20266 28962 35346 43612 27307 8688
25404 24194 19589 22751 29258 49568 5754 17962 2359 48929
41866 12121 25894 10528 10786 30050 12843 22941 18090 20611
32077 43990 29309 26120 10553 47816 40361 24659 29242 21502
16460 17161 1310 1118 46116 17358 49668 68 28363 10570
46213 2894 40419 17332 12825 9812 24093 46721 46163 31552
7783 46509 15032 7909 15666 33465 200 11307 27893 14077
27804 25015 39278 26796 39823 7630 6788 49448 45970
12343 16239 2965 2705 37021 18644 49537 10591 11968 14508
50890 14962 26156 32030 40195 18082 50704 40559 4412 17205
2555 30411 19362 28939 8670 28690 37722 52340 31640 23647
30558 24286 28658 41854 42051 52558 27778 26486 51096 9650
27694 31316 29661 13702 3198 5178 40486 31166 23791 6534
33241 12777 350 5596 22404 13308 15136 6580 48103 32860
40305 1365 22771 22811 31053 12840 4841 1327 7100 28483
3303 30729 47897 28493 13174 14117 16366 31428
32858 46748 17795 10910 6646 31130 45169 14079 2367 42354
5593 28762 43949 37425 1872 49846 22645 45793 29987 5837
26913 10061 9796 15241 11448 212 26670 34421 28465 32946
11039 25478 5 11552 15791 6815 12613 42992 20233 19442
16785 41254 14493 43239 43377 52324 28773 47604 38150 42345
28460 52161 20031 1205 50766 32157 19631 21016 22768 20290
18273 7558 51768 23013 42887 33940 14191 22105 27581 31489
52091 10528 26794 24119 12121 23905 973 10786 35447 22941
49648 26854 18703 51956 34749 48160 37869 13931 34584 31244
50901 19517 3191 16607 12338 43487 11702 15588 35786 47362
17271 12471 27687 5657 6106 48254 12333 32693 50672 33286
33197 40980 10475 13576 1348 1598 19968 52653 11957 47841
656 10648 6575 4350 3469 35824 37151 37147 29688 1728
18431 46701 26850 23081 24014 46002 18047 21991 6608 39358
6314 45146 39290 2343 48192 11975 23414 40787 13958 50965
28570 53052 48043 30494 29583 14604 41007 12695 6365 16803
32787 17296 38014 30135 14674 35957 32587 23420 11685
44774 46946 45517 26580 27156 28404 13453 21869 4307 35248
7574 44768 5043 3477 30651 26618 18559 9520 42404 1464
986 15342 24977 51328 25370 24093 23763 27430 50880 46643
30474 39774 51033 46481 52473 37272 3308 28041 20034 16759
35227 5409 5580 22113 35459 12901 1527 9583 4662 53098
33223 15998 46662 36149 11832 34865 36450 14519 2361 52479
30398 8841 33241 26616 17036 15136 48351 9019 14254 49418
26372 5238 13002 7518 43358 39228 45355 15462 1753 46021
3765 31114 46163 15243 5710 5709 31552 47423 37509 33593
25893 48583 30231 1169 20610 39432 13379 4218 3495 10477
7514 35518 28271 20527 44041 24549 11482 9845 19585 40288
12094 46107 27272 7773 31452 4123 18969 30063 39895 43745
4271 13174 28493 47897 31178 40024 30729 14117
31436 5311 24046 34159 2112 7142 20290 27570 15651 9567
49727 17624 21075 27223 30949 47871 34037 15502 5851 34219
29008 40553 36446 21379 47412 41406 20866 15561 20849 18728
23586 11063 31611 14665 48010 38271 22723 26991 43452 842
6345 42733 44467 51844 9923 44077 35752 8938 5828 1798
26946 14978 51961 32579 38779 20439 27470 35801 25385 45382
45007 26 53020 47878 41168 18732 2788 51866 45091 10373
48436 8697 41123 52982 48273 12500 16612 6461 5023 10603
5966 5769 37773 51182 39407 11122 23847 10013 1100 13968
22124 46171 1642 40422 2564 17464 7558 52601 49054 17001
49066 17725 18522 22157 48789 7916 24145 4466 46687 45531
30587 9333 48124 14743 34170 15029 4995 17018 49498 33212
47992 21820 42 19970 26995 43781 32984 6928 11034 19151
44318 7914 38113 44966 31863 40036 42224 38455 45389 1150
7593 33741 22059 4694 12871 3824 46544 51272 17137 27067
42459 1931 33730 11108 34767 32651 31383 11043 31921 10652
34352 53222 26680 39592 15847 7471 16259 17396 11776 2559
39135 52991 27149 24217 38824 50768 21253 50644 3472 42120
52100 17516 19706 35617 20786 18499 21211 17797 26921 50304
35787 40386 52822 36681 10413 2270 32745 15401 965 14352
33925 26212 40186 44978 19251 32535 18243 11599 3560 35604
41375 7665 8199 25438 43510 43056 50802 3553 9651 10023
40695 6745 13369 47459 7755 38702 12631 15673 8216 11186
22113 35459 49186 43277 29868 35227 5409 4662 9583 41824
29601 28880 29244 20531 18382 29278 43543 35405 5663 2073
QPS: 479.36Peak RES memory usage: 132.20 MB
