52989 49589 8932 39772 11436
51489 30536 25576 28420 11567
22424 11359 27882 18687 50169 31184 11134 34332 4773
43244 19579 2073 43543 40775 16684 47229 51784 21953
49336 19163 11493 18257 24777 6153
22197 40674 13631 8236 4675 12074 29687 30830 4699
5052 14286 12463 22570
7840 19471 12371 18029 52970 2878 26651
8707 38271 20393 22900 4559 35982 53027 11063
13487 29889 47160 8266 25502
28363 5629 41573
9923 6345 37389 51844 1798
2325 43389 23299 34633 44298 12944 41180 3371
38203 41588 25651 36839 11430 14972 13069 52303 6873 20651
47025 624 33504 31463 46944 33592 14865 43201 38192 23057
38440 26604 178 23748 34857 22125 46653 53258 20013 31876
966 28701 19457 7161
33769 24844 48598 51868 36611 48817
14851 15905 198 13817 5111
3883 47144 8602 31505
34729 35834 24359 11674 27943 29597
48777 29691 20456
2770 47434
51182 21347 39407 5769 10013 36065 38458
52122 688 4366
44074 43172 2178
48394 34935 35483 5503 21336 37794
49970 5155 7080 21084 12846 6116
5 33883 1327 40727 25331 7100 9059
4488 51597 15541 39855 3993 32128
8328 45874 11762 15180 2131
43499 15908 41196 29707 42206
48667 5709 4137 5710 48404
28778 34238 24929 40271 6717 46076
50890 53115 47940 24308 42876 20334 4412 17205 12393 26156
9309 10184 17660 19334 38300 12004 35186
17897 19448 8004
38536 25036 12823 20298 10053
35966 14310 49136 40617 12336 38169
8308 14590 13486 26064 38267
12293 20280 6330 11761
14735 15276 5567 50043 5129 5881
28939 2555 6286 11461
47510 28288 38645 19330 19211
44944 47371 16814 26341 1742
1327 31053 1365 7100 12538 9059
17871 5764 11523
546 22033 7165 182 16688 22201 19007 15143 22328
22654 6612 50001 4453 31934 30433
20154 6456 30292 24241 11841 52155
29068 2300 50379 459
25546 29064 50379 26086 42266
23761 2743 8621
8932 8059
25331 28470 9059 33336 37334 36871 6278 13964 24066 1145
44202 12897 11573 6072 27869 36321
32221 30642 41920 2521 1272 34112 41103
9845 7139 36874
20428 52581 25024
45784 49331 3572 43819 13872 11910
49309 41366 42075 22365 35113 11207
13340 46934 39290 13981 15620 36906 3087
25771 52906 18511 32763 21398 50192 47922 26963
45967 291 13577 24636
25763 38188 43450 52172 38759 12303
34810 46468 36054 41821 49036
36644 5842 2682 5286 22007 23601 20117
47525 978 30149 1669
4654 51033 6327
23820 20608 5648 13627 52857
20288 43567 15249 482 3125 43434 28582 26321
34670 1707 40367 10920 49548
21932 5188 1486 16767 7560 13812 21737 44501 46690 52380
37236 12917 5061 15233 32591
17070 6417 19250 30860
26092 49511 12034 6348
5378 18728 869 20866 897 17017 6472 21379
5672 37676
35858 36644 40984 40131 40181
29934 3376 8925 20785
39639 43648 8938
28397 13540 21673 9425 48960 15436 13622 3640
51272 22059 10058 1398 47849 3824 7593 46741 4694 5069
20308 31639
16089 27592 37253 38443 38347 741 34423 33210 14480 11759
50588 14501 40544
12673 9228
46758 33583 16725 1544 47900 39503 37856 8821 34156 49996
3237 31305 12447 21923 37243 32767
43715 1907 52541 16843 51858 10906 1444 20459
25402 2788 12074 8236 28761 49557 40674 25586 53020 13631
35804 20195 4530 33430 25333 6378 2629
7901 5480 6985 49991 22834 8568 51216
39234 20523
18573 17836 5145 233 9169
25118 27739 30572 42039 3758 13383 11171 13928 16064 44595
571 23042 49183 6987 5672 10666 5322
5534 52226 32253 34730 14376 9402 52231 28014 42919 26234
24037 52509 10369 24877 22475 47067 47121
21232 24251 17012 14406 33749 14277 33790 22964 3769
8147 34301 1668 33609 11565 50193 20656 47289 33268
25021 24474 9324 51369 34418 12006 10997 14842 24661 19516
8668 48719 19747 45513 12989
1729 21785 31248 2571 49535 45150 47072
6931 38475 44275 9413 516 15673 36809 18462
3282 53085 4982 46560 13212
14011 40610 12325 8362 33177 1125
21857 13011 43203 3300 22039 42545
4371 50502 11297 8170 48991 42988
6223 31921 11043 31383 11108 32651 1931 15551
40442 15117 48761 9574 28630 48330 14547 42085 11646 39697
43612 8688 23805 6907 11184 22363
41254 16785 14493 52324 43239 3310 2755 27366
18183 19378 36129 29381 50898 10978 40064 8891 11657
34795 52011 30797 1411 15197 27954 5778
14569 28778 12910 12846 50857 34238 39083
1907 30364 19143 43715 33712 44832 50936
5168 12870 44571 10575 924 1169 8036 665
48103 22404 350 33241 9019 48351 39209
14194
51196 4371 8170 17388 11297 21036
3376 20785 29934 8925
11223 17869 32647 9387
28268 24577 1300 32403 16164 51172 11261 21927 23315 36031
2202 40300 29302 24117 47769 40196 26142 41521
38285 1406 4174 33520 34711 42224 2392 50121
16097 6666
50880 27430 14182 24977 282 17332 16663 36025
18528 15620 13981 13958 23827
14581 24745 8869 28962
25404 24194 19589 29258 5754 48929 22916 44244 38671 31348
41866 12121 25894 10528 10786 30050 3030 23905
32077 43990 40164 494 38915
16460 1310 46116 17358 68 6052
2894 40419 17332 12825 9812 46721 46163 31552 31114 14182
7783 46509 15032 7909 33465 200 14077 22172 46068 25003
39278 39823 6788
16239 10591 14265 15757
50704 40559 1881 36878
2555 30411 19362 52340 31640 23647 6286 11461
30558 41854 42051 9650
27694 31316 29661 3198 40486 23791
33241 12777 350 5596 22404 13308 39209
1365 22811
3303 28493
32858 46748 17795 10910 6646 42354 9508
5593 28762 45793 24548
26913 15241 11448 212 34421 29918
11039 11552 25331
14493 43239
28460 20031 15651 48168
18273 7558 51768 42887 22105 27581 46088 4329
10528 26794 12121 23905 10786
49648 26854 37869 13931 25656 4902
50901 3191 12338 47362 9227
17271 27687 6106 48254 50672
33197 40980 10475 19968 47841
656 10648 3469 35824 12996 49076 12042
46701 26850 23081 24014 18047 21991
6314 39290 25986 34163 7915
53052 48043 30494 29583 14604 41007 6365 16803 14851 10978
32787 17296 38014 30135
46946 45517 26580 28404 21869 49511 46129
7574 44768 5043 3477 18559 6842
986 15342 24977 51328 27430 46643 42234 17332 20268 14182
30474 52473 3308 11557 22422
35227 5409 35459 9583
33223 15998 11832 34865 14519 2361 7980 24204 9055 52940
30398 8841 26616 17036 15136 49418
26372 5238 13002 7518 43358 39228 15462 1753 46021 39989
3765 15243 5709 47423 33593
25893 39432 13379 10477 31266 45490 8045 19383
7514 28271 20527 24549 9845 40288
12094 46107 18969 30063
13174 47897
31436 5311 24046 2112 7142
17624 5851 18155
29008 36446 47412 33018 3589 12300 39793 11230 18317
11063 31611 14665 48010 38271 43452 842 35982 4170 3664
6345 51844 9923 5828 1798 10234 37389 43917
26946 51961 32579 38779 25385
45007 26 18732
48436 8697 52982 48273
37773 23847 13968 36065
22124 2564 7558 49054 49120 32488
49066 17725 18522 7916 4466 22487
30587 9333 14743 15029 4297 24907
47992 21820 42 19970 26995 6928 11034
44318 7914 31863 40036 38455 45389 35161 39806 1355
7593 33741 22059 4694 3824 46544 51272 27067 1398 47849
42459 1931 33730 32651 11043
34352 7471 40735 51035 44866
39135 52991 24217 3472 9506 45176
52100 19706 18499 17797 26921 50304 14887 22514 650
35787 40386 52822 32745 20533 46284
19251 32535 18243
41375 7665 43056 3553 9651 26215 22131 4651 24984
40695 6745 13369 47459 7755 15673 8216 11186
49186 43277 29868 4662 50714
29601 28880 29244 20531 18382 5663 2073 50943 17198
QPS: 535.14Peak RES memory usage: 132.20 MB
