45396 52989 49589 25677 23639 40230 33529 7513 30601 8932
51489 30536 25576 28420 33476 28406 7614 11567 3232 6964
22424 1295 3956 28947 11359 27882 18687 50169 44124 24501
43244 15480 19579 2073 43543 40775 16684 47229 29794 40549
49336 19163 11493 18257 34303 36158 24777 47656 6153 4584
22197 40674 13631 8236 25586 15749 4675 4524 12074 29687
5052 14286 22383 42451 42398 12463 22570 3870 46456
7840 19471 12371 28683 503 18029 52970 30407 5125 11449
8707 38271 43452 26991 20393 22900 4559 35982 53027 3107
13487 47746 29889 47160 8266 27558 33748 25502 30612 487
11156 38035 1118 28363 5629 41573 15981
9923 6345 37389 33659 51844 1798 21293
2325 43389 43320 23299 34633 26764 15783 16107 44298 12944
38203 41588 25651 36839 11430 14972 13069 52910 42421 19397
47025 624 33504 31463 34089 46944 38500 33592 33673 14865
38440 32565 5491 26604 178 23748 24908 34857 22125 46653
966 20532 28701 8884 36451 52030 4474 14600 19457 2869
33769 46991 24844 48598 6146 51868 44370 29073 36611 48912
20632 14851 8118 15905 51038 198 18305 13817 4672 45827
3883 47144 8602 5 26948 31505 33295
34729 30704 35834 24359 11674 1839 27943 41585 20411 15638
48777 29691 31184 20456 4773 11134 52691
2770 47434 17959 33244 35221 23690 50770
51182 23594 5966 38070 21347 51255 39407 5769 41567 10013
52122 688 22206 4366 27420 34104 926 9683 338
44074 20680 25864 50112 28711 43172 2178
48394 34935 35476 7498 14929 24010 35483 23382 5503 21336
49970 5155 7080 21084 5845 3019 37786 12846 13774 36774
5 33883 1327 40727 12840 36871 40305 25331 28470 7100
4488 51597 15541 26621 4472 34915 39855 3993 36060 53288
8328 45874 6600 11762 7690 3080 15180 34455 2289 1082
43499 8783 15908 41196 29707 39204 42206
48667 39662 5709 4137 5710 25088 48404 34247
28778 34238 24929 40271 14569 46199 6717 12846 46076 12910
50890 53115 47940 24308 42876 20334 4412 18082 40195 14962
9309 10184 17660 19334 43606 38300 47293 9326 12004 35186
17897 18637 19448 5107 27205 30632 8004 13806 11211
38536 25036 22078 12823 20298 9011 10053 51792 3030 14756
35966 14310 21895 49136 14883 40617 12336 38169 8723
8308 47876 26761 38348 44431 43152 14590 6184 13486 30555
12293 23313 1348 1400 48362 20280 6330 47841 19968 11761
14735 15276 5567 49244 24467 50043 5129 24842 33769 20011
37722 28939 2555 28690 11766 52340 31640 8701 6286 11461
28490 47510 28288 38645 43146 1063 29908 19330 30812 53185
38182 44944 37467 30208 47371 45106 16814 35677 26341 38889
1327 12840 22771 40305 5 31053 1365 33883 7100 12538
3988 17871 5764 22755 8579 11523
546 22033 7165 182 16528 3222 16688 47179 22201 53251
26000 17779 22654 6612 50001 4453 42877 17230 31934 30433
20154 6456 30292 24241 25187 11841 42964 26779 48025 23175
29068 50911 2300 41507 5104 8294 50379 21374 4712 459
25546 38923 29064 50911 29126 13188 17947 50379 26086 42266
23761 2743 23660 7273 11722 18134 8621
8932 5152 11577 25255 23887 8059 45396 11436 45294 2136
25331 5 28470 9059 33336 37334 1514 36871 6278 31053
5601 44202 12897 23876 10535 3275 26257 11573 6072 35515
32221 30642 47397 32109 39937 14115 41920 2521 19837 1272
9845 15131 7139 7354 2782 43577 36874
20428 52581 50899 25024 12168 28978 8488 8148 12935
45784 49331 3572 5904 43819 17937 13872 50028 11910 31172
49309 7614 41366 42075 41216 28456 22365 35113 7871 27495
13340 46934 39290 13981 15620 36906 3087 15244 31725 41606
25771 52906 18511 32763 36004 30067 21398 15234 50192 17201
45967 291 13577 32565 24636 25239
25763 38188 10245 43450 52172 38759 36681 12303 41301 32839
34810 46468 6355 36054 52204 41821 25037 30997 49036 47
36644 5842 35858 2682 5286 40131 40984 22007 23601 40181
47525 978 30149 44308 49198 36752 23278 17469 36964 1669
4654 51033 6327 21867 28899 35243 21094
23820 24054 20608 5648 22312 13627 25051 7515 12244 53302
20288 43567 15249 482 28045 3125 43434 28582 49759 50493
34670 1707 40367 40798 10920 49548 2990 41699 50506
21932 5188 1486 16767 7560 13812 21737 44501 1923 46690
37236 12917 5061 15233 22666 19402 43390 3094 32591 24601
17070 6417 19250 23146 30860 32313
26092 49511 16246 50562 12034 25824 6348
5378 39676 18728 869 48358 18137 20866 897 17017 6472
16063 23042 571 5672 49183 42827 10666 6987 5322 37676
35858 36644 5416 40984 5286 40131 40181 3448 22007
29934 3376 8925 20785 42097 33864 20973 30437 35851 32204
39639 43648 20000 8938 52005 28286 14379
28397 13540 19221 21673 15134 9425 37475 48960 52855 15436
51272 22059 10058 1398 47849 3824 27067 7593 46741 4694
5177 20308 21916 31639
16089 27592 7862 37253 38443 38347 741 31061 34423 51538
50588 14501 50918 40544 26067
12673 9228 9307 48301 9057 593
46758 33583 16725 1544 47900 39503 37856 20035 8821 34156
3237 31305 46150 12447 21923 37243 7877 14338 32767 20134
43715 1907 52541 31027 30364 16843 51858 10906 44832 1444
25402 2788 43309 12074 8236 28761 10373 49557 40674 40494
35804 20195 4530 33430 14114 25333 27211 6378 2629 7897
32879 7901 5480 6985 49991 53091 13921 22834 39107 43101
39234 20523 5311 7238 43346 24542 7696
18573 17836 5145 42390 233 42412 9830 9169 44334 24211
25118 27739 30572 42039 3758 13383 13343 11171 13928 16064
571 23042 49183 6987 5672 42827 10666 5322
5534 52226 46974 32253 34730 14376 52985 9402 52231 48747
24037 13429 18559 11581 9520 52509 10369 4516 3477 305
21232 24251 17012 40748 14406 33749 14277 33790 22964 5678
8147 34301 1668 33609 11565 50193 8363 36260 20656 35657
25021 24474 9324 51369 34418 12006 18982 50486 10997 8051
8668 466 48719 19747 41002 26206 45513 16473 12989 37821
42678 1729 18917 21785 31248 28119 2571 50080 12574 49535
6931 38475 44275 9413 516 15673 29647 39145 36809 11186
3282 7707 19019 53085 15010 4982 46560 33163 8497 13212
45254 22247 14011 46797 10870 40610 12325 8362 33177 20569
21857 16940 13011 43203 3300 51272 47164 27367 38110 22039
4371 51196 50502 11297 8170 10870 14854 17388 48991 42988
6223 31921 7362 11043 42459 31383 11108 33730 32651 1931
40442 15117 48761 9574 28630 48330 14547 37245 42085 11646
49765 43612 8688 23805 11801 12847 11594 6907 10642 11184
41254 16785 14493 52324 43239 47604 3310 28773 42345 2755
18183 14604 19378 36129 29381 50898 41007 36509 13104 10978
34795 9259 13822 36448 50675 11394 52011 42028 18425 30797
14569 28778 12910 51516 12846 50857 49970 39873 40271 34238
1907 51858 30364 19143 1444 43715 10906 33712 45647 44832
5168 12870 44571 37736 10575 22235 20610 37623 42443 924
48103 22404 350 31860 5596 33758 33241 13308 9019 6580
31202 14194 19710
51196 4371 8170 17388 26213 11297 43786 46797 21036 20569
3376 20785 29934 8925 42097 33864 30437 35851 20973 32869
11223 20388 38805 17869 37721 3382 32647 9387
20999 28268 24577 1300 32403 27476 16164 51172 11261 15317
20130 2202 40300 33942 29302 36351 24117 47769 11495 46766
38285 19834 5391 30072 1406 4174 33520 34711 42224 18543
46650 16097 20663 6666 107 16270
50880 40379 27430 14182 46643 24977 282 1066 17332 34388
18528 15620 13981 13958 15722 23827 40529 1877
14581 24745 8869 15878 20266 28962 27307 10753 12791 10676
25404 24194 19589 29258 5754 17962 2359 48929 27368 22916
41866 12121 25894 10528 10786 30050 12843 18090 3030 51488
32077 43990 26120 24659 21502 40164 2071 5034 494 38915
16460 17161 1310 46116 17358 68 10570 6052
46213 2894 40419 17332 12825 9812 46721 46163 31552 31114
7783 46509 15032 7909 15666 33465 200 14077 17343 10456
27804 39278 26796 39823 7630 6788
12343 16239 37021 18644 49537 10591 11968 14265 15757
50890 14962 26156 32030 50704 40559 4412 1881 36878 18031
2555 30411 19362 28939 8670 28690 37722 52340 31640 23647
30558 24286 41854 42051 27778 51096 9650
27694 31316 29661 13702 3198 5178 40486 23791 6534 46027
33241 12777 350 5596 22404 13308 6580 48103 32860 31860
40305 1365 22811 12840 4841 1327 28344
3303 47897 28493 13174 16366 31428
32858 46748 17795 10910 6646 31130 14079 42354 9508 39618
5593 28762 43949 37425 1872 45793 30041 13114 50395 36970
26913 10061 9796 15241 11448 212 34421 32946 29918 43838
11039 25478 11552 12613 42992 25331 31553 50730
16785 41254 14493 43239 52324 28773 47604 42345 3310 32931
28460 52161 20031 1205 50766 19631 21016 31726 12109 15651
18273 7558 51768 23013 42887 33940 14191 22105 27581 31489
10528 26794 12121 23905 10786
49648 26854 18703 51956 34749 48160 37869 13931 34584 31244
50901 3191 16607 12338 15588 35786 47362 46059 15201 9227
17271 12471 27687 6106 48254 32693 50672 51909 3042 52117
33197 40980 10475 13576 19968 52653 11957 47841 27143
656 10648 6575 4350 3469 35824 37151 37147 1728 12996
18431 46701 26850 23081 24014 18047 21991 6608 32690
6314 39290 48192 11975 23414 50965 25986 34163 48888 7915
53052 48043 30494 29583 14604 41007 12695 6365 16803 8118
32787 17296 38014 30135 14674 35957 23420 11685
44774 46946 45517 26580 27156 28404 13453 21869 4307 35248
7574 44768 5043 3477 26618 18559 24999 6842 5879
986 15342 24977 51328 25370 24093 23763 27430 50880 46643
30474 39774 51033 46481 52473 3308 7190 39937 11557 44988
35227 5409 5580 22113 35459 9583 30088
33223 15998 46662 36149 11832 34865 14519 2361 7980 50842
30398 8841 26616 17036 15136 9019 14254 49418 11343 21356
26372 5238 13002 7518 43358 39228 45355 15462 1753 46021
3765 31114 46163 15243 5710 5709 31552 47423 37509 33593
25893 48583 30231 39432 13379 4218 10477 31266 50397 45490
7514 35518 28271 20527 24549 9845 19585 40288
12094 46107 27272 7773 31452 18969 30063 39895 43745 5588
13174 28493 47897 40024 14117
31436 5311 24046 34159 2112 7142 20290 27570 23409 43346
17624 5851 37678 18155
29008 40553 36446 21379 47412 20866 15561 20849 18728 43854
23586 11063 31611 14665 48010 38271 22723 26991 43452 842
6345 42733 44467 51844 9923 44077 8938 5828 1798 37232
26946 14978 51961 32579 38779 20439 25385 45382 36856
45007 26 18732 12256
48436 8697 41123 52982 48273 12500 16612
5769 37773 51182 39407 23847 10013 13968 21347 47771 36065
22124 46171 1642 40422 2564 7558 49054 49120 31791 32488
49066 17725 18522 22157 48789 7916 24145 4466 45531 22487
30587 9333 14743 34170 15029 17018 49498 48072 4297 23830
47992 21820 42 19970 26995 43781 32984 6928 11034 19151
44318 7914 38113 44966 31863 40036 38455 45389 1150 35161
7593 33741 22059 4694 12871 3824 46544 51272 17137 27067
42459 1931 33730 32651 11043 31921 6223 49581
34352 39592 7471 17396 11776 40735 50523 51035 44866
39135 52991 27149 24217 50768 50644 3472 9506 45176 41632
52100 17516 19706 20786 18499 17797 26921 50304 14887 22514
35787 40386 52822 36681 2270 32745 965 14352 20533 46284
26212 44978 19251 32535 18243 11599 3560 18907 42018 48461
41375 7665 8199 25438 43510 43056 3553 9651 10023 26215
40695 6745 13369 47459 7755 38702 12631 15673 8216 11186
35459 49186 43277 29868 35227 4662 9583 41824 50714
29601 28880 29244 20531 18382 29278 43543 5663 2073 41534
QPS: 507.80Peak RES memory usage: 132.20 MB
