52989 49589 8932 39772 11436
51489 30536 25576 11567
22424 11359 27882 18687 50169 34332
43244 19579 2073 40775 16684 47229 51784 21953
49336 11493 24777 6153
22197 40674 13631 8236 4675 12074 29687
5052 14286
7840 19471 12371 18029 52970 2878 26651
38271 20393 22900 4559 35982 11063
13487 47160 8266 25502
28363 41573
9923 6345 37389 51844 1798
43389 23299 34633 44298 12944 3371
38203 41588 11430 14972 6873
47025 624 33504 31463 46944 33592 38192 23057 26719
38440 26604 178 23748 34857 22125 46653 20013 31876
966 28701
33769 48598 48817
14851 15905 198 13817
3883 47144
34729 35834 24359 11674
48777 29691
2770 47434
51182 21347 39407 5769 10013 36065 38458
52122 688
44074
34935 35483 5503 21336 37794
7080 21084 6116
5 1327 40727 25331 7100
4488 51597 15541 39855 32128
8328 11762 15180 2131
43499 15908 41196 29707
48667 5709 48404
24929 40271 6717 46076
50890 47940 20334 4412 17205 12393 26156
9309 17660 19334 38300 35186
17897
38536 25036 20298 10053
35966 14310 49136 40617 12336
8308 13486 26064 38267
12293 20280 6330 11761
14735 15276 5567 50043 5129
28939 2555 11461
47510 28288 38645 19330
44944 47371 16814 1742
1327 31053 1365 7100 12538
17871 5764 11523
546 22033 7165 182 16688 22201 15143
22654 6612 4453 31934
20154 6456 30292 24241 11841 52155
29068 50379 459
25546 29064 50379 26086 42266
23761 2743 8621
8932
25331 9059 33336 6278 24066 12538
44202 12897 11573 6072 27869 36321
32221 30642 41920 2521 41103
9845

45784 49331 3572 43819
41366 42075 22365 35113 11207
13340 46934 39290 13981 36906 3087
25771 18511 32763 50192 26963
45967 291 13577
25763 38188 43450 52172 12303
34810 46468 36054 41821
36644 5842 5286 22007 23601 20117
47525 978 30149
4654 6327
20608 5648 13627 52857
20288 43567 15249 482 3125 43434 28582 26321
34670 1707 40367 10920
5188 1486 16767 7560 21737 44501 46690 52380
37236 12917 5061 32591
17070 6417 30860
26092 49511 12034 6348
5378 869 897 17017 6472
5672 37676
36644 40984
29934 3376 8925 20785
8938
28397 13540 21673 9425 48960 15436 13622 3640
51272 22059 10058 1398 47849 3824 46741 4694
20308
16089 27592 37253 38443 38347 741 33210 14480 11759
50588 14501
12673 9228
46758 33583 16725 1544 47900 37856 8821 34156 49996 40993
3237 31305 12447 21923 37243
43715 1907 52541 16843
25402 12074 8236 28761 40674 25586 13631 31613 37403
35804 20195 4530 33430 25333 2629
7901 5480 6985 49991 51216
39234 20523
18573 17836 5145 233 9169
25118 27739 42039 3758 13383 11171 13928 16064 44595 10593
571 23042 49183 6987 5672 10666 5322
5534 32253 34730 14376 9402 52231 28014 23304 26087 12900
52509 10369 22475 47067 47121
21232 24251 14406 33749 14277 33790 22964 3769
34301 1668 47289 33268
25021 24474 9324 51369 34418 12006 10997 14842 24661 24633
8668 12989
1729 21785 49535 47072
6931 38475 9413 516 15673 36809 18462
3282 53085 4982 46560 13212
14011 40610 12325 8362 33177 1125
21857 13011 43203
4371 11297 8170 42988
6223 31921 11043 31383 11108 32651 15551
15117 48761 9574 28630 48330 14547 11646 39697
43612 8688 23805 6907 11184 22363
41254 16785 14493 52324 43239 3310 27366
18183 19378 36129 29381 50898 8891 11657
34795 52011 1411 15197 27954 5778
14569 28778 12910 12846 34238
1907 30364 43715 44832 50936
12870 44571 10575 1169 8036
48103 22404 9019 48351 39209
14194
51196 4371 8170 17388 11297 21036
3376 20785
17869 32647 9387
28268 1300 16164 51172 11261 21927 23315 12440 33587 12314
2202 40300 29302 24117 47769 40196 26142
38285 1406 4174 33520 34711 2392
6666
50880 14182 282 17332 16663 36025
18528 15620 13981 13958 23827
14581 24745 8869
25404 24194 19589 29258 48929 22916 38671 31348
41866 12121 25894 10528 10786 30050 3030 23905
32077 40164 494 38915
16460 46116 17358 68
2894 40419 17332 12825 9812 46721 14182 8389
7783 46509 15032 7909 200 14077 46068 37088 3608
39278 39823 6788
16239 10591 14265 15757
50704 40559 1881 36878
2555 30411 19362 52340 31640 23647 6286 11461
30558 41854 42051 9650
27694 31316 29661 3198 40486
33241 12777 350 22404 39209
1365 22811
3303 28493
32858 46748 17795 10910 6646 9508
28762 45793 24548
26913 11448 212 34421 29918
11039 11552
43239
28460 20031
18273 7558 42887 22105 46088 4329
10528 26794 12121 23905 10786
49648 26854 37869 13931 25656
50901 3191 12338 47362 9227
27687 6106 48254 50672
33197 40980 19968 47841
656 3469 35824 12996 49076 12042
46701 26850 23081 18047
6314 25986 34163 7915
53052 48043 30494 29583 6365 16803 14851 10978
32787 17296 38014 30135
46946 45517 26580 28404 21869 49511
7574 44768 5043 3477 18559 6842
986 15342 51328 46643 42234 17332 20268 14182 16663 22831
30474 52473 3308 11557
35227 5409 35459 9583
33223 15998 11832 34865 14519 2361 7980
30398 8841 26616 15136
26372 5238 7518 39228 15462 1753 46021 39989 10496
3765 15243 5709
25893 39432 13379 10477 31266 45490 8045 19383
7514 28271 24549 9845 40288
12094
13174 47897
31436 5311 24046 2112
17624 5851
29008 36446 3589 39793 11230
11063 31611 48010 43452 842 3664
6345 51844 9923 5828 1798 10234 37389 43917
26946 51961 38779 25385
45007 18732
48436 8697 48273
37773 23847 13968
22124 2564 49054 49120
49066 17725 18522 7916 4466 22487
30587 9333 14743 4297
21820 42 19970 26995 11034
44318 7914 40036 38455 45389 35161 39806 1355
7593 33741 22059 4694 3824 46544 27067 1398 47849 24639
42459 1931 33730 32651 11043
34352 7471 40735
39135 52991 24217 3472 45176
52100 19706 18499 26921 50304 14887 650
35787 40386 52822 32745 20533 46284
19251 32535 18243
7665 43056 3553 9651 22131 4651 24984
40695 6745 13369 47459 7755 15673
49186 43277 29868 4662
29601 28880 29244 20531 5663 50943 17198
QPS: 494.81Peak RES memory usage: 132.20 MB
