52989 49589 25677 23639 40230 33529 7513 8932 39772 11436
51489 30536 25576 28420 33476 11567
22424 1295 3956 11359 27882 18687 50169 31184 11134 34332
43244 19579 2073 43543 40775 16684 47229 51784 21953
49336 19163 11493 18257 34303 24777 47656 6153
22197 40674 13631 8236 15749 4675 4524 12074 29687 30830
5052 14286 12463 22570 46456
7840 19471 12371 503 18029 52970 30407 2878 26651
8707 38271 20393 22900 4559 35982 53027 34516 11063
13487 47746 29889 47160 8266 25502
28363 5629 41573 15981
9923 6345 37389 51844 1798
2325 43389 43320 23299 34633 26764 15783 44298 12944 41180
38203 41588 25651 36839 11430 14972 13069 52303 6873 20651
47025 624 33504 31463 34089 46944 38500 33592 14865 43201
38440 26604 178 23748 34857 22125 46653 53258 20013 31876
966 28701 8884 19457 7161
33769 46991 24844 48598 6146 51868 29073 36611 48817 36153
14851 15905 198 13817 5111
3883 47144 8602 31505 33295
34729 35834 24359 11674 27943 15638 29597
48777 29691 20456 52691
2770 47434 17959 35221
51182 23594 38070 21347 39407 5769 41567 10013 29344 36065
52122 688 4366
44074 20680 25864 43172 2178
48394 34935 24010 35483 5503 21336 44685 37794
49970 5155 7080 21084 5845 37786 12846 6717 6116
5 33883 1327 40727 25331 7100 9059 12538
4488 51597 15541 26621 34915 39855 3993 32128 22585
8328 45874 11762 15180 2131
43499 15908 41196 29707 42206
48667 5709 4137 5710 48404
28778 34238 24929 40271 6717 46076
50890 53115 47940 24308 42876 20334 4412 17205 12393 26156
9309 10184 17660 19334 38300 9326 12004 35186 12075 5190
17897 18637 19448 5107 27205 8004
38536 25036 12823 20298 9011 10053 51792 3030
35966 14310 49136 40617 12336 38169
8308 14590 13486 26064 38267 50553 49866
12293 23313 48362 20280 6330 11761 25968
14735 15276 5567 49244 24467 50043 5129 20011 5881
28939 2555 11766 8701 6286 11461
28490 47510 28288 38645 43146 19330 30812 19211 11515 10099
44944 30208 47371 16814 26341 1742 25222
1327 22771 31053 1365 7100 12538 9059
17871 5764 8579 11523
546 22033 7165 182 16528 3222 16688 22201 53251 47989
26000 22654 6612 50001 4453 31934 30433 12148
20154 6456 30292 24241 25187 11841 52155
29068 2300 50379 4712 459
25546 29064 50911 50379 26086 42266 46572
23761 2743 23660 18134 8621
8932 23887 8059
25331 28470 9059 33336 37334 36871 6278 13964 24066 1145
44202 12897 10535 26257 11573 6072 35515 27869 36321
32221 30642 47397 32109 41920 2521 19837 1272 34112 41103
9845 15131 7139 36874
20428 52581 25024 8488
45784 49331 3572 43819 13872 50028 11910 31172
49309 41366 42075 41216 22365 35113 11207 34619
13340 46934 39290 13981 15620 36906 3087 41606 24356 30950
25771 52906 18511 32763 30067 21398 50192 17201 47922 26963
45967 291 13577 32565 24636
25763 38188 43450 52172 38759 12303 41301 32839
34810 46468 36054 41821 25037 49036
36644 5842 2682 5286 22007 23601 20117
47525 978 30149 36964 1669
4654 51033 6327
23820 20608 5648 13627 7515 52857 52556
20288 43567 15249 482 3125 43434 28582 50493 26321
34670 1707 40367 40798 10920 49548
21932 5188 1486 16767 7560 13812 21737 44501 1923 46690
37236 12917 5061 15233 32591 24601
17070 6417 19250 30860
26092 49511 12034 6348
5378 39676 18728 869 18137 20866 897 17017 6472 21379
23042 5672 10666 6987 37676
35858 36644 40984 40131 40181
29934 3376 8925 20785 42097
39639 43648 20000 8938 28286
28397 13540 21673 15134 9425 48960 15436 13622 3640
51272 22059 10058 1398 47849 3824 7593 46741 4694 5069
20308 31639
16089 27592 7862 37253 38443 38347 741 34423 33210 28546
50588 14501 40544
12673 9228 9057
46758 33583 16725 1544 47900 39503 37856 20035 8821 34156
3237 31305 46150 12447 21923 37243 7877 32767 20134
43715 1907 52541 31027 16843 51858 10906 1444 14818 20459
25402 2788 12074 8236 28761 49557 40674 25586 53020 13631
35804 20195 4530 33430 25333 27211 6378 2629
7901 5480 6985 49991 53091 22834 8568 51216 52343
39234 20523 24542
18573 17836 5145 233 9169 24211
25118 27739 30572 42039 3758 13383 13343 11171 13928 16064
571 23042 49183 6987 5672 10666 5322
5534 52226 32253 34730 14376 52985 9402 52231 28014 42919
24037 13429 11581 52509 10369 24877 22475 47067 47121
21232 24251 17012 14406 33749 14277 33790 22964 3769 46508
8147 34301 1668 33609 11565 50193 20656 47289 33268
25021 24474 9324 51369 34418 12006 10997 14842 24661 19516
8668 48719 19747 45513 12989
1729 18917 21785 31248 2571 49535 45150 47072
6931 38475 44275 9413 516 15673 36809 18462
3282 7707 53085 4982 46560 13212
14011 40610 12325 8362 33177 1125
21857 16940 13011 43203 3300 38110 22039 42545
4371 51196 50502 11297 8170 17388 48991 42988
6223 31921 11043 31383 11108 33730 32651 1931 15551
40442 15117 48761 9574 28630 48330 14547 42085 11646 38504
43612 8688 23805 11801 6907 11184 22363
41254 16785 14493 52324 43239 3310 2755 27366
18183 19378 36129 29381 50898 36509 10978 45564 40064 8891
34795 52011 30797 1411 15197 27954 5778
14569 28778 12910 12846 50857 49970 34238 5155 39083
1907 30364 19143 43715 33712 44832 50936 6693
5168 12870 44571 10575 924 1169 9720 8036 665
48103 22404 350 33758 33241 9019 48351 6698 39209
14194
51196 4371 8170 17388 26213 11297 21036 33258
3376 20785 29934 8925 33864 30437 20973 32869
11223 20388 38805 17869 32647 9387
28268 24577 1300 32403 16164 51172 11261 15317 21927 23315
2202 40300 33942 29302 36351 24117 47769 40196 26142 41521
38285 1406 4174 33520 34711 42224 2392 50121 45969
46650 16097 20663 6666 16270
50880 40379 27430 14182 24977 282 17332 16663 36025
18528 15620 13981 13958 23827
14581 24745 8869 28962 10676 31189
25404 24194 19589 29258 5754 48929 27368 22916 44244 38671
41866 12121 25894 10528 10786 30050 3030 23905
32077 43990 40164 5034 494 38915 45138
16460 1310 46116 17358 68 6052
2894 40419 17332 12825 9812 46721 46163 31552 31114 14182
7783 46509 15032 7909 15666 33465 200 14077 22172 46068
27804 39278 39823 7630 6788
16239 37021 10591 14265 15757
50890 26156 50704 40559 4412 1881 36878
2555 30411 19362 28939 52340 31640 23647 6286 11461
30558 24286 41854 42051 9650
27694 31316 29661 13702 3198 40486 23791 46027
33241 12777 350 5596 22404 13308 6580 48103 39209 48351
1365 22811
3303 28493
32858 46748 17795 10910 6646 14079 42354 9508
5593 28762 43949 45793 30041 13114 36970 24548 16285
26913 10061 15241 11448 212 34421 29918
11039 11552 42992 25331
16785 14493 43239 3310 2755
28460 52161 20031 15651 48168
18273 7558 51768 42887 33940 22105 27581 46088 4329 19646
10528 26794 12121 23905 10786
49648 26854 18703 34749 37869 13931 34584 25656 9318 4902
50901 3191 12338 35786 47362 46059 9227 32702
17271 12471 27687 6106 48254 50672 52117 21378
33197 40980 10475 19968 47841
656 10648 3469 35824 12996 49076 32095 12042
46701 26850 23081 24014 18047 21991
6314 39290 25986 34163 7915 12389
53052 48043 30494 29583 14604 41007 6365 16803 14851 10978
32787 17296 38014 30135
44774 46946 45517 26580 28404 13453 21869 4307 49511 53160
7574 44768 5043 3477 18559 6842
986 15342 24977 51328 27430 50880 46643 42234 17332 20268
30474 52473 3308 7190 39937 11557 22422
35227 5409 5580 35459 9583
33223 15998 36149 11832 34865 14519 2361 7980 38715 24204
30398 8841 26616 17036 15136 14254 49418 12777
26372 5238 13002 7518 43358 39228 15462 1753 46021 39989
3765 31114 46163 15243 5709 31552 47423 37509 33593 9812
25893 30231 39432 13379 10477 31266 50397 45490 8045 47242
7514 28271 20527 24549 9845 40288
12094 46107 31452 18969 30063 39895 5588
13174 28493 47897
31436 5311 24046 34159 2112 7142 20290
17624 5851 18155
29008 36446 47412 15561 33018 3589 12300 29977 39793 11230
11063 31611 14665 48010 38271 26991 43452 842 3129 35982
6345 51844 9923 5828 1798 10234 37389 4678 50810 43917
26946 51961 32579 38779 20439 25385 36856
45007 26 18732
48436 8697 52982 48273
5769 37773 23847 13968 47771 36065
22124 46171 40422 2564 7558 49054 49120 31791 32488
49066 17725 18522 48789 7916 4466 22487
30587 9333 14743 15029 49498 4297 24907
47992 21820 42 19970 26995 43781 32984 6928 11034 19151
44318 7914 38113 31863 40036 38455 45389 35161 39806 1355
7593 33741 22059 4694 12871 3824 46544 51272 27067 1398
42459 1931 33730 32651 11043 49581
34352 7471 40735 51035 44866
39135 52991 24217 3472 9506 45176
52100 19706 18499 17797 26921 50304 14887 22514 650
35787 40386 52822 2270 32745 965 20533 46284
19251 32535 18243 11599 18907
41375 7665 8199 43510 43056 3553 9651 26215 22131 4651
40695 6745 13369 47459 7755 15673 8216 11186
35459 49186 43277 29868 4662 9583 50714
29601 28880 29244 20531 18382 43543 5663 2073 50943 17198
QPS: 509.83Peak RES memory usage: 132.20 MB
