17238 50794 29582 13463 7837 47531 1564 21715 45836 8187
29525 28301 39394 4496 5633 9849 9459 590 10518 37986
46542 18276 1987 21412 26009 15642 7147 5079 4387 26694
36880 2387 6538 9803 32108 8073 9325 32040 36072 5398
14083 5959 13835 8963 53355 11533 8698 397 12688 26457
37850 4268 29339 27630 28338 41347 28066 17927 10584
44343 38363 1775 49563
37980 34931 26855 40849 24794 9511 35054 26672 41793 24860
12613 36209 19323 29222 867 21684 27682 45048 52504 19650
25867 9353 16159 18026 7548 6597 11662 11743 3450 42454
47660 45179 3780 4790 38896 48436 43548 6154 38138 53108
5166 33709 18094 16758 16607 35734 13999 16225 44073 7833
9501 12033 21647 26987 25446 765 8932 37309 50204 16401
16252 20050 16681 14352 12353 41586 32936 8530 7552 10284
24980 6295 52391 16093 3040 13133 28185 16477 8096 18847
3331 3668 12309 16827 26490 8682 33615 15117 5163 24642
25292 38735 29423 25795
49099 51090 11241 10854 52349 3673 18740 16587
18923 18561 38972 19835 15729 41212 3247 41205 19369 24418
564 12412 16967 12683 8147 6499 1593 43310 50193 46691
45017 362 47410 35596 10186 26749 46519 13510 15930 45616
35393 31065 30124 52130 35453 36977 51459 26464 5600 46423
32343 40311 29360 49050 41836 9292 47033 51928 10773
14173 193 44000 25859 44887 10418 41410 19638 27715 5175
29912 13119 985 50744 9297 39336 9036 50603
876 16250 48556 3216 47630 11744 5927 14269 38465 1254
9968 37158 27899 44937 53235 37274 35073 11342 3635 19908
16344 3379 11118 23412 38753 31770 14067 3606 4520 21814
38694 46993 17383 10626 36732 10008 18598 7926 9546 42653
45899 13324 13208 776 2249 15083 35581 22215 6187 565
48646 3774 24613 18538 10979 49966 33221 6509 31156 50597
14314 4497 41087 46880 45631 13504 1934 3176 48912 6329
47050 53132 11802 33380 31588 31365 40859 392 13418 34705
22354 30757 11373 8217 48232 22237 8279 51387 31045 15069
13901 15879 11882 27553 48277 42091 32346 8567 1735 6585
14372 43028 31643 12236 4412 35559 38639 15454 671 26156
5253 47590 46523 22415 33276 21263 44731 14556 2940 16139
16427 34548 47531 41960 5629 52553 8187 20988 2759 13971
28442 13507 19272 19529 16710 33845 38115 50004 43198 1258
10104 4025 31234 47886 12323 38436 28768 22772 21505 52222
15883 4818 592 9688 22455 50630 1676 2689 48367 5420
24474 12006 3911 43141 50474 34418 10997 18982 24661 706
28052 51091 46914 4475 44222 1799 14308 5848 23685 33345
135 49888 2782 37753 5088 11522 25065 23142 48300 26785
41108 989 16264 11966 43620 38829 38259 2692 42108 28028
23693 42569 34602 45500 226 42528 52160 16257 30226 40875
10396 7447 4453 42136 15002 4634 22654 33665
3529 39441 51308 7183 47979 30540 11267 5329 3890 41563
29553 51780 1640 38144 26776 38411 3001 6403
42414 35457 4460 53326 49339 24350 38989 13501 26770 19796
10786 43632 18090 48588 24346 10528 23905
11134 20562 9644 25556 18635 27614 8066 7742 28096
50649 567 23670 44882 19358 45770 36967 52230 14166 45369
16644 21690 16830 48337 37187 14023 1432 8140
20177 38006 13240 13929 12350 52582 20777 13362 25176 13427
47046 36548 8946 12411 23904 21198 26159 20619 8353 6784
45625 1895 2745 52435 41280 18294 33672 4095
28737 10600 6120 4092 23435 47910 16987 3034 14721 7751
8222 6046 14684 49614 47639 17977 2380 6244 52694 40395
50309 43367 2707 47268 3050 31838 11223 47150 3839 42423
39076 52101 37234 43348 40569 17617 53143 19335 39999 50132
45338 51182 16799 10013 48548 32046 12660 21279 14260 5769
9661 16849 49906 30935 42772 6000 17428 21960 520 43535
26955 46703 2495 21634 15843 42271 11071 28933 31342 11463
51797 7521 50938 51764 35944 10222 7464
43640 13053 1795 33823 35825 13613 15690 15350 7493
33607 23848 30988 28302 30580 50909 37211 38137 11153 46290
52977 51992 269 16669 23310 16270 24800 52723
42755 36418 11081 34095 4906 47478 35815 17277 89
4483 4634 29758 8212 26177 678 50559
39995 21892 13193 4565 16272 33941 39898 11923 33289 47091
3085 43129 14936 21091 43126 7061
28203 49826 1255 50904 7152 22469 20078 40808 23229 43937
45237 41934 23875 2153 16284 47361 28129 26900 16650 1589
33360 43310 12683 50193 6499 35808 1593 8147 25921 20590
46806 38170 46365 35706 17703 11638 9016 53153 18924 30446
32292 4346 4871 18151 27950 51287 14566 34780 33351 37016
12493 47818 24752 21608 31059 53373 31400 30164 9412 41244
14444 28578 40438 9733 46145 52096 30921 25675 790 29971
51198 41079 37110 16936 32483 50950 46426 9296 46547 32025
14255 46739 11404 32919 1887 37097 41947 38580 1912 22904
43628 868 39197 37087 25643 13644 12998 41743 24824 30652
35229 41044 37603 23538 33675 44671 14177 29859 11690 39397
4086 22060 2402 3378 23152 52019 1011
19642 26660 8199 35713 8019 10293 41851 17377 13482 12985
4365 53265 11282 47375 341 37050 23424 8309 48977 4897
22954 5554 12945 33767 20981 49231 14472 41981 16639 47492
32475 5323 38339 20494 10512 14036 36372 1658 36824 53204
52813 20507 21076 344 28481 46451 32839 38188 43450 25763
18792 33036 21796 7960 29083 29244 655 29575 654 5663
37430 10790 14626 12111 2096 26453 34216 4990 13712 45124
14337 46110 11441 48439 18521 49456 37705 9558 20365 35935
13602 20024 11546 206 48381 2787 48682
2290 26273 42469 3091 10754 31757 15224
17503 44932 12203 7780 6652 48315 12275 493 13579
35531 43102 43771 408 1173 39079 24742 12591 15265
29289 23752 19468 14411 16936 25858 37110 32025 35578 46426
45314 12216 4169 23131 48859 12445 5304 12522 13517 51366
23332 10461 1594 3593 40124 41118 35256 26629 30158 45182
8541 42875 47311 7355 11508 1734 47270 46303 52568 27585
9407 6957 26818 25066 50811 15727 44331 20780 25652 18932
11618 40254 11185 23305 50468 10466 40262 3164 50937 37103
10400 10634 32519 6584 26714 44442 28532 35189 20117
48051 8581 37728 4016 7506 40089 25523 42287 164 22773
36765 6479 12047 44108 47407 15172 10966 9353 24122 18651
31430 39682 22968 13722 53006 40536 43319 50411 9947 10831
43522 51964 41629 45820 23886 47597 3644 45633 19220 34489
30948 4635 48433 1387 34067 11691 53337 2283 14891 13081
12969 39035 41124 2650 48889 1719 48525 37024 1786 27108
10303 48705 35791 47765 30443 41270 13460 32327 14947
8904 10004 4832 42219 15824 7646 17634 2182 49795 4101
51091 14308 31792 1094 21258 23685 28052 46914 19745 17557
40519 41082 7245 25449 32791 46428 9347 39064 3828 1896
28702 8780 9911 38318 7922 23919 1649 27081 3565 29878
25177 51408 27933 38044 36067 53014 4905 749 11278
21426 8896 8888 47469 13995 14984 36162 648 41415 1081
13453 25929 29678 8305 45249 8188 28404 12767 47141 1104
40221 48155 24980 19696 13133 52391 16093 21777 14221 35034
10269 28127 45430 43303 48016 2359 11267 10837 5329 1662
21476 41381 51720 15913 38305 2851 51920 47675
14083 42177 24958 36962 5959 397 8963 12688 43562 13715
41426 12584 49932 22032 42500 5236 23954 35686 16732 13949
31849 50017 27500 30268 16122 45615 17682 51856
26657 23882 15856 35364 5090 34505 10809
32030 16411 2772 43 32806 44499 3485 38865 45381
45542 6881 14191 37578 23013 31703 28595 3672 28328 30461
3694 36299 13098 11657 15431 12530 788 18183
34810 28860 31087 28233 6053 6530
30517 3263 1923 49480 33104 6219 3678 40957 2500 37348
4499 17944 17084 28594 46080 26065 40658 4968 20255 24877
50518 14708 16099 10996 2576 12780 4456 37077 27571 51169
4835 14907 1699 47232 43973 43413 16582 49303 45143 5384
14618 27330 6024 32924 6546 19058 42602 499 27176
7868 19179 48922 22258 26524 33528 26098 35967 20194 1003
49550 10765 8367 51950 31919 26051 39717 30858 46105 8037
7496 29868 41265 41850 23571 11913 5543 6364
6088 26998 43269 12651 37836 209
15850 42688 5815 8112 9348
46141 2516 14266 5586 17361 6530
37650 18688 13456 44397 12564 13767 41762 50031 2534 46282
42883 44710 36708 46513 4477 52135 7782 9938 3684 19756
296 23030 2925 34583 2430 19285 29516 52393 43304 52854
5656 36242 31138 44108 42031 20351 10966 36765 35776 5963
24457 41045 11050 14582 51936 46392 5905
9688 15883 25334 39326 18125 17173 18355 7214 27054 51562
31087 9572 11730 34810 4962 29866 6245 11645 28860 6053
31367 34864 11917 3917 52493 44377
8222 6046 17977 49614 14684 6244 40395 47639 2380 52694
25922 38236 52956 1862 47236 47047 5018 43292 1797 41521
33895 53066 21738 24156 46923 15711 18968 47195 19377 7907
44676 7498 37003 47320 36961 45114 9930 47605 35507 6997
36765 44108 35198 12047 5918 5325 10966 6479 5656 45878
7133 41810 12948 20858 2171 2822 18043 24915 45356 18848
7907 19466 53066 1773 24156 15711 11217 17248 47195 9268
12244 29458 6597 12911 6002 22312 17537 13331 15026 42819
10012 43852 7570 48508 27826 1408 2011 34331 32200 10736
46877 18355 17173 5829 51716 3749 27054 7876 18125 8719
19738 41840 757 46964 6611 41623 17339 2053 51730 28597
18759 16513 17344 41645 10316 4198 22847 6110 30975 35914
40956 1740 6072 36704 169 2368 13296 6340 53133 27869
45172 50747 17335 43424 21459 28861 15532
18534 20811 27546 12308 52859 51067 39577 417 11822 44373
449 45237 41934 26535 2153 28551 3371 38435 12026 16284
1238 30230 1540 26147 31362 28148 22120 41516 3939 28644
3332 20743 5090 41999 16659 11114 14927 9433
48912 16982 46880 15472 45631 15279 11066 16502
52269 40314 38514 50768 27149 2495 42882 45044 31342 9730
50794 1564 28808 24538 49668 22820 40797 40593 17358 46116
11662 29382 3425 16159 20355 9799 52001 18047 17960 26850
37670 49608 2011 23984 5578 9379 10012 3710 7570
45899 13324 776 2249 15083 13208 22215 35581 6187 565
23736 46052 1611 39008 1741 17155 42932 27380 47113 17952
43091 23465 24871 5930 39997 32384 13665 960 5204 33438
5360 48405 38127 4741 9780 2261 9653 12065 4498 21967
2186 23998 27912 9764 35163 52711 2693 6826 15877 7179
17415 17963 7637 7984 24936 21656 42461
40927 16354 9392 19689 49454 28664 8031 19300 13076 7536
47466 33813 16392 23790 10811 21318 445 33510 14376 26897
6471 3456 12343 23084 2965 11218 12938 39096 10275 49794
42238 2201 504 10898 23876 38781 45619 348 50158 40153
10993 45018 15603 5723 4925 36479 7955 38378 7492 31197
12468 37278 10272 13001 6754 25736
21485 40418 13689 12034 42071 4618 23607 34330 46713
28477 8827 8764 38437 2777 16405 37934 52409 9709 26440
21164 1360 2453 1049 25262 42997 26961 11738 25135 8630
21051 34776 16724 45470 30030 46557 26185
11218 33720 12938 12583 34891 11968 12343 25355 4019 38450
1939 19435 2849 45010 14315 8589 323
15392 16299 28623 5721 19897 21344 9964 44809 50841 4151
3937 8840 22064 15223 38193 9817 18405 40481 12424 11527
36263 47007 32663 16916 39012 25726 705 37290 39652 19652
5038 14132 5941 26159 19737 41936 13084 32385 21890 49001
18430 18568 27178 11069 17273 21754 14523 42792 4292 9409
38320 13999 16607 12338 16617 26845 42043 46337 9134 10923
17927 37850 41347 10584 28066 51754 27630 20571
41790 51785 36073 26613 40880 1044 50091 3867 4327 38323
24085 25361 24522 31046 23741 26976 10990 6986 12175 15913
10013 21279 48548 16799 51182 12660 32046 18504 5769 2776
39475 30167 3280 15902 41481 3090 15117 3614 26267
39391 51456 35253 18282 31635 45879 12603 8141 6255 47010
QPS: 489.21Peak RES memory usage: 132.20 MB
