17238 29582 13463 7837 47531 21715 45836 8187 8710 28363
29525 28301 39394 4496 5633 9849 9459 590 10518 32211
18276 21412 26009 15642 7147 4387 26694 7519 44867 38904
36880 2387 6538 9803 32108 8073 9325 32040 36072 5398
14083 5959 13835 11533 8698 12688 26457 32337 31645
37850 4268 29339 27630 41347 28066 17927 10584
44343 38363 1775
37980 34931 26855 40849 24794 9511 35054 26672 41793 24860
36209 19323 29222 867 21684 27682 45048 52504 19650 3970
25867 9353 16159 18026 7548 6597 11662 11743 3450 42454
47660 45179 3780 4790 38896 48436 43548 6154 38138 53108
5166 33709 18094 16758 35734 16225 44073 7833 3191 11848
12033 21647 8932 42204
16252 16681 14352 12353 41586 32936 8530 7552 10284 9738
24980 6295 52391 16093 13133 28185 16477 8096 35838 47672
3331 3668 12309 16827 26490 8682 33615 15117 5163 24642
25292 38735 29423 25795
51090 10854 16587
18923 18561 38972 19835 15729 3247 41205 19369 24418 82
564 12412 16967 46691
45017 362 47410 35596 26749 46519 13510 15930 33319
31065 30124 52130 35453 36977 26464 46423 52217 2246 17706
32343 40311 29360 49050 9292 47033 51928
14173 193 44000 25859 44887 41410 19638 27715 52576 2061
13119 50744 9297 39336 50603
876 16250
9968 27899 44937 53235 35073 19908 5630 8113 52364 10606
16344 3379 11118 23412 38753 31770 14067 4520 21814 10360
38694 17383 10626 36732 10008 18598 7926 9546 42653 29330
45899 13324 13208 776 15083 35581 6187 565 20193 11953
48646 18538 10979 49966 6509 31156 231
14314 4497 41087 46880 45631 13504 48912 6329 17836
47050 53132 11802 33380 31588 31365 392 13418 34705 40534
30757 11373 8217 48232 31045 15069 8758 6096 6973
13901 15879 11882 48277 42091 32346 8567 1735
14372 43028 31643 4412 38639 671 26156 5116 4811 8165
5253 47590 46523 33276 21263 44731 8860
16427 34548 47531 5629 8187 2759 13971
28442 13507 19272 19529 16710 33845 38115 50004 43198 348
10104 31234 47886 12323 38436 28768 22772 21505 52222 40584
4818 592 22455 50630 1676 2689 48367 5420 6231 22701
12006 3911 50474 18982 706
28052 51091 46914 4475 1799 14308 5848 23685 9966 22588
135 49888 2782 37753 5088 11522 25065 48300 26785 36873
41108 989 16264 11966 43620 38829 38259 42108 28028 12568
23693 45500 226 42528 52160 16257 45050 9421 19683 40934
10396 7447 4453 42136 4634 22654 33665
3529 39441 51308 7183 47979 30540 11267 5329 3890 41563
29553 51780 1640 38144 38411 3001
42414 35457 4460 53326 24350 38989 13501 26770 19796 52862
43632 18090 48588 24346 10528
20562 9644 27614 8066 7742 28096
50649 567 23670 44882 19358 36967 52230 14166 17124 238
16644 21690 16830 48337 14023
20177 13240 13929 12350 52582 20777 13362 13427 37038 24208
47046 36548 8946 23904 21198 26159 8353 6784 49001 38422
45625 1895 2745 52435 41280 18294 33672
28737 6120 4092 23435 16987 3034 14721 7751 7992 21489
8222 6046 14684 47639 17977 2380 6244 52694 40395 42509
50309 43367 2707 47268 31838 11223 3839 42423
39076 52101 37234 43348 40569 17617 53143 39999
45338 51182 16799 10013 48548 32046 12660 21279 14260 5769
9661 49906 42772 6000 520 43535 4158 10760 3326
26955 46703 2495 21634 15843 42271 11071 28933 31342 5454
51797 7521 50938 51764
43640 13053 1795 33823 35825 13613 7493
33607 23848 30988 30580 50909 37211 11153 46821 76 22925
52977 269 23310 16270 52723
42755 36418 11081 34095 47478 35815 17277 89
4483 4634 29758 8212 50559
39995 21892 13193 4565 16272 39898 11923 33289 12019 15103
3085 43129 21091 43126
49826 1255 50904 22469 20078 40808 23229 43937 25132 40179
45237 41934 2153 16284 28129 26900 16650 1589 10426 44332
33360 12683 35808 1593 25921 20590
46806 38170 46365 35706 11638 9016 4248
4346 4871 14566 34780 33351 37016 21663 32732 1394 32790
12493 24752 30164 41244 3566 14953
14444 28578 40438 9733 46145 52096 30921 25675 790
51198 41079 16936 32483 50950 9296 46547 42200
14255 46739 11404 32919 1887 1912 20795 19219 44158 46155
43628 868 39197 37087 25643 13644 41743 24824 30652 32696
35229 41044 37603 23538 33675 44671 14177 29859 11690 42568
4086 22060 2402 52019 1011
19642 26660 8199 35713 8019 10293 41851 17377 13482 48677
4365 53265 11282 341 23424 8309 48977 4897
22954 5554 12945 33767 20981 49231 14472 16639 47492
32475 5323 38339 20494 10512 14036 36372 1658 36824 30217
52813 20507 21076 344 28481 46451 32839 38188 43450 25763
18792 33036 21796 7960 29244 655 29575 5663 37328 42088
37430 10790 14626 12111 2096 26453 34216 4990 13712 3505
14337 46110 11441 48439 49456 9558
13602 20024 11546 206 48381 2787
2290 26273 42469 3091 10754 31757
17503 44932 12203 7780 6652 48315 12275 493 13579
35531 43102 43771 408 1173 39079 12591 15265
29289 23752 19468 14411 16936 25858 37110 32025 35578 46426
45314 12216 4169 23131 48859 12445 5304 12522 13517 51366
23332 10461 1594 3593 40124 41118 35256 6286 17584 32222
8541 42875 47311 11508 1734 47270 46303 52568 27585
9407 6957 25066 44331 20780 25652
11618 40254 11185 23305 50468 10466 3164 50937 37103 52488
10400 10634 44442 28532 20117
48051 4016 40089 25523 42287 164 11414
36765 6479 12047 44108 47407 15172 10966 9353 24122 11275
31430 39682 22968 13722 53006 40536 50411 9947 10831 6594
43522 51964 45820 23886 47597 3644 45633 19220 34489
30948 4635 48433 1387 34067 11691 53337 2283 14891 13081
12969 39035 41124 2650 48889 1719 48525 37024 1786 10876
10303 35791 47765 30443 41270 32327 14947
8904 10004 4832 42219 15824 2182 49795 4101 42778
51091 14308 31792 23685 28052 46914 19745 17557 4560 24565
40519 41082 7245 25449 32791 46428 9347 39064 3828 1896
28702 8780 9911 38318 7922 23919 1649 27081 3565 5788
25177 51408 38044 53014 749
21426 8896 47469 13995 14984 36162 648 41415 1081 50554
13453 25929 29678 12767 47141 23893 4307
48155 24980 19696 13133 52391 16093 21777 14221
10269 28127 45430 43303 48016 2359 10837 1662 22751 15841
21476 41381 51720 38305
14083 42177 24958 36962 5959 397 8963 12688 13715
41426 12584 49932 22032 5236 35686 13949
31849 50017 30268 16122 45615 51856
23882 15856 5090 34505 10809
32030 16411 2772 32806 3485 38865 45381
45542 6881 14191 23013 28595 3672 28328 30461 4727 51213
3694 36299 13098 11657 12530 788 18183
34810 28860 31087 28233 6053
30517 3263 1923 49480 3678 40957 42259 26510
4499 17944 46080 40658 20255
50518 14708 16099 10996 2576 12780 4456 37077 27571 51169
4835 14907 1699 47232 43973 16582 45143 5384 30252 47243
14618 27330 6024 32924 6546 19058 42602 499 27176
7868 19179 48922 22258 26524 33528 26098 35967 20194 1003
49550 10765 31919 26051 39717 46105 8037
7496 29868 41265 41850 23571 11913 5543 6364
6088 26998 43269 12651 37836 209
15850 42688 5815 8112 9348
46141 17361
37650 18688 13456 44397 12564 13767 41762 50031 2534 46282
42883 44710 36708 46513 34308 25518 6697
296 23030 2925 29516 12966 26566 14014 45980 14895
44108 42031 20351 10966 36765 12227 1771 6597 7777 30390
24457 41045 14582 51936 46392 5905
9688 15883 25334 39326 18125 17173 18355 27054 8719 7876
31087 9572 11730 4962 29866 11645 28860 6053 44179
31367 34864 11917 44377
8222 6046 17977 14684 6244 40395 47639 2380 52694 42509
25922 38236 52956 1862 47236 43292 1797 50648 1894
33895 53066 24156 15711 47195 7907 17248 36535 19466 1773
44676 7498 37003 47320 36961 45114 9930 47605 50513
36765 44108 35198 12047 5918 5325 10966 6479 5656 45878
7133 20858 2171 2822 18043 45356 18848 8568 25948 2956
7907 19466 53066 1773 24156 15711 11217 17248 47195 9268
12244 6597 12911 6002 22312 17537 13331 15026 10891 3425
10012 43852 7570 48508 1408 2011 34331 10736 27731
18355 17173 5829 3749 27054 18125 8719 13617 3944
19738 41840 757 6611 41623 17339 2053 51730 28597 19326
18759 16513 17344 41645 10316 22847 30975 35914 45095 42241
40956 1740 36704 169 2368 13296 6340
50747 17335 43424 21459 28861 15532
18534 20811 27546 12308 52859 51067 39577 44373
449 45237 41934 26535 2153 3371 38435 12026 16284 2797
1238 30230 1540 26147 28148 22120 41516 3939 28644 2622
3332 20743 5090 41999 16659 11114 14927
48912 16982 46880 15472 45631 16502
52269 40314 38514 50768 27149 2495 42882 45044 9730 7964
50794 1564 28808 24538 49668 22820 40797 40593
11662 29382 3425 16159 20355 9799 52001 18047 17960 26850
37670 49608 23984 5578 9379 3710 7570
45899 13324 776 15083 13208 22215 6187 565 45801 20193
23736 46052 1611 39008 1741 17155 42932 47113 17952 25127
43091 23465 24871 5930 39997 32384 960 33438
48405 38127 4741 9780 4498 46595
2186 23998 9764 2693 6826 15877 7179 33513 23964 20672
17415 17963 7637 7984 24936 42461
40927 16354 9392 19689 49454 28664 19300 13076 7536 24095
47466 33813 16392 23790 10811 21318 445 33510 14376 26897
6471 3456 12343 23084 2965 11218 39096 10275 49794 43223
42238 2201 504 10898 38781 45619 348 40153 20637 5659
10993 45018 15603 5723 36479 7955 31197
12468 37278 10272 13001 6754
21485 40418 13689 12034 42071 4618 23607 34330 46713
16405 37934 26440
21164 2453 1049 42997 26961 11738 25135 12125
21051 34776 16724 30030 46557
11218 33720 12938 12583 34891 11968 25355 4019 38450 27881
1939 19435 2849 14315 8589
15392 16299 28623 5721 19897 9964 44809 50841 4151 28021
3937 8840 22064 15223 38193 9817 18405 40481 11527 50259
47007 32663 39012 25726 705 40900 37242 38719
5038 14132 5941 26159 41936 13084 32385 21890 49001 36175
18430 18568 27178 11069 17273 21754 14523 42792 4292 44358
13999 12338 16617 26845 42043 46337 28285 2022
17927 37850 41347 10584 28066 51754 27630
26613 40880 1044 50091 3867 4327 38323 35257 47074 49387
24085 25361 24522 31046 23741 26976 10990 6986 12175 15913
10013 21279 48548 16799 51182 32046 18504 5769 2776 85
39475 30167 3280 15902 41481 3090
39391 51456 35253 18282 31635 45879 6255 19005
QPS: 493.18Peak RES memory usage: 132.20 MB
