17238 50794 29582 13463 29615 11156 46116 7837 8498 47531
29525 28301 39394 4496 5633 9849 9459 30676 23052 590
46542 18276 1987 21412 26009 15642 7147 25100 5079 47018
36880 28530 2387 6538 9803 24605 32108 45319 14998 8073
14083 5959 13835 8963 53355 36962 11533 8698 24958 30313
37850 4268 25517 10277 13072 29339 27630 28338 41347 11609
44343 5607 4336 44285 23125 50067 7057 1442 38363 9260
37980 18349 34931 26855 40849 24794 9511 35054 26672 41793
12613 36209 19323 29222 867 21684 27682 45048 13071 22568
25867 9353 16159 52001 18026 7548 6597 11662 12047 20355
47660 45179 3780 4790 38896 46282 25999 48436 44397 2534
5166 33709 18094 41919 16758 16607 35734 13999 16225 12338
9501 36404 12033 21647 49564 26987 19715 41791 25446 765
19145 20335 16252 32745 20050 16681 14352 6848 24540 12353
24980 6295 24619 52391 40221 16093 3040 13133 28185 16477
3331 40442 3668 12309 16827 31150 26490 8682 33615 15117
25292 38735 17190 33785 40352 18218 46369 36660 29423 13460
49099 50560 22016 14144 8830 51090 11241 10854 52349 3673
18923 18561 38972 19835 15729 41212 33795 3247 41205 19369
564 12412 12386 16967 12683 8147 8978 6499 1593 43310
33611 45017 362 47410 35596 23753 10186 26749 14274 21362
50942 35393 31065 30124 36708 52130 46542 35453 36977 4387
32343 40311 29360 39676 45956 5378 12676 49050 41836 4122
14173 193 44000 25859 47070 44887 10418 41410 23899 19638
29912 45320 28557 13119 985 50744 20996 9297 29445 39336
876 16250 32001 48556 19249 3216 47630 11744 5927 14269
9968 47219 37158 27899 44937 44893 34351 53235 37274 35073
16344 3379 11118 23412 38753 31770 14067 3606 4520 40104
38694 46993 17383 23075 20032 10626 36732 10008 18598 7926
45899 13324 13208 776 23404 2249 15083 35581 22215 6187
48646 3774 41946 24613 41839 49217 18538 10979 369 49966
14314 4497 41087 31291 46880 33218 36385 45631 13504 5145
47050 53132 11802 2202 33380 31588 31365 40859 392 13418
22354 30757 11373 22159 8217 48232 51640 22237 7363 8279
13901 15879 38586 11882 40587 27553 12202 48277 12390 31388
14372 43028 31643 12236 47929 4412 50654 35559 38639 15454
5253 47590 46523 22415 33276 38175 21263 44731 52274 14556
16427 34458 34548 47531 26829 27637 417 41960 5629 26110
28442 13507 19272 19529 16710 33845 38115 50004 6444 47493
52469 10104 20238 4025 13590 22207 31234 28071 47886 22437
15883 4818 592 29742 9688 40020 22455 50630 1676 38643
24474 12006 3911 21908 43141 50474 4350 34418 14467 52102
28052 51091 12017 46914 4475 44222 1799 14308 43470 4560
135 23523 41671 49888 34743 2782 6046 37208 14684 22245
22068 27577 41108 989 16264 11966 43620 34646 38829 38259
23693 42569 34602 45500 18688 226 42528 30168 11197 52160
10396 8700 7447 4453 42136 15002 685 46047 4634 22654
3529 39441 51308 7183 47979 30540 11267 5329 26200 6750
29553 51780 1640 22604 50866 38144 26776 7812 36579 38411
42414 35457 4460 53326 10485 29726 49339 24031 24350 38989
10786 43632 3323 18090 27039 48260 48588 24346 10528 14093
11134 20562 9644 53342 8866 32345 52373 30469 34879 6186
50649 567 12305 13319 23670 44882 19358 42674 45770 36967
16644 21690 20557 16830 48337 46001 43064 23996 37187 14023
26046 20177 38006 17658 51078 13240 1562 15751 13929 49928
47046 36548 8946 12411 23904 19643 21198 28983 26159 20619
45625 1895 2745 41998 52435 41280 18294 1897 48851 33672
28737 49998 10600 6120 4092 7926 23435 47910 5677 16987
8222 6046 14684 49614 42321 47639 17977 2380 6244 3835
50309 43367 2707 47268 51190 3050 4244 30679 12379 31838
39076 1466 32927 52101 2204 47965 37234 2605 43348 34805
45338 51182 16799 10013 48548 32046 12660 21279 14260 5769
9661 16849 49906 30935 42772 5832 6000 17428 43067 14855
26955 46703 2495 3848 21634 15843 42271 50768 52269 7964
51797 7521 50938 51764 12327 365 35944 8162 9136 7149
43640 13053 1795 33823 35825 13613 22684 50055 15690 12273
33607 23848 30988 28302 30580 13653 50909 36726 37211 38137
52977 51992 21189 16916 7568 269 16669 23310 42343 29802
42755 36418 9540 11081 17425 38980 51658 34095 4906 47478
4483 4634 29758 36583 8212 26177 24353 15228 42136 47419
39995 21892 41442 13193 4565 39297 16272 21441 17958 33941
3085 43129 11857 14936 21091 34473 32191 8579 43126 7061
28203 49826 1255 50904 7152 49606 47741 38321 22469 20078
45237 41934 23299 23875 449 34533 46202 2153 16284 50409
33360 43310 12683 50193 18124 6499 35808 44538 34301 1593
35891 47170 32514 46806 38170 45322 44457 46365 35706 30722
32292 4346 4871 19325 31117 18151 27950 51287 14566 34780
12493 47818 24818 24752 21608 20770 31059 53373 31400 30164
14444 28578 18128 40438 9733 23248 46145 52096 40114 30921
51198 41079 37110 16936 32483 24012 50950 46426 9296 46547
14255 46739 11404 32919 12273 1887 37097 276 41947 38580
43628 868 39197 37087 25643 13644 12998 41743 24824 30652
35229 41044 37603 23538 33675 44671 14177 29859 9255 11690
34984 4086 6415 22060 8490 26048 34889 2402 3378 2840
19642 26660 8199 35713 43510 8019 26859 10293 41851 8085
4365 26814 53265 11282 32550 50641 32374 47375 341 37050
22954 5554 12945 33767 20981 49231 14472 2940 41981 6018
32475 5323 38339 20494 10512 52276 14036 36372 1658 45795
52813 20507 21076 344 28481 46451 32839 38188 43450 50960
18792 33036 21796 7960 29083 18487 1377 29244 655 29575
37430 10790 14626 12111 2096 26453 21434 34216 28210 4990
14337 46110 11441 48439 18521 49456 37705 25211 9558 7678
13602 5569 8807 8091 20024 32244 2488 11546 206 48381
2290 26273 42469 3091 10754 48485 31757 9561 5364 32721
17503 44932 12203 21605 7780 34195 29756 4515 6652 38675
35531 43102 34261 43771 408 1173 39079 18960 1862 24742
29289 23752 19468 14411 16936 25858 32024 37110 32025 24876
45314 12216 4169 23131 48859 12445 5304 39215 10467 12522
23332 44063 10461 1594 3593 40124 41118 35256 26629 30158
8541 42875 47311 7355 11508 1734 47270 17135 7879 48394
9407 6957 26818 25066 43743 50811 15727 44331 35338 20780
11618 40254 11185 23305 50468 17666 10466 40262 3164 50937
3448 40984 10400 10634 32519 41766 6584 26714 44442 25774
26138 48051 8581 37728 31865 44198 4016 7506 10477 40089
36765 25867 6479 12047 44108 8811 47407 5325 41848 45878
31430 39682 22968 10221 13722 53006 40536 43319 9185 44979
43522 51964 21505 28768 41629 47495 45820 23886 47597 553
46376 4151 12169 30948 4635 48433 1387 19897 34067 37521
12969 39035 41124 2650 25301 48889 1719 30856 18680 48525
10303 19286 48705 35791 47765 30443 36935 41270 1849 13460
8904 10004 4832 31442 42219 15824 7646 17634 2182 49795
51091 14308 31792 1094 21258 23685 13420 28052 1799 4797
40519 41082 7245 25449 32791 46428 9347 39064 3828 10952
28702 8780 9911 38318 20961 7922 17497 23919 19973 19183
25177 45558 30313 20774 12688 51408 27933 45385 38044 33195
21426 8896 36934 44145 8888 47469 172 13995 14984 17538
26292 25790 13453 21893 25929 29678 4327 27156 8305 15631
40221 48155 24980 19696 13133 52391 16093 41349 6295 936
10269 28127 45430 43303 13450 48016 2359 11267 15947 10837
21476 41381 26976 51720 24522 15913 38305 24854 2851 47283
14083 53355 42177 24958 36962 5959 13835 397 8963 23587
41426 12584 49932 22032 42500 5236 23954 35686 16732 5875
49151 32519 26714 9815 11091 31849 3676 50017 27500 30268
26657 23882 27363 19023 47409 16501 27878 24387 851 31033
32030 16411 2772 3544 16806 16369 43 32806 38942 44499
45542 6881 14191 37578 23013 31703 28595 12762 3672 28328
3694 36299 13098 50019 11657 2235 15431 33159 5310 12530
34810 34360 38483 28860 29866 31087 28233 4962 13484 6053
30517 3263 1923 49480 33104 17293 6219 3678 40957 26153
4499 17944 17084 28594 46080 19418 26065 40658 38728 25631
50518 14708 16099 10996 2576 12780 4456 37077 27571 51169
4835 14907 1699 47232 48628 43973 43413 16582 31094 49303
31528 17459 14618 6706 7798 12290 1400 34189 27330 13244
7868 50407 19179 48922 10410 22258 26931 26524 33528 26098
49550 10765 8367 51950 31919 19640 26051 52383 14420 39717
7496 29868 41265 29638 28462 43277 52295 41850 3349 23571
16073 6088 26998 32997 696 9787 43269 14626 26389 38249
15850 42688 5815 8112 9834 36298 52483 6389 9307 34198
46141 2516 17075 25037 19870 9900 7503 39216 32349 14266
37650 18688 13456 44397 12564 13767 41762 50031 2534 42528
42883 44710 44796 36708 46513 4477 52135 40883 7782 15309
296 23030 38437 2925 34583 2430 28477 19285 29516 52393
5656 36242 31138 44108 22312 29458 42031 20351 12244 10966
24457 41045 11050 14542 14582 51936 5007 19772 4340 46392
9688 15883 25334 39326 23462 18125 17173 18355 5605 7214
31087 22991 9572 11730 34810 4962 29866 6245 11645 28860
31367 34864 11917 4745 17448 36412 33673 3917 51800 3419
8222 6046 17977 42321 49614 14684 6244 40395 47639 51819
25922 48268 38236 52956 48424 1862 47236 47047 5018 43292
33895 53066 21738 24156 46923 15711 18968 47195 19377 16499
44676 7498 37003 7879 138 47320 36961 48394 45114 9930
36765 44108 35198 12047 5918 42019 5325 10966 6002 40564
8286 7133 41810 12948 20858 2171 49698 30751 2822 18043
7907 19466 53066 1773 24156 15711 11217 17248 16499 47195
12244 27850 29458 30303 6597 12911 6002 22312 46510 1771
10012 29983 43852 7570 48508 27826 5065 1408 5578 2011
45275 46877 18355 39326 52622 17173 5829 25334 51716 5605
21255 19738 41840 757 22555 45533 46964 6611 41623 38052
18759 30810 16513 47732 17344 41645 10316 37631 4198 22847
40956 26841 1740 6072 27263 42238 36704 17241 1192 169
45172 50747 17335 21679 2453 43424 3003 21459 12125 28861
18534 20811 27546 44143 36099 5019 12308 52859 51067 39577
23875 449 7297 9786 45237 41934 26535 15216 47361 41180
1238 30230 27269 1540 26147 46588 31362 28148 22120 41516
3332 20743 37422 26434 26006 5090 41999 9337 16659 11114
38100 48912 22145 23576 1157 16982 9067 37113 46880 44156
52269 40314 38514 50768 27149 2495 42882 45044 45117 31342
50794 1564 16984 28808 8498 1310 24538 33987 31525 49668
11662 29382 3425 16159 20355 9799 23081 52001 12678 18047
37670 49608 43852 1408 2011 23984 32200 5578 9379 27826
45899 13324 776 2249 23404 15083 13701 13208 22215 35581
23736 46052 1611 39008 1741 17155 42932 27380 47113 17952
43091 23465 24871 5930 39997 32384 13665 25551 12392 960
5360 28882 48405 38127 4741 3298 9780 7311 2261 9653
2186 23998 27912 9764 49682 35163 52711 2693 6826 30682
17415 17963 7637 7984 17110 24936 16664 21656 4617 42461
40927 16354 9392 19689 49454 28664 8031 48522 19300 13076
47466 33813 27494 16392 23790 10811 21318 445 34328 6156
6471 3456 12343 23084 2965 11218 12938 39096 10275 49794
42238 2201 504 4140 10898 23876 38781 45619 1581 348
10993 45018 15603 5723 4925 36479 7955 11927 15055 38378
12468 17122 37278 10272 13001 6754 25736 4333 38415 44376
21485 40418 13689 12034 50262 42071 4618 23607 45517 34330
28477 8827 33742 8764 38437 29406 34012 38393 2777 43546
21164 1360 2453 1049 25262 42997 26961 21679 11738 4770
21051 34776 16724 45470 42312 30030 19835 46557 39896 40091
11218 42517 8383 33720 12938 33087 32154 12583 34891 53060
1939 50514 19435 33699 28700 47643 2849 39083 24423 40271
15392 16299 28623 5721 19897 39730 21344 9964 36100 44809
3937 8840 22064 15223 42179 38193 9817 18405 40481 12424
36263 47007 32663 16916 29802 21189 39012 25726 705 35805
5038 14132 5941 26159 19737 41936 13084 16598 37567 32385
18430 18568 27178 39371 11069 18542 17273 21754 14523 42792
38320 13999 16607 16758 12338 16617 26845 42043 18516 33709
17927 37850 11609 41347 10584 24199 25517 28066 13072 42594
41790 51785 36073 26613 40880 21043 1044 50091 40149 3867
24085 27022 25361 24522 21476 31046 23741 18499 26976 52522
10013 21279 48548 16799 51182 12660 32046 18504 33986 5769
39475 31150 19560 30167 25630 3280 15902 5537 41481 3090
39391 51456 35253 18282 31635 45879 28245 49867 50841 45883
QPS: 493.73Peak RES memory usage: 132.20 MB
