17238 29582 13463 21715 45836 28363
29525 4496 5633 9849 9459 590 10518 32211
18276 21412 26009 7147 4387 26694 7519 44867 25341 45282
36880 2387 32108 8073 9325 32040 36072 5398 6059
14083 5959 13835 11533 8698 12688 26457
4268 29339 27630 17927 10584
44343 1775
37980 40849 24794 35054 26672 41793 15318 3370 33818 974
36209 19323 29222 867 21684 27682 45048 52504 19650 49660
25867 9353 18026 6597
47660 45179 3780 4790 38896 43548 6154
33709 18094 16758 35734 16225 44073 7833 3191 11848 46059
12033 21647 42204
16252 12353 8530 9738 38053 14796 5776
24980 6295 52391 16093 13133 28185 16477 8096 47672 9916
3668 12309 16827 26490 33615 15117 24642 42225 6095 24503
25292 38735 29423
51090 10854 16587
18923 18561 38972 19835 15729 41205 19369 24418 82 19850
16967 46691
45017 26749 46519
30124 52130 36977 26464 46423 52217 2246 17706 4671 6697
32343 40311 29360 49050 47033 51928
14173 193 44000 25859 19638 52576 1501 8732
13119 50744 9297 39336 50603
876 16250
9968 27899 53235 19908 5630 8113 52364
16344 3379 11118 38753 31770 14067 4520 21814 45268 4765
38694 17383 10626 36732 10008 38212 49217
45899 13324 13208 776 15083 20193
48646 18538 49966 31156
14314 4497 41087 46880 45631 13504 48912
47050 53132 11802 33380 31588 31365 9384 8197
30757 11373 8217 31045 15069 6973
13901 15879 11882 32346 8567 1735
14372 43028 31643 38639 671 5116 4811 8165 37989
5253 47590 21263
16427 34548 47531 5629 8187 2759 13971
28442 13507 16710 38115 50004
10104 31234 47886 12323 38436 28768 22772 21505 40584
4818 592 5420 51128 8719
12006 3911 50474
28052 51091 46914 4475 1799 14308 5848 23685
49888 2782 37753 5088 25065 48300 26785 36873
41108 989 16264 11966 43620 38259 42108 30605
226 52160 16257 45050 9421 40934 28913 16447 25597
10396 7447 4453 33665
3529 39441 51308 47979 30540 11267 5329 3890 45884
51780 1640 38411
42414 35457 53326 24350 38989 13501 26770 19796
18090
20562 9644 27614 8066 7742
567 44882 19358 36967 17124 39 47231
16644 21690 16830 48337 14023
13240 52582 20777
47046 36548 8946 23904 21198 8353 6784 38422 51528 9691
45625 1895 2745 41280
28737 6120 4092 23435 3034 14721 7751 21489
8222 6046 14684 17977
50309 43367 2707 47268 31838 3839 42423
52101 37234 43348 17617 53143 39999
45338 51182 16799 10013 32046 12660 14260 5769 33986 18504
9661 49906 42772 6000 43535 10760 3326
26955 46703 2495 21634 15843 42271 11071 28933
51797 51764
43640 13053 1795 33823 35825
23848 30988 50909 37211 11153 46821 20908
52977
42755 11081 47478 35815
29758 8212
39995 21892 4565 11923 33289
3085 43129 21091 43126
49826 1255 50904 22469 20078 40808 23229 43937 25132 40179
45237 41934 2153 16284 28129 26900 16650 44332
33360 12683 1593
46365 35706 11638
4346 4871 34780 33351 21663 32732 1394
12493 24752 41244 3566
14444 40438 9733 30921 25675 790
51198 41079 16936 50950 9296
14255 46739 11404 32919 1887 1912 20795 44158
868 39197 37087 13644 41743 24824 30652
35229 41044 37603 23538 33675 44671 14177 29859 11690 42568
22060 2402 1011
19642 26660 35713 10293 2956 50839
4365 53265 11282 341
22954 5554 12945 33767 20981 49231 14472 16639 47492
32475 5323 38339 20494 14036 36372 1658 11869
52813 20507 21076 344 28481 46451 32839
33036 29244 655 5663 42088 42195
37430 10790 14626 12111 26453 34216 4990 3505 43391
14337 46110 11441 48439 49456
13602 20024 11546 206 48381
2290 26273 42469 3091 10754 31757
44932 6652 13579
43102 43771 39079
29289 23752 14411 16936 25858 37110 32025 35578 46426
45314 12216 23131 48859 12445 5304 12522 13517 52549 7554
10461 1594 3593 40124 41118 6286
8541 42875 47311 11508 1734 47270 46303 52568 27585
6957 20780
11618 40254 10466 50937 37103 52488 43281 31423
10400 10634 28532
48051 4016
36765 6479 12047 44108 47407 15172 10966 24122 11275 5918
31430 22968 13722 53006 50411 9947 10831 6594 8178
43522 51964 45820 23886 47597 3644 45633 19220
30948 4635 48433 1387 34067 11691 53337
12969 41124 2650 48889 1719 37024 1786 7629
10303 35791 47765 41270 32327
8904 10004 4832 42219 15824 2182 49795 42778
51091 14308 31792 23685 28052 46914 4560
41082 7245 32791 46428 3828 1896
28702 38318 7922 1649 3565 5788 51905 53321
25177 51408 38044 53014 749
21426 8896 47469 13995 648 41415 1081 15970
13453 25929 29678 12767 23893 4307
48155 24980 52391 16093 21777 14221
10269 28127 45430 43303 48016 15841 2987
41381
14083 42177 24958 36962 5959 397 8963 12688 13715
41426 12584 49932 22032 5236 35686
31849 50017 30268 51856
23882 15856 10809
32030 2772 32806 3485 38865 45381
45542 14191 23013 28595 28328 30461 51213 30430 31900 38907
3694 36299 13098 12530 788
34810 28860 31087 28233 6053
30517 3263 1923 49480 3678 42259 26510
4499 17944 46080
50518 14708 16099 10996 2576 12780 4456 27571 51262 34778
4835 14907 1699 47232 43973 45143 5384 30252 47243
14618 32924 6546 42602 499 27176
7868 19179 48922 22258 33528 35967 20194 13674
49550 10765 31919 39717 46105 8037
29868 41850 6364
6088 43269 12651 37836
15850 42688
46141 17361
37650 18688 13456 44397 12564 41762 50031 2534 46282 41262
42883 44710 46513 34308
296 23030 14014 45980
44108 10966 36765 6597 5918
24457 41045 14582 51936
9688 15883 25334 39326 18125 27054 13617 5829
31087 4962 29866 28860 6053 44179
31367 34864 11917
8222 6046 17977 14684 6244 2380
25922 38236 52956 1862 47236 1797 50648
33895 53066 24156 15711 7907 36535 1773
44676 7498 37003 47320 36961
36765 44108 35198 12047 5918 5325 10966 6479 5656 45878
7133 2171 2822 45356 8568 25948 2956
7907 19466 53066 1773 24156 15711 11217 17248 47195 9268
12244 6002 22312 17537 13331 10891 3425 9431 28842
10012 7570 2011 34331
5829 27054 18125 13617
19738 41840 757 6611 41623 17339 51730 28597 7492
18759 16513 41645 10316 22847 30975 35914 45095 42241 51812
40956 1740 169 2368
50747 43424 21459 28861 15532
18534 20811 12308 52859 51067
449 45237 41934 26535 2153 38435 16284 28129
1238 30230 1540 26147 28148 22120 3939
3332 20743 16659 11114
16982 15472 16502
52269 40314 38514 50768 27149 2495 42882 45044 9730 45452
50794 1564 28808 24538 22820
29382 3425 9431 17465
37670 49608 23984 5578 9379 3710
45899 13324 776 15083 13208 20193
23736 46052 39008 17155 47113 25127 9472 10957
43091 23465 24871 5930 39997 32384 960 33438
48405 9780 4498 46595
2186 9764 33513 23964 20672 15140 47935
17415 17963 7637 7984 24936 42461
40927 16354 9392 19689 49454 19300 7536
47466 16392 10811 21318 33510 41148
6471 3456 12343 23084 2965 11218 10275 49794 43223
42238 348 40153 51302
10993 15603 36479
37278 10272 13001
21485 40418 13689 12034 42071 4618 23607
16405 26440
21164 2453 1049 42997 12125
21051 34776 16724 30030
11218 33720 12938 12583 34891 11968 25355 4019 38450 27881
1939 19435
15392 16299 28623 5721 50841 28021 9586 12603
3937 8840 22064 15223 38193 9817 50259 20534
47007 32663 25726 38719
5038 26159 13084 21890 49001 36175 16768 35865
18430 18568 27178 11069 17273 14523 4292 386
12338 16617 26845 42043 46337
17927 37850 41347 10584 28066 27630
40880 1044 50091 38323 47074 8482 32293 4254
24085 25361 31046 23741 10990 6986 12175 1852
10013 21279 48548 16799 51182 32046 18504 5769 85 6837
39475 30167 3280 15902 3090
39391 35253 31635 45879 6255
QPS: 475.68Peak RES memory usage: 132.20 MB
