17238 50794 29582 13463 29615 11156 7837 8498 47531 1564
29525 28301 39394 4496 5633 9849 9459 590 10518 37986
46542 18276 1987 21412 26009 15642 7147 25100 5079 47018
36880 2387 6538 9803 32108 45319 14998 8073 9325 32040
14083 5959 13835 8963 53355 11533 8698 397 12688 26457
37850 4268 10277 29339 27630 28338 41347 28066 17927 13975
44343 5607 50067 38363 1775 49563 29422 13744
37980 34931 26855 40849 24794 9511 35054 26672 41793 24860
12613 36209 19323 29222 867 21684 27682 45048 52504 19650
25867 9353 16159 18026 7548 6597 11662 12047 5918 10966
47660 45179 3780 4790 38896 25999 48436 43548 6154 38138
5166 33709 18094 16758 16607 35734 13999 16225 44073 7833
9501 36404 12033 21647 49564 26987 25446 765 8932 5903
19145 20335 16252 20050 16681 14352 12353 41586 32936 8530
24980 6295 52391 40221 16093 3040 13133 28185 16477 8096
3331 3668 12309 16827 26490 8682 33615 15117 5163 24642
25292 38735 29423 13460 25795
49099 50560 14144 51090 11241 10854 52349 3673 9367 18740
18923 18561 38972 19835 15729 41212 3247 41205 19369 24418
564 12412 12386 16967 12683 8147 6499 1593 43310 50193
33611 45017 362 47410 35596 10186 26749 21362 42874 46519
35393 31065 30124 36708 52130 35453 36977 4387 51459 26464
32343 40311 29360 5378 49050 41836 4122 9292 47033 51928
14173 193 44000 25859 44887 10418 41410 19638 27715 24637
29912 13119 985 50744 9297 29445 39336 9036 50603 34184
876 16250 32001 48556 19249 3216 47630 11744 5927 14269
9968 37158 27899 44937 53235 37274 35073 11342 3635 19908
16344 3379 11118 23412 38753 31770 14067 3606 4520 21814
38694 46993 17383 23075 20032 10626 36732 10008 18598 7926
45899 13324 13208 776 23404 2249 15083 35581 22215 6187
48646 3774 24613 41839 18538 10979 49966 33221 6509 31156
14314 4497 41087 46880 45631 13504 5145 1934 3176 48912
47050 53132 11802 33380 31588 31365 40859 392 13418 34705
22354 30757 11373 8217 48232 22237 7363 8279 51387 31045
13901 15879 11882 40587 27553 48277 42091 32346 8567 42616
14372 43028 31643 12236 4412 35559 38639 15454 671 26156
5253 47590 46523 22415 33276 21263 44731 52274 14556 2940
16427 34548 47531 41960 5629 52553 8187 20988 13463 2759
28442 13507 19272 19529 16710 33845 38115 50004 43198 1258
10104 4025 31234 47886 12323 38436 28768 22772 32679 4202
15883 4818 592 9688 40020 22455 50630 1676 38643 2689
24474 12006 3911 43141 50474 34418 14467 10997 30206 18982
28052 51091 46914 4475 44222 1799 14308 4560 5848 23685
135 23523 41671 49888 34743 2782 22245 37753 5088 11522
22068 27577 41108 989 16264 11966 43620 38829 38259 2692
23693 42569 34602 45500 226 42528 11197 52160 16257 30226
10396 7447 4453 42136 15002 4634 22654 33665 14810
3529 39441 51308 7183 47979 30540 11267 5329 26200 6750
29553 51780 1640 38144 26776 38411 3001 15613 6403 25367
42414 35457 4460 53326 10485 29726 49339 24350 38989 13501
10786 43632 18090 48588 24346 10528 14093 15700 6639 13706
11134 20562 9644 53342 25556 18635 27614 8066 7742 28096
50649 567 12305 23670 44882 19358 42674 45770 36967 21363
16644 21690 16830 48337 37187 14023 1432 8140
26046 20177 38006 13240 13929 12350 5479 52582 20777 13362
47046 36548 8946 12411 23904 21198 26159 20619 8353 37218
45625 1895 2745 41998 52435 41280 18294 33672 4095 39800
28737 49998 10600 6120 4092 23435 47910 16987 3034 1739
8222 6046 14684 49614 47639 17977 2380 6244 3835 52694
50309 43367 2707 47268 3050 31838 11223 47150 3839 42423
39076 52101 37234 43348 34805 40569 17617 53143 19335 39999
45338 51182 16799 10013 48548 32046 12660 21279 14260 5769
9661 16849 49906 30935 42772 6000 17428 21960 520 46444
26955 46703 2495 3848 21634 15843 42271 50768 52269 42882
51797 7521 50938 51764 35944 50146 10222 7464
43640 13053 1795 33823 35825 13613 15690 15350 7493 3720
33607 23848 30988 28302 30580 50909 37211 38137 11153 46290
52977 51992 7568 269 16669 23310 16270 24800 52723 3240
42755 36418 9540 11081 38980 34095 4906 47478 35815 17277
4483 4634 29758 8212 26177 42136 678 22654 50559 4453
39995 21892 13193 4565 16272 21441 33941 39898 11923 33289
3085 43129 14936 21091 32191 43126 7061
28203 49826 1255 50904 7152 47741 22469 20078 40808 23229
45237 41934 23875 46202 2153 16284 50409 47361 28129 26900
33360 43310 12683 50193 6499 35808 1593 8147 8978 25921
46806 38170 46365 35706 17703 11638 9016 53153 18924 30446
32292 4346 4871 19325 18151 27950 51287 14566 34780 33351
12493 47818 24818 24752 21608 20770 31059 53373 31400 30164
14444 28578 40438 9733 23248 46145 52096 30921 25675 790
51198 41079 37110 16936 32483 24012 50950 46426 9296 46547
14255 46739 11404 32919 12273 1887 37097 41947 38580 1912
43628 868 39197 37087 25643 13644 12998 41743 24824 30652
35229 41044 37603 23538 33675 44671 14177 29859 11690 39397
4086 22060 34889 2402 3378 23152 52019 1011 38047
19642 26660 8199 35713 8019 10293 41851 8085 17377 13482
4365 53265 11282 47375 341 37050 23424 21537 8309 11392
22954 5554 12945 33767 20981 49231 14472 41981 6018 16639
32475 5323 38339 20494 10512 52276 14036 36372 1658 45795
52813 20507 21076 344 28481 46451 32839 38188 43450 25763
18792 33036 21796 7960 29083 18487 29244 655 29575 654
37430 10790 14626 12111 2096 26453 34216 28210 4990 15723
14337 46110 11441 48439 18521 49456 37705 25211 9558 20365
13602 20024 32244 11546 206 48381 11988 2787 48682
2290 26273 42469 3091 10754 31757 15224
17503 44932 12203 7780 34195 6652 48315 12275 493 13579
35531 43102 34261 43771 408 1173 39079 24742 12591 26078
29289 23752 19468 14411 16936 25858 32024 37110 32025 51510
45314 12216 4169 23131 48859 12445 5304 10467 12522 13517
23332 44063 10461 1594 3593 40124 41118 35256 26629 30158
8541 42875 47311 7355 11508 1734 47270 46303 12640 52568
9407 6957 26818 25066 50811 15727 44331 35338 20780 25652
11618 40254 11185 23305 50468 10466 40262 3164 50937 37730
10400 10634 32519 6584 26714 44442 28532 35189 8285 20117
26138 48051 8581 37728 4016 7506 40089 49453 25523 42287
36765 6479 12047 44108 8811 47407 5325 45878 15172 10966
31430 39682 22968 13722 53006 40536 43319 44979 50411 34503
43522 51964 41629 45820 23886 47597 3644 45633 19220 34489
4151 30948 4635 48433 1387 34067 11691 2415 53337 29596
12969 39035 41124 2650 25301 48889 1719 48525 37024 1786
10303 48705 35791 47765 30443 41270 13460 32327 14947
8904 10004 4832 42219 15824 7646 17634 2182 49795 4101
51091 14308 31792 1094 21258 23685 28052 46914 30218 47128
40519 41082 7245 25449 32791 46428 9347 39064 3828 10952
28702 8780 9911 38318 7922 17497 23919 19183 1649 29414
25177 51408 27933 45385 38044 36067 53014 4905 749 11278
21426 8896 36934 8888 47469 172 13995 14984 39649 36162
26292 25790 13453 25929 29678 8305 45249 8188 28404 21043
40221 48155 24980 19696 13133 52391 16093 41349 21777 14221
10269 28127 45430 43303 48016 2359 11267 10837 5329 1662
21476 41381 26976 51720 24522 15913 38305 2851 51920 47675
14083 53355 42177 24958 36962 5959 13835 397 8963 8698
41426 12584 49932 22032 42500 5236 23954 35686 16732 5875
49151 11091 31849 50017 27500 30268 16122 45615 6584 30059
26657 23882 19023 47409 27878 24387 31033 15856 35364 5090
32030 16411 2772 43 32806 44499 3485 38865 45381
45542 6881 14191 37578 23013 31703 28595 3672 28328 30461
3694 36299 13098 11657 2235 15431 33159 12530 19933 788
34810 28860 31087 28233 6053 22991 31504 6530
30517 3263 1923 49480 33104 17293 6219 3678 40957 2500
4499 17944 17084 28594 46080 26065 40658 4968 20255 24877
50518 14708 16099 10996 2576 12780 4456 37077 27571 51169
4835 14907 1699 47232 43973 43413 16582 49303 45143 5384
14618 1400 27330 6024 32924 6546 19058 42602 38801 499
7868 19179 48922 22258 26524 33528 26098 35967 20194 1003
49550 10765 8367 51950 31919 26051 52383 39717 30858 46105
7496 29868 41265 41850 23571 11913 15748 5543 1073 6364
6088 26998 9787 43269 26389 12651 37836 35606 209 41477
15850 42688 5815 8112 9348
46141 2516 25037 19870 9900 14266 5586 17361 6530
37650 18688 13456 44397 12564 13767 41762 50031 2534 42528
42883 44710 36708 46513 4477 52135 7782 15309 9938 3684
296 23030 2925 34583 2430 19285 29516 52393 43304 52854
5656 36242 31138 44108 29458 42031 20351 10966 36765 35776
24457 41045 11050 14582 51936 46392 5905 14079
9688 15883 25334 39326 23462 18125 17173 18355 7214 27054
31087 22991 9572 11730 34810 4962 29866 6245 11645 28860
31367 34864 11917 4745 3917 52493 26107 44377
8222 6046 17977 49614 14684 6244 40395 47639 3835 2380
25922 48268 38236 52956 48424 1862 47236 47047 5018 43292
33895 53066 21738 24156 46923 15711 18968 47195 19377 7907
44676 7498 37003 7879 47320 36961 48394 45114 9930 17135
36765 44108 35198 12047 5918 42019 5325 10966 6002 40564
8286 7133 41810 12948 20858 2171 49698 2822 18043 24915
7907 19466 53066 1773 24156 15711 11217 17248 47195 1121
12244 27850 29458 6597 12911 6002 22312 24054 17537 13331
10012 29983 43852 7570 48508 27826 1408 2011 34331 32200
46877 18355 39326 17173 5829 25334 51716 5605 9688 3749
21255 19738 41840 757 45533 46964 6611 41623 17339 2053
18759 16513 47732 17344 41645 10316 4198 22847 38255 6110
40956 1740 6072 42238 36704 1192 169 2368 13296 6340
45172 50747 17335 21679 43424 21459 28861 15532 19225
18534 20811 27546 12308 52859 51067 39577 417 11822 44373
23875 449 9786 45237 41934 26535 15216 47361 2153 1589
1238 30230 1540 26147 31362 28148 22120 41516 3939 28644
3332 20743 5090 41999 16659 11114 14927 9433
48912 23576 16982 9067 46880 15472 45631 51187 22043 15279
52269 40314 38514 50768 27149 2495 42882 45044 31342 9730
50794 1564 16984 28808 1310 24538 31525 49668 47575 22820
11662 29382 3425 16159 20355 9799 52001 18047 17960 26850
37670 49608 2011 23984 5578 9379 10012 3710 7570 4352
45899 13324 776 2249 23404 15083 13701 13208 22215 35581
23736 46052 1611 39008 1741 17155 42932 27380 47113 17952
43091 23465 24871 5930 39997 32384 13665 25551 960 5204
5360 48405 38127 4741 3298 9780 2261 9653 12065 4498
2186 23998 27912 9764 49682 35163 52711 2693 6826 15877
17415 17963 7637 7984 17110 24936 16664 21656 42461
40927 16354 9392 19689 49454 28664 8031 19300 13076 13749
47466 33813 16392 23790 10811 21318 445 33510 14376 26897
6471 3456 12343 23084 2965 11218 12938 39096 10275 49794
42238 2201 504 10898 23876 38781 45619 348 50158 40153
10993 45018 15603 5723 4925 36479 7955 15055 38378 49809
12468 17122 37278 10272 13001 6754 25736 37785
21485 40418 13689 12034 42071 4618 23607 34330 28686 49511
28477 8827 8764 38437 2777 32002 42236 32777 16405 37934
21164 1360 2453 1049 25262 42997 26961 11738 25135 8630
21051 34776 16724 45470 42312 30030 46557 39896 5298 4299
11218 8383 33720 12938 33087 32154 12583 34891 11968 12343
1939 19435 47643 2849 45010 14315 8589 323
15392 16299 28623 5721 19897 39730 21344 9964 44809 50841
3937 8840 22064 15223 38193 9817 18405 40481 12424 11527
36263 47007 32663 16916 29802 21189 39012 25726 705 37290
5038 14132 5941 26159 19737 41936 13084 32385 21890 49001
18430 18568 27178 11069 18542 17273 21754 14523 42792 4292
38320 13999 16607 12338 16617 26845 42043 46337 9134 10923
17927 37850 11609 41347 10584 28066 13072 42594 28103 51754
41790 51785 36073 26613 40880 1044 50091 3867 25215 4327
24085 27022 25361 24522 31046 23741 26976 10990 6986 51372
10013 21279 48548 16799 51182 12660 32046 18504 33986 5769
39475 30167 25630 3280 15902 41481 3090 13597 33052 15117
39391 51456 35253 18282 31635 45879 28245 45883 40842 12603
QPS: 523.92Peak RES memory usage: 132.20 MB
