17238 50794 29582 13463 47575 29615 52717 11156 46116 7837
29525 28301 39394 4496 5633 52906 9849 32468 9459 30676
46542 18276 1987 21412 26009 15642 7147 25100 5079 33266
36880 28530 2387 6538 9803 24605 32108 10347 45319 51103
14083 5959 13835 8963 53355 36962 11533 8698 45558 14874
37850 4268 25517 10277 13072 29339 27630 28338 41347 38266
44343 5607 4336 18757 44285 23125 50067 7057 1442 51757
30950 37980 18349 34931 26855 40849 24794 9511 35054 39921
12613 36209 19323 29222 867 21684 27682 45048 13071 22568
25867 9353 16159 40564 5325 52001 42019 18026 35198 41864
47660 45179 3780 4790 38896 46282 25999 18724 48436 44397
5166 33709 18094 41919 16758 16607 35734 38320 13999 16225
9501 36404 12033 27031 21647 49564 26987 19715 41791 23580
19145 20335 16252 32745 20050 16681 14352 6848 24540 12353
24980 6295 24619 52391 40221 16093 3040 13133 28185 16477
3331 40442 3668 12309 16827 31150 26490 8682 23350 33615
25292 29501 38735 28707 17190 33785 39688 45395 42912 10571
52038 49099 46954 50560 22016 14144 21552 27581 37535 46171
18923 18561 38972 19835 15729 50752 13913 20602 41212 29133
564 32436 12412 12386 16967 12683 29465 8147 13752 8978
33611 45017 5045 362 47410 35596 23753 10186 1412 26749
50942 21412 35393 31065 30124 36708 53249 52130 46542 35453
32343 35415 40311 29360 39676 45956 45496 5378 12676 46810
45785 14173 193 44000 25859 9242 47070 44887 10418 41410
29912 45320 28557 13119 985 50744 20996 9297 29445 39336
876 16250 32001 48556 19249 3216 47630 11744 5927 14269
9968 47219 37158 27899 35348 1023 44937 44893 34351 24270
16344 3379 11118 23412 38753 31770 14067 3606 4520 40104
38694 46993 17383 23075 30248 20032 10626 36732 10008 49998
45899 13324 13208 776 23404 2249 15083 35581 22215 6187
48646 3774 41946 24613 41839 49217 18695 18538 10979 369
14314 4497 41087 31291 46880 33218 49244 36385 45631 13504
47050 53132 11802 19577 2202 33380 31588 31365 40859 392
22354 30757 11373 22159 8217 48232 51640 22237 30417 34007
13901 15879 38586 11882 40587 22399 27553 12202 48277 12390
14372 43028 31643 12236 47929 4412 50654 31268 35559 38639
5253 47590 46523 22415 33276 38175 21263 44731 52274 14556
16427 34458 34548 47531 26829 27637 28363 417 41960 49668
28442 13507 19272 28037 19529 16710 33845 45031 38115 50004
45633 52469 46207 10104 20238 4025 13590 22207 31234 28071
15883 4818 592 29742 9688 16646 40020 22455 50630 26037
24474 12006 3911 21908 43141 50474 4350 34418 16870 14467
28052 51091 12017 46914 4475 44222 1799 14308 43470 4560
48737 135 23523 2380 41671 49888 34743 2782 25570 6046
22068 27577 41108 989 16264 11966 43620 34646 38829 38259
23693 42569 34602 45500 18688 226 42528 30168 11197 52160
10396 8700 7447 25343 36000 32470 47815 1624 13090 4453
3529 39441 51308 7183 47979 30540 11267 5329 26200 6750
29553 51780 1640 22604 37382 50866 38144 26776 7812 36579
42414 35457 4460 53326 42286 51052 38676 9711 19757 10485
10786 43632 3323 18090 44481 27039 48260 50997 51312 48588
11134 20562 9644 53342 8866 10545 26357 33835 32345 52373
50649 567 12305 13319 31280 23670 44882 19358 42674 45770
16644 21690 20557 2662 16830 24244 48337 14504 17789 46001
26046 20177 38560 38006 17658 16104 12884 51078 13240 1562
47046 36548 8946 12411 23904 19643 30338 21198 28983 26159
45625 1895 2745 41998 52435 41280 18294 53361 1897 35357
28737 49998 10600 6120 23075 4092 36580 7926 23435 47910
8222 6046 14684 49614 42321 47639 17977 52114 23523 2380
50309 43367 2707 47268 51190 3050 4244 30679 12379 31838
39076 1466 40502 20880 32927 52101 5743 2204 35877 47965
45338 51182 16799 10013 48548 32046 12660 21279 32360 14260
9661 16849 49906 30935 26164 42772 5832 13494 6000 17428
26955 46703 2495 3848 21634 15843 42271 50768 52269 7964
51797 7521 50938 51764 29329 12327 4371 365 29081 35298
43640 13053 1795 33823 23301 35825 13613 22684 38340 39584
33607 23848 30988 28302 30580 13653 50909 36726 37211 38137
52977 51992 51526 32116 21189 37290 107 19595 27755 32663
42755 36418 9540 31100 11081 17425 47900 49365 16725 38980
4483 4634 29758 36583 8212 15167 26177 24353 15228 42136
39995 21892 41442 13193 4565 39297 16272 22520 21441 17958
3085 43129 30761 10718 1198 11857 14936 44183 41657 40839
28203 49826 1255 50904 7152 49606 47741 38321 26485 22469
45237 41934 23299 23875 36313 449 34533 46202 2153 41180
33360 43310 52224 12683 50193 18124 798 6499 35808 44538
35891 47170 32514 43641 3943 17886 9940 46806 38170 45322
32292 4346 34476 4871 19325 29225 31117 18151 27950 48288
12493 47818 24818 24752 21608 20770 14893 12614 31059 39674
14444 28578 18128 40438 9733 23248 46145 31750 49364 52096
51198 41079 37110 16936 32483 24012 50950 46426 9296 46547
14255 46739 11404 32919 12273 1887 37097 276 41947 38580
43628 868 39197 37087 25643 13644 40589 12998 47701 45583
35229 41044 37603 23538 33675 44671 14177 29859 9255 11690
13642 34984 6400 4086 6415 22060 8490 31405 26048 34889
19642 26660 8199 14553 35713 43510 26121 8019 26859 10293
4365 50635 497 26814 38433 53265 11282 47892 20866 27037
22954 5554 12945 33767 20981 49231 14472 2940 41981 6018
32475 5323 38339 20494 10512 52276 14036 27503 36372 1658
52813 20507 21076 344 28481 46451 32839 38188 43450 50960
42949 18792 33036 29745 16684 21796 7960 7426 29083 18487
37430 10790 14626 12111 22210 28076 2096 26453 22107 21434
14337 46110 11441 48439 27362 45177 14755 18521 46351 49456
13602 5569 8807 8091 20024 32244 2488 11546 206 48381
2290 26273 42469 3091 10754 48485 31757 42075 10347 46930
27421 17503 44932 3418 12203 30783 21605 10645 2975 44270
35531 43102 34261 43771 408 53132 1173 52956 25922 40237
29289 23752 19468 14411 16936 25858 32024 37110 32025 24876
45314 12216 4169 23131 48859 12445 13976 5304 39215 10467
23332 44063 10461 1594 3593 40124 41118 35256 26629 30158
8541 42875 47311 7355 11508 1734 40990 47270 37003 17135
9407 6957 26818 25066 43743 23607 50811 40418 15727 45517
11618 40254 25486 11185 18210 23305 50468 27713 28460 17666
3448 40984 10400 10634 32519 41514 41766 6584 26714 28473
20610 22235 43196 26138 48051 8581 37728 31865 38444 50002
36765 25867 6479 42019 12047 44108 8811 47407 5325 41848
31430 39682 22968 10221 13722 53006 40536 43319 9185 44979
43522 51964 21505 28768 41629 47495 5017 45820 23886 47597
46376 4151 12169 30948 4635 48433 1387 31635 19897 34067
12969 36444 39035 41124 2650 25301 25223 48889 1719 30856
10303 19286 48705 35791 47765 29501 49196 30443 36935 41270
8904 10004 32568 8489 4832 31442 42219 15824 7646 22972
51091 14308 31792 15522 1094 21258 23685 13420 43470 28052
40519 41082 7245 25449 29977 32791 46428 9347 39064 3828
28702 8780 9911 38318 6316 20961 7922 17497 23919 19973
25177 14083 8963 45558 397 30313 20774 36962 45202 12688
21426 8896 36934 44145 8888 47469 172 13995 14984 17538
26292 25790 13453 21893 39426 25929 29678 4327 27156 8305
40221 48155 24980 19696 13133 52391 24619 16093 41349 6295
10269 28127 45430 51218 43303 13450 48016 2359 11267 35486
21476 41381 26976 31952 7947 26921 18499 25361 42334 31046
14083 53355 42177 24958 36962 5959 13835 44761 44145 17538
41426 12584 49932 22032 42500 5236 23954 35686 16732 40111
49151 41717 32519 26714 9815 11091 31849 29260 3676 47884
26657 44051 23882 27363 19023 47409 41015 16501 27878 24387
32030 16411 2772 3544 16806 10229 18326 16369 43 30634
45542 6881 14191 37578 23013 31703 28595 12762 3672 22094
3694 36299 13098 50019 11657 2235 15431 33159 5310 12530
34810 34360 38483 28860 17075 29866 34464 31087 28233 27280
30517 3263 1923 49480 33104 17293 6219 3678 40957 32317
4499 17944 17084 28594 46080 19418 26065 40658 23108 38728
50518 14708 16099 10996 2576 12780 4456 37077 27571 51169
53125 4835 12160 44232 14907 1699 47232 48628 43973 43413
31528 17459 14618 6706 23313 48362 14741 7798 20628 29514
7868 50407 19179 48922 10410 22258 17842 26931 26524 49840
49550 10765 8367 51950 31919 19640 26051 52383 14420 39717
7496 29868 41265 29638 28462 43277 52295 41850 3349 22113
29791 16073 6088 29948 26998 32997 15091 34216 696 37430
32460 15850 48301 18030 42688 19805 5815 9804 3717 8112
46141 2516 48544 17075 25037 34464 19870 24834 9900 7503
37650 18688 13456 44397 12564 13767 41762 50031 2534 42528
42883 52217 4387 44710 44796 36708 46513 46542 4477 52135
296 23030 38437 2925 34583 2430 28477 19285 28359 29516
5656 52001 36242 31138 44108 22312 29458 42031 40564 35198
24457 41045 11050 14542 14582 51936 47251 45466 48927 5007
9688 15883 25334 39326 23462 4818 6319 18125 50687 17173
31087 22991 48754 4125 26058 38879 9572 11730 17075 34810
31367 23680 34864 11917 4745 17448 28727 624 36412 33673
8222 6046 17977 42321 49614 49888 52114 14684 6244 40395
25922 48268 38236 30865 52956 48424 1862 47236 47047 36248
33895 53066 21738 24156 46923 15711 18968 47195 19377 16499
44676 7498 37003 7879 138 13619 47320 36961 48394 35234
36765 44108 35198 12047 5918 42019 5325 10966 6002 40564
28793 8286 7133 41810 12948 52142 10662 11932 20858 2171
7907 19466 53066 1773 24156 15711 21738 11217 17248 16499
12244 27850 29458 30303 40564 6597 12911 6002 22312 20351
10012 29983 43852 7570 48508 27826 5065 1408 31270 5578
45275 46877 18355 39326 52622 17173 5829 50687 40368 25334
21255 19738 41840 757 44064 22555 45533 46964 41112 49347
18759 30810 16513 47732 17344 41645 10316 37631 4198 22847
40409 40956 26841 1740 51699 6072 27263 42238 36704 17241
45172 50747 17335 21679 32448 2453 25789 43424 3003 32531
18534 20811 27546 44143 22820 36099 5019 12308 52859 51067
23875 449 34533 46202 15524 7297 23299 9786 45237 41934
1238 30230 27269 1540 26147 46588 31362 28148 22120 41516
3332 20743 37422 26434 26006 5090 31033 41999 9337 52883
38100 48912 40068 22145 23576 22238 1157 16982 15276 9067
52269 40314 38514 50768 27149 2495 33457 42882 3848 45044
50794 1564 16984 10716 28808 8498 1310 24538 33987 31525
11662 29382 3425 16159 20355 9799 42819 23081 52001 12678
37670 49608 43852 1408 2011 23984 32200 29983 5578 24998
45899 13324 776 2249 23404 15083 13701 13208 22215 34289
23736 46052 1611 39008 1741 17155 6636 174 42932 38639
43091 23465 24871 5930 39997 32384 37912 36030 42475 330
5360 27259 28882 34808 5284 48405 38127 42921 4741 3298
2186 23998 27912 9764 49682 35163 52711 16367 2693 6826
17415 17963 7637 29784 7984 17110 24936 51511 19847 43963
40927 16354 9392 19689 49454 28664 8031 8470 48522 19300
47466 33813 27494 16392 23790 10811 21318 445 34328 6156
6471 3456 12343 23084 2965 11218 8383 12938 32154 39096
42238 2201 504 4140 10898 23876 33845 17064 17241 38781
10993 45018 15603 5723 4925 36479 7955 7255 11927 15055
12468 17122 37278 10272 13001 6754 25736 4333 8748 38415
21485 40418 13689 36026 12034 50262 42071 4618 23607 33787
40903 28477 8827 33742 43304 14793 51186 8764 38437 29406
21164 1360 2453 1049 25262 42997 26961 21679 13130 11738
21051 34776 16724 45470 42312 30030 19835 46557 14655 39896
11218 42517 8383 33720 12938 33087 32154 12583 34891 6471
1939 22936 50514 19435 33699 28700 47643 2849 39083 24423
15392 16299 28623 5721 19897 39730 21344 9964 36100 44809
3937 8840 22064 15223 42179 38193 9817 18405 40481 12424
33735 36263 47007 32663 16916 29802 21189 39012 25726 16669
5038 14132 5941 26159 19737 41936 13084 11590 23904 16598
18430 18568 27178 39371 11069 18542 17273 44564 52838 43636
38320 13999 16607 16758 41919 12338 16617 5166 18094 26845
17927 37850 11609 41347 10584 24199 25517 28066 38266 44386
41790 51785 36073 26613 40880 21043 50244 27653 1044 49893
24085 27022 25361 24522 21476 31046 23741 18499 26976 52522
10013 21279 48548 16799 51182 12660 32046 18504 33986 5769
39475 7006 1286 31150 19560 42144 30167 46885 25630 3280
39391 51456 35253 18282 31635 45879 23838 28245 30640 49867
QPS: 467.34Peak RES memory usage: 132.20 MB
