37759 25754 1898 6019 30917 24507 10667 9324 37325 11612
3810 3474 20585 33518 41859 12482 27468 16003 32658 30665
12615 6395 21918 20107 48243 22379 6930 5812 42336 38013
46442 41162 44407 52698 21393 25505 47302 18627 6373 37444
6512 109 31565 50621 32167 21774 15186 27376 15001 33575
8085 12460 21348 50802 13441 50135 13921 15675 28793 51076
12641 46736 25213 6064 9274 10991 5141 37202 53379 23480
34456 14584 41616 50689 53056 5418 9011 17028 23920 26896
50632 31584 44340 44969 25492 24102 28555 29051 34333 48507
37045 6112 3807 48815 16331 9058 4298 35591 15326 53192
46970 41636 8234 36488 4170 3356 10941 14665 26559 11063
41226 12060 49961 36272 8565 41499 13220 40101 37571 16841
49105 44895 16000 22227 47576 16581 14027 19922 27925 31309
6225 40553 8824 37727 38198 11852 51031 2374 52654 25949
6989 15990 10002 1971 2734 53348 52690 19473 8921 20082
7902 35036 27056 10558 24419 23721 20252 21696 4361 36295
17699 24766 13785 50925 36410 41765 1829 41005 24964 2832
18446 36509 35329 36370 29175 43561 28830 28790 14604 32910
15005 8400 32369 7035 3647 11417 16183 10996 34333 14708
4857 13980 26508 17621 10941 45207 37418 44477 6438 3107
39868 13958 33909 16407 27490 17386 37440 2156 41268 10406
2748 37029 24794 46374 45278 18852 21995 346 32409 9511
5541 44078 38427 38677 13233 29737 43880 28829 16295 41621
11338 52663 44371 42360 51376 1798 13163 2710 41905 52802
50403 12493 2303 28694 39674 3368 42794 24818 34107 12491
33978 33471 26901 27459 29122 24950 42904 41269 43530 51170
16081 30299 6635 22037 24257 43068 49516 41757 47915 30008
43625 18301 5469 21697 19902 30123 10593 13928 26174 13840
24257 19730 40505 43767 16081 26929 15519 46268 28763 33556
26089 47779 52970 47817 41801 3362 5125 41049 26651 17899
3943 17886 18458 13618 48297 22664 45229 30162 11733 9282
21879 49426 14944 9745 14766 48218 45045 35570 52738 40099
980 38478 40382 3140 27439 13263 48671 8839 5464 1086
23463 48906 13888 42155 20468 36432 33084 46495 50874 16061
45878 13759 20575 6479 42019 49228 40564 12227 51486 5325
40419 46721 10764 2894 37813 30742 12825 17332 9812 46213
13171 36788 12763 48962 6938 23218 18726 38452 40174 31892
5655 12491 9527 32077 14534 43584 16467 38335 13152 40030
21150 16156 46444 15688 83 9661 27799 149 48626 30935
32014 12064 43748 763 10174 5559 17516 6062 35617 650
34225 13201 41496 7809 14806 11065 21971 8632 31240 12869
47751 38665 27604 20594 17416 37326 51884 31941 34245 39914
17208 14263 14333 38355 24353 11683 6067 47419 9915 50948
38456 16521 49977 28099 3756 5767 11671 14824 8165 1416
7231 52177 30754 48758 22259 17112 10800 5201 49725 2175
27499 41069 32076 30078 47483 26489 34991 35599 28938 25498
44715 4659 25402 33199 14245 16247 47445 26433 10285 902
24463 17259 18883 53307 12758 33395 11078 30471 37202 43552
27374 10230 22456 29643 13672 51787 26648 1052 39247 15132
47570 17032 46627 13586 41215 42543 45973 49933 37688 45076
10907 23157 28143 53024 46077 5367 33025 39379 31078 34539
45837 41382 14024 40390 40236 45816 2980 38874 12674 41379
16688 34169 16528 22201 14228 37079 23524 15273 3222 2345
39021 51832 32673 35356 38727 33540 3040 50692 26007 7198
43006 23966 6402 38163 53218 13068 14809 53191 25232 37113
13928 13840 51006 19302 18369 50092 855 39994 5729 10593
30706 45618 33649 28034 42706 3958 31952 20598 10383 51801
17720 34562 40586 50183 11789 39991 20488 9975 4446 19276
40621 15655 40051 35399 8529 44236 49208 36739 20600 24682
12015 52128 43212 49305 43371 2496 23401 29346 4657 22566
26658 21703 45924 40422 48577 12479 8145 14923 52038 15446
7977 23495 10824 47087 48378 22239 49921 39914 42121 25183
53303 24453 48595 41110 24594 566 29976 33318 33739 36531
7203 52278 19677 42945 18013 24891 49867 2168 53241 46966
4479 46139 29685 40691 48336 16597 37025 38693 12360 39798
27103 43609 21621 50033 45324 1356 12237 43663 1286 2346
50733 46188 45464 3847 32973 51963 43587 30726 7958 611
10383 30706 16532 4446 31952 32685 47712 11789 15028 20598
41703 3123 11705 16923 3882 12764 623 4298 44395 45639
40484 47685 17972 20877 16479 12937 33403 44909 9945 29859
20397 31692 23340 40701 1102 41951 26111 5237 39968 12321
14946 21225 44973 46481 15178 7197 26979 52903 34794 35243
11600 38794 22079 22825 17742 34300 11047 8316 25515 16108
34366 47905 10186 4020 20565 27723 47603 1037 5589 40911
24487 7043 7144 28170 40227 52550 22097 9162 45321 11100
46766 29302 232 52956 47769 40196 29625 4546 30865 35531
9477 10447 22300 33006 43814 29545 28155 15786 38694 49081
32871 10961 15973 18186 19785 4011 43451 26127 28661 5329
19857 46999 18253 915 28746 34364 4320 157 9148 368
18324 48335 42070 32212 10841 18588 34210 10078 25179 47396
17842 7474 53260 7868 27236 44845 37602 30399 21734 41557
20766 14133 10989 46952 48281 13739 35086 5796 3267 43681
1526 38552 28414 24847 50349 4626 41338 41406 11103 50641
37636 50365 4511 46288 34624 21050 7750 49702 19448 43054
8882 34553 28484 6534 32713 34013 653 31839 21093 38425
28285 22087 10411 46114 16617 16607 49716 43107 43186 1482
47889 21118 30089 26236 23653 32005 5895 7177 41601 51821
38863 37666 51052 43208 50972 20573 39182 3499 5970 46900
7004 9317 45056 735 33051 7852 52815 14901 2910 23426
10933 42079 26102 3121 15227 1446 14100 5218 27902 5368
23955 27945 49310 31471 14935 17199 1419 25256 7000 2377
53320 7896 47586 31910 22524 9291 42519 47830 10891 7515
30249 8031 37804 3471 13523 382 5353 33367 48360 8470
14873 28600 6644 14437 19868 49683 20760 45274 38492 5880
17897 18637 5107 20486 22406 49764 35058 30632 40570 38449
4693 43925 29293 51922 10075 52223 52489 49948 6382 2193
1397 23989 21898 22359 24029 41786 9439 32980 47643 8696
27376 15616 3383 33687 26052 28811 43559 42696 12918 39103
1561 30941 43814 38694 18598 22300 15786 10626 9477 20032
3587 37173 3036 46020 28018 50887 26124 26968 5739 48713
7499 26909 22594 38155 7031 39672 2489 49573 17737 47297
13246 31305 13137 21525 4244 32482 43986 34786 29345 779
23763 48185 27547 25370 6643 47541 46643 47315 34388 17593
41955 27052 21668 52859 2612 23878 23203 6922 8995 17324
23606 2714 49218 3672 4727 20768 38636 20920 48720 51647
13405 41051 15312 19841 35876 30312 13620 12373 27983 37648
25699 40579 20969 14784 18018 43275 42643 22958 29986 31381
12249 42336 11611 2021 34538 32175 5812 27072 8531 45993
47404 43104 5802 20740 30068 24780 24235 20454 10039 31925
31022 18611 1184 41501 13348 10247 8825 11819 2867 22122
23728 21581 44489 11963 43716 13924 22922 11220 28207 12721
18540 18365 2173 7775 34343 3635 37158 5406 52316 9968
47323 41177 41726 14068 51935 14186 4543 46173 15283 15541
18164 22439 52549 26670 16051 41976 6729 23356 11736 9659
19537 36173 33071 27311 33352 35763 25508 30408 28156 35762
22092 26803 35924 6961 49549 23378 6054 33095 34237 45004
40502 5743 20508 28576 5783 48233 14862 12815 35767 1409
2650 12969 41307 36444 39035 9989 1719 49342 35251 30856
41307 50884 30856 48525 12969 1719 48889 2650 36444 41124
19195 45254 9965 17735 365 33361 28958 29943 11297 5293
10671 17199 26707 4838 33270 50232 42548 18537 11431 13792
14942 34661 48307 6536 17298 47751 34245 20594 17416 22284
5045 1412 6648 40911 27723 10186 46738 48616 21761 50097
1023 27899 18364 38878 34343 52451 3635 47226 2173 10913
18095 46337 13839 26845 10493 17092 44725 3787 16225 52936
25146 17597 10942 15937 20690 28407 15380 23369 7333 26312
51783 8997 46657 42498 48171 36115 14246 29595 39916 30509
18860 18684 22822 14271 6297 13386 27181 11114 23055 53220
12327 52056 33154 7212 365 52934 39313 9117 9466 11698
25064 11689 3861 45459 32381 13711 1785 28265 37767 7124
51617 50769 45872 1953 12571 49562 18548 3244 13891 20999
42880 8363 34045 44538 35743 3179 50117 41412 37054 25985
27340 4483 15228 40992 8790 11255 22157 40565 4466 9853
6752 20076 16437 9048 2309 43874 4904 23541 24326 31536
28145 5195 15570 2252 40926 20191 11702 25648 17918 43714
46722 5475 36546 31719 17801 9570 26392 14933 31493 18287
21082 43034 397 4568 29457 52787 8698 45202 8939 14083
45278 36982 46374 2748 50965 37029 21692 35125 302 19353
12651 49827 32997 33792 12563 46896 29306 50724 43269 25823
22578 29719 51037 30649 44826 7168 13263 51281 8839 34050
10227 11809 52298 19555 1537 14521 29898 9349 47960 32450
13698 41059 29232 23719 15789 40270 5967 18232 38264 53107
53188 21416 46100 49546 21552 32757 29379 10701 39410 32727
47889 26236 21118 24632 23653 5895 36608 30089 51821 1924
9291 2145 24676 12407 10891 46017 53320 42420 5648 13311
6969 52402 28556 10758 36376 18894 34917 32 38037 52885
45406 16228 41869 7711 19680 29745 34971 13316 51401 29639
36240 26468 44976 49747 29063 36433 18158 43667 3622 27313
42536 3445 9274 11078 30471 48806 23480 2465 37202 6064
24355 18231 6441 46903 6395 17669 32807 13341 4356 51765
18994 28504 1334 53325 35041 48910 16209 26518 20752 16771
39739 2394 49219 13987 51400 43950 14970 47845 18256 43530
17777 39002 21888 44766 42703 27055 844 23518 17473 1684
34684 37795 14737 12510 39145 48083 32226 48969 34989 41149
45286 24257 33556 16081 50508 45850 52803 30261 2954 26081
17871 50775 25419 52930 27813 34647 2333 16462 26176 36093
43796 8519 48218 27315 44191 11571 12488 14944 6206 39678
35025 37770 8764 25753 23091 19818 23027 5836 30725 27342
43635 39633 45462 2096 42697 9810 17814 43711 44441 11306
8490 27481 34889 15353 26048 4086 2402 7517 6415 4246
32863 30023 1164 13993 34524 43243 14555 36256 36030 49935
25515 38197 6193 3180 6464 40082 32443 34300 37246 38794
12333 11596 22112 18488 33457 3848 43725 13498 48234 41100
24621 52048 6744 26820 25358 32091 31885 18666 43115 19240
7555 2728 46515 44555 18063 23223 15137 4316 49559 1824
51618 37563 42806 51320 44987 44686 43986 20379 33089 6324
46816 16050 14121 41720 52169 17887 48507 13843 24102 43542
46126 49640 8786 7744 46652 9989 22730 20492 33855 14757
26970 27827 38202 1240 13392 26281 45753 6343 7641 47454
35773 17835 47959 39988 32307 20949 37264 21811 27292 16335
12372 21128 23631 30792 30356 52282 4679 42022 23739 24393
50679 50005 17616 29372 38729 19637 5868 11994 42468 9554
42153 49872 22229 33663 15705 24378 48384 11373 34372 34144
24160 46143 21613 48968 43882 10542 10732 35220 43222 11440
43852 38477 1408 29983 27826 28150 1535 48508 5578 23984
24745 34305 31760 4885 25891 35835 38092 14272 20816 28962
19918 27911 5446 11097 4377 26702 18955 42709 48368 33009
7977 4226 10824 23495 7791 11961 48378 25183 49921 47087
37716 23594 3404 7919 14660 29344 21158 10013 12660 5769
46294 43528 1522 36360 9921 42297 48798 23551 25365 51337
7943 2020 37686 17141 48327 31977 17046 41887 469 17970
18407 34996 33386 50365 37636 46288 17463 16331 3807 15326
19402 20074 22666 46730 36587 30098 51519 53150 14487 29722
11776 21278 35662 35983 45008 15657 40185 848 48319 26680
5563 35039 52722 45910 21003 8793 7589 6880 4273 35204
28028 16264 17057 17250 32150 28795 38829 36528 47358 29092
39087 21141 51958 37694 19176 1136 12380 30952 3394 27857
35152 45874 8328 1972 26100 30759 3080 31439 32792 5957
15972 29109 41055 31139 10386 47202 34930 20165 40734 3105
3164 20031 50468 46894 16515 28460 52794 39306 38503 9829
14866 38873 9091 27445 20984 4074 44964 18709 44221 18925
34649 19235 19406 8806 28038 52653 8342 37468 13566 30080
42126 17653 36190 24230 46739 402 47638 37097 43060 41947
5319 52799 37890 21820 20535 44607 40718 19970 20360 46439
10302 7399 881 37882 10863 20069 29438 40527 33742 33640
43625 49938 33010 13840 39154 50867 13928 10869 23224 18301
31071 41601 45172 49948 8391 32373 28527 10075 37212 32974
19493 15285 43741 33130 52822 965 44546 47208 24540 12450
9554 25430 4082 35459 29372 49186 35683 43277 30386 35227
27175 15734 52816 3588 22658 47912 25006 36926 12456 1728
QPS: 488.21Peak RES memory usage: 132.20 MB
