37759 1898 6019 30917 24507 10667 37325 11612 7476 1692
3810 3474 20585 33518 41859 12482 27468 16003 32658 30665
12615 6395 21918 22379 6930 5812 42336 38013 502 23263
41162 52698 47302 18627 6373 37444 3430 40921 17347 11381
6512 109 50621 32167 15186 27376 15001 6724 39103 28811
8085 12460 21348 50802 13441 15675 28793 51076 11932 28606
12641 46736 25213 6064 9274 10991 5141 53379 20622 1465
34456 14584 41616 53056 5418 9011 17028 26896 37129 42608
50632 44340 44969 25492 24102 28555 29051 48507 22905 41246
6112 3807 48815 16331 9058 15326 5324 20674 34080 47400
46970 4170 3356 10941 14665 52003 52781 48229 26508 17621
12060 49961 36272 8565 41499 13220 40101 16841 40261 12831
49105 44895 16000 22227 16581 14027 27925 31309 28516 21786
6225 8824 38198 2374 52654 33274 49266 10890 51005 8812
6989 15990 10002 1971 2734 52690 19473 8921 20082 52877
7902 35036 27056 10558 23721 20252 4361 36295 49437 10517
13785 50925 36410 52250 53369 44921 44135 43661
18446 36509 43561 28830 28790 32910 18183 4672 17755 45564
15005 7035 11417 16183 27383 9128 24102 45696 29051 16296
4857 13980 26508 17621 10941 45207 44477 6438 3107 17210
13958 27490 17386 41268 10406 15404 36982 18662 45949 302
2748 37029 46374 21995 346 53300 17321 16701 13019 48794
5541 44078 38677 13233 29737 43880 28829 16295 12151 2893
11338 52663 44371 51376 1798 13163 2710 41905 27572 24925
50403 12493 2303 28694 39674 24818 34107 47374 24752 39386
33978 33471 26901 27459 29122 24950 51170 14970 15080 51400
16081 6635 24257 11195 33556 36494 15333 16102 16283 32758
43625 18301 5469 19902 30123 10593 13928 26174 13840 11827
19730 26929 46268 28763 43068 18316 11195 45850 47915 22603
26089 47779 3362 5125 41049 26651 17899 24843 42113 27569
3943 17886 18458 13618 48297 30162 11733 9282 30518 45917
21879 49426 14944 9745 14766 48218 35570 52738 40099 35489
980 38478 40382 3140 27439 13263 8839 5464 1086 13509
48906 13888 42155 20468 36432 46495 27733 41011 9538 8208
45878 13759 20575 6479 49228 51486 5325 14514 3296 5656
40419 46721 10764 2894 37813 30742 12825 17332 9812 6643
13171 36788 12763 48962 6938 23218 18726 40174 31892 34646
5655 14534 13152 5725 22696 43300
21150 16156 46444 15688 27799 149 48626 30935 44104 21960
12064 43748 10174 30326 16511 47712 29728 41381 19419 34965
34225 13201 7809 14806 21971 8632 12869 9254 6234 8616
47751 38665 27604 20594 34245 39914 34957 13166 22284 4226
14333 24353 11683 6067 9915 9853 39235 4644 7379 48882
30634 37660 7936 10164 11109 41965 14540 21884 11943 12572
7231 52177 48758 17112 10800 49725 40924 49489 30137 8053
27499 41069 32076 30078 47483 26489 35599 28938 33371 47584
44715 25402 33199 14245 10285 902 31304 2349 20581 8307
24463 17259 18883 53307 12758 33395 11078 30471 37202 43552
27374 10230 22456 29643 13672 26648 1052 15132 9855 24787
47570 17032 46627 13586 42543 45973 49933 2291 1007 23611
23157 28143 24400 31704 53317 25713 37436 26409 50083
45837 41382 14024 40390 40236 2980 38874 12674 41379 32386
16688 34169 22201 14228 23524 15273 2345 182 45312 35382
39021 51832 33540 50692 26007 32254 2102 19460
43006 6402 38163 14809 53191 37113 21942 42406 22145 14412
13928 13840 51006 19302 18369 50092 5729 10593 42026 27208
30706 45618 33649 42706 3958 31952 20598 51801 7947 46921
34562 40586 50183 11789 39991 20488 4446 19276 763 10246
40621 15655 35399 8529 44236 49208 36739 20600 36158 12044
12015 52128 43212 2496 22566 21367 22378 36255 32265 12779
45924 40422 12479 28676 13125 46324 31791 44347 34005 12346
7977 23495 10824 47087 48378 22239 49921 25183 13393 4226
53303 24453 48595 41110 566 33318 6455 17062 48615 35942
7203 52278 19677 42945 18013 24891 49867 2168 53241 46966
4479 46139 29685 40691 48336 16597 38693 12360 39798 46917
27103 43609 21621 50033 1356 12237 14710 14328 7006 42144
46188 45464 3847 32973 51963 30726 7958 611 48931 51358
10383 30706 16532 4446 31952 32685 15028 20598 51801 7947
41703 3123 16923 3882 12764 44395 3965 37681 8058 12889
40484 47685 17972 20877 16479 12937 33403 9945 33172 25562
20397 31692 23340 40701 1102 26111 5237 39968 12321 12193
14946 21225 46481 15178 52903 44257 41421 4230 42282 27972
11600 22825 17742 34300 11047 8316 25515 16108 40082 6464
10186 20565 47603 1037 15529 6648 24043 29793 1527 3234
24487 7043 7144 28170 40227 52550 22097 9162 11100 47073
46766 29302 47769 40196 30865 39737 36284 30859 1122 21171
9477 10447 22300 33006 29545 28155 15786 49081 22139 28289
32871 15973 18186 43451 26127 5329 18678 6904 19762 15841
19857 46999 18253 915 28746 34364 4320 9148 10546 99
18324 48335 42070 32212 10841 18588 34210 10078 25179 47396
17842 7474 53260 7868 44845 37602 30399 48922 20194 35967
20766 14133 10989 46952 13739 35086 5796 3267 43681 11918
24847 50349 4626 41338 41406 11103 50641 5698 26814 32550
37636 50365 4511 21050 7750 43054 33386 18407 11560 34996
8882 34553 32713 34013 653 31839 21093 10678 45089 43434
22087 10411 46114 16617 49716 43107 43186 1482 39463 10721
47889 21118 30089 32005 7177 51821 32982 33075 44605
38863 51052 43208 50972 39182 3499 5970 46900 13727 22330
7004 9317 45056 735 33051 7852 52815 14901 23426 43361
10933 42079 26102 1446 14100 5218 27902 5368 29093 19117
27945 31471 17199 1419 25256 7000 2377 10671 25269 48833
53320 7896 31910 22524 9291 47830 10891 7515 52555 42220
30249 8031 37804 13523 382 33367 48360 8470 12207 19740
14873 28600 6644 14437 19868 49683 45274 38492 39498 28930
17897 18637 5107 30632 40570 7750 263 24562 32774 50682
4693 43925 29293 51922 10075 52223 52489 49948 6382 2193
1397 23989 21898 24029 9439 32980 47643 8696 45010 51891
27376 15616 28811 43559 42696 12918 39103 5462 5811 12821
1561 30941 43814 38694 18598 15786 10626 9477 26462 33290
3587 37173 3036 28018 26124 5739 25755 25087 34353 10863
7499 26909 22594 7031 39672 2489 49573 47540 791 40882
13246 13137 21525 4244 34786 29345 41329 25187 3050 45557
27547 34388 17593 19136 53351 40826 45378 715 39695 12008
41955 2612 6922 14836 7728 12308 8658 41000 17104 15981
38636 20920 48720 39410 15798 32757 15259 7038 38907 31900
13405 41051 15312 19841 35876 12373 27983 37648 9107 2529
25699 40579 20969 14784 43275 22958 31381 31569 27403
2021 34538 27072 502 9781 48060 36813 37413 15535 28858
47404 43104 5802 20740 30068 24780 24235 31925 8953 35029
31022 18611 13348 8825 11819 22122 45066 28248 31534 17111
23728 21581 44489 11963 43716 13924 22922 11220 28207 16667
18365 2173 7775 34343 3635 37158 5406 52451 35348 18364
47323 41177 41726 14068 14186 4543 46173 15283 15541 26621
18164 22439 52549 26670 16051 41976 6729 23356 9659 24439
33071 27311 35763 25508 30408 28156 35762 21672 49063 29946
22092 26803 23378 34237 1690 34750 22169 39668 20960 28722
40502 28576 5783 14862 35877 41746 14296 12629 50594 47197
2650 12969 41307 39035 9989 1719 49342 30856 10264 44329
41307 50884 30856 48525 12969 1719 48889 2650 41124 49342
19195 9965 17735 33361 5293 21640 10848 50502 52436 9903
10671 17199 26707 33270 42548 13792 1308 18401 17843 10091
14942 34661 48307 6536 17298 47751 34245 34957 7745 10823
1412 21761 38787 26977 7818 35777 32338 13328 20891 14009
1023 27899 38878 2173 10913 9293 47850 36088 444 12059
46337 26845 10493 16225 52936 19842 1973 42043 40844 48530
25146 17597 10942 15937 20690 28407 23369 7333 27417 4985
51783 8997 46657 42498 36115 14246 30509 18920 9990 52502
18860 18684 22822 6297 11114 11973 40765 19980 9433 30092
12327 52056 33154 7212 365 52934 39313 9466 11698 2058
25064 11689 3861 45459 32381 13711 1785 28265 37767 7124
51617 50769 45872 1953 12571 49562 18548 3244 13891 24458
8363 37054 25985 1245 35823 11030 38737 44939 5478 13059
27340 4483 15228 11255 4466 26944 8212 48848 17422 29758
6752 20076 16437 9048 43874 4904 23541 24326 31536 26927
28145 5195 15570 2252 40926 11702 43714 10674 5511 46875
46722 5475 36546 17801 9570 26392 14933 31493 18287 42217
21082 43034 52787 8698 6476 38044 749 17997 19449 38553
45278 46374 2748 50965 11975 48794
12651 49827 32997 12563 43269 5411
22578 30649 44826 7168 13263 51281 8839 34050 3140 1086
10227 52298 14521 29898 9349 47960 40263 25124 25225 7769
13698 41059 23719 15789 40270 5967 38264 18195 9258 12213
53188 21416 46100 49546 21552 32757 29379 10701 39410 32727
47889 26236 21118 24632 23653 5895 30089 44605 8630 41022
9291 2145 10891 42420 13311 34841 18650 47586 53331 52555
6969 52402 28556 10758 36376 18894 32 52885 51572 27216
45406 16228 41869 19680 29745 34971 13316 29639 34084 23857
36240 26468 44976 49747 29063 36433 18158 3622 27313 36160
42536 3445 11078 30471 48806 23480 37202 37756 17259 51183
24355 6441 46903 6395 17669 35700 23691 5992 47740 32463
28504 1334 53325 35041 48910 16209 20752 16771 26354 13573
39739 2394 49219 13987 43950 14970 47845 18256 43530 14777
17777 39002 21888 844 1684 12138 2598 13505 8598 12950
34684 37795 14737 12510 39145 48083 32226 34989 41149 30695
45286 24257 33556 16081 50508 52803 30261 2954 26081 51665
50775 25419 27813 34647 2333 26176 36093 6739 39118 42489
8519 44191 11571 12488 6206 14495 28890 34884 38388 11652
35025 37770 23091 19818 5836 30725 27342 4829 12966 7585
43635 39633 45462 42697 9810 44441 11306 24868 9430 27527
8490 27481 34889 26048 4086 2402 6415 4246 34984 34868
32863 30023 1164 13993 43243 14555 36030 49935 330 17744
25515 38197 6193 3180 6464 40082 34300 38794 53339 11600
12333 13498 48234 13376 26383 10069 31741 24343 31707 13481
24621 52048 6744 25358 32091 18666 19240 1609 26165 7092
7555 2728 44555 18063 23223 15137 49559 7779 10248 43893
51618 42806 44987 6324 37424 23795 20260 40470 42941 43797
46816 16050 14121 41720 52169 17887 24102 9196 7494 3262
46126 49640 8786 7744 9989 22730 14757 9869 7352 5413
26970 27827 38202 1240 26281 45753 6343 47454 39507 19656
35773 17835 47959 39988 32307 37264 21811 16335 21929 46464
12372 21128 23631 30792 30356 4679 42022 23739 10487 45888
50679 50005 17616 29372 38729 5868 11994 9554 37416 50776
42153 49872 22229 24378 5887 1529 33904 33331 29989 11949
24160 46143 21613 10542 43222 22519 16320 41993 15995 41006
43852 38477 1408 27826 28150 1535 48508 5578 23984 37561
35835 14272 20816 20829 48186 7041 34119 20389 1557 28849
19918 27911 5446 11097 4377 26702 18955 42709 48368 33009
7977 4226 10824 23495 7791 25183 49921 13393 22239 49098
37716 23594 3404 7919 29344 10013 12660 5769 5966 14260
36360 9921 42297 25365 43930 14446 15794 7545 11005 34798
7943 2020 37686 17141 48327 31977 41887 469 17970 42322
18407 34996 33386 50365 37636 46288 16331 3807 13652 6657
19402 20074 22666 46730 30098 51519 14487 29722 14218 8364
11776 21278 35983 15657 48319 26680 15847 37626 35262 17756
52722 8793 7589 4273 35204 22803 51424 41444 22592 45925
28028 16264 17057 17250 32150 28795 38829 29092 45410 22974
39087 21141 37694 19176 1136 12380 30952 3394 27857 11053
35152 8328 1972 30759 31439 5957 11762 51686 15180 34455
15972 29109 41055 31139 10386 47202 34930 20165 3105 18578
3164 20031 50468 46894 16515 28460 52794 39306 9829 17666
14866 38873 20984 4074 44964 18709 44221 18925 12083 10468
34649 19406 8806 28038 52653 13566 30080 20904 34636 30834
42126 17653 36190 24230 47638 37097 43060 41947 27462 43794
52799 37890 21820 44607 41818 26995 37331 42 9806 44433
10302 7399 881 37882 20069 40527 33742 33640 50877 37463
43625 49938 33010 13840 39154 13928 18301 40821 14938 27763
31071 41601 45172 49948 8391 32373 10075 51922 992 52223
19493 15285 33130 52822 965 44546 24540 12450 40386 32936
9554 25430 4082 49186 43277 30386 5868 7463 11994 17921
27175 15734 52816 3588 22658 47912 25006 36926 12456 1728
QPS: 501.84Peak RES memory usage: 132.20 MB
