37759 1898 6019 30917 24507 10667 11612 7476 15344 37096
3810 20585 33518 41859 12482 27468 16003 30665 23501 43853
12615 22379 6930 5812 42336 38013 11611 197 15148 17971
41162 52698 47302 18627 37444 3430 17347 7808 15909 14673
6512 109 15186 15001 1252 1251
8085 12460 21348 13441 51076 11932 28606 23094 32214 8286
12641 46736 25213 6064 9274 10991 53379 20622
34456 41616 53056 5418 17028 26896 16655 42253 2225 4869
44340 44969 25492 24102 29051 41246 13843 9221 37027 16795
6112 3807 16331 9058 5324 34080 47400 40070 13652
46970 4170 3356 10941 14665 52003 48229
12060 49961 8565 41499 40101 40261 42245 49773 35107 11515
49105 44895 16000 14027 27925 31309 28516 21786 52317 21748
6225 52654 33274 10890 51005 29977 3589 15561
6989 15990 1971 2734 19473 8921 20082 52877 35538 6810
27056 23721 5331 24324 4168 7945 7971 27520 35 8456
13785 36410 44921
18183 17755 11657 53120 36129 39683
15005 11417 27383 9128 47120 20526 2255
4857 13980 44477 6438 12896
13958 17386 36982 302 19684 40529
2748 46374 48794
5541 44078 38677 13233 16295 3070 51396
52663 44371 51376 1798 2710 41905 27572 24925 23997 26436
50403 12493 2303 39674 24818 34107 39386
33978 33471 26901 27459 24950
16081 6635 11195 16102 22011 24595 41351
43625 18301 5469 30123 26174 11827 7522 23777 31577 13910
26929 46268 32758 35017 16510 21920 2217 5528 42408 15169
47779 3362 5125 41049 26651 17899 42113 27569 23490 14181
3943 17886 18458 13618 48297 45917 7319 43641 19392
21879 49426 14944 48218 35570 52738 35489 19404 14495 52437
980 38478 40382 3140 13263 8839 1086 13509 21349 41582
20468 36432 42836 18552 2936 49544 4942 49422 8158
45878 13759 49228 5325 14514 3296 5656 11658 35198 17405
40419 46721 2894 12825 17332 9812 6643 14182 24545 16663
13171 36788 12763 48962 6938 23218 18726 40174 15953 15125
5655 14534 5725
21150 16156 46444 15688 27799 149 48626 44104 5381 6083
10174 30326 16511 29728
34225 6234 47253 37892 21139 46406
38665 20594 34245 39914 34957 13166 22284 50642 42121 28631
14333 24353 11683 6067 9853 39235 7379 48882 36583 46092
30634 37660 11109 11943 34952
7231 52177 48758 17112 10800 49725 49489 30137 8053 23498
27499 30078 47483 47584 43918 21221 42396 38940 1369 28366
14245 31304 2349 8307 29141
24463 17259 18883 53307 12758 33395 11078 30471 37202 43552
27374 10230 13672 26648 1052 15132 9855 24787 25844 45681
47570 17032 46627 13586 42543 45973 49933 23611 32528
23157 28143 31704 37436 26409
45837 14024 40390 40236 41379 30478 14655 19943 48562 47708
16688 34169 14228 23524 2345 182 45312 48612 10980 15143
39021 51832 50692
6402 38163 14809 53191 21942 42406 14412 10726 90 18402
13928 13840 51006 18369 5729 10593 42026 7102 7998 13454
45618 33649 42706 3958 20598 7947 46921 16532 2350
34562 40586 763 10246 2301 5559 2983 42334 12654
40621 15655 35399 20600 38233 50341 47906 48926
12015 52128 43212 2496 22566 36255 32265 12779 9026 7509
40422 28676 13125 46324 31791 34005 12346 4535 35567 12789
7977 23495 10824 47087 48378 22239 49921 4226 37326 7791
566 33318 6455 37925 17557 48065 50962 24565 18872 13828
7203 52278 19677 42945 18013 24891 49867 2168 53241 18642
4479 46139 29685 40691 16597 12360 39798 23373 6864 1372
27103 43609 21621 50033 12237 14710 14328 7006 42144 33069
46188 45464 3847 30726 7958 611 37760 7856 2782 29279
10383 30706 16532 4446 31952 32685 15028 7947 30787 35427
41703 3123 3882 12764 37681 12889
40484 47685 17972 20877 33403 25562 33122 37921
20397 31692 1102 26111 12321 12193 11028 731 39023 13407
14946 21225 46481 15178 52903 44257 4230 42282 27972 1210
22825 17742 34300 11047 25515 40082 6464 29319 38197 6193
20565 3234 39492 53063 11623
24487 7043 28170 40227 52550 9162 11100 29186 2287 4303
46766 29302 47769 40196 30865 39737 36284 26142
10447 29545 28155 22139 28289 4950 7890 2770 4917 2578
18186 43451 26127 5329 18678 19762 15841 10853 41696 7256
19857 18253 915 34364 4320 9148 10546 99 53003 34276
18324 48335 42070 32212 10841 18588 10078 52464
7474 53260 7868 37602 30399 5773 45913 13674 16526 5235
20766 10989 46952 35086 11918 25450 4643 7085
24847 50349 4626 41338 41406 50641 5698 26814 32550 41075
37636 50365 4511 33386 18407 11560 34996 5681 16539
8882 653 31839 21093 10678 45089 43434 33418 11321 31069
22087 46114 49716 43107 1482 39463 10721
47889 21118 7177 33075
51052 43208 39182 46900 3288 2262
7004 9317 45056 735 33051 7852 14901 16054
14100 27902 34130 32682 6588 36023 27775 15774
27945 17199 7000 2377 10671 48833 18401 3655 2616 39063
53320 7896 47830 10891 7515 52555 28842
8031 13523 382 12207 40555 48589
14873 28600 6644 14437 19868 49683 45274 39498 12852 52392
17897 18637 5107 32774 50682
4693 51922 10075 52223 49948 2193 15388 992 29013 32557
1397 23989 21898 9439 32980 47643 23756
42696 12918 5811 12821 32891 9089 37798 51735 2125 46399
1561 30941 43814 38694 18598 15786 10626 9477 33290 19804
37173 3036 28018 26124 25755 25087 34353 38508 20220 11215
7499 22594 7031 39672 2489 791 40882 30989 4132 12129
13246 13137 4244 41329 25187 3050 45557 40470 42806 11841
53351 715 26258
6922 41000 17104 15981 41387 16807 19728 11240 10778
20920 48720 39410 15798 32757 7038 6650 4329
13405 41051 15312 19841 35876 12373 37648 2529
25699 40579 20969 14784 43275 31381
2021 34538 27072 9781 48060 36813 15535 7392
47404 43104 5802 20740 30068 8953 35029 4231 11007 14483
31022 18611 8825 22122 17111 31583 3249
44489 11963 13924 22922 11220 16667 14831
18365 2173 3635 37158 5406 27899 37274 36088 9750 41820
47323 41177 41726 14068 4543 15283 15541 7573 9544 45392
18164 22439 16051 41976 23356 53316 43801 24103 18640 21224
27311 35762 13624 872 15000 34438 49829
43426 5235
28576 5783 14862 41746 14296 47197 48772 33228 2605
2650 12969 41307 39035 9989 1719 49342 44329 31257 48525
41307 50884 48525 12969 1719 48889 2650 41124 39035 37024
19195 17735 5293 50502 28765 12905 32493 10870 26957 52745
10671 17199 42548 1308 18401 17843 48833 31648 46061
14942 34661 48307 6536 17298 47751 10823
1412 21761 38787 26977 7818 35777 32338 14009 30845 39936
1023 27899 2173 9293 36088 12059 41820
10493 16225 40844 48530 44353
25146 17597 28407 7333 44821 37548 19352 2247
51783 46657 42498 30509 16568
22822 6297 11973 3202 42722
12327 52056 33154 7212 52934 39313 9466 14575 2941 18878
11689 45459 32381 28265 18168 2447
51617 50769 45872 12571 18548 3244 13891 24458 18434 38618
8363 37054 11030 44939 13059
4483 15228 11255 4466 8212 47327 678 30739 5847
6752 20076 16437 9048 43874 4904 23541 31536 26927 29022
28145 5195 15570 2252 40926 11702 43714 5511 46875 36466
46722 5475 26392 14933 31493 18287 41220 43002 28635 51209
21082 17997
45278 46374 2748 50965 11975
12651 49827 43269 5411
22578 30649 44826 7168 13263 51281 8839 34050 3140 1086
52298 29898 9349 7769 12809 4989
13698 41059 23719 15789 40270 52636 1760 2474 39979
53188 21416 46100 49546 21552 32757 39410 7038 6650 2143
47889 26236 21118 24632 23653 5895 8630 23050
9291 2145 10891 47586 39339 35622 51555 9184
32 52885 26905 663 12419 16105 2075
45406 16228 41869 19680 29745 34971 37219 33036 37881 42195
36240 26468 44976 49747 3622 43613 37824 6909
42536 3445 11078 30471 48806 23480 37202 17259 51183 24248
24355 6441 46903 17669 35700 23691 5992 32463 46603 23526
28504 53325 35041 48910 20752 16771 26354 13573 5390 20184
39739 2394 49219 43950 14970 18256 14777 21480 45391 42811
21888 844 1684 12950 11564
34684 37795 14737 12510 48083 41149 30695 6721 48821 16696
45286 24257 33556 16081 50508 2954 36494 3949 45235 9012
2250 7666
8519 11571 34884 38388 11652 6667 19784 25428
35025 37770 23091 19818 5836 30725 27342 12966 2239 50685
43635 39633 45462 9810 44441 11306 8379
27481 34889 2402 6415 34868 35679 43231 28720
13993 14555 36030 49935 330 8603 45489 37912 52358 9929
25515 38197 6193 3180 6464 40082 34300 11047 29319 17742
12333 48234 26383 10069 31741 24343 13481 5454 36340 37448
24621 52048 6744 32091 19240 26165 40507 37245 13557 32878
7555 2728 44555 18063 15137 49559 7779 10248 47019 15204
42806 44987 20260 40470 47902
46816 16050 14121 41720 17887 9196 3262 39877
46126 49640 8786 7744 9989 22730 9869 11188 12565 11045
26970 27827 38202 1240 26281 45753 47454 19656
35773 47959 32307 37264 21811 21929 46464 5737
12372 21128 23631 30792 4679 42022 23739 10487 45888
50679 50005 17616 29372 38729 5868 11994 37416 50776 557
42153 24378 1529 11949
24160 46143 21613 10542 43222 22519 15995
1535 5578 23984 9379 7570 37541
20816 20829 48186 7041 27254
19918 27911 5446 11097 4377 26702 18955 42709 33009 34714
7977 23495 25183 49921 13393 22239 37326 31941 37201 17416
23594 3404 7919 29344 10013 12660 14260 46527 7083 36065
42297 14446 586 3329
7943 2020 37686 17141 48327 24416 15122
18407 34996 33386 50365 37636 46288 16331 3807 6657 11560
19402 22666 46730 30098 14487 14218 8364 42362 24212
11776 17756 5547 47602 18950
52722 45925 7857 13256 50701 41708
28028 38829 45410 989 45236 12568 21345
21141 37694 1136 12380 27857 11053 31851 21947 3355 14091
35152 8328 1972 11762 15180 34455 38038 23039
15972 29109 10386 47202 20165 3105 21829 9641 3071 1449
3164 20031 16515 28460 52794 17666 7566 14996 25619 26240
38873 4074 44964 18709 44221 18925 12083 10468 42050 8762
34649 8806 13566 30080 20904 30834 5039 9958 9656 12290
42126 17653 36190 47638 43794 8676 31806 5468 52158
52799 37890 21820 44607 41818 26995 42 9806 44433 11034
10302 7399 881 37882 20069 40527 33742 33640 50877 37463
43625 49938 33010 39154 18301 40821 14938 6222 20432 5729
31071 41601 45172 8391 38520 1924 15897 2833 44132 45446
19493 15285 33130 52822 44546 24540 40386 32936 39298 582
9554 25430 4082 49186 43277 30386 7463 17921
27175 15734 52816 3588 22658 47912 25006 36926 1728 32284
QPS: 467.05Peak RES memory usage: 132.20 MB
