37759 1898 6019 30917 24507 10667 11612 7476 15344 37096
3810 20585 33518 41859 12482 27468 16003 30665 225 23501
12615 6395 22379 6930 5812 42336 38013 502 11611 197
41162 52698 47302 18627 6373 37444 3430 40921 17347 11381
6512 109 50621 15186 15001 6724 39675 1252 5942 37807
8085 12460 21348 13441 15675 28793 51076 11932 28606 23094
12641 46736 25213 6064 9274 10991 5141 53379 20622 1465
34456 14584 41616 53056 5418 17028 26896 37129 42608 16655
44340 44969 25492 24102 29051 22905 41246 13843 9221 37027
6112 3807 16331 9058 15326 5324 34080 47400 40070 48286
46970 4170 3356 10941 14665 52003 52781 48229 26508 17621
12060 49961 36272 8565 41499 13220 40101 16841 40261 12831
49105 44895 16000 22227 14027 27925 31309 28516 21786 52317
6225 38198 2374 52654 33274 49266 10890 51005 29977 14421
6989 15990 10002 1971 2734 52690 19473 8921 20082 52877
7902 35036 27056 23721 36295 49437 9837 5331 24324 31681
13785 36410 52250 53369 44921 44135
18446 28790 18183 17755 11657 53120 36129 39683
15005 11417 27383 9128 24102 29051 47120 20526 2255
4857 13980 26508 17621 10941 45207 44477 6438 52781 12896
13958 17386 15404 36982 18662 45949 302 19684 40529
2748 46374 48794 23949
5541 44078 38677 13233 29737 28829 16295 38993 46185 11773
52663 44371 51376 1798 13163 2710 41905 27572 24925 23997
50403 12493 2303 39674 24818 34107 24752 39386 41244 3566
33978 33471 26901 27459 24950
16081 6635 24257 11195 33556 36494 16102 22011 50508 24595
43625 18301 5469 19902 30123 26174 11827 50214 7522 5729
19730 26929 46268 28763 43068 18316 11195 45850 47915 32758
47779 3362 5125 41049 26651 17899 42113 27569 23490 14181
3943 17886 18458 13618 48297 30162 9282 45917 7319 43641
21879 49426 14944 48218 35570 52738 35489 12488 19404 50399
980 38478 40382 3140 27439 13263 8839 5464 1086 13509
20468 36432 42836 18552 12687 2936 49544 4942 49422 40297
45878 13759 20575 6479 49228 5325 14514 3296 5656 15172
40419 46721 2894 37813 30742 12825 17332 9812 6643 42380
13171 36788 12763 48962 6938 23218 18726 40174 15953 15125
5655 14534 13152 5725
21150 16156 46444 15688 27799 149 48626 30935 44104 21960
12064 10174 30326 16511 29728 34965 12617 22292
34225 13201 7809 14806 8632 12869 9254 6234 8616 38121
47751 38665 20594 34245 39914 34957 13166 22284 50642 42121
14333 24353 11683 6067 9853 39235 7379 48882 36583 46092
30634 37660 7936 10164 11109 41965 14540 11943 34952
7231 52177 48758 17112 10800 49725 40924 49489 30137 8053
27499 41069 32076 30078 47483 26489 28938 47584 43918 21221
44715 14245 10285 31304 2349 8307 43063 29141 2266 25654
24463 17259 18883 53307 12758 33395 11078 30471 37202 43552
27374 10230 22456 29643 13672 26648 1052 15132 9855 24787
47570 17032 46627 13586 42543 45973 49933 2291 1007 23611
23157 28143 31704 37436 26409 50083
45837 14024 40390 40236 41379 30478 14655 4299 19943 48562
16688 34169 14228 23524 15273 2345 182 45312 35382 48612
39021 51832 33540 50692 26007 32254 19460
43006 6402 38163 14809 53191 37113 21942 42406 22145 14412
13928 13840 51006 18369 50092 5729 10593 42026 885 7102
30706 45618 33649 42706 3958 31952 20598 7947 46921 4446
34562 40586 11789 39991 4446 763 10246 2301 5559 2983
40621 15655 35399 8529 20600 12044 46539 48901 38233 50341
12015 52128 43212 2496 22566 21367 36255 32265 12779 31667
40422 28676 13125 46324 31791 34005 12346 11241 4535 35567
7977 23495 10824 47087 48378 22239 49921 25183 13393 4226
53303 41110 566 33318 6455 17062 37925 37112 10442 29399
7203 52278 19677 42945 18013 24891 49867 2168 53241 46966
4479 46139 29685 40691 48336 16597 12360 39798 23373 6864
27103 43609 21621 50033 1356 12237 14710 14328 7006 42144
46188 45464 3847 30726 7958 611 48931 51358 27382 37760
10383 30706 16532 4446 31952 32685 15028 51801 7947 30787
41703 3123 3882 12764 44395 3965 37681 8058 12889 15440
40484 47685 17972 20877 16479 12937 33403 9945 25562 33122
20397 31692 23340 40701 1102 26111 5237 39968 12321 12193
14946 21225 46481 15178 52903 44257 4230 42282 27972 1210
11600 22825 17742 34300 11047 8316 25515 16108 40082 6464
20565 6648 1527 3234 10677 39492 13180 53063 11623
24487 7043 7144 28170 40227 52550 9162 11100 29186 2287
46766 29302 47769 40196 30865 39737 36284 30859 1122 26142
9477 10447 33006 29545 28155 15786 49081 22139 28289 4950
15973 18186 43451 26127 5329 18678 19762 15841 10853 43298
19857 46999 18253 915 34364 4320 9148 10546 99 45535
18324 48335 42070 32212 10841 18588 10078 46303 52568 52464
17842 7474 53260 7868 37602 30399 5773 2180 45913 13674
20766 10989 46952 13739 35086 3267 43681 11918 25450 4643
24847 50349 4626 41338 41406 11103 50641 5698 26814 32550
37636 50365 4511 21050 7750 43054 33386 18407 11560 34996
8882 34553 32713 34013 653 31839 21093 10678 45089 43434
22087 46114 49716 43107 1482 39463 10721 28006
47889 21118 32005 7177 51821 32982 33075
51052 43208 50972 39182 3499 5970 46900 13727 22330 3288
7004 9317 45056 735 33051 7852 14901 23426 51611 16054
26102 1446 14100 27902 5368 34130 2630 32682 16004 6588
27945 31471 17199 1419 7000 2377 10671 25269 48833 18401
53320 7896 9291 47830 10891 7515 52555 28842
30249 8031 37804 13523 382 48360 12207 19740 46458 40555
14873 28600 6644 14437 19868 49683 45274 39498 12852 52392
17897 18637 5107 30632 40570 7750 263 32774 50682
4693 43925 29293 51922 10075 52223 52489 49948 6382 2193
1397 23989 21898 24029 9439 32980 47643 45062 22854 4795
43559 42696 12918 5811 12821 32891 9089 37798 51735 15186
1561 30941 43814 38694 18598 15786 10626 9477 33290 19804
3587 37173 3036 28018 26124 25755 25087 34353 38508 20220
7499 22594 7031 39672 2489 47540 791 40882 3235 30989
13246 13137 21525 4244 34786 29345 41329 25187 3050 45557
27547 34388 17593 53351 40826 715 39695 12008 24671 20742
2612 6922 14836 7728 8658 41000 17104 15981 21744 41387
38636 20920 48720 39410 15798 32757 15259 7038 6650 4329
13405 41051 15312 19841 35876 12373 37648 2529
25699 40579 20969 14784 43275 22958 31381 31569 27403
2021 34538 27072 502 9781 48060 36813 15535 28858 51765
47404 43104 5802 20740 30068 24235 31925 8953 35029 21100
31022 18611 8825 11819 22122 31534 17111 31583 1756 3249
23728 21581 44489 11963 43716 13924 22922 11220 28207 16667
18365 2173 7775 3635 37158 5406 27899 37274 7754 36088
47323 41177 41726 14068 14186 4543 46173 15283 15541 26621
18164 22439 52549 16051 41976 6729 23356 9659 24439 53316
27311 25508 35762 21672 49063 13624 2963 2577 872 15000
26803 23378 1690 34750 39668 20960 28722 19093 11602 43426
28576 5783 14862 41746 14296 50594 47197 48772 33228 2605
2650 12969 41307 39035 9989 1719 49342 10264 44329 31257
41307 50884 48525 12969 1719 48889 2650 41124 49342 9989
19195 17735 33361 5293 21640 10848 50502 52436 18574 28765
10671 17199 33270 42548 1308 18401 17843 833 48833 31648
14942 34661 48307 6536 17298 47751 34245 34957 10823 28631
1412 21761 38787 26977 7818 35777 32338 20891 14009 30845
1023 27899 38878 2173 10913 9293 47850 36088 444 12059
10493 16225 52936 40844 48530 44353
25146 17597 10942 15937 20690 28407 7333 4985 7604 44821
51783 46657 42498 36115 14246 30509 9990 16568 15057
18860 18684 22822 6297 11973 19980 30092 3202 14927 11746
12327 52056 33154 7212 365 52934 39313 9466 11698 2058
11689 45459 32381 1785 28265 37767 7124 43828 18168 2447
51617 50769 45872 1953 12571 49562 18548 3244 13891 24458
8363 37054 1245 35823 11030 44939 5478 13059
27340 4483 15228 11255 4466 26944 8212 48848 17422 47327
6752 20076 16437 9048 43874 4904 23541 31536 26927 49672
28145 5195 15570 2252 40926 11702 43714 10674 5511 46875
46722 5475 36546 17801 9570 26392 14933 31493 18287 42217
21082 6476 38044 749 17997 38553
45278 46374 2748 50965 11975 48794
12651 49827 32997 12563 43269 5411
22578 30649 44826 7168 13263 51281 8839 34050 3140 1086
10227 52298 29898 9349 40263 7769 12809 35872 4787 4989
13698 41059 23719 15789 40270 38264 12213 52636 113 1760
53188 21416 46100 49546 21552 32757 29379 10701 39410 32727
47889 26236 21118 24632 23653 5895 8630 41022 23050 44335
9291 2145 10891 42420 34841 18650 47586 53331 39339 24728
6969 52402 10758 32 52885 51572 27216 26905 663 5805
45406 16228 41869 19680 29745 34971 29639 37219 33036 37881
36240 26468 44976 49747 18158 3622 27313 43613 19246 37824
42536 3445 11078 30471 48806 23480 37202 37756 17259 51183
24355 6441 46903 17669 35700 23691 5992 47740 32463 17916
28504 1334 53325 35041 48910 16209 20752 16771 26354 13573
39739 2394 49219 13987 43950 14970 47845 18256 43530 14777
39002 21888 844 1684 2598 12950 37713 11564
34684 37795 14737 12510 39145 48083 34989 41149 30695 6721
45286 24257 33556 16081 50508 2954 36494 3949 45235 16510
34647 2333 36093 2250 20513 7666 31953
8519 11571 14495 34884 38388 11652 6667 19784 25428
35025 37770 23091 19818 5836 30725 27342 12966 2239 16566
43635 39633 45462 9810 44441 11306 9430 27527 8379
27481 34889 2402 6415 34868 10397 35679 43231 28720
30023 1164 13993 43243 14555 36030 49935 330 8603 45489
25515 38197 6193 3180 6464 40082 34300 53339 11047 29319
12333 48234 26383 10069 31741 24343 13481 46656 6827 5454
24621 52048 6744 25358 32091 18666 19240 26165 7092 40507
7555 2728 44555 18063 23223 15137 49559 7779 10248 43893
51618 42806 44987 37424 23795 20260 40470 42941 47902 39558
46816 16050 14121 41720 17887 24102 9196 7494 3262 39877
46126 49640 8786 7744 9989 22730 14757 9869 7352 5413
26970 27827 38202 1240 26281 45753 6343 47454 39507 19656
35773 17835 47959 39988 32307 37264 21811 16335 21929 46464
12372 21128 23631 30792 30356 4679 42022 23739 10487 45888
50679 50005 17616 29372 38729 5868 11994 9554 37416 50776
42153 49872 24378 5887 1529 33331 29989 11949 40817 43248
24160 46143 21613 10542 43222 22519 41993 15995
27826 28150 1535 5578 23984 37561 2011 10012 9379 7570
14272 20816 20829 48186 7041 1557 27254
19918 27911 5446 11097 4377 26702 18955 42709 48368 33009
7977 4226 10824 23495 7791 25183 49921 13393 22239 37326
37716 23594 3404 7919 29344 10013 12660 5769 5966 14260
36360 9921 42297 25365 14446 15794 7545 11005 34798 9642
7943 2020 37686 17141 48327 17970 6596 15866 24416 15122
18407 34996 33386 50365 37636 46288 16331 3807 6657 11560
19402 22666 46730 30098 14487 29722 14218 8364 36974 42362
11776 35262 17756 5547 16184 47602 32585 14145 903 5370
52722 4273 35204 41444 45925 14262 12899 5955 7857 13256
28028 16264 17057 17250 38829 45410 22974 989 43620 45236
39087 21141 37694 19176 1136 12380 3394 27857 11053 31851
35152 8328 1972 30759 31439 5957 11762 15180 34455 13358
15972 29109 41055 31139 10386 47202 34930 20165 3105 18578
3164 20031 50468 16515 28460 52794 17666 40455 7566 701
38873 4074 44964 18709 44221 18925 12083 10468 23681 2358
34649 19406 8806 28038 13566 30080 20904 34636 30834 5039
42126 17653 36190 47638 37097 43060 41947 27462 43794 8454
52799 37890 21820 44607 41818 26995 37331 42 9806 44433
10302 7399 881 37882 20069 40527 33742 33640 50877 37463
43625 49938 33010 13840 39154 18301 40821 14938 27763 25464
31071 41601 45172 49948 8391 10075 51922 992 52223 38520
19493 15285 33130 52822 965 44546 24540 40386 32936 39298
9554 25430 4082 49186 43277 30386 5868 7463 11994 17921
27175 15734 52816 3588 22658 47912 25006 36926 1728 32284
QPS: 501.15Peak RES memory usage: 132.20 MB
