Recall Rate 1      and 2   : 0.7535, QPS:    99.34, RES:   131.90 MB
Recall Rate 1      and 3   : 0.8330, QPS:   380.90, RES:   131.91 MB
Recall Rate 1      and 4   : 0.8860, QPS:   446.22, RES:   132.00 MB
Recall Rate 1      and 5   : 0.9170, QPS:   455.33, RES:   132.00 MB
Recall Rate 1      and 8   : 0.9625, QPS:   467.25, RES:   132.04 MB
Recall Rate 1      and 10  : 0.9765, QPS:   489.59, RES:   132.04 MB
Recall Rate 1      and 12  : 0.9865, QPS:   497.78, RES:   132.04 MB
Recall Rate 1      and 20  : 0.9970, QPS:   473.70, RES:   132.05 MB
Recall Rate 3_1    and 2   : 0.5320, QPS:   498.08, RES:   132.05 MB
Recall Rate 3_1    and 3   : 0.6415, QPS:   513.46, RES:   132.07 MB
Recall Rate 3_1    and 4   : 0.7325, QPS:   513.61, RES:   132.07 MB
Recall Rate 3_1    and 5   : 0.7860, QPS:   515.85, RES:   132.07 MB
Recall Rate 3_1    and 8   : 0.8885, QPS:   514.59, RES:   132.08 MB
Recall Rate 3_1    and 10  : 0.9270, QPS:   519.57, RES:   132.08 MB
Recall Rate 3_1    and 12  : 0.9500, QPS:   520.56, RES:   132.09 MB
Recall Rate 3_1    and 20  : 0.9895, QPS:   589.37, RES:   132.09 MB
Recall Rate 3_2    and 2   : 0.8105, QPS:   517.84, RES:   132.09 MB
Recall Rate 3_2    and 3   : 0.8920, QPS:   502.13, RES:   132.09 MB
Recall Rate 3_2    and 4   : 0.9335, QPS:   498.68, RES:   132.09 MB
Recall Rate 3_2    and 5   : 0.9515, QPS:   486.91, RES:   132.10 MB
Recall Rate 3_2    and 8   : 0.9795, QPS:   457.39, RES:   132.10 MB
Recall Rate 3_2    and 10  : 0.9885, QPS:   472.13, RES:   132.10 MB
Recall Rate 3_2    and 12  : 0.9930, QPS:   456.38, RES:   132.10 MB
Recall Rate 3_2    and 20  : 0.9990, QPS:   405.60, RES:   132.10 MB
Recall Rate 3_3    and 2   : 0.8345, QPS:   483.56, RES:   132.10 MB
Recall Rate 3_3    and 3   : 0.8980, QPS:   480.03, RES:   132.10 MB
Recall Rate 3_3    and 4   : 0.9330, QPS:   467.68, RES:   132.10 MB
Recall Rate 3_3    and 5   : 0.9580, QPS:   475.01, RES:   132.10 MB
Recall Rate 3_3    and 8   : 0.9780, QPS:   438.02, RES:   132.10 MB
Recall Rate 3_3    and 10  : 0.9870, QPS:   400.99, RES:   132.10 MB
Recall Rate 3_3    and 12  : 0.9900, QPS:   370.94, RES:   132.10 MB
Recall Rate 3_3    and 20  : 1.0000, QPS:   325.57, RES:   132.10 MB
Recall Rate 3_4    and 2   : 0.8395, QPS:   471.62, RES:   132.10 MB
Recall Rate 3_4    and 3   : 0.9050, QPS:   502.32, RES:   132.10 MB
Recall Rate 3_4    and 4   : 0.9425, QPS:   457.02, RES:   132.10 MB
Recall Rate 3_4    and 5   : 0.9585, QPS:   449.11, RES:   132.10 MB
Recall Rate 3_4    and 8   : 0.9820, QPS:   392.16, RES:   132.10 MB
Recall Rate 3_4    and 10  : 0.9895, QPS:   373.17, RES:   132.11 MB
Recall Rate 3_4    and 12  : 0.9925, QPS:   334.81, RES:   132.11 MB
Recall Rate 3_4    and 20  : 0.9995, QPS:   270.11, RES:   132.11 MB
Recall Rate 4      and 2   : 0.8465, QPS:   468.05, RES:   132.11 MB
Recall Rate 4      and 3   : 0.9140, QPS:   453.33, RES:   132.11 MB
Recall Rate 4      and 4   : 0.9465, QPS:   426.34, RES:   132.12 MB
Recall Rate 4      and 5   : 0.9620, QPS:   421.45, RES:   132.12 MB
Recall Rate 4      and 8   : 0.9825, QPS:   359.64, RES:   132.12 MB
Recall Rate 4      and 10  : 0.9895, QPS:   344.92, RES:   132.12 MB
Recall Rate 4      and 12  : 0.9930, QPS:   314.60, RES:   132.12 MB
Recall Rate 4      and 20  : 0.9985, QPS:   252.48, RES:   132.12 MB
Recall Rate 5_1    and 2   : 0.7530, QPS:   511.20, RES:   132.12 MB
Recall Rate 5_1    and 3   : 0.8312, QPS:   508.51, RES:   132.12 MB
Recall Rate 5_1    and 4   : 0.8853, QPS:   493.82, RES:   132.12 MB
Recall Rate 5_1    and 5   : 0.9203, QPS:   501.36, RES:   132.12 MB
Recall Rate 5_1    and 8   : 0.9589, QPS:   505.48, RES:   132.12 MB
Recall Rate 5_1    and 10  : 0.9714, QPS:   508.59, RES:   132.12 MB
Recall Rate 5_1    and 12  : 0.9790, QPS:   483.07, RES:   132.13 MB
Recall Rate 5_1    and 20  : 0.9940, QPS:   450.09, RES:   132.13 MB
Recall Rate 5_2    and 2   : 0.6505, QPS:   521.22, RES:   132.13 MB
Recall Rate 5_2    and 3   : 0.7475, QPS:   524.30, RES:   132.13 MB
Recall Rate 5_2    and 4   : 0.8050, QPS:   518.82, RES:   132.13 MB
Recall Rate 5_2    and 5   : 0.8565, QPS:   513.17, RES:   132.13 MB
Recall Rate 5_2    and 8   : 0.9255, QPS:   489.16, RES:   132.13 MB
Recall Rate 5_2    and 10  : 0.9510, QPS:   505.24, RES:   132.13 MB
Recall Rate 5_2    and 12  : 0.9630, QPS:   512.28, RES:   132.13 MB
Recall Rate 5_2    and 20  : 0.9900, QPS:   500.18, RES:   132.13 MB
Recall Rate 5_3    and 2   : 0.6630, QPS:   512.18, RES:   132.13 MB
Recall Rate 5_3    and 3   : 0.7520, QPS:   526.18, RES:   132.13 MB
Recall Rate 5_3    and 4   : 0.8240, QPS:   526.28, RES:   132.13 MB
Recall Rate 5_3    and 5   : 0.8545, QPS:   528.85, RES:   132.15 MB
Recall Rate 5_3    and 8   : 0.9380, QPS:   516.92, RES:   132.15 MB
Recall Rate 5_3    and 10  : 0.9620, QPS:   509.06, RES:   132.15 MB
Recall Rate 5_3    and 12  : 0.9735, QPS:   500.28, RES:   132.15 MB
Recall Rate 5_3    and 20  : 0.9940, QPS:   490.82, RES:   132.15 MB
Recall Rate 5_4    and 2   : 0.7345, QPS:   524.59, RES:   132.15 MB
Recall Rate 5_4    and 3   : 0.8275, QPS:   529.56, RES:   132.15 MB
Recall Rate 5_4    and 4   : 0.8805, QPS:   515.56, RES:   132.15 MB
Recall Rate 5_4    and 5   : 0.9115, QPS:   505.90, RES:   132.15 MB
Recall Rate 5_4    and 8   : 0.9590, QPS:   510.47, RES:   132.15 MB
Recall Rate 5_4    and 10  : 0.9765, QPS:   493.73, RES:   132.15 MB
Recall Rate 5_4    and 12  : 0.9880, QPS:   493.98, RES:   132.15 MB
Recall Rate 5_4    and 20  : 0.9965, QPS:   480.99, RES:   132.15 MB
Recall Rate 6      and 2   : 0.1170, QPS:   456.97, RES:   132.15 MB
Recall Rate 6      and 3   : 0.1755, QPS:   512.89, RES:   132.16 MB
Recall Rate 6      and 4   : 0.2185, QPS:   522.87, RES:   132.17 MB
Recall Rate 6      and 5   : 0.2585, QPS:   500.62, RES:   132.17 MB
Recall Rate 6      and 8   : 0.3770, QPS:   502.46, RES:   132.18 MB
Recall Rate 6      and 10  : 0.4480, QPS:   492.91, RES:   132.18 MB
Recall Rate 6      and 12  : 0.5110, QPS:   503.52, RES:   132.18 MB
Recall Rate 6      and 20  : 0.7080, QPS:   486.34, RES:   132.18 MB
Recall Rate 7_1    and 2   : 0.0398, QPS:   498.18, RES:   132.18 MB
Recall Rate 7_1    and 3   : 0.0649, QPS:   505.55, RES:   132.20 MB
Recall Rate 7_1    and 4   : 0.0914, QPS:   513.67, RES:   132.20 MB
Recall Rate 7_1    and 5   : 0.1062, QPS:   517.67, RES:   132.20 MB
Recall Rate 7_1    and 8   : 0.1681, QPS:   513.22, RES:   132.20 MB
Recall Rate 7_1    and 10  : 0.1991, QPS:   507.47, RES:   132.20 MB
Recall Rate 7_1    and 12  : 0.2330, QPS:   519.51, RES:   132.20 MB
Recall Rate 7_1    and 20  : 0.3466, QPS:   510.40, RES:   132.20 MB
Recall Rate 7_2    and 2   : 0.2285, QPS:   489.80, RES:   132.20 MB
Recall Rate 7_2    and 3   : 0.3150, QPS:   494.81, RES:   132.20 MB
Recall Rate 7_2    and 4   : 0.3830, QPS:   535.14, RES:   132.20 MB
Recall Rate 7_2    and 5   : 0.4535, QPS:   509.83, RES:   132.20 MB
Recall Rate 7_2    and 8   : 0.6105, QPS:   507.80, RES:   132.20 MB
Recall Rate 7_2    and 10  : 0.6825, QPS:   493.00, RES:   132.20 MB
Recall Rate 7_2    and 12  : 0.7390, QPS:   479.36, RES:   132.20 MB
Recall Rate 7_2    and 20  : 0.8895, QPS:   469.75, RES:   132.20 MB
Recall Rate 7_3    and 2   : 0.3660, QPS:   475.68, RES:   132.20 MB
Recall Rate 7_3    and 3   : 0.4690, QPS:   493.18, RES:   132.20 MB
Recall Rate 7_3    and 4   : 0.5605, QPS:   489.21, RES:   132.20 MB
Recall Rate 7_3    and 5   : 0.6320, QPS:   523.92, RES:   132.20 MB
Recall Rate 7_3    and 8   : 0.7770, QPS:   493.73, RES:   132.20 MB
Recall Rate 7_3    and 10  : 0.8375, QPS:   472.92, RES:   132.20 MB
Recall Rate 7_3    and 12  : 0.8785, QPS:   479.70, RES:   132.20 MB
Recall Rate 7_3    and 20  : 0.9660, QPS:   467.34, RES:   132.20 MB
Recall Rate 7_4    and 2   : 0.4240, QPS:   467.05, RES:   132.20 MB
Recall Rate 7_4    and 3   : 0.5355, QPS:   501.15, RES:   132.20 MB
Recall Rate 7_4    and 4   : 0.6280, QPS:   501.84, RES:   132.20 MB
Recall Rate 7_4    and 5   : 0.6945, QPS:   505.59, RES:   132.20 MB
Recall Rate 7_4    and 8   : 0.8235, QPS:   496.98, RES:   132.20 MB
Recall Rate 7_4    and 10  : 0.8755, QPS:   488.21, RES:   132.20 MB
Recall Rate 7_4    and 12  : 0.9045, QPS:   477.35, RES:   132.20 MB
Recall Rate 7_4    and 20  : 0.9715, QPS:   487.71, RES:   132.20 MB
